#Build: Fabric Compiler 2022.1, Build 99559, Jul 12 00:20 2022
#Install: E:\Pango\PDS_2022.1\bin
#Application name: pds.exe
#OS: Windows 10 10.0.22621
#Hostname: GGB
Generated by Fabric Compiler (version 2022.1 build 99559) at Wed Nov  1 18:57:44 2023
Parse module hierarchy of project 'E:/PangoPro/tinyriscv/temp_projects/Main_Flow/Main_Flow.pds' (ADS Parser)
Compiling common defs.
Compiling technology operator (valence) library.
Compiling prim grid devices.
Compiling prim grid device symbols.
Compiling gate devices.
Compiling gate operators.
Compiling tech operator impls.
Building architecture model.
Loading device packaging model.
Building architecture floorplan logic view.
Building architecture floorplan schematic view.
Executing : get_ports clk
Executing : get_ports clk successfully.
Executing : create_clock -name clk [get_ports clk] -period 20.000 -waveform {0.000 10.000}
Executing : create_clock -name clk [get_ports clk] -period 20.000 -waveform {0.000 10.000} successfully.
C: ConstraintEditor-2002: [E:/PangoPro/tinyriscv/tinyriscv.fdc(line number: 70)] | Port rst has been placed at location K18, whose type is share pin.
C: ConstraintEditor-2002: [E:/PangoPro/tinyriscv/tinyriscv.fdc(line number: 105)] | Port gpio[5] has been placed at location Y5, whose type is share pin.
C: ConstraintEditor-2002: [E:/PangoPro/tinyriscv/tinyriscv.fdc(line number: 112)] | Port gpio[4] has been placed at location AB5, whose type is share pin.
C: ConstraintEditor-2002: [E:/PangoPro/tinyriscv/tinyriscv.fdc(line number: 168)] | Port gpio[10] has been placed at location H20, whose type is share pin.
C: ConstraintEditor-2002: [E:/PangoPro/tinyriscv/tinyriscv.fdc(line number: 175)] | Port gpio[9] has been placed at location J19, whose type is share pin.
Open UCE successfully.
Current device : PGL50H-6FBG484
Total time(hh:mm:ss) of open UCE: 00:00:04
