#Build: Fabric Compiler 2022.1, Build 99559, Jul 12 00:20 2022
#Install: E:\Pango\PDS_2022.1\bin
#Application name: pds_shell.exe
#OS: Windows 10 10.0.22621
#Hostname: GGB
Generated by Fabric Compiler (version 2022.1 build 99559) at Sat Oct 28 16:50:07 2023
Compiling verification operator library.
Compiling common defs.
Compiling prim grid devices.
Compiling gate devices.
Compiling gate operators.
Building architecture model.
Loading device packaging model.
Reading design from pnr DB.
Start Report Post-PnR timing.
Constructing timing graph ...
Timing graph has been constructed successfully
W: Timing-4086: Port 'gpio[0]' is not constrained, it is treated as combinational input.
W: Timing-4087: Port 'gpio[0]' is not constrained, it is treated as combinational output.
W: Timing-4086: Port 'gpio[1]' is not constrained, it is treated as combinational input.
W: Timing-4087: Port 'gpio[1]' is not constrained, it is treated as combinational output.
W: Timing-4086: Port 'gpio[2]' is not constrained, it is treated as combinational input.
W: Timing-4087: Port 'gpio[2]' is not constrained, it is treated as combinational output.
W: Timing-4086: Port 'gpio[3]' is not constrained, it is treated as combinational input.
W: Timing-4087: Port 'gpio[3]' is not constrained, it is treated as combinational output.
W: Timing-4086: Port 'gpio[4]' is not constrained, it is treated as combinational input.
W: Timing-4087: Port 'gpio[4]' is not constrained, it is treated as combinational output.
W: Timing-4086: Port 'gpio[5]' is not constrained, it is treated as combinational input.
W: Timing-4087: Port 'gpio[5]' is not constrained, it is treated as combinational output.
W: Timing-4086: Port 'gpio[6]' is not constrained, it is treated as combinational input.
W: Timing-4087: Port 'gpio[6]' is not constrained, it is treated as combinational output.
W: Timing-4086: Port 'gpio[7]' is not constrained, it is treated as combinational input.
W: Timing-4087: Port 'gpio[7]' is not constrained, it is treated as combinational output.
W: Timing-4086: Port 'gpio[8]' is not constrained, it is treated as combinational input.
W: Timing-4087: Port 'gpio[8]' is not constrained, it is treated as combinational output.
W: Timing-4086: Port 'gpio[9]' is not constrained, it is treated as combinational input.
W: Timing-4087: Port 'gpio[9]' is not constrained, it is treated as combinational output.
W: Timing-4086: Port 'gpio[10]' is not constrained, it is treated as combinational input.
W: Timing-4087: Port 'gpio[10]' is not constrained, it is treated as combinational output.
W: Timing-4086: Port 'gpio[11]' is not constrained, it is treated as combinational input.
W: Timing-4087: Port 'gpio[11]' is not constrained, it is treated as combinational output.
W: Timing-4086: Port 'gpio[12]' is not constrained, it is treated as combinational input.
W: Timing-4087: Port 'gpio[12]' is not constrained, it is treated as combinational output.
W: Timing-4086: Port 'gpio[13]' is not constrained, it is treated as combinational input.
W: Timing-4087: Port 'gpio[13]' is not constrained, it is treated as combinational output.
W: Timing-4086: Port 'gpio[14]' is not constrained, it is treated as combinational input.
W: Timing-4087: Port 'gpio[14]' is not constrained, it is treated as combinational output.
W: Timing-4086: Port 'gpio[15]' is not constrained, it is treated as combinational input.
W: Timing-4087: Port 'gpio[15]' is not constrained, it is treated as combinational output.
W: Timing-4087: Port 'halted_ind' is not constrained, it is treated as combinational output.
W: Timing-4087: Port 'over' is not constrained, it is treated as combinational output.
W: Timing-4087: Port 'spi_clk' is not constrained, it is treated as combinational output.
W: Timing-4087: Port 'spi_mosi' is not constrained, it is treated as combinational output.
W: Timing-4087: Port 'spi_ss' is not constrained, it is treated as combinational output.
W: Timing-4087: Port 'succ' is not constrained, it is treated as combinational output.
W: Timing-4087: Port 'uart_tx_pin' is not constrained, it is treated as combinational output.
W: Timing-4086: Port 'rst' is not constrained, it is treated as combinational input.
W: Timing-4086: Port 'spi_miso' is not constrained, it is treated as combinational input.
W: Timing-4086: Port 'uart_debug_pin' is not constrained, it is treated as combinational input.
W: Timing-4086: Port 'uart_rx_pin' is not constrained, it is treated as combinational input.
Report timing is finished successfully.
Action report_timing: Real time elapsed is 0h:0m:23s
Action report_timing: CPU time elapsed is 0h:0m:19s
Action report_timing: Process CPU time elapsed is 0h:0m:19s
Current time: Sat Oct 28 16:50:28 2023
Action report_timing: Peak memory pool usage is 1,295 MB
