#Build: Fabric Compiler 2022.1, Build 99559, Jul 12 00:20 2022
#Install: E:\Pango\PDS_2022.1\bin
#Application name: pds_shell.exe
#OS: Windows 10 10.0.22621
#Hostname: GGB
Generated by Fabric Compiler (version 2022.1 build 99559) at Fri Nov  3 23:42:12 2023
License checkout: fabric_ads
Compiling verification operator library.
Compiling common defs.
Loading technology operator library.
Compiling technology operator library.
Compiling technology operator (valence) library.
Reading design from compile DB
Reading design from compile DB successfully.
Constraint check start.
Compiling prim grid devices.
Building architecture model.
Loading device packaging model.
Building architecture floorplan logic view.
Executing : get_ports sys_clk
Executing : get_ports sys_clk successfully.
Executing : create_clock -name sys_clk [get_ports sys_clk] -period 20.000 -waveform {0.000 10.000}
Executing : create_clock -name sys_clk [get_ports sys_clk] -period 20.000 -waveform {0.000 10.000} successfully.
Executing : get_ports sys_clk
Executing : get_ports sys_clk successfully.
Executing : get_nets u_pll.clkout0
Executing : get_nets u_pll.clkout0 successfully.
Executing : get_clocks sys_clk
Executing : get_clocks sys_clk successfully.
Executing : create_generated_clock -name clk -source [get_ports sys_clk] [get_nets u_pll.clkout0] -master_clock [get_clocks sys_clk] -multiply_by 1 -divide_by 1
Executing : create_generated_clock -name clk -source [get_ports sys_clk] [get_nets u_pll.clkout0] -master_clock [get_clocks sys_clk] -multiply_by 1 -divide_by 1 successfully.
E: ConstraintEditor-0046: [E:/PangoPro/tinyriscv/tinyriscv.fdc(line number: 142)] Object 'p:gpio_i[3]' can not be found in current view.
E: ConstraintEditor-0046: [E:/PangoPro/tinyriscv/tinyriscv.fdc(line number: 143)] Object 'p:gpio_i[3]' can not be found in current view.
E: ConstraintEditor-0046: [E:/PangoPro/tinyriscv/tinyriscv.fdc(line number: 144)] Object 'p:gpio_i[3]' can not be found in current view.
E: ConstraintEditor-0046: [E:/PangoPro/tinyriscv/tinyriscv.fdc(line number: 145)] Object 'p:gpio_i[3]' can not be found in current view.
E: ConstraintEditor-0046: [E:/PangoPro/tinyriscv/tinyriscv.fdc(line number: 146)] Object 'p:gpio_i[3]' can not be found in current view.
E: ConstraintEditor-0046: [E:/PangoPro/tinyriscv/tinyriscv.fdc(line number: 147)] Object 'p:gpio_i[2]' can not be found in current view.
E: ConstraintEditor-0046: [E:/PangoPro/tinyriscv/tinyriscv.fdc(line number: 148)] Object 'p:gpio_i[2]' can not be found in current view.
E: ConstraintEditor-0046: [E:/PangoPro/tinyriscv/tinyriscv.fdc(line number: 149)] Object 'p:gpio_i[2]' can not be found in current view.
E: ConstraintEditor-0046: [E:/PangoPro/tinyriscv/tinyriscv.fdc(line number: 150)] Object 'p:gpio_i[2]' can not be found in current view.
E: ConstraintEditor-0046: [E:/PangoPro/tinyriscv/tinyriscv.fdc(line number: 151)] Object 'p:gpio_i[2]' can not be found in current view.
E: ConstraintEditor-0046: [E:/PangoPro/tinyriscv/tinyriscv.fdc(line number: 152)] Object 'p:gpio_i[1]' can not be found in current view.
E: ConstraintEditor-0046: [E:/PangoPro/tinyriscv/tinyriscv.fdc(line number: 153)] Object 'p:gpio_i[1]' can not be found in current view.
E: ConstraintEditor-0046: [E:/PangoPro/tinyriscv/tinyriscv.fdc(line number: 154)] Object 'p:gpio_i[1]' can not be found in current view.
E: ConstraintEditor-0046: [E:/PangoPro/tinyriscv/tinyriscv.fdc(line number: 155)] Object 'p:gpio_i[1]' can not be found in current view.
E: ConstraintEditor-0046: [E:/PangoPro/tinyriscv/tinyriscv.fdc(line number: 156)] Object 'p:gpio_i[1]' can not be found in current view.
E: ConstraintEditor-0046: [E:/PangoPro/tinyriscv/tinyriscv.fdc(line number: 157)] Object 'p:gpio_i[0]' can not be found in current view.
E: ConstraintEditor-0046: [E:/PangoPro/tinyriscv/tinyriscv.fdc(line number: 158)] Object 'p:gpio_i[0]' can not be found in current view.
E: ConstraintEditor-0046: [E:/PangoPro/tinyriscv/tinyriscv.fdc(line number: 159)] Object 'p:gpio_i[0]' can not be found in current view.
E: ConstraintEditor-0046: [E:/PangoPro/tinyriscv/tinyriscv.fdc(line number: 160)] Object 'p:gpio_i[0]' can not be found in current view.
E: ConstraintEditor-0046: [E:/PangoPro/tinyriscv/tinyriscv.fdc(line number: 161)] Object 'p:gpio_i[0]' can not be found in current view.
C: ConstraintEditor-2002: [E:/PangoPro/tinyriscv/tinyriscv.fdc(line number: 51)] | Port rst has been placed at location K18, whose type is share pin.
C: ConstraintEditor-2002: [E:/PangoPro/tinyriscv/tinyriscv.fdc(line number: 87)] | Port gpio[5] has been placed at location Y5, whose type is share pin.
C: ConstraintEditor-2002: [E:/PangoPro/tinyriscv/tinyriscv.fdc(line number: 94)] | Port gpio[4] has been placed at location AB5, whose type is share pin.
Constraint check end.
Action synthesize: Real time elapsed is 0h:0m:5s
Action synthesize: CPU time elapsed is 0h:0m:2s
Action synthesize: Process CPU time elapsed is 0h:0m:2s
Current time: Fri Nov  3 23:42:15 2023
Action synthesize: Peak memory pool usage is 235 MB
