#Build: Fabric Compiler 2022.1, Build 99559, Jul 12 00:20 2022
#Install: E:\Pango\PDS_2022.1\bin
#Application name: pds_shell.exe
#OS: Windows 10 10.0.22621
#Hostname: GGB
Generated by Fabric Compiler (version 2022.1 build 99559) at Fri Nov  3 22:07:27 2023
License checkout: fabric_ads
Compiling verification operator library.
Compiling common defs.
Loading technology operator library.
Compiling technology operator library.
Compiling technology operator (valence) library.
Reading design from compile DB
Reading design from compile DB successfully.
Constraint check start.
Compiling prim grid devices.
Building architecture model.
Loading device packaging model.
Building architecture floorplan logic view.
E: ConstraintEditor-0046: [E:/PangoPro/tinyriscv/tinyriscv.fdc(line number: 50)] Object 'p:clk' can not be found in current view.
E: ConstraintEditor-0046: [E:/PangoPro/tinyriscv/tinyriscv.fdc(line number: 51)] Object 'p:clk' can not be found in current view.
E: ConstraintEditor-0046: [E:/PangoPro/tinyriscv/tinyriscv.fdc(line number: 52)] Object 'p:clk' can not be found in current view.
E: ConstraintEditor-0046: [E:/PangoPro/tinyriscv/tinyriscv.fdc(line number: 53)] Object 'p:clk' can not be found in current view.
E: ConstraintEditor-0046: [E:/PangoPro/tinyriscv/tinyriscv.fdc(line number: 54)] Object 'p:clk' can not be found in current view.
Executing : get_ports sys_clk
Executing : get_ports sys_clk successfully.
Executing : create_clock -name sys_clk [get_ports sys_clk] -period 20.000 -waveform {0.000 10.000}
Executing : create_clock -name sys_clk [get_ports sys_clk] -period 20.000 -waveform {0.000 10.000} successfully.
C: ConstraintEditor-2002: [E:/PangoPro/tinyriscv/tinyriscv.fdc(line number: 91)] | Port gpio[5] has been placed at location Y5, whose type is share pin.
C: ConstraintEditor-2002: [E:/PangoPro/tinyriscv/tinyriscv.fdc(line number: 98)] | Port gpio[4] has been placed at location AB5, whose type is share pin.
C: ConstraintEditor-2002: [E:/PangoPro/tinyriscv/tinyriscv.fdc(line number: 152)] | Port gpio_i[2] has been placed at location H20, whose type is share pin.
C: ConstraintEditor-2002: [E:/PangoPro/tinyriscv/tinyriscv.fdc(line number: 157)] | Port gpio_i[1] has been placed at location J19, whose type is share pin.
C: ConstraintEditor-2002: [E:/PangoPro/tinyriscv/tinyriscv.fdc(line number: 162)] | Port gpio_i[0] has been placed at location K18, whose type is share pin.
Constraint check end.
Action synthesize: Real time elapsed is 0h:0m:4s
Action synthesize: CPU time elapsed is 0h:0m:2s
Action synthesize: Process CPU time elapsed is 0h:0m:2s
Current time: Fri Nov  3 22:07:29 2023
Action synthesize: Peak memory pool usage is 234 MB
