#Build: Fabric Compiler 2022.1, Build 99559, Jul 12 00:20 2022
#Install: E:\Pango\PDS_2022.1\bin
#Application name: pds_shell.exe
#OS: Windows 10 10.0.22621
#Hostname: GGB
Generated by Fabric Compiler (version 2022.1 build 99559) at Tue Nov  7 23:54:05 2023
License checkout: fabric_ads
Compiling verification operator library.
Compiling common defs.
Loading technology operator library.
Compiling technology operator library.
Compiling technology operator (valence) library.
Reading design from compile DB
Reading design from compile DB successfully.
Constraint check start.
Compiling prim grid devices.
Building architecture model.
Loading device packaging model.
Building architecture floorplan logic view.
Executing : get_ports sys_clk
Executing : get_ports sys_clk successfully.
Executing : create_clock -name sys_clk [get_ports sys_clk] -period 20.000 -waveform {0.000 10.000}
Executing : create_clock -name sys_clk [get_ports sys_clk] -period 20.000 -waveform {0.000 10.000} successfully.
Executing : get_ports sys_clk
Executing : get_ports sys_clk successfully.
Executing : get_nets u_pll.clkout0
Executing : get_nets u_pll.clkout0 successfully.
Executing : get_clocks sys_clk
Executing : get_clocks sys_clk successfully.
Executing : create_generated_clock -name clk -source [get_ports sys_clk] [get_nets u_pll.clkout0] -master_clock [get_clocks sys_clk] -multiply_by 1 -divide_by 1
Executing : create_generated_clock -name clk -source [get_ports sys_clk] [get_nets u_pll.clkout0] -master_clock [get_clocks sys_clk] -multiply_by 1 -divide_by 1 successfully.
C: ConstraintEditor-2002: [E:/PangoPro/tinyriscv/tinyriscv.fdc(line number: 51)] | Port rst has been placed at location K18, whose type is share pin.
C: ConstraintEditor-2002: [E:/PangoPro/tinyriscv/tinyriscv.fdc(line number: 87)] | Port gpio[5] has been placed at location Y5, whose type is share pin.
C: ConstraintEditor-2002: [E:/PangoPro/tinyriscv/tinyriscv.fdc(line number: 94)] | Port gpio[4] has been placed at location AB5, whose type is share pin.
Constraint check end.
Start pre-mapping.
I: Removed bmsWIDEMUX inst N607 that is redundant to N562
I: Removed bmsPMUX inst N593 that is redundant to N548
I: Removed bmsSUB inst N88 that is redundant to N55
I: Encoding type of FSM 'csr_state_fsm[4:0]' is: onehot.
I: [E:/PangoPro/tinyriscv/source/core/clint.v(line number:105)] The user initial state for regs on FSM csr_state_fsm[4:0] is 00001 and be encoded 00001.
I: Encoding table of FSM 'csr_state_fsm[4:0]':
I: from  u_tinyriscv/u_clint/csr_state[4] u_tinyriscv/u_clint/csr_state[3] u_tinyriscv/u_clint/csr_state[2] u_tinyriscv/u_clint/csr_state[1] u_tinyriscv/u_clint/csr_state[0]
I: to  u_tinyriscv/u_clint/csr_state_4 u_tinyriscv/u_clint/csr_state_3 u_tinyriscv/u_clint/csr_state_2 u_tinyriscv/u_clint/csr_state_1 u_tinyriscv/u_clint/csr_state_0
I: 00001 => 00001
I: 00010 => 00010
I: 00100 => 00100
I: 01000 => 01000
I: 10000 => 10000
I: Encoding type of FSM 'state_fsm[1:0]' is: onehot.
I: [E:/PangoPro/tinyriscv/source/core/div.v(line number:64)] The user initial state for regs on FSM state_fsm[1:0] is 00 and be encoded 0001.
I: Encoding table of FSM 'state_fsm[1:0]':
I: from  u_tinyriscv/u_div/state[1] u_tinyriscv/u_div/state[0]
I: to  u_tinyriscv/u_div/state_3 u_tinyriscv/u_div/state_2 u_tinyriscv/u_div/state_1 u_tinyriscv/u_div/state_0
I: 00 => 0001
I: 01 => 0010
I: 10 => 0100
I: 11 => 1000
I: Encoding type of FSM 'state_fsm[3:0]' is: onehot.
I: [E:/PangoPro/tinyriscv/source/debug/uart_debug.v(line number:97)] The user initial state for regs on FSM state_fsm[3:0] is 0001 and be encoded 00000000000001.
I: Encoding table of FSM 'state_fsm[3:0]':
I: from  u_uart_debug/state[3] u_uart_debug/state[2] u_uart_debug/state[1] u_uart_debug/state[0]
I: to  u_uart_debug/state_13 u_uart_debug/state_12 u_uart_debug/state_11 u_uart_debug/state_10 u_uart_debug/state_9 u_uart_debug/state_8 u_uart_debug/state_7 u_uart_debug/state_6 u_uart_debug/state_5 u_uart_debug/state_4 u_uart_debug/state_3 u_uart_debug/state_2 u_uart_debug/state_1 u_uart_debug/state_0
I: 0001 => 00000000000001
I: 0010 => 00000000000010
I: 0011 => 00000000000100
I: 0100 => 00000000001000
I: 0101 => 00000000010000
I: 0110 => 00000000100000
I: 0111 => 00000001000000
I: 1000 => 00000010000000
I: 1001 => 00000100000000
I: 1010 => 00001000000000
I: 1011 => 00010000000000
I: 1100 => 00100000000000
I: 1101 => 01000000000000
I: 1110 => 10000000000000
I: Encoding type of FSM 'state_fsm[3:0]' is: onehot.
W: [E:/PangoPro/tinyriscv/source/perips/uart.v(line number:164)] The forced initial state for regs on FSM state_fsm[3:0] is 0001 and be encoded 0001.
I: Encoding table of FSM 'state_fsm[3:0]':
I: from  uart_0/state[3] uart_0/state[2] uart_0/state[1] uart_0/state[0]
I: to  uart_0/state_3 uart_0/state_2 uart_0/state_1 uart_0/state_0
I: 0001 => 0001
I: 0010 => 0010
I: 0100 => 0100
I: 1000 => 1000
I: Constant propagation done on spi_0/N228 (bmsWIDEMUX).
I: Constant propagation done on timer_0/N83 (bmsWIDEMUX).
I: Constant propagation done on u_rib/N15 (bmsPMUX).
I: Constant propagation done on u_rib/N57 (bmsWIDEMUX).
I: Constant propagation done on u_tinyriscv/u_clint/N130 (bmsREDOR).
I: Constant propagation done on u_tinyriscv/u_clint/N276 (bmsREDOR).
I: Constant propagation done on u_tinyriscv/u_clint/csr_state_fsm[4:0]_2 (bmsREDOR).
I: Constant propagation done on u_tinyriscv/u_clint/N115 (bmsREDOR).
I: Constant propagation done on u_tinyriscv/u_clint/N119 (bmsPMUX).
I: Constant propagation done on u_tinyriscv/u_clint/N133 (bmsPMUX).
W: Removed bmsWIDEDFFRSE inst cause[31:0] at 4 that is stuck at constant 0.
W: Removed bmsWIDEDFFRSE inst waddr_o[31:0] at 2 that is stuck at constant 0.
W: Removed bmsWIDEDFFRSE inst need_to_rec_bytes[7:0] at 1 that is stuck at constant 0.
W: Removed bmsWIDEDFFRSE inst uart_rx[31:0] at 8 that is stuck at constant 0.
Executing : pre-mapping successfully. Time elapsed: 0.473s wall, 0.359s user + 0.016s system = 0.375s CPU (79.3%)

Start mod-gen.
W: Removed bmsWIDEDFFRSE inst u_tinyriscv/u_if_id/int_flag_o[7:0] at 1 that is stuck at constant 0.
W: Removed bmsWIDEDFFRSE inst u_tinyriscv/u_if_id/int_flag_o[7:0] at 2 that is stuck at constant 0.
W: Removed bmsWIDEDFFRSE inst u_tinyriscv/u_if_id/int_flag_o[7:0] at 3 that is stuck at constant 0.
W: Removed bmsWIDEDFFRSE inst u_tinyriscv/u_if_id/int_flag_o[7:0] at 4 that is stuck at constant 0.
W: Removed bmsWIDEDFFRSE inst u_tinyriscv/u_if_id/int_flag_o[7:0] at 5 that is stuck at constant 0.
W: Removed bmsWIDEDFFRSE inst u_tinyriscv/u_if_id/int_flag_o[7:0] at 6 that is stuck at constant 0.
W: Removed bmsWIDEDFFRSE inst u_tinyriscv/u_if_id/int_flag_o[7:0] at 7 that is stuck at constant 0.
I: Removed bmsWIDEINV inst u_tinyriscv/u_ex/N75 that is redundant to u_tinyriscv/u_div/N52
I: Removed bmsDECODER inst u_uart_debug/rx_data_decode_a that is redundant to u_uart_debug/rx_data_2_decode_a
I: Removed bmsDECODER inst u_uart_debug/rx_data_3_decode_a that is redundant to u_uart_debug/rx_data_2_decode_a
I: Removed bmsDECODER inst u_uart_debug/rx_data_5_decode_a that is redundant to u_uart_debug/rx_data_2_decode_a
I: Removed bmsDECODER inst u_uart_debug/rx_data_6_decode_a that is redundant to u_uart_debug/rx_data_2_decode_a
I: Removed bmsDECODER inst u_uart_debug/rx_data_decode_b that is redundant to u_uart_debug/rx_data_3_decode_b
Executing : mod-gen successfully. Time elapsed: 3.523s wall, 3.266s user + 0.094s system = 3.359s CPU (95.4%)

Start logic-optimization.
W: Removed bmsWIDEDFFRSE inst u_uart_debug/write_mem_addr[31:0] at 0 that is stuck at constant 0.
W: Removed bmsWIDEDFFRSE inst u_uart_debug/write_mem_addr[31:0] at 1 that is stuck at constant 0.
W: Removed bmsWIDEDFFRSE inst u_uart_debug/mem_addr_o[31:0] at 0 that is stuck at constant 0.
Executing : logic-optimization successfully. Time elapsed: 15.292s wall, 13.438s user + 0.328s system = 13.766s CPU (90.0%)

Start tech-mapping phase 1.
W: Public-4008: Instance 'u_uart_debug/need_to_rec_bytes[1]' of 'bmsWIDEDFFRSE' unit is dangling and will be cleaned.
W: Public-4008: Instance 'u_uart_debug/need_to_rec_bytes[2]' of 'bmsWIDEDFFRSE' unit is dangling and will be cleaned.
W: Public-4008: Instance 'u_uart_debug/need_to_rec_bytes[3]' of 'bmsWIDEDFFRSE' unit is dangling and will be cleaned.
W: Public-4008: Instance 'u_uart_debug/need_to_rec_bytes[4]' of 'bmsWIDEDFFRSE' unit is dangling and will be cleaned.
W: Public-4008: Instance 'u_uart_debug/need_to_rec_bytes[5]' of 'bmsWIDEDFFRSE' unit is dangling and will be cleaned.
W: Public-4008: Instance 'u_uart_debug/need_to_rec_bytes[6]' of 'bmsWIDEDFFRSE' unit is dangling and will be cleaned.
W: Public-4008: Instance 'u_uart_debug/need_to_rec_bytes[7]' of 'bmsWIDEDFFRSE' unit is dangling and will be cleaned.
W: Public-4008: Instance 'u_uart_debug/rx_data[62][7]' of 'bmsWIDEDFFRSE' unit is dangling and will be cleaned.
W: Public-4008: Instance 'uart_0/uart_rx[8]' of 'bmsWIDEDFFRSE' unit is dangling and will be cleaned.
W: Public-4008: Instance 'uart_0/uart_rx[9]' of 'bmsWIDEDFFRSE' unit is dangling and will be cleaned.
W: Public-4008: Instance 'uart_0/uart_rx[10]' of 'bmsWIDEDFFRSE' unit is dangling and will be cleaned.
W: Public-4008: Instance 'uart_0/uart_rx[11]' of 'bmsWIDEDFFRSE' unit is dangling and will be cleaned.
W: Public-4008: Instance 'uart_0/uart_rx[12]' of 'bmsWIDEDFFRSE' unit is dangling and will be cleaned.
W: Public-4008: Instance 'uart_0/uart_rx[13]' of 'bmsWIDEDFFRSE' unit is dangling and will be cleaned.
W: Public-4008: Instance 'uart_0/uart_rx[14]' of 'bmsWIDEDFFRSE' unit is dangling and will be cleaned.
W: Public-4008: Instance 'uart_0/uart_rx[15]' of 'bmsWIDEDFFRSE' unit is dangling and will be cleaned.
W: Public-4008: Instance 'uart_0/uart_rx[16]' of 'bmsWIDEDFFRSE' unit is dangling and will be cleaned.
W: Public-4008: Instance 'uart_0/uart_rx[17]' of 'bmsWIDEDFFRSE' unit is dangling and will be cleaned.
W: Public-4008: Instance 'uart_0/uart_rx[18]' of 'bmsWIDEDFFRSE' unit is dangling and will be cleaned.
W: Public-4008: Instance 'uart_0/uart_rx[19]' of 'bmsWIDEDFFRSE' unit is dangling and will be cleaned.
W: Public-4008: Instance 'uart_0/uart_rx[20]' of 'bmsWIDEDFFRSE' unit is dangling and will be cleaned.
W: Public-4008: Instance 'uart_0/uart_rx[21]' of 'bmsWIDEDFFRSE' unit is dangling and will be cleaned.
W: Public-4008: Instance 'uart_0/uart_rx[22]' of 'bmsWIDEDFFRSE' unit is dangling and will be cleaned.
W: Public-4008: Instance 'uart_0/uart_rx[23]' of 'bmsWIDEDFFRSE' unit is dangling and will be cleaned.
W: Public-4008: Instance 'uart_0/uart_rx[24]' of 'bmsWIDEDFFRSE' unit is dangling and will be cleaned.
W: Public-4008: Instance 'uart_0/uart_rx[25]' of 'bmsWIDEDFFRSE' unit is dangling and will be cleaned.
W: Public-4008: Instance 'uart_0/uart_rx[26]' of 'bmsWIDEDFFRSE' unit is dangling and will be cleaned.
W: Public-4008: Instance 'uart_0/uart_rx[27]' of 'bmsWIDEDFFRSE' unit is dangling and will be cleaned.
W: Public-4008: Instance 'uart_0/uart_rx[28]' of 'bmsWIDEDFFRSE' unit is dangling and will be cleaned.
W: Public-4008: Instance 'uart_0/uart_rx[29]' of 'bmsWIDEDFFRSE' unit is dangling and will be cleaned.
W: Public-4008: Instance 'uart_0/uart_rx[30]' of 'bmsWIDEDFFRSE' unit is dangling and will be cleaned.
W: Public-4008: Instance 'uart_0/uart_rx[31]' of 'bmsWIDEDFFRSE' unit is dangling and will be cleaned.
W: Public-4008: Instance 'u_tinyriscv/u_clint/cause[4]' of 'bmsWIDEDFFRSE' unit is dangling and will be cleaned.
W: Public-4008: Instance 'u_tinyriscv/u_clint/cause[5]' of 'bmsWIDEDFFRSE' unit is dangling and will be cleaned.
W: Public-4008: Instance 'u_tinyriscv/u_clint/cause[6]' of 'bmsWIDEDFFRSE' unit is dangling and will be cleaned.
W: Public-4008: Instance 'u_tinyriscv/u_clint/cause[7]' of 'bmsWIDEDFFRSE' unit is dangling and will be cleaned.
W: Public-4008: Instance 'u_tinyriscv/u_clint/cause[8]' of 'bmsWIDEDFFRSE' unit is dangling and will be cleaned.
W: Public-4008: Instance 'u_tinyriscv/u_clint/cause[9]' of 'bmsWIDEDFFRSE' unit is dangling and will be cleaned.
W: Public-4008: Instance 'u_tinyriscv/u_clint/cause[10]' of 'bmsWIDEDFFRSE' unit is dangling and will be cleaned.
W: Public-4008: Instance 'u_tinyriscv/u_clint/cause[11]' of 'bmsWIDEDFFRSE' unit is dangling and will be cleaned.
W: Public-4008: Instance 'u_tinyriscv/u_clint/cause[12]' of 'bmsWIDEDFFRSE' unit is dangling and will be cleaned.
W: Public-4008: Instance 'u_tinyriscv/u_clint/cause[13]' of 'bmsWIDEDFFRSE' unit is dangling and will be cleaned.
W: Public-4008: Instance 'u_tinyriscv/u_clint/cause[14]' of 'bmsWIDEDFFRSE' unit is dangling and will be cleaned.
W: Public-4008: Instance 'u_tinyriscv/u_clint/cause[15]' of 'bmsWIDEDFFRSE' unit is dangling and will be cleaned.
W: Public-4008: Instance 'u_tinyriscv/u_clint/cause[16]' of 'bmsWIDEDFFRSE' unit is dangling and will be cleaned.
W: Public-4008: Instance 'u_tinyriscv/u_clint/cause[17]' of 'bmsWIDEDFFRSE' unit is dangling and will be cleaned.
W: Public-4008: Instance 'u_tinyriscv/u_clint/cause[18]' of 'bmsWIDEDFFRSE' unit is dangling and will be cleaned.
W: Public-4008: Instance 'u_tinyriscv/u_clint/cause[19]' of 'bmsWIDEDFFRSE' unit is dangling and will be cleaned.
W: Public-4008: Instance 'u_tinyriscv/u_clint/cause[20]' of 'bmsWIDEDFFRSE' unit is dangling and will be cleaned.
W: Public-4008: Instance 'u_tinyriscv/u_clint/cause[21]' of 'bmsWIDEDFFRSE' unit is dangling and will be cleaned.
W: Public-4008: Instance 'u_tinyriscv/u_clint/cause[22]' of 'bmsWIDEDFFRSE' unit is dangling and will be cleaned.
W: Public-4008: Instance 'u_tinyriscv/u_clint/cause[23]' of 'bmsWIDEDFFRSE' unit is dangling and will be cleaned.
W: Public-4008: Instance 'u_tinyriscv/u_clint/cause[24]' of 'bmsWIDEDFFRSE' unit is dangling and will be cleaned.
W: Public-4008: Instance 'u_tinyriscv/u_clint/cause[25]' of 'bmsWIDEDFFRSE' unit is dangling and will be cleaned.
W: Public-4008: Instance 'u_tinyriscv/u_clint/cause[26]' of 'bmsWIDEDFFRSE' unit is dangling and will be cleaned.
W: Public-4008: Instance 'u_tinyriscv/u_clint/cause[27]' of 'bmsWIDEDFFRSE' unit is dangling and will be cleaned.
W: Public-4008: Instance 'u_tinyriscv/u_clint/cause[28]' of 'bmsWIDEDFFRSE' unit is dangling and will be cleaned.
W: Public-4008: Instance 'u_tinyriscv/u_clint/cause[29]' of 'bmsWIDEDFFRSE' unit is dangling and will be cleaned.
W: Public-4008: Instance 'u_tinyriscv/u_clint/cause[30]' of 'bmsWIDEDFFRSE' unit is dangling and will be cleaned.
W: Public-4008: Instance 'u_tinyriscv/u_clint/cause[31]' of 'bmsWIDEDFFRSE' unit is dangling and will be cleaned.
W: Public-4008: Instance 'u_tinyriscv/u_clint/waddr_o[2]' of 'bmsWIDEDFFRSE' unit is dangling and will be cleaned.
W: Public-4008: Instance 'u_tinyriscv/u_clint/waddr_o[3]' of 'bmsWIDEDFFRSE' unit is dangling and will be cleaned.
W: Public-4008: Instance 'u_tinyriscv/u_clint/waddr_o[4]' of 'bmsWIDEDFFRSE' unit is dangling and will be cleaned.
W: Public-4008: Instance 'u_tinyriscv/u_clint/waddr_o[5]' of 'bmsWIDEDFFRSE' unit is dangling and will be cleaned.
W: Public-4008: Instance 'u_tinyriscv/u_clint/waddr_o[7]' of 'bmsWIDEDFFRSE' unit is dangling and will be cleaned.
W: Public-4008: Instance 'u_tinyriscv/u_clint/waddr_o[9]' of 'bmsWIDEDFFRSE' unit is dangling and will be cleaned.
W: Public-4008: Instance 'u_tinyriscv/u_clint/waddr_o[10]' of 'bmsWIDEDFFRSE' unit is dangling and will be cleaned.
W: Public-4008: Instance 'u_tinyriscv/u_clint/waddr_o[11]' of 'bmsWIDEDFFRSE' unit is dangling and will be cleaned.
W: Public-4008: Instance 'u_tinyriscv/u_clint/waddr_o[12]' of 'bmsWIDEDFFRSE' unit is dangling and will be cleaned.
W: Public-4008: Instance 'u_tinyriscv/u_clint/waddr_o[13]' of 'bmsWIDEDFFRSE' unit is dangling and will be cleaned.
W: Public-4008: Instance 'u_tinyriscv/u_clint/waddr_o[14]' of 'bmsWIDEDFFRSE' unit is dangling and will be cleaned.
W: Public-4008: Instance 'u_tinyriscv/u_clint/waddr_o[15]' of 'bmsWIDEDFFRSE' unit is dangling and will be cleaned.
W: Public-4008: Instance 'u_tinyriscv/u_clint/waddr_o[16]' of 'bmsWIDEDFFRSE' unit is dangling and will be cleaned.
W: Public-4008: Instance 'u_tinyriscv/u_clint/waddr_o[17]' of 'bmsWIDEDFFRSE' unit is dangling and will be cleaned.
W: Public-4008: Instance 'u_tinyriscv/u_clint/waddr_o[18]' of 'bmsWIDEDFFRSE' unit is dangling and will be cleaned.
W: Public-4008: Instance 'u_tinyriscv/u_clint/waddr_o[19]' of 'bmsWIDEDFFRSE' unit is dangling and will be cleaned.
W: Public-4008: Instance 'u_tinyriscv/u_clint/waddr_o[20]' of 'bmsWIDEDFFRSE' unit is dangling and will be cleaned.
W: Public-4008: Instance 'u_tinyriscv/u_clint/waddr_o[21]' of 'bmsWIDEDFFRSE' unit is dangling and will be cleaned.
W: Public-4008: Instance 'u_tinyriscv/u_clint/waddr_o[22]' of 'bmsWIDEDFFRSE' unit is dangling and will be cleaned.
W: Public-4008: Instance 'u_tinyriscv/u_clint/waddr_o[23]' of 'bmsWIDEDFFRSE' unit is dangling and will be cleaned.
W: Public-4008: Instance 'u_tinyriscv/u_clint/waddr_o[24]' of 'bmsWIDEDFFRSE' unit is dangling and will be cleaned.
W: Public-4008: Instance 'u_tinyriscv/u_clint/waddr_o[25]' of 'bmsWIDEDFFRSE' unit is dangling and will be cleaned.
W: Public-4008: Instance 'u_tinyriscv/u_clint/waddr_o[26]' of 'bmsWIDEDFFRSE' unit is dangling and will be cleaned.
W: Public-4008: Instance 'u_tinyriscv/u_clint/waddr_o[27]' of 'bmsWIDEDFFRSE' unit is dangling and will be cleaned.
W: Public-4008: Instance 'u_tinyriscv/u_clint/waddr_o[28]' of 'bmsWIDEDFFRSE' unit is dangling and will be cleaned.
W: Public-4008: Instance 'u_tinyriscv/u_clint/waddr_o[29]' of 'bmsWIDEDFFRSE' unit is dangling and will be cleaned.
W: Public-4008: Instance 'u_tinyriscv/u_clint/waddr_o[30]' of 'bmsWIDEDFFRSE' unit is dangling and will be cleaned.
W: Public-4008: Instance 'u_tinyriscv/u_clint/waddr_o[31]' of 'bmsWIDEDFFRSE' unit is dangling and will be cleaned.
W: Public-4008: Instance 'u_tinyriscv/u_regs/regs[26][1]' of 'bmsWIDEDFFRSE' unit is dangling and will be cleaned.
W: Public-4008: Instance 'u_tinyriscv/u_regs/regs[26][2]' of 'bmsWIDEDFFRSE' unit is dangling and will be cleaned.
W: Public-4008: Instance 'u_tinyriscv/u_regs/regs[26][3]' of 'bmsWIDEDFFRSE' unit is dangling and will be cleaned.
W: Public-4008: Instance 'u_tinyriscv/u_regs/regs[26][4]' of 'bmsWIDEDFFRSE' unit is dangling and will be cleaned.
W: Public-4008: Instance 'u_tinyriscv/u_regs/regs[26][5]' of 'bmsWIDEDFFRSE' unit is dangling and will be cleaned.
W: Public-4008: Instance 'u_tinyriscv/u_regs/regs[26][6]' of 'bmsWIDEDFFRSE' unit is dangling and will be cleaned.
W: Public-4008: Instance 'u_tinyriscv/u_regs/regs[26][7]' of 'bmsWIDEDFFRSE' unit is dangling and will be cleaned.
W: Public-4008: Instance 'u_tinyriscv/u_regs/regs[26][8]' of 'bmsWIDEDFFRSE' unit is dangling and will be cleaned.
W: Public-4008: Instance 'u_tinyriscv/u_regs/regs[26][9]' of 'bmsWIDEDFFRSE' unit is dangling and will be cleaned.
W: Public-4008: Instance 'u_tinyriscv/u_regs/regs[26][10]' of 'bmsWIDEDFFRSE' unit is dangling and will be cleaned.
W: Public-4008: Instance 'u_tinyriscv/u_regs/regs[26][11]' of 'bmsWIDEDFFRSE' unit is dangling and will be cleaned.
W: Public-4008: Instance 'u_tinyriscv/u_regs/regs[26][12]' of 'bmsWIDEDFFRSE' unit is dangling and will be cleaned.
W: Public-4008: Instance 'u_tinyriscv/u_regs/regs[26][13]' of 'bmsWIDEDFFRSE' unit is dangling and will be cleaned.
W: Public-4008: Instance 'u_tinyriscv/u_regs/regs[26][14]' of 'bmsWIDEDFFRSE' unit is dangling and will be cleaned.
W: Public-4008: Instance 'u_tinyriscv/u_regs/regs[26][15]' of 'bmsWIDEDFFRSE' unit is dangling and will be cleaned.
W: Public-4008: Instance 'u_tinyriscv/u_regs/regs[26][16]' of 'bmsWIDEDFFRSE' unit is dangling and will be cleaned.
W: Public-4008: Instance 'u_tinyriscv/u_regs/regs[26][17]' of 'bmsWIDEDFFRSE' unit is dangling and will be cleaned.
W: Public-4008: Instance 'u_tinyriscv/u_regs/regs[26][18]' of 'bmsWIDEDFFRSE' unit is dangling and will be cleaned.
W: Public-4008: Instance 'u_tinyriscv/u_regs/regs[26][19]' of 'bmsWIDEDFFRSE' unit is dangling and will be cleaned.
W: Public-4008: Instance 'u_tinyriscv/u_regs/regs[26][20]' of 'bmsWIDEDFFRSE' unit is dangling and will be cleaned.
W: Public-4008: Instance 'u_tinyriscv/u_regs/regs[26][21]' of 'bmsWIDEDFFRSE' unit is dangling and will be cleaned.
W: Public-4008: Instance 'u_tinyriscv/u_regs/regs[26][22]' of 'bmsWIDEDFFRSE' unit is dangling and will be cleaned.
W: Public-4008: Instance 'u_tinyriscv/u_regs/regs[26][23]' of 'bmsWIDEDFFRSE' unit is dangling and will be cleaned.
W: Public-4008: Instance 'u_tinyriscv/u_regs/regs[26][24]' of 'bmsWIDEDFFRSE' unit is dangling and will be cleaned.
W: Public-4008: Instance 'u_tinyriscv/u_regs/regs[26][25]' of 'bmsWIDEDFFRSE' unit is dangling and will be cleaned.
W: Public-4008: Instance 'u_tinyriscv/u_regs/regs[26][26]' of 'bmsWIDEDFFRSE' unit is dangling and will be cleaned.
W: Public-4008: Instance 'u_tinyriscv/u_regs/regs[26][27]' of 'bmsWIDEDFFRSE' unit is dangling and will be cleaned.
W: Public-4008: Instance 'u_tinyriscv/u_regs/regs[26][28]' of 'bmsWIDEDFFRSE' unit is dangling and will be cleaned.
W: Public-4008: Instance 'u_tinyriscv/u_regs/regs[26][29]' of 'bmsWIDEDFFRSE' unit is dangling and will be cleaned.
W: Public-4008: Instance 'u_tinyriscv/u_regs/regs[26][30]' of 'bmsWIDEDFFRSE' unit is dangling and will be cleaned.
W: Public-4008: Instance 'u_tinyriscv/u_regs/regs[26][31]' of 'bmsWIDEDFFRSE' unit is dangling and will be cleaned.
W: Public-4008: Instance 'u_tinyriscv/u_regs/regs[27][1]' of 'bmsWIDEDFFRSE' unit is dangling and will be cleaned.
W: Public-4008: Instance 'u_tinyriscv/u_regs/regs[27][2]' of 'bmsWIDEDFFRSE' unit is dangling and will be cleaned.
W: Public-4008: Instance 'u_tinyriscv/u_regs/regs[27][3]' of 'bmsWIDEDFFRSE' unit is dangling and will be cleaned.
W: Public-4008: Instance 'u_tinyriscv/u_regs/regs[27][4]' of 'bmsWIDEDFFRSE' unit is dangling and will be cleaned.
W: Public-4008: Instance 'u_tinyriscv/u_regs/regs[27][5]' of 'bmsWIDEDFFRSE' unit is dangling and will be cleaned.
W: Public-4008: Instance 'u_tinyriscv/u_regs/regs[27][6]' of 'bmsWIDEDFFRSE' unit is dangling and will be cleaned.
W: Public-4008: Instance 'u_tinyriscv/u_regs/regs[27][7]' of 'bmsWIDEDFFRSE' unit is dangling and will be cleaned.
W: Public-4008: Instance 'u_tinyriscv/u_regs/regs[27][8]' of 'bmsWIDEDFFRSE' unit is dangling and will be cleaned.
W: Public-4008: Instance 'u_tinyriscv/u_regs/regs[27][9]' of 'bmsWIDEDFFRSE' unit is dangling and will be cleaned.
W: Public-4008: Instance 'u_tinyriscv/u_regs/regs[27][10]' of 'bmsWIDEDFFRSE' unit is dangling and will be cleaned.
W: Public-4008: Instance 'u_tinyriscv/u_regs/regs[27][11]' of 'bmsWIDEDFFRSE' unit is dangling and will be cleaned.
W: Public-4008: Instance 'u_tinyriscv/u_regs/regs[27][12]' of 'bmsWIDEDFFRSE' unit is dangling and will be cleaned.
W: Public-4008: Instance 'u_tinyriscv/u_regs/regs[27][13]' of 'bmsWIDEDFFRSE' unit is dangling and will be cleaned.
W: Public-4008: Instance 'u_tinyriscv/u_regs/regs[27][14]' of 'bmsWIDEDFFRSE' unit is dangling and will be cleaned.
W: Public-4008: Instance 'u_tinyriscv/u_regs/regs[27][15]' of 'bmsWIDEDFFRSE' unit is dangling and will be cleaned.
W: Public-4008: Instance 'u_tinyriscv/u_regs/regs[27][16]' of 'bmsWIDEDFFRSE' unit is dangling and will be cleaned.
W: Public-4008: Instance 'u_tinyriscv/u_regs/regs[27][17]' of 'bmsWIDEDFFRSE' unit is dangling and will be cleaned.
W: Public-4008: Instance 'u_tinyriscv/u_regs/regs[27][18]' of 'bmsWIDEDFFRSE' unit is dangling and will be cleaned.
W: Public-4008: Instance 'u_tinyriscv/u_regs/regs[27][19]' of 'bmsWIDEDFFRSE' unit is dangling and will be cleaned.
W: Public-4008: Instance 'u_tinyriscv/u_regs/regs[27][20]' of 'bmsWIDEDFFRSE' unit is dangling and will be cleaned.
W: Public-4008: Instance 'u_tinyriscv/u_regs/regs[27][21]' of 'bmsWIDEDFFRSE' unit is dangling and will be cleaned.
W: Public-4008: Instance 'u_tinyriscv/u_regs/regs[27][22]' of 'bmsWIDEDFFRSE' unit is dangling and will be cleaned.
W: Public-4008: Instance 'u_tinyriscv/u_regs/regs[27][23]' of 'bmsWIDEDFFRSE' unit is dangling and will be cleaned.
W: Public-4008: Instance 'u_tinyriscv/u_regs/regs[27][24]' of 'bmsWIDEDFFRSE' unit is dangling and will be cleaned.
W: Public-4008: Instance 'u_tinyriscv/u_regs/regs[27][25]' of 'bmsWIDEDFFRSE' unit is dangling and will be cleaned.
W: Public-4008: Instance 'u_tinyriscv/u_regs/regs[27][26]' of 'bmsWIDEDFFRSE' unit is dangling and will be cleaned.
W: Public-4008: Instance 'u_tinyriscv/u_regs/regs[27][27]' of 'bmsWIDEDFFRSE' unit is dangling and will be cleaned.
W: Public-4008: Instance 'u_tinyriscv/u_regs/regs[27][28]' of 'bmsWIDEDFFRSE' unit is dangling and will be cleaned.
W: Public-4008: Instance 'u_tinyriscv/u_regs/regs[27][29]' of 'bmsWIDEDFFRSE' unit is dangling and will be cleaned.
W: Public-4008: Instance 'u_tinyriscv/u_regs/regs[27][30]' of 'bmsWIDEDFFRSE' unit is dangling and will be cleaned.
W: Public-4008: Instance 'u_tinyriscv/u_regs/regs[27][31]' of 'bmsWIDEDFFRSE' unit is dangling and will be cleaned.
W: Public-4008: Instance 'u_tinyriscv/u_div/op_o[0]' of 'bmsWIDEDFFRSE' unit is dangling and will be cleaned.
W: Public-4008: Instance 'u_tinyriscv/u_if_id/int_flag_o[1]' of 'bmsWIDEDFFRSE' unit is dangling and will be cleaned.
W: Public-4008: Instance 'u_tinyriscv/u_if_id/int_flag_o[2]' of 'bmsWIDEDFFRSE' unit is dangling and will be cleaned.
W: Public-4008: Instance 'u_tinyriscv/u_if_id/int_flag_o[3]' of 'bmsWIDEDFFRSE' unit is dangling and will be cleaned.
W: Public-4008: Instance 'u_tinyriscv/u_if_id/int_flag_o[4]' of 'bmsWIDEDFFRSE' unit is dangling and will be cleaned.
W: Public-4008: Instance 'u_tinyriscv/u_if_id/int_flag_o[5]' of 'bmsWIDEDFFRSE' unit is dangling and will be cleaned.
W: Public-4008: Instance 'u_tinyriscv/u_if_id/int_flag_o[6]' of 'bmsWIDEDFFRSE' unit is dangling and will be cleaned.
W: Public-4008: Instance 'u_tinyriscv/u_if_id/int_flag_o[7]' of 'bmsWIDEDFFRSE' unit is dangling and will be cleaned.
W: Public-4008: Instance 'u_tinyriscv/u_id_ex/csr_waddr_o[12]' of 'bmsWIDEDFFRSE' unit is dangling and will be cleaned.
W: Public-4008: Instance 'u_tinyriscv/u_id_ex/csr_waddr_o[13]' of 'bmsWIDEDFFRSE' unit is dangling and will be cleaned.
W: Public-4008: Instance 'u_tinyriscv/u_id_ex/csr_waddr_o[14]' of 'bmsWIDEDFFRSE' unit is dangling and will be cleaned.
W: Public-4008: Instance 'u_tinyriscv/u_id_ex/csr_waddr_o[15]' of 'bmsWIDEDFFRSE' unit is dangling and will be cleaned.
W: Public-4008: Instance 'u_tinyriscv/u_id_ex/csr_waddr_o[16]' of 'bmsWIDEDFFRSE' unit is dangling and will be cleaned.
W: Public-4008: Instance 'u_tinyriscv/u_id_ex/csr_waddr_o[17]' of 'bmsWIDEDFFRSE' unit is dangling and will be cleaned.
W: Public-4008: Instance 'u_tinyriscv/u_id_ex/csr_waddr_o[18]' of 'bmsWIDEDFFRSE' unit is dangling and will be cleaned.
W: Public-4008: Instance 'u_tinyriscv/u_id_ex/csr_waddr_o[19]' of 'bmsWIDEDFFRSE' unit is dangling and will be cleaned.
W: Public-4008: Instance 'u_tinyriscv/u_id_ex/csr_waddr_o[20]' of 'bmsWIDEDFFRSE' unit is dangling and will be cleaned.
W: Public-4008: Instance 'u_tinyriscv/u_id_ex/csr_waddr_o[21]' of 'bmsWIDEDFFRSE' unit is dangling and will be cleaned.
W: Public-4008: Instance 'u_tinyriscv/u_id_ex/csr_waddr_o[22]' of 'bmsWIDEDFFRSE' unit is dangling and will be cleaned.
W: Public-4008: Instance 'u_tinyriscv/u_id_ex/csr_waddr_o[23]' of 'bmsWIDEDFFRSE' unit is dangling and will be cleaned.
W: Public-4008: Instance 'u_tinyriscv/u_id_ex/csr_waddr_o[24]' of 'bmsWIDEDFFRSE' unit is dangling and will be cleaned.
W: Public-4008: Instance 'u_tinyriscv/u_id_ex/csr_waddr_o[25]' of 'bmsWIDEDFFRSE' unit is dangling and will be cleaned.
W: Public-4008: Instance 'u_tinyriscv/u_id_ex/csr_waddr_o[26]' of 'bmsWIDEDFFRSE' unit is dangling and will be cleaned.
W: Public-4008: Instance 'u_tinyriscv/u_id_ex/csr_waddr_o[27]' of 'bmsWIDEDFFRSE' unit is dangling and will be cleaned.
W: Public-4008: Instance 'u_tinyriscv/u_id_ex/csr_waddr_o[28]' of 'bmsWIDEDFFRSE' unit is dangling and will be cleaned.
W: Public-4008: Instance 'u_tinyriscv/u_id_ex/csr_waddr_o[29]' of 'bmsWIDEDFFRSE' unit is dangling and will be cleaned.
W: Public-4008: Instance 'u_tinyriscv/u_id_ex/csr_waddr_o[30]' of 'bmsWIDEDFFRSE' unit is dangling and will be cleaned.
W: Public-4008: Instance 'u_tinyriscv/u_id_ex/csr_waddr_o[31]' of 'bmsWIDEDFFRSE' unit is dangling and will be cleaned.
W: Public-4008: Instance 'u_uart_debug/rx_data[64][0]' of 'bmsWIDEDFFRSE' unit is dangling and will be cleaned.
W: Public-4008: Instance 'u_uart_debug/rx_data[64][1]' of 'bmsWIDEDFFRSE' unit is dangling and will be cleaned.
W: Public-4008: Instance 'u_uart_debug/rx_data[64][2]' of 'bmsWIDEDFFRSE' unit is dangling and will be cleaned.
W: Public-4008: Instance 'u_uart_debug/rx_data[64][3]' of 'bmsWIDEDFFRSE' unit is dangling and will be cleaned.
W: Public-4008: Instance 'u_uart_debug/rx_data[64][4]' of 'bmsWIDEDFFRSE' unit is dangling and will be cleaned.
W: Public-4008: Instance 'u_uart_debug/rx_data[64][5]' of 'bmsWIDEDFFRSE' unit is dangling and will be cleaned.
W: Public-4008: Instance 'u_uart_debug/rx_data[64][6]' of 'bmsWIDEDFFRSE' unit is dangling and will be cleaned.
W: Public-4008: Instance 'u_uart_debug/write_mem_addr[0]' of 'bmsWIDEDFFRSE' unit is dangling and will be cleaned.
W: Public-4008: Instance 'u_uart_debug/write_mem_addr[1]' of 'bmsWIDEDFFRSE' unit is dangling and will be cleaned.
W: Public-4008: Instance 'u_uart_debug/fw_file_size[0]' of 'bmsWIDEDFFRSE' unit is dangling and will be cleaned.
W: Public-4008: Instance 'u_uart_debug/fw_file_size[1]' of 'bmsWIDEDFFRSE' unit is dangling and will be cleaned.
W: Public-4008: Instance 'u_uart_debug/fw_file_size[2]' of 'bmsWIDEDFFRSE' unit is dangling and will be cleaned.
W: Public-4008: Instance 'u_uart_debug/fw_file_size[3]' of 'bmsWIDEDFFRSE' unit is dangling and will be cleaned.
W: Public-4008: Instance 'u_uart_debug/fw_file_size[4]' of 'bmsWIDEDFFRSE' unit is dangling and will be cleaned.
W: Public-4008: Instance 'u_uart_debug/fw_file_size[5]' of 'bmsWIDEDFFRSE' unit is dangling and will be cleaned.
W: Public-4008: Instance 'u_uart_debug/fw_file_size[6]' of 'bmsWIDEDFFRSE' unit is dangling and will be cleaned.
W: Public-4008: Instance 'u_uart_debug/fw_file_size[23]' of 'bmsWIDEDFFRSE' unit is dangling and will be cleaned.
W: Public-4008: Instance 'u_uart_debug/fw_file_size[24]' of 'bmsWIDEDFFRSE' unit is dangling and will be cleaned.
W: Public-4008: Instance 'u_uart_debug/fw_file_size[25]' of 'bmsWIDEDFFRSE' unit is dangling and will be cleaned.
W: Public-4008: Instance 'u_uart_debug/fw_file_size[26]' of 'bmsWIDEDFFRSE' unit is dangling and will be cleaned.
W: Public-4008: Instance 'u_uart_debug/fw_file_size[27]' of 'bmsWIDEDFFRSE' unit is dangling and will be cleaned.
W: Public-4008: Instance 'u_uart_debug/fw_file_size[28]' of 'bmsWIDEDFFRSE' unit is dangling and will be cleaned.
W: Public-4008: Instance 'u_uart_debug/fw_file_size[29]' of 'bmsWIDEDFFRSE' unit is dangling and will be cleaned.
W: Public-4008: Instance 'u_uart_debug/fw_file_size[30]' of 'bmsWIDEDFFRSE' unit is dangling and will be cleaned.
W: Public-4008: Instance 'u_uart_debug/fw_file_size[31]' of 'bmsWIDEDFFRSE' unit is dangling and will be cleaned.
W: Public-4008: Instance 'u_uart_debug/mem_addr_o[0]' of 'bmsWIDEDFFRSE' unit is dangling and will be cleaned.
W: Public-4008: Instance 'u_uart_debug/mem_addr_o[1]' of 'bmsWIDEDFFRSE' unit is dangling and will be cleaned.
W: Public-4008: Instance 'u_uart_debug/mem_addr_o[15]' of 'bmsWIDEDFFRSE' unit is dangling and will be cleaned.
W: Public-4008: Instance 'u_uart_debug/mem_addr_o[16]' of 'bmsWIDEDFFRSE' unit is dangling and will be cleaned.
W: Public-4008: Instance 'u_uart_debug/mem_addr_o[17]' of 'bmsWIDEDFFRSE' unit is dangling and will be cleaned.
W: Public-4008: Instance 'u_uart_debug/mem_addr_o[18]' of 'bmsWIDEDFFRSE' unit is dangling and will be cleaned.
W: Public-4008: Instance 'u_uart_debug/mem_addr_o[19]' of 'bmsWIDEDFFRSE' unit is dangling and will be cleaned.
W: Public-4008: Instance 'u_uart_debug/mem_addr_o[20]' of 'bmsWIDEDFFRSE' unit is dangling and will be cleaned.
W: Public-4008: Instance 'u_uart_debug/mem_addr_o[21]' of 'bmsWIDEDFFRSE' unit is dangling and will be cleaned.
W: Public-4008: Instance 'u_uart_debug/mem_addr_o[22]' of 'bmsWIDEDFFRSE' unit is dangling and will be cleaned.
W: Public-4008: Instance 'u_uart_debug/mem_addr_o[23]' of 'bmsWIDEDFFRSE' unit is dangling and will be cleaned.
W: Public-4008: Instance 'u_uart_debug/mem_addr_o[24]' of 'bmsWIDEDFFRSE' unit is dangling and will be cleaned.
W: Public-4008: Instance 'u_uart_debug/mem_addr_o[25]' of 'bmsWIDEDFFRSE' unit is dangling and will be cleaned.
W: Public-4008: Instance 'u_uart_debug/mem_addr_o[26]' of 'bmsWIDEDFFRSE' unit is dangling and will be cleaned.
W: Public-4008: Instance 'u_uart_debug/mem_addr_o[27]' of 'bmsWIDEDFFRSE' unit is dangling and will be cleaned.
I: Removed GTP_DFF_R inst u_tinyriscv/u_clint/we_o that is redundant to u_tinyriscv/u_clint/waddr_o[8]
W: Removed GTP_DFF_R inst u_uart_debug/write_mem_byte_index[1] that is stuck at constant 0.
Executing : tech-mapping phase 1 successfully. Time elapsed: 1.841s wall, 1.562s user + 0.016s system = 1.578s CPU (85.7%)

Start tech-mapping phase 2.
Executing : tech-mapping phase 2 successfully. Time elapsed: 60.255s wall, 51.297s user + 0.203s system = 51.500s CPU (85.5%)

Start tech-optimization.
Executing : tech-optimization successfully. Time elapsed: 4.588s wall, 3.922s user + 0.047s system = 3.969s CPU (86.5%)

Start phys-optimization.
Executing : phys-optimization successfully. Time elapsed: 0.000s wall, 0.000s user + 0.000s system = 0.000s CPU (n/a%)

Start restore-hierarchy.
Executing : restore-hierarchy successfully. Time elapsed: 0.686s wall, 0.453s user + 0.000s system = 0.453s CPU (66.0%)

W: Unable to honor max fanout constraint for gtp_inv driven net u_tinyriscv/u_pc_reg/N2_1
W: Unable to honor max fanout constraint for gtp_inv driven net u_tinyriscv/u_pc_reg/N2_1

Cell Usage:
GTP_APM_E1                    4 uses
GTP_DFF                      13 uses
GTP_DFF_E                    97 uses
GTP_DFF_R                   487 uses
GTP_DFF_RE                  945 uses
GTP_DFF_S                     5 uses
GTP_DFF_SE                    9 uses
GTP_DRM9K                     2 uses
GTP_GRS                       1 use
GTP_INV                       3 uses
GTP_LUT1                     20 uses
GTP_LUT2                    194 uses
GTP_LUT3                    677 uses
GTP_LUT4                    591 uses
GTP_LUT5                   1365 uses
GTP_LUT5CARRY               896 uses
GTP_LUT5M                  4039 uses
GTP_MUX2LUT6               1679 uses
GTP_MUX2LUT7                771 uses
GTP_MUX2LUT8                384 uses
GTP_PLL_E3                    1 use
GTP_RAM32X1DP               288 uses
GTP_RAM32X1SP             12288 uses

I/O ports: 28
GTP_INBUF                   5 uses
GTP_IOBUF                   8 uses
GTP_OUTBUF                  7 uses
GTP_OUTBUFT                 8 uses

Mapping Summary:
Total LUTs: 20358 of 42800 (47.57%)
	LUTs as dram: 12576 of 17000 (73.98%)
	LUTs as logic: 7782
Total Registers: 1556 of 64200 (2.42%)
Total Latches: 0

DRM18K:
Total DRM18K = 1.0 of 134 (0.75%)

APMs:
Total APMs = 4.00 of 84 (4.76%)

Total I/O ports = 28 of 296 (9.46%)


Overview of Control Sets:

Number of unique control sets : 66

Histogram:
**************************************************************
  Fanout      | Count    | Sync Set/Reset    Async Set/Reset
--------------------------------------------------------------
  [0, 2)      | 4        | 4                 0
  [2, 4)      | 2        | 2                 0
  [4, 6)      | 7        | 7                 0
  [6, 8)      | 2        | 2                 0
  [8, 10)     | 11       | 11                0
  [10, 12)    | 0        | 0                 0
  [12, 14)    | 1        | 1                 0
  [14, 16)    | 1        | 1                 0
  [16, Inf)   | 38       | 38                0
--------------------------------------------------------------
  The maximum fanout: 173
==============================================================

Flip-Flop Distribution:
************************************************************************
  Clock Enable    Sync Set/Reset    Async Set/Reset    Total Registers
------------------------------------------------------------------------
  NO              NO                NO                 13
  NO              NO                YES                0
  NO              YES               NO                 492
  YES             NO                NO                 97
  YES             NO                YES                0
  YES             YES               NO                 954
========================================================================

Latch Distribution:
************************************************
  Gate Enable    Preset/Clear    Total Latches
************************************************
  NO             NO              0
  NO             YES             0
  YES            NO              0
  YES            YES             0
************************************************

Design 'tinyriscv_soc_top' has been successfully synthesized to architecture-specific objects.
Saving design to DB.
Saving design to tinyriscv_soc_top_syn.vm
Constructing timing graph ...
Timing graph has been constructed successfully
W: Timing-4086: Port 'gpio[0]' is not constrained, it is treated as combinational input.
W: Timing-4087: Port 'gpio[0]' is not constrained, it is treated as combinational output.
W: Timing-4086: Port 'gpio[1]' is not constrained, it is treated as combinational input.
W: Timing-4087: Port 'gpio[1]' is not constrained, it is treated as combinational output.
W: Timing-4086: Port 'gpio[2]' is not constrained, it is treated as combinational input.
W: Timing-4087: Port 'gpio[2]' is not constrained, it is treated as combinational output.
W: Timing-4086: Port 'gpio[3]' is not constrained, it is treated as combinational input.
W: Timing-4087: Port 'gpio[3]' is not constrained, it is treated as combinational output.
W: Timing-4086: Port 'gpio[4]' is not constrained, it is treated as combinational input.
W: Timing-4087: Port 'gpio[4]' is not constrained, it is treated as combinational output.
W: Timing-4086: Port 'gpio[5]' is not constrained, it is treated as combinational input.
W: Timing-4087: Port 'gpio[5]' is not constrained, it is treated as combinational output.
W: Timing-4086: Port 'gpio[6]' is not constrained, it is treated as combinational input.
W: Timing-4087: Port 'gpio[6]' is not constrained, it is treated as combinational output.
W: Timing-4086: Port 'gpio[7]' is not constrained, it is treated as combinational input.
W: Timing-4087: Port 'gpio[7]' is not constrained, it is treated as combinational output.
W: Timing-4086: Port 'gpio[8]' is not constrained, it is treated as combinational input.
W: Timing-4087: Port 'gpio[8]' is not constrained, it is treated as combinational output.
W: Timing-4086: Port 'gpio[9]' is not constrained, it is treated as combinational input.
W: Timing-4087: Port 'gpio[9]' is not constrained, it is treated as combinational output.
W: Timing-4086: Port 'gpio[10]' is not constrained, it is treated as combinational input.
W: Timing-4087: Port 'gpio[10]' is not constrained, it is treated as combinational output.
W: Timing-4086: Port 'gpio[11]' is not constrained, it is treated as combinational input.
W: Timing-4087: Port 'gpio[11]' is not constrained, it is treated as combinational output.
W: Timing-4086: Port 'gpio[12]' is not constrained, it is treated as combinational input.
W: Timing-4087: Port 'gpio[12]' is not constrained, it is treated as combinational output.
W: Timing-4086: Port 'gpio[13]' is not constrained, it is treated as combinational input.
W: Timing-4087: Port 'gpio[13]' is not constrained, it is treated as combinational output.
W: Timing-4086: Port 'gpio[14]' is not constrained, it is treated as combinational input.
W: Timing-4087: Port 'gpio[14]' is not constrained, it is treated as combinational output.
W: Timing-4086: Port 'gpio[15]' is not constrained, it is treated as combinational input.
W: Timing-4087: Port 'gpio[15]' is not constrained, it is treated as combinational output.
W: Timing-4087: Port 'halted_ind' is not constrained, it is treated as combinational output.
W: Timing-4087: Port 'over_r' is not constrained, it is treated as combinational output.
W: Timing-4087: Port 'spi_clk' is not constrained, it is treated as combinational output.
W: Timing-4087: Port 'spi_mosi' is not constrained, it is treated as combinational output.
W: Timing-4087: Port 'spi_ss' is not constrained, it is treated as combinational output.
W: Timing-4087: Port 'succ_r' is not constrained, it is treated as combinational output.
W: Timing-4087: Port 'uart_tx_pin' is not constrained, it is treated as combinational output.
W: Timing-4086: Port 'rst' is not constrained, it is treated as combinational input.
W: Timing-4086: Port 'spi_miso' is not constrained, it is treated as combinational input.
W: Timing-4086: Port 'uart_debug_pin' is not constrained, it is treated as combinational input.
W: Timing-4086: Port 'uart_rx_pin' is not constrained, it is treated as combinational input.
Action synthesize: Real time elapsed is 0h:1m:45s
Action synthesize: CPU time elapsed is 0h:1m:28s
Action synthesize: Process CPU time elapsed is 0h:1m:28s
Current time: Tue Nov  7 23:55:48 2023
Action synthesize: Peak memory pool usage is 817 MB
