#Build: Fabric Compiler 2022.1, Build 99559, Jul 12 00:20 2022
#Install: E:\Pango\PDS_2022.1\bin
#Application name: pds_shell.exe
#OS: Windows 10 10.0.22621
#Hostname: GGB
Generated by Fabric Compiler (version 2022.1 build 99559) at Wed Nov  8 00:07:40 2023
Compiling verification operator library.
Compiling common defs.
Compiling prim grid devices.
Compiling gate devices.
Compiling gate operators.
Building architecture model.
Loading device packaging model.
Reading design from DB.
Start Generating Programming File...
Reading design from DB takes 2.531250 sec.
Generating architecture configuration.
The bitstream file is "E:/PangoPro/tinyriscv/generate_bitstream/tinyriscv_soc_top.sbit"
Generate programming file takes 23.546875 sec.
Generating Programming File done.
Action gen_bit_stream: Real time elapsed is 0h:0m:34s
Action gen_bit_stream: CPU time elapsed is 0h:0m:27s
Action gen_bit_stream: Process CPU time elapsed is 0h:0m:27s
Current time: Wed Nov  8 00:08:12 2023
Action gen_bit_stream: Peak memory pool usage is 737 MB
