#Build: Fabric Compiler 2022.1, Build 99559, Jul 12 00:20 2022
#Install: E:\Pango\PDS_2022.1\bin
#Application name: pds_shell.exe
#OS: Windows 10 10.0.22621
#Hostname: GGB
Generated by Fabric Compiler (version 2022.1 build 99559) at Sat Oct 28 16:43:19 2023
Compiling verification operator library.
Compiling common defs.
Compiling prim grid devices.
Compiling gate devices.
Compiling gate operators.
Building architecture model.
Loading device packaging model.
Building architecture floorplan logic view.
Constraint check start.
Executing : def_port {gpio[0]} LOC=AB8 VCCIO=3.3 IOSTANDARD=LVCMOS33 DRIVE=8 SLEW=SLOW NONE=TRUE
Executing : def_port {gpio[0]} LOC=AB8 VCCIO=3.3 IOSTANDARD=LVCMOS33 DRIVE=8 SLEW=SLOW NONE=TRUE successfully
Executing : def_port {gpio[1]} LOC=AA8 VCCIO=3.3 IOSTANDARD=LVCMOS33 DRIVE=8 SLEW=SLOW NONE=TRUE
Executing : def_port {gpio[1]} LOC=AA8 VCCIO=3.3 IOSTANDARD=LVCMOS33 DRIVE=8 SLEW=SLOW NONE=TRUE successfully
Executing : def_port {gpio[2]} LOC=Y6 VCCIO=3.3 IOSTANDARD=LVCMOS33 DRIVE=8 SLEW=SLOW NONE=TRUE
Executing : def_port {gpio[2]} LOC=Y6 VCCIO=3.3 IOSTANDARD=LVCMOS33 DRIVE=8 SLEW=SLOW NONE=TRUE successfully
Executing : def_port {gpio[3]} LOC=W6 VCCIO=3.3 IOSTANDARD=LVCMOS33 DRIVE=8 SLEW=SLOW NONE=TRUE
Executing : def_port {gpio[3]} LOC=W6 VCCIO=3.3 IOSTANDARD=LVCMOS33 DRIVE=8 SLEW=SLOW NONE=TRUE successfully
Executing : def_port {gpio[4]} LOC=AB5 VCCIO=3.3 IOSTANDARD=LVCMOS33 DRIVE=8 SLEW=SLOW NONE=TRUE
C: ConstraintEditor-2002: [E:/PangoPro/tinyriscv/device_map/tinyriscv_soc_top.pcf(line number: 7)] | Port gpio[4] has been placed at location AB5, whose type is share pin.
Executing : def_port {gpio[4]} LOC=AB5 VCCIO=3.3 IOSTANDARD=LVCMOS33 DRIVE=8 SLEW=SLOW NONE=TRUE successfully
Executing : def_port {gpio[5]} LOC=Y5 VCCIO=3.3 IOSTANDARD=LVCMOS33 DRIVE=8 SLEW=SLOW NONE=TRUE
C: ConstraintEditor-2002: [E:/PangoPro/tinyriscv/device_map/tinyriscv_soc_top.pcf(line number: 8)] | Port gpio[5] has been placed at location Y5, whose type is share pin.
Executing : def_port {gpio[5]} LOC=Y5 VCCIO=3.3 IOSTANDARD=LVCMOS33 DRIVE=8 SLEW=SLOW NONE=TRUE successfully
Executing : def_port {gpio[6]} LOC=AB4 VCCIO=3.3 IOSTANDARD=LVCMOS33 DRIVE=8 SLEW=SLOW NONE=TRUE
Executing : def_port {gpio[6]} LOC=AB4 VCCIO=3.3 IOSTANDARD=LVCMOS33 DRIVE=8 SLEW=SLOW NONE=TRUE successfully
Executing : def_port {gpio[7]} LOC=AA4 VCCIO=3.3 IOSTANDARD=LVCMOS33 DRIVE=8 SLEW=SLOW NONE=TRUE
Executing : def_port {gpio[7]} LOC=AA4 VCCIO=3.3 IOSTANDARD=LVCMOS33 DRIVE=8 SLEW=SLOW NONE=TRUE successfully
Executing : def_port {gpio[8]} LOC=J16 VCCIO=3.3 IOSTANDARD=LVCMOS33 DRIVE=8 SLEW=SLOW NONE=TRUE
Executing : def_port {gpio[8]} LOC=J16 VCCIO=3.3 IOSTANDARD=LVCMOS33 DRIVE=8 SLEW=SLOW NONE=TRUE successfully
Executing : def_port {gpio[9]} LOC=J19 VCCIO=3.3 IOSTANDARD=LVCMOS33 DRIVE=8 SLEW=SLOW NONE=TRUE
C: ConstraintEditor-2002: [E:/PangoPro/tinyriscv/device_map/tinyriscv_soc_top.pcf(line number: 12)] | Port gpio[9] has been placed at location J19, whose type is share pin.
Executing : def_port {gpio[9]} LOC=J19 VCCIO=3.3 IOSTANDARD=LVCMOS33 DRIVE=8 SLEW=SLOW NONE=TRUE successfully
Executing : def_port {gpio[10]} LOC=H20 VCCIO=3.3 IOSTANDARD=LVCMOS33 DRIVE=8 SLEW=SLOW NONE=TRUE
C: ConstraintEditor-2002: [E:/PangoPro/tinyriscv/device_map/tinyriscv_soc_top.pcf(line number: 13)] | Port gpio[10] has been placed at location H20, whose type is share pin.
Executing : def_port {gpio[10]} LOC=H20 VCCIO=3.3 IOSTANDARD=LVCMOS33 DRIVE=8 SLEW=SLOW NONE=TRUE successfully
Executing : def_port {gpio[11]} LOC=H17 VCCIO=3.3 IOSTANDARD=LVCMOS33 DRIVE=8 SLEW=SLOW NONE=TRUE
Executing : def_port {gpio[11]} LOC=H17 VCCIO=3.3 IOSTANDARD=LVCMOS33 DRIVE=8 SLEW=SLOW NONE=TRUE successfully
Executing : def_port {gpio[12]} LOC=C5 VCCIO=3.3 IOSTANDARD=LVCMOS33 DRIVE=8 SLEW=SLOW NONE=TRUE
Executing : def_port {gpio[12]} LOC=C5 VCCIO=3.3 IOSTANDARD=LVCMOS33 DRIVE=8 SLEW=SLOW NONE=TRUE successfully
Executing : def_port {gpio[13]} LOC=A5 VCCIO=3.3 IOSTANDARD=LVCMOS33 DRIVE=8 SLEW=SLOW NONE=TRUE
Executing : def_port {gpio[13]} LOC=A5 VCCIO=3.3 IOSTANDARD=LVCMOS33 DRIVE=8 SLEW=SLOW NONE=TRUE successfully
Executing : def_port {gpio[14]} LOC=F7 VCCIO=3.3 IOSTANDARD=LVCMOS33 DRIVE=8 SLEW=SLOW NONE=TRUE
Executing : def_port {gpio[14]} LOC=F7 VCCIO=3.3 IOSTANDARD=LVCMOS33 DRIVE=8 SLEW=SLOW NONE=TRUE successfully
Executing : def_port {gpio[15]} LOC=F8 VCCIO=3.3 IOSTANDARD=LVCMOS33 DRIVE=8 SLEW=SLOW NONE=TRUE
Executing : def_port {gpio[15]} LOC=F8 VCCIO=3.3 IOSTANDARD=LVCMOS33 DRIVE=8 SLEW=SLOW NONE=TRUE successfully
Executing : def_port {halted_ind} LOC=B3 VCCIO=3.3 IOSTANDARD=LVCMOS33 DRIVE=8 SLEW=SLOW NONE=TRUE
Executing : def_port {halted_ind} LOC=B3 VCCIO=3.3 IOSTANDARD=LVCMOS33 DRIVE=8 SLEW=SLOW NONE=TRUE successfully
Executing : def_port {over} LOC=B2 VCCIO=3.3 IOSTANDARD=LVCMOS33 DRIVE=8 SLEW=SLOW NONE=TRUE
Executing : def_port {over} LOC=B2 VCCIO=3.3 IOSTANDARD=LVCMOS33 DRIVE=8 SLEW=SLOW NONE=TRUE successfully
Executing : def_port {spi_clk} LOC=R11 VCCIO=3.3 IOSTANDARD=LVCMOS33 DRIVE=8 SLEW=SLOW NONE=TRUE
Executing : def_port {spi_clk} LOC=R11 VCCIO=3.3 IOSTANDARD=LVCMOS33 DRIVE=8 SLEW=SLOW NONE=TRUE successfully
Executing : def_port {spi_mosi} LOC=W10 VCCIO=3.3 IOSTANDARD=LVCMOS33 DRIVE=8 SLEW=SLOW NONE=TRUE
Executing : def_port {spi_mosi} LOC=W10 VCCIO=3.3 IOSTANDARD=LVCMOS33 DRIVE=8 SLEW=SLOW NONE=TRUE successfully
Executing : def_port {spi_ss} LOC=Y10 VCCIO=3.3 IOSTANDARD=LVCMOS33 DRIVE=8 SLEW=SLOW NONE=TRUE
Executing : def_port {spi_ss} LOC=Y10 VCCIO=3.3 IOSTANDARD=LVCMOS33 DRIVE=8 SLEW=SLOW NONE=TRUE successfully
Executing : def_port {succ} LOC=A2 VCCIO=3.3 IOSTANDARD=LVCMOS33 DRIVE=8 SLEW=SLOW NONE=TRUE
Executing : def_port {succ} LOC=A2 VCCIO=3.3 IOSTANDARD=LVCMOS33 DRIVE=8 SLEW=SLOW NONE=TRUE successfully
Executing : def_port {uart_tx_pin} LOC=R9 VCCIO=3.3 IOSTANDARD=LVCMOS33 DRIVE=8 SLEW=SLOW NONE=TRUE
Executing : def_port {uart_tx_pin} LOC=R9 VCCIO=3.3 IOSTANDARD=LVCMOS33 DRIVE=8 SLEW=SLOW NONE=TRUE successfully
Executing : def_port {clk} LOC=P20 VCCIO=3.3 IOSTANDARD=LVCMOS33 NONE=TRUE
Executing : def_port {clk} LOC=P20 VCCIO=3.3 IOSTANDARD=LVCMOS33 NONE=TRUE successfully
Executing : def_port {rst} LOC=K18 VCCIO=3.3 IOSTANDARD=LVCMOS33 NONE=TRUE
C: ConstraintEditor-2002: [E:/PangoPro/tinyriscv/device_map/tinyriscv_soc_top.pcf(line number: 27)] | Port rst has been placed at location K18, whose type is share pin.
Executing : def_port {rst} LOC=K18 VCCIO=3.3 IOSTANDARD=LVCMOS33 NONE=TRUE successfully
Executing : def_port {spi_miso} LOC=T11 VCCIO=3.3 IOSTANDARD=LVCMOS33 NONE=TRUE
Executing : def_port {spi_miso} LOC=T11 VCCIO=3.3 IOSTANDARD=LVCMOS33 NONE=TRUE successfully
Executing : def_port {uart_debug_pin} LOC=L15 VCCIO=3.3 IOSTANDARD=LVCMOS33 NONE=TRUE
Executing : def_port {uart_debug_pin} LOC=L15 VCCIO=3.3 IOSTANDARD=LVCMOS33 NONE=TRUE successfully
Executing : def_port {uart_rx_pin} LOC=R8 VCCIO=3.3 IOSTANDARD=LVCMOS33 NONE=TRUE
Executing : def_port {uart_rx_pin} LOC=R8 VCCIO=3.3 IOSTANDARD=LVCMOS33 NONE=TRUE successfully
Constraint check end.
I: Column Clock Check open.
Read Column Clock Map.

Placement started.
Phase 1 Pre global placement started.
I: Infer CARRY group, base inst: u_uart_debug/rx_data_1/iGopDrm, insts:2.
Phase 1.1 1st GP placement started.
Design Utilization : 36%.
Wirelength after clock region global placement is 102195.
1st GP placement takes 23.23 sec.

Phase 1.2 Clock placement started.
Mapping instance clkbufg_0/gopclkbufg to USCM_84_108.
Clock placement takes 0.23 sec.

Pre global placement takes 25.41 sec.

Phase 2 Global placement started.
Phase 2.1 Fixed placement started.
Placed fixed group with base inst clk_ibuf/opit_1 on IOL_327_210.
Placed fixed group with base inst gpio_tri[0]/opit_1 on IOL_119_5.
Placed fixed group with base inst gpio_tri[1]/opit_1 on IOL_119_6.
Placed fixed group with base inst gpio_tri[2]/opit_1 on IOL_39_5.
Placed fixed group with base inst gpio_tri[3]/opit_1 on IOL_39_6.
Placed fixed group with base inst gpio_tri[4]/opit_1 on IOL_35_5.
Placed fixed group with base inst gpio_tri[5]/opit_1 on IOL_35_6.
Placed fixed group with base inst gpio_tri[6]/opit_1 on IOL_23_5.
Placed fixed group with base inst gpio_tri[7]/opit_1 on IOL_23_6.
Placed fixed group with base inst gpio_tri[8]/opit_1 on IOL_327_298.
Placed fixed group with base inst gpio_tri[9]/opit_1 on IOL_327_262.
Placed fixed group with base inst gpio_tri[10]/opit_1 on IOL_327_261.
Placed fixed group with base inst gpio_tri[11]/opit_1 on IOL_327_365.
Placed fixed group with base inst gpio_tri[12]/opit_1 on IOL_67_374.
Placed fixed group with base inst gpio_tri[13]/opit_1 on IOL_67_373.
Placed fixed group with base inst gpio_tri[14]/opit_1 on IOL_47_374.
Placed fixed group with base inst gpio_tri[15]/opit_1 on IOL_47_373.
Placed fixed group with base inst halted_ind_obuf/opit_1 on IOL_35_374.
Placed fixed group with base inst over_obuf/opit_1 on IOL_19_374.
Placed fixed group with base inst rst_ibuf/opit_1 on IOL_327_257.
Placed fixed group with base inst spi_clk_obuf/opit_1 on IOL_187_6.
Placed fixed group with base inst spi_miso_ibuf/opit_1 on IOL_187_5.
Placed fixed group with base inst spi_mosi_obuf/opit_1 on IOL_123_6.
Placed fixed group with base inst spi_ss_obuf/opit_1 on IOL_123_5.
Placed fixed group with base inst succ_obuf/opit_1 on IOL_19_373.
Placed fixed group with base inst uart_debug_pin_ibuf/opit_1 on IOL_327_134.
Placed fixed group with base inst uart_rx_pin_ibuf/opit_1 on IOL_43_5.
Placed fixed group with base inst uart_tx_pin_obuf/opit_1 on IOL_43_6.
Placed fixed instance clkbufg_0/gopclkbufg on USCM_84_108.
Placed fixed instance BKCL_auto_0 on BKCL_188_376.
Placed fixed instance BKCL_auto_1 on BKCL_328_184.
Placed fixed instance BKCL_auto_2 on BKCL_192_0.
Fixed placement takes 0.00 sec.

Phase 2.2 Process placement started.
Process placement takes 0.00 sec.

Phase 2.3 IO placement started.
IO placement takes 0.05 sec.

Phase 2.4 2nd GP placement started.
Run super clustering :
	Initial slack -11253.
	12 iterations finished.
	Final slack -3720.
Super clustering done.
Design Utilization : 36%.
2nd GP placement takes 23.59 sec.

Wirelength after global placement is 114701.
Global placement takes 23.64 sec.

Phase 3 Post global placement started.
Phase 3.1 Macro cell placement started.
Wirelength after macro cell placement is 117069.
Macro cell placement takes 0.02 sec.

Phase 3.2 3rd GP placement started.
Run super clustering :
	Initial slack -11253.
	12 iterations finished.
	Final slack -3720.
Super clustering done.
Design Utilization : 36%.
3rd GP placement takes 21.48 sec.

Wirelength after post global placement is 123855.
Post global placement takes 21.52 sec.

Phase 4 Legalization started.
The average distance in LP is 5.717002.
Wirelength after legalization is 200003.
Legalization takes 4.61 sec.

Phase 5 Timing-driven detailed placement started.
Phase 5.1 Replication placement started.
Worst slack before Replication Place is -2381.
Replication placement takes 1.50 sec.

Wirelength after replication placement is 200003.
Phase 5.2 DP placement started.
Legalized cost -2381.000000.
The detailed placement ends at 2th iteration.
DP placement takes 28.50 sec.

Wirelength after detailed placement is 240223.
Timing-driven detailed placement takes 30.03 sec.

Worst slack is 1255, TNS after placement is 0.
Placement done.
Total placement takes 110.06 sec.
Finished placement. (CPU time elapsed 0h:01m:50s)

Routing started.
Building routing graph takes 2.92 sec.
Worst slack is 1255, TNS before global route is 0.
Processing design graph takes 1.00 sec.
Total memory for routing:
	128.473307 M.
Total nets for routing : 14832.
Rcf routing step 1 processed 0 nets, it takes 0.00 sec.
Rcf routing step 2 processed 0 nets, it takes 0.00 sec.
Rcf routing step 3 processed 0 nets, it takes 0.00 sec.
Unrouted nets 0 at the end of iteration 0.
Global Routing step 1 processed 113 nets, it takes 0.31 sec.
Unrouted nets 58 at the end of iteration 0.
Unrouted nets 42 at the end of iteration 1.
Unrouted nets 28 at the end of iteration 2.
Unrouted nets 26 at the end of iteration 3.
Unrouted nets 22 at the end of iteration 4.
Unrouted nets 15 at the end of iteration 5.
Unrouted nets 13 at the end of iteration 6.
Unrouted nets 13 at the end of iteration 7.
Unrouted nets 13 at the end of iteration 8.
Unrouted nets 12 at the end of iteration 9.
Unrouted nets 6 at the end of iteration 10.
Unrouted nets 6 at the end of iteration 11.
Unrouted nets 4 at the end of iteration 12.
Unrouted nets 5 at the end of iteration 13.
Unrouted nets 4 at the end of iteration 14.
Unrouted nets 4 at the end of iteration 15.
Unrouted nets 1 at the end of iteration 16.
Unrouted nets 1 at the end of iteration 17.
Unrouted nets 1 at the end of iteration 18.
Unrouted nets 1 at the end of iteration 19.
Unrouted nets 1 at the end of iteration 20.
Unrouted nets 1 at the end of iteration 21.
Unrouted nets 1 at the end of iteration 22.
Unrouted nets 1 at the end of iteration 23.
Unrouted nets 1 at the end of iteration 24.
Unrouted nets 1 at the end of iteration 25.
Unrouted nets 1 at the end of iteration 26.
Unrouted nets 1 at the end of iteration 27.
Unrouted nets 1 at the end of iteration 28.
Unrouted nets 1 at the end of iteration 29.
Unrouted nets 1 at the end of iteration 30.
Unrouted nets 1 at the end of iteration 31.
Unrouted nets 1 at the end of iteration 32.
Unrouted nets 1 at the end of iteration 33.
Unrouted nets 1 at the end of iteration 34.
Unrouted nets 1 at the end of iteration 35.
Unrouted nets 1 at the end of iteration 36.
Unrouted nets 1 at the end of iteration 37.
Unrouted nets 1 at the end of iteration 38.
Unrouted nets 1 at the end of iteration 39.
Unrouted nets 1 at the end of iteration 40.
Unrouted nets 1 at the end of iteration 41.
Unrouted nets 1 at the end of iteration 42.
Unrouted nets 1 at the end of iteration 43.
Unrouted nets 1 at the end of iteration 44.
Unrouted nets 1 at the end of iteration 45.
Unrouted nets 1 at the end of iteration 46.
Unrouted nets 1 at the end of iteration 47.
Unrouted nets 1 at the end of iteration 48.
Unrouted nets 1 at the end of iteration 49.
Unrouted nets 1 at the end of iteration 50.
Unrouted nets 1 at the end of iteration 51.
Unrouted nets 1 at the end of iteration 52.
Unrouted nets 1 at the end of iteration 53.
Unrouted nets 1 at the end of iteration 54.
Unrouted nets 1 at the end of iteration 55.
Unrouted nets 1 at the end of iteration 56.
Unrouted nets 1 at the end of iteration 57.
Unrouted nets 1 at the end of iteration 58.
Unrouted nets 1 at the end of iteration 59.
Unrouted nets 1 at the end of iteration 60.
Unrouted nets 1 at the end of iteration 61.
Unrouted nets 1 at the end of iteration 62.
Unrouted nets 1 at the end of iteration 63.
Unrouted nets 1 at the end of iteration 64.
Unrouted nets 1 at the end of iteration 65.
Unrouted nets 1 at the end of iteration 66.
Unrouted nets 1 at the end of iteration 67.
Unrouted nets 1 at the end of iteration 68.
Unrouted nets 1 at the end of iteration 69.
Unrouted nets 1 at the end of iteration 70.
Unrouted nets 1 at the end of iteration 71.
Unrouted nets 1 at the end of iteration 72.
Unrouted nets 1 at the end of iteration 73.
Unrouted nets 1 at the end of iteration 74.
Unrouted nets 1 at the end of iteration 75.
Unrouted nets 1 at the end of iteration 76.
Unrouted nets 1 at the end of iteration 77.
Unrouted nets 1 at the end of iteration 78.
Unrouted nets 1 at the end of iteration 79.
Unrouted nets 1 at the end of iteration 80.
Unrouted nets 0 at the end of iteration 81.
Global Routing step 2 processed 350 nets, it takes 2.23 sec.
Unrouted nets 279 at the end of iteration 0.
Unrouted nets 188 at the end of iteration 1.
Unrouted nets 164 at the end of iteration 2.
Unrouted nets 141 at the end of iteration 3.
Unrouted nets 124 at the end of iteration 4.
Unrouted nets 105 at the end of iteration 5.
Unrouted nets 90 at the end of iteration 6.
Unrouted nets 79 at the end of iteration 7.
Unrouted nets 74 at the end of iteration 8.
Unrouted nets 54 at the end of iteration 9.
Unrouted nets 41 at the end of iteration 10.
Unrouted nets 44 at the end of iteration 11.
Unrouted nets 42 at the end of iteration 12.
Unrouted nets 36 at the end of iteration 13.
Unrouted nets 31 at the end of iteration 14.
Unrouted nets 28 at the end of iteration 15.
Unrouted nets 27 at the end of iteration 16.
Unrouted nets 15 at the end of iteration 17.
Unrouted nets 16 at the end of iteration 18.
Unrouted nets 7 at the end of iteration 19.
Unrouted nets 6 at the end of iteration 20.
Unrouted nets 5 at the end of iteration 21.
Unrouted nets 5 at the end of iteration 22.
Unrouted nets 7 at the end of iteration 23.
Unrouted nets 3 at the end of iteration 24.
Unrouted nets 3 at the end of iteration 25.
Unrouted nets 3 at the end of iteration 26.
Unrouted nets 5 at the end of iteration 27.
Unrouted nets 6 at the end of iteration 28.
Unrouted nets 6 at the end of iteration 29.
Unrouted nets 5 at the end of iteration 30.
Unrouted nets 2 at the end of iteration 31.
Unrouted nets 1 at the end of iteration 32.
Unrouted nets 1 at the end of iteration 33.
Unrouted nets 1 at the end of iteration 34.
Unrouted nets 1 at the end of iteration 35.
Unrouted nets 1 at the end of iteration 36.
Unrouted nets 1 at the end of iteration 37.
Unrouted nets 1 at the end of iteration 38.
Unrouted nets 1 at the end of iteration 39.
Unrouted nets 1 at the end of iteration 40.
Unrouted nets 2 at the end of iteration 41.
Unrouted nets 1 at the end of iteration 42.
Unrouted nets 2 at the end of iteration 43.
Unrouted nets 2 at the end of iteration 44.
Unrouted nets 0 at the end of iteration 45.
Global Routing step 3 processed 407 nets, it takes 29.52 sec.
Global routing takes 32.11 sec.
Total 22466 subnets.
    forward max bucket size 2088 , backward 2203.
        Unrouted nets 18069 at the end of iteration 0.
    route iteration 0, CPU time elapsed 8.234375 sec.
    forward max bucket size 3184 , backward 4114.
        Unrouted nets 16243 at the end of iteration 1.
    route iteration 1, CPU time elapsed 4.671875 sec.
    forward max bucket size 2324 , backward 2915.
        Unrouted nets 14807 at the end of iteration 2.
    route iteration 2, CPU time elapsed 5.171875 sec.
    forward max bucket size 2357 , backward 3339.
        Unrouted nets 13655 at the end of iteration 3.
    route iteration 3, CPU time elapsed 5.640625 sec.
    forward max bucket size 2849 , backward 3694.
        Unrouted nets 12567 at the end of iteration 4.
    route iteration 4, CPU time elapsed 6.468750 sec.
    forward max bucket size 1298 , backward 1734.
        Unrouted nets 11619 at the end of iteration 5.
    route iteration 5, CPU time elapsed 7.546875 sec.
    forward max bucket size 1153 , backward 1618.
        Unrouted nets 10471 at the end of iteration 6.
    route iteration 6, CPU time elapsed 6.828125 sec.
    forward max bucket size 1003 , backward 2044.
        Unrouted nets 9304 at the end of iteration 7.
    route iteration 7, CPU time elapsed 6.687500 sec.
    forward max bucket size 1389 , backward 2878.
        Unrouted nets 8148 at the end of iteration 8.
    route iteration 8, CPU time elapsed 6.656250 sec.
    forward max bucket size 2274 , backward 1438.
        Unrouted nets 7061 at the end of iteration 9.
    route iteration 9, CPU time elapsed 6.578125 sec.
    forward max bucket size 931 , backward 2924.
        Unrouted nets 6226 at the end of iteration 10.
    route iteration 10, CPU time elapsed 6.046875 sec.
    forward max bucket size 1197 , backward 1184.
        Unrouted nets 5552 at the end of iteration 11.
    route iteration 11, CPU time elapsed 5.640625 sec.
    forward max bucket size 3088 , backward 2574.
        Unrouted nets 4938 at the end of iteration 12.
    route iteration 12, CPU time elapsed 5.296875 sec.
    forward max bucket size 1820 , backward 2176.
        Unrouted nets 4443 at the end of iteration 13.
    route iteration 13, CPU time elapsed 5.000000 sec.
    forward max bucket size 2160 , backward 2748.
        Unrouted nets 3991 at the end of iteration 14.
    route iteration 14, CPU time elapsed 4.765625 sec.
    forward max bucket size 1420 , backward 1347.
        Unrouted nets 3649 at the end of iteration 15.
    route iteration 15, CPU time elapsed 4.218750 sec.
    forward max bucket size 1209 , backward 2323.
        Unrouted nets 3404 at the end of iteration 16.
    route iteration 16, CPU time elapsed 4.265625 sec.
    forward max bucket size 1794 , backward 2365.
        Unrouted nets 3184 at the end of iteration 17.
    route iteration 17, CPU time elapsed 3.937500 sec.
    forward max bucket size 1298 , backward 1480.
        Unrouted nets 2961 at the end of iteration 18.
    route iteration 18, CPU time elapsed 3.875000 sec.
    forward max bucket size 793 , backward 617.
        Unrouted nets 2768 at the end of iteration 19.
    route iteration 19, CPU time elapsed 3.343750 sec.
    forward max bucket size 1639 , backward 503.
        Unrouted nets 2491 at the end of iteration 20.
    route iteration 20, CPU time elapsed 3.421875 sec.
    forward max bucket size 1187 , backward 2538.
        Unrouted nets 2317 at the end of iteration 21.
    route iteration 21, CPU time elapsed 3.203125 sec.
    forward max bucket size 1351 , backward 2256.
        Unrouted nets 2080 at the end of iteration 22.
    route iteration 22, CPU time elapsed 2.875000 sec.
    forward max bucket size 1114 , backward 1896.
        Unrouted nets 2019 at the end of iteration 23.
    route iteration 23, CPU time elapsed 2.781250 sec.
    forward max bucket size 390 , backward 585.
        Unrouted nets 1863 at the end of iteration 24.
    route iteration 24, CPU time elapsed 2.578125 sec.
    forward max bucket size 761 , backward 1502.
        Unrouted nets 1745 at the end of iteration 25.
    route iteration 25, CPU time elapsed 2.359375 sec.
    forward max bucket size 893 , backward 2615.
        Unrouted nets 1650 at the end of iteration 26.
    route iteration 26, CPU time elapsed 2.031250 sec.
    forward max bucket size 1251 , backward 1923.
        Unrouted nets 1531 at the end of iteration 27.
    route iteration 27, CPU time elapsed 1.921875 sec.
    forward max bucket size 536 , backward 2470.
        Unrouted nets 1470 at the end of iteration 28.
    route iteration 28, CPU time elapsed 1.750000 sec.
    forward max bucket size 1285 , backward 1898.
        Unrouted nets 1421 at the end of iteration 29.
    route iteration 29, CPU time elapsed 1.890625 sec.
    forward max bucket size 833 , backward 2166.
        Unrouted nets 1321 at the end of iteration 30.
    route iteration 30, CPU time elapsed 1.671875 sec.
    forward max bucket size 542 , backward 1497.
        Unrouted nets 1235 at the end of iteration 31.
    route iteration 31, CPU time elapsed 1.531250 sec.
    forward max bucket size 445 , backward 1819.
        Unrouted nets 1186 at the end of iteration 32.
    route iteration 32, CPU time elapsed 1.609375 sec.
    forward max bucket size 678 , backward 438.
        Unrouted nets 1119 at the end of iteration 33.
    route iteration 33, CPU time elapsed 1.796875 sec.
    forward max bucket size 878 , backward 503.
        Unrouted nets 1026 at the end of iteration 34.
    route iteration 34, CPU time elapsed 1.609375 sec.
    forward max bucket size 467 , backward 311.
        Unrouted nets 1016 at the end of iteration 35.
    route iteration 35, CPU time elapsed 1.375000 sec.
    forward max bucket size 640 , backward 626.
        Unrouted nets 990 at the end of iteration 36.
    route iteration 36, CPU time elapsed 1.093750 sec.
    forward max bucket size 326 , backward 1562.
        Unrouted nets 904 at the end of iteration 37.
    route iteration 37, CPU time elapsed 1.203125 sec.
    forward max bucket size 161 , backward 519.
        Unrouted nets 903 at the end of iteration 38.
    route iteration 38, CPU time elapsed 1.156250 sec.
    forward max bucket size 317 , backward 227.
        Unrouted nets 833 at the end of iteration 39.
    route iteration 39, CPU time elapsed 1.015625 sec.
    forward max bucket size 849 , backward 202.
        Unrouted nets 779 at the end of iteration 40.
    route iteration 40, CPU time elapsed 1.250000 sec.
    forward max bucket size 1220 , backward 741.
        Unrouted nets 717 at the end of iteration 41.
    route iteration 41, CPU time elapsed 1.062500 sec.
    forward max bucket size 219 , backward 195.
        Unrouted nets 656 at the end of iteration 42.
    route iteration 42, CPU time elapsed 1.015625 sec.
    forward max bucket size 304 , backward 332.
        Unrouted nets 662 at the end of iteration 43.
    route iteration 43, CPU time elapsed 0.859375 sec.
    forward max bucket size 1825 , backward 436.
        Unrouted nets 629 at the end of iteration 44.
    route iteration 44, CPU time elapsed 0.984375 sec.
    forward max bucket size 613 , backward 577.
        Unrouted nets 622 at the end of iteration 45.
    route iteration 45, CPU time elapsed 0.765625 sec.
    forward max bucket size 545 , backward 469.
        Unrouted nets 588 at the end of iteration 46.
    route iteration 46, CPU time elapsed 0.812500 sec.
    forward max bucket size 459 , backward 508.
        Unrouted nets 545 at the end of iteration 47.
    route iteration 47, CPU time elapsed 0.859375 sec.
    forward max bucket size 1284 , backward 555.
        Unrouted nets 554 at the end of iteration 48.
    route iteration 48, CPU time elapsed 0.875000 sec.
    forward max bucket size 155 , backward 1620.
        Unrouted nets 512 at the end of iteration 49.
    route iteration 49, CPU time elapsed 0.703125 sec.
    forward max bucket size 278 , backward 1078.
        Unrouted nets 503 at the end of iteration 50.
    route iteration 50, CPU time elapsed 0.718750 sec.
    forward max bucket size 551 , backward 399.
        Unrouted nets 505 at the end of iteration 51.
    route iteration 51, CPU time elapsed 0.609375 sec.
    forward max bucket size 210 , backward 191.
        Unrouted nets 511 at the end of iteration 52.
    route iteration 52, CPU time elapsed 0.656250 sec.
    forward max bucket size 192 , backward 242.
        Unrouted nets 505 at the end of iteration 53.
    route iteration 53, CPU time elapsed 0.593750 sec.
    forward max bucket size 965 , backward 263.
        Unrouted nets 487 at the end of iteration 54.
    route iteration 54, CPU time elapsed 0.593750 sec.
    forward max bucket size 192 , backward 364.
        Unrouted nets 438 at the end of iteration 55.
    route iteration 55, CPU time elapsed 0.656250 sec.
    forward max bucket size 319 , backward 256.
        Unrouted nets 463 at the end of iteration 56.
    route iteration 56, CPU time elapsed 0.593750 sec.
    forward max bucket size 297 , backward 259.
        Unrouted nets 435 at the end of iteration 57.
    route iteration 57, CPU time elapsed 0.593750 sec.
    forward max bucket size 463 , backward 324.
        Unrouted nets 435 at the end of iteration 58.
    route iteration 58, CPU time elapsed 0.687500 sec.
    forward max bucket size 503 , backward 351.
        Unrouted nets 396 at the end of iteration 59.
    route iteration 59, CPU time elapsed 0.625000 sec.
    forward max bucket size 752 , backward 351.
        Unrouted nets 379 at the end of iteration 60.
    route iteration 60, CPU time elapsed 0.671875 sec.
    forward max bucket size 656 , backward 184.
        Unrouted nets 358 at the end of iteration 61.
    route iteration 61, CPU time elapsed 0.609375 sec.
    forward max bucket size 763 , backward 169.
        Unrouted nets 358 at the end of iteration 62.
    route iteration 62, CPU time elapsed 0.546875 sec.
    forward max bucket size 815 , backward 1499.
        Unrouted nets 332 at the end of iteration 63.
    route iteration 63, CPU time elapsed 0.515625 sec.
    forward max bucket size 1054 , backward 543.
        Unrouted nets 320 at the end of iteration 64.
    route iteration 64, CPU time elapsed 0.468750 sec.
    forward max bucket size 553 , backward 298.
        Unrouted nets 308 at the end of iteration 65.
    route iteration 65, CPU time elapsed 0.484375 sec.
    forward max bucket size 915 , backward 129.
        Unrouted nets 279 at the end of iteration 66.
    route iteration 66, CPU time elapsed 0.390625 sec.
    forward max bucket size 811 , backward 141.
        Unrouted nets 238 at the end of iteration 67.
    route iteration 67, CPU time elapsed 0.328125 sec.
    forward max bucket size 141 , backward 151.
        Unrouted nets 219 at the end of iteration 68.
    route iteration 68, CPU time elapsed 0.296875 sec.
    forward max bucket size 185 , backward 4511.
        Unrouted nets 210 at the end of iteration 69.
    route iteration 69, CPU time elapsed 0.390625 sec.
    forward max bucket size 135 , backward 181.
        Unrouted nets 208 at the end of iteration 70.
    route iteration 70, CPU time elapsed 0.437500 sec.
    forward max bucket size 173 , backward 790.
        Unrouted nets 192 at the end of iteration 71.
    route iteration 71, CPU time elapsed 0.375000 sec.
    forward max bucket size 131 , backward 119.
        Unrouted nets 185 at the end of iteration 72.
    route iteration 72, CPU time elapsed 0.328125 sec.
    forward max bucket size 115 , backward 1157.
        Unrouted nets 194 at the end of iteration 73.
    route iteration 73, CPU time elapsed 0.328125 sec.
    forward max bucket size 173 , backward 165.
        Unrouted nets 186 at the end of iteration 74.
    route iteration 74, CPU time elapsed 0.375000 sec.
    forward max bucket size 144 , backward 165.
        Unrouted nets 212 at the end of iteration 75.
    route iteration 75, CPU time elapsed 0.484375 sec.
    forward max bucket size 447 , backward 1160.
        Unrouted nets 224 at the end of iteration 76.
    route iteration 76, CPU time elapsed 0.390625 sec.
    forward max bucket size 112 , backward 323.
        Unrouted nets 203 at the end of iteration 77.
    route iteration 77, CPU time elapsed 0.421875 sec.
    forward max bucket size 133 , backward 597.
        Unrouted nets 190 at the end of iteration 78.
    route iteration 78, CPU time elapsed 0.390625 sec.
    forward max bucket size 1195 , backward 592.
        Unrouted nets 197 at the end of iteration 79.
    route iteration 79, CPU time elapsed 0.328125 sec.
    forward max bucket size 1148 , backward 799.
        Unrouted nets 196 at the end of iteration 80.
    route iteration 80, CPU time elapsed 0.406250 sec.
    forward max bucket size 594 , backward 435.
        Unrouted nets 188 at the end of iteration 81.
    route iteration 81, CPU time elapsed 0.406250 sec.
    forward max bucket size 333 , backward 443.
        Unrouted nets 155 at the end of iteration 82.
    route iteration 82, CPU time elapsed 0.437500 sec.
    forward max bucket size 150 , backward 207.
        Unrouted nets 170 at the end of iteration 83.
    route iteration 83, CPU time elapsed 0.375000 sec.
    forward max bucket size 144 , backward 114.
        Unrouted nets 170 at the end of iteration 84.
    route iteration 84, CPU time elapsed 0.312500 sec.
    forward max bucket size 142 , backward 149.
        Unrouted nets 148 at the end of iteration 85.
    route iteration 85, CPU time elapsed 0.359375 sec.
    forward max bucket size 111 , backward 110.
        Unrouted nets 162 at the end of iteration 86.
    route iteration 86, CPU time elapsed 0.281250 sec.
    forward max bucket size 120 , backward 113.
        Unrouted nets 141 at the end of iteration 87.
    route iteration 87, CPU time elapsed 0.296875 sec.
    forward max bucket size 176 , backward 89.
        Unrouted nets 136 at the end of iteration 88.
    route iteration 88, CPU time elapsed 0.375000 sec.
    forward max bucket size 443 , backward 129.
        Unrouted nets 105 at the end of iteration 89.
    route iteration 89, CPU time elapsed 0.296875 sec.
    forward max bucket size 221 , backward 162.
        Unrouted nets 99 at the end of iteration 90.
    route iteration 90, CPU time elapsed 0.265625 sec.
    forward max bucket size 139 , backward 71.
        Unrouted nets 95 at the end of iteration 91.
    route iteration 91, CPU time elapsed 0.265625 sec.
    forward max bucket size 176 , backward 104.
        Unrouted nets 85 at the end of iteration 92.
    route iteration 92, CPU time elapsed 0.281250 sec.
    forward max bucket size 177 , backward 100.
        Unrouted nets 98 at the end of iteration 93.
    route iteration 93, CPU time elapsed 0.234375 sec.
    forward max bucket size 131 , backward 80.
        Unrouted nets 93 at the end of iteration 94.
    route iteration 94, CPU time elapsed 0.203125 sec.
    forward max bucket size 106 , backward 394.
        Unrouted nets 96 at the end of iteration 95.
    route iteration 95, CPU time elapsed 0.250000 sec.
    forward max bucket size 309 , backward 440.
        Unrouted nets 80 at the end of iteration 96.
    route iteration 96, CPU time elapsed 0.203125 sec.
    forward max bucket size 92 , backward 167.
        Unrouted nets 81 at the end of iteration 97.
    route iteration 97, CPU time elapsed 0.203125 sec.
    forward max bucket size 74 , backward 167.
        Unrouted nets 78 at the end of iteration 98.
    route iteration 98, CPU time elapsed 0.187500 sec.
    forward max bucket size 92 , backward 167.
        Unrouted nets 61 at the end of iteration 99.
    route iteration 99, CPU time elapsed 0.218750 sec.
    forward max bucket size 76 , backward 205.
        Unrouted nets 65 at the end of iteration 100.
    route iteration 100, CPU time elapsed 0.203125 sec.
    forward max bucket size 114 , backward 205.
        Unrouted nets 60 at the end of iteration 101.
    route iteration 101, CPU time elapsed 0.203125 sec.
    forward max bucket size 142 , backward 234.
        Unrouted nets 44 at the end of iteration 102.
    route iteration 102, CPU time elapsed 0.156250 sec.
    forward max bucket size 180 , backward 55.
        Unrouted nets 41 at the end of iteration 103.
    route iteration 103, CPU time elapsed 0.140625 sec.
    forward max bucket size 167 , backward 36.
        Unrouted nets 45 at the end of iteration 104.
    route iteration 104, CPU time elapsed 0.171875 sec.
    forward max bucket size 180 , backward 56.
        Unrouted nets 58 at the end of iteration 105.
    route iteration 105, CPU time elapsed 0.171875 sec.
    forward max bucket size 144 , backward 64.
        Unrouted nets 74 at the end of iteration 106.
    route iteration 106, CPU time elapsed 0.203125 sec.
    forward max bucket size 159 , backward 128.
        Unrouted nets 83 at the end of iteration 107.
    route iteration 107, CPU time elapsed 0.203125 sec.
    forward max bucket size 178 , backward 64.
        Unrouted nets 98 at the end of iteration 108.
    route iteration 108, CPU time elapsed 0.250000 sec.
    forward max bucket size 114 , backward 100.
        Unrouted nets 84 at the end of iteration 109.
    route iteration 109, CPU time elapsed 0.234375 sec.
    forward max bucket size 128 , backward 117.
        Unrouted nets 82 at the end of iteration 110.
    route iteration 110, CPU time elapsed 0.234375 sec.
    forward max bucket size 287 , backward 93.
        Unrouted nets 87 at the end of iteration 111.
    route iteration 111, CPU time elapsed 0.218750 sec.
    forward max bucket size 130 , backward 431.
        Unrouted nets 79 at the end of iteration 112.
    route iteration 112, CPU time elapsed 0.250000 sec.
    forward max bucket size 83 , backward 98.
        Unrouted nets 69 at the end of iteration 113.
    route iteration 113, CPU time elapsed 0.203125 sec.
    forward max bucket size 78 , backward 99.
        Unrouted nets 70 at the end of iteration 114.
    route iteration 114, CPU time elapsed 0.187500 sec.
    forward max bucket size 102 , backward 368.
        Unrouted nets 50 at the end of iteration 115.
    route iteration 115, CPU time elapsed 0.171875 sec.
    forward max bucket size 81 , backward 102.
        Unrouted nets 42 at the end of iteration 116.
    route iteration 116, CPU time elapsed 0.156250 sec.
    forward max bucket size 130 , backward 99.
        Unrouted nets 43 at the end of iteration 117.
    route iteration 117, CPU time elapsed 0.203125 sec.
    forward max bucket size 208 , backward 1520.
        Unrouted nets 44 at the end of iteration 118.
    route iteration 118, CPU time elapsed 0.171875 sec.
    forward max bucket size 81 , backward 52.
        Unrouted nets 59 at the end of iteration 119.
    route iteration 119, CPU time elapsed 0.296875 sec.
    forward max bucket size 115 , backward 262.
        Unrouted nets 55 at the end of iteration 120.
    route iteration 120, CPU time elapsed 0.312500 sec.
    forward max bucket size 92 , backward 262.
        Unrouted nets 57 at the end of iteration 121.
    route iteration 121, CPU time elapsed 0.218750 sec.
    forward max bucket size 104 , backward 67.
        Unrouted nets 48 at the end of iteration 122.
    route iteration 122, CPU time elapsed 0.187500 sec.
    forward max bucket size 97 , backward 84.
        Unrouted nets 49 at the end of iteration 123.
    route iteration 123, CPU time elapsed 0.218750 sec.
    forward max bucket size 95 , backward 666.
        Unrouted nets 44 at the end of iteration 124.
    route iteration 124, CPU time elapsed 0.218750 sec.
    forward max bucket size 60 , backward 896.
        Unrouted nets 37 at the end of iteration 125.
    route iteration 125, CPU time elapsed 0.187500 sec.
    forward max bucket size 72 , backward 44.
        Unrouted nets 34 at the end of iteration 126.
    route iteration 126, CPU time elapsed 0.156250 sec.
    forward max bucket size 59 , backward 90.
        Unrouted nets 44 at the end of iteration 127.
    route iteration 127, CPU time elapsed 0.218750 sec.
    forward max bucket size 72 , backward 116.
        Unrouted nets 30 at the end of iteration 128.
    route iteration 128, CPU time elapsed 0.203125 sec.
    forward max bucket size 50 , backward 102.
        Unrouted nets 31 at the end of iteration 129.
    route iteration 129, CPU time elapsed 0.203125 sec.
    forward max bucket size 261 , backward 960.
        Unrouted nets 29 at the end of iteration 130.
    route iteration 130, CPU time elapsed 0.203125 sec.
    forward max bucket size 147 , backward 200.
        Unrouted nets 19 at the end of iteration 131.
    route iteration 131, CPU time elapsed 0.171875 sec.
    forward max bucket size 71 , backward 89.
        Unrouted nets 28 at the end of iteration 132.
    route iteration 132, CPU time elapsed 0.171875 sec.
    forward max bucket size 61 , backward 50.
        Unrouted nets 23 at the end of iteration 133.
    route iteration 133, CPU time elapsed 0.171875 sec.
    forward max bucket size 57 , backward 52.
        Unrouted nets 21 at the end of iteration 134.
    route iteration 134, CPU time elapsed 0.156250 sec.
    forward max bucket size 87 , backward 36.
        Unrouted nets 21 at the end of iteration 135.
    route iteration 135, CPU time elapsed 0.156250 sec.
    forward max bucket size 76 , backward 107.
        Unrouted nets 18 at the end of iteration 136.
    route iteration 136, CPU time elapsed 0.140625 sec.
    forward max bucket size 100 , backward 202.
        Unrouted nets 29 at the end of iteration 137.
    route iteration 137, CPU time elapsed 0.203125 sec.
    forward max bucket size 109 , backward 249.
        Unrouted nets 31 at the end of iteration 138.
    route iteration 138, CPU time elapsed 0.218750 sec.
    forward max bucket size 100 , backward 279.
        Unrouted nets 34 at the end of iteration 139.
    route iteration 139, CPU time elapsed 0.156250 sec.
    forward max bucket size 100 , backward 215.
        Unrouted nets 22 at the end of iteration 140.
    route iteration 140, CPU time elapsed 0.156250 sec.
    forward max bucket size 74 , backward 47.
        Unrouted nets 25 at the end of iteration 141.
    route iteration 141, CPU time elapsed 0.140625 sec.
    forward max bucket size 86 , backward 61.
        Unrouted nets 22 at the end of iteration 142.
    route iteration 142, CPU time elapsed 0.156250 sec.
    forward max bucket size 52 , backward 196.
        Unrouted nets 17 at the end of iteration 143.
    route iteration 143, CPU time elapsed 0.171875 sec.
    forward max bucket size 35 , backward 45.
        Unrouted nets 24 at the end of iteration 144.
    route iteration 144, CPU time elapsed 0.203125 sec.
    forward max bucket size 52 , backward 45.
        Unrouted nets 19 at the end of iteration 145.
    route iteration 145, CPU time elapsed 0.156250 sec.
    forward max bucket size 94 , backward 82.
        Unrouted nets 17 at the end of iteration 146.
    route iteration 146, CPU time elapsed 0.140625 sec.
    forward max bucket size 123 , backward 93.
        Unrouted nets 18 at the end of iteration 147.
    route iteration 147, CPU time elapsed 0.156250 sec.
    forward max bucket size 53 , backward 47.
        Unrouted nets 17 at the end of iteration 148.
    route iteration 148, CPU time elapsed 0.171875 sec.
    forward max bucket size 50 , backward 56.
        Unrouted nets 12 at the end of iteration 149.
    route iteration 149, CPU time elapsed 0.140625 sec.
    forward max bucket size 47 , backward 43.
        Unrouted nets 24 at the end of iteration 150.
    route iteration 150, CPU time elapsed 0.187500 sec.
    forward max bucket size 86 , backward 70.
        Unrouted nets 23 at the end of iteration 151.
    route iteration 151, CPU time elapsed 0.218750 sec.
    forward max bucket size 80 , backward 76.
        Unrouted nets 21 at the end of iteration 152.
    route iteration 152, CPU time elapsed 0.171875 sec.
    forward max bucket size 57 , backward 63.
        Unrouted nets 24 at the end of iteration 153.
    route iteration 153, CPU time elapsed 0.187500 sec.
    forward max bucket size 166 , backward 42.
        Unrouted nets 19 at the end of iteration 154.
    route iteration 154, CPU time elapsed 0.140625 sec.
    forward max bucket size 52 , backward 29.
        Unrouted nets 16 at the end of iteration 155.
    route iteration 155, CPU time elapsed 0.156250 sec.
    forward max bucket size 51 , backward 30.
        Unrouted nets 14 at the end of iteration 156.
    route iteration 156, CPU time elapsed 0.156250 sec.
    forward max bucket size 33 , backward 49.
        Unrouted nets 7 at the end of iteration 157.
    route iteration 157, CPU time elapsed 0.140625 sec.
    forward max bucket size 30 , backward 16.
        Unrouted nets 5 at the end of iteration 158.
    route iteration 158, CPU time elapsed 0.125000 sec.
    forward max bucket size 58 , backward 10.
        Unrouted nets 2 at the end of iteration 159.
    route iteration 159, CPU time elapsed 0.109375 sec.
    forward max bucket size 25 , backward 30.
        Unrouted nets 3 at the end of iteration 160.
    route iteration 160, CPU time elapsed 0.125000 sec.
    forward max bucket size 50 , backward 22.
        Unrouted nets 6 at the end of iteration 161.
    route iteration 161, CPU time elapsed 0.156250 sec.
    forward max bucket size 51 , backward 28.
        Unrouted nets 8 at the end of iteration 162.
    route iteration 162, CPU time elapsed 0.125000 sec.
    forward max bucket size 51 , backward 30.
        Unrouted nets 8 at the end of iteration 163.
    route iteration 163, CPU time elapsed 0.140625 sec.
    forward max bucket size 69 , backward 34.
        Unrouted nets 9 at the end of iteration 164.
    route iteration 164, CPU time elapsed 0.156250 sec.
    forward max bucket size 54 , backward 19.
        Unrouted nets 6 at the end of iteration 165.
    route iteration 165, CPU time elapsed 0.140625 sec.
    forward max bucket size 24 , backward 18.
        Unrouted nets 3 at the end of iteration 166.
    route iteration 166, CPU time elapsed 0.125000 sec.
    forward max bucket size 35 , backward 26.
        Unrouted nets 2 at the end of iteration 167.
    route iteration 167, CPU time elapsed 0.140625 sec.
    forward max bucket size 25 , backward 22.
        Unrouted nets 0 at the end of iteration 168.
    route iteration 168, CPU time elapsed 0.140625 sec.
Detailed routing takes 168 iterations
Detailed routing takes 204.94 sec.
Start fix hold violation.
Build tmp routing results takes 0.44 sec.
Timing analysis takes 3.77 sec.
Hold violation fix iter 0 takes 0.00 sec, total_step_forward 20.
Incremental timing analysis takes 3.59 sec.
Hold violation fix iter 1 takes 0.00 sec, total_step_forward 7.
Incremental timing analysis takes 3.62 sec.
Hold violation fix iter 2 takes 0.00 sec, total_step_forward 747.
Incremental timing analysis takes 3.64 sec.
Hold violation fix iter 3 takes 0.00 sec, total_step_forward 0.
Hold Violation Fix in router takes 4 iterations.
Fix hold violation Finished.
Hold Violation Fix in router takes 15.66 sec.

Dispose routing result:
    Collect routing result.
    Delete unused device instances.
    Annotate routing result.
    Change LUT configuration.
    Dispose misc instances.
    Annotate routing result again.
Finish routing takes 1.42 sec.
Used SRB routing arc is 355488.
Cleanup routing takes 0.02 sec.
Routing done.
Total routing takes 258.91 sec.


Device Utilization Summary :
+----------------------------------------------------------------------------+
| Logic Utilization        | Used      | Available     | Utilization(%)     
+----------------------------------------------------------------------------+
| Use of APM               | 4         | 84            | 5                  
| Use of BKCL              | 3         | 4             | 75                 
| Use of CLMA              | 1638      | 6450          | 26                 
|   FF                     | 1447      | 38700         | 4                  
|   LUT                    | 5631      | 25800         | 22                 
|   LUT-FF pairs           | 1000      | 25800         | 4                  
| Use of CLMS              | 3304      | 4250          | 78                 
|   FF                     | 105       | 25500         | 1                  
|   LUT                    | 10009     | 17000         | 59                 
|   LUT-FF pairs           | 30        | 17000         | 1                  
|   Distributed RAM        | 8480      | 17000         | 50                 
| Use of CRYSTAL           | 0         | 2             | 0                  
| Use of DLL               | 0         | 10            | 0                  
| Use of DQSL              | 0         | 18            | 0                  
| Use of DRM               | 1         | 134           | 1                  
| Use of FUSECODE          | 0         | 1             | 0                  
| Use of HARD0N1           | 178       | 6672          | 3                  
| Use of HSST              | 0         | 1             | 0                  
| Use of IO                | 28        | 296           | 10                 
|   IOBD                   | 11        | 64            | 18                 
|   IOBR_LR                | 0         | 7             | 0                  
|   IOBR_TB                | 1         | 8             | 13                 
|   IOBS_LR                | 7         | 161           | 5                  
|   IOBS_TB                | 9         | 56            | 17                 
| Use of IOCKDIV           | 0         | 20            | 0                  
| Use of IOCKDLY           | 0         | 40            | 0                  
| Use of IOCKGATE          | 0         | 20            | 0                  
| Use of IOCKGMUX_TEST     | 0         | 20            | 0                  
| Use of IOL               | 28        | 400           | 7                  
| Use of IPAL              | 0         | 1             | 0                  
| Use of LDO               | 0         | 4             | 0                  
| Use of MFG_TEST          | 0         | 1             | 0                  
| Use of OSC               | 0         | 1             | 0                  
| Use of PCIE              | 0         | 1             | 0                  
| Use of PIOMUX_TEST       | 0         | 10            | 0                  
| Use of PLL               | 0         | 5             | 0                  
| Use of PREGMUX_TEST      | 0         | 6             | 0                  
| Use of RCKB              | 0         | 24            | 0                  
| Use of RCKBMUX_TEST      | 0         | 12            | 0                  
| Use of RESCAL            | 0         | 4             | 0                  
| Use of SCANCHAIN         | 0         | 2             | 0                  
| Use of START             | 1         | 1             | 100                
| Use of UDID              | 0         | 1             | 0                  
| Use of USCM              | 2         | 30            | 7                  
| Use of USCMMUX_TEST      | 0         | 30            | 0                  
| Use of VCKBMUX_TEST      | 0         | 12            | 0                  
+----------------------------------------------------------------------------+

Finished routing. (CPU time elapsed 0h:04m:18s)
Design 'tinyriscv_soc_top' has been placed and routed successfully.
Saving design to DB.
Finished placement and routing. (CPU time elapsed 0h:06m:40s)
Action pnr: Real time elapsed is 0h:6m:48s
Action pnr: CPU time elapsed is 0h:6m:41s
Action pnr: Process CPU time elapsed is 0h:6m:41s
Current time: Sat Oct 28 16:50:05 2023
Action pnr: Peak memory pool usage is 1,703 MB
