#Build: Fabric Compiler 2022.1, Build 99559, Jul 12 00:20 2022
#Install: E:\Pango\PDS_2022.1\bin
#Application name: pds_shell.exe
#OS: Windows 10 10.0.22621
#Hostname: GGB
Generated by Fabric Compiler (version 2022.1 build 99559) at Thu Nov  2 03:28:53 2023
Compiling verification operator library.
Compiling common defs.
Compiling prim grid devices.
Compiling gate devices.
Compiling gate operators.
Building architecture model.
Loading device packaging model.
Building architecture floorplan logic view.
Constraint check start.
Executing : def_port {gpio[0]} LOC=AB8 VCCIO=3.3 IOSTANDARD=LVCMOS33 DRIVE=8 SLEW=SLOW NONE=TRUE
Executing : def_port {gpio[0]} LOC=AB8 VCCIO=3.3 IOSTANDARD=LVCMOS33 DRIVE=8 SLEW=SLOW NONE=TRUE successfully
Executing : def_port {gpio[1]} LOC=AA8 VCCIO=3.3 IOSTANDARD=LVCMOS33 DRIVE=8 SLEW=SLOW NONE=TRUE
Executing : def_port {gpio[1]} LOC=AA8 VCCIO=3.3 IOSTANDARD=LVCMOS33 DRIVE=8 SLEW=SLOW NONE=TRUE successfully
Executing : def_port {gpio[2]} LOC=Y6 VCCIO=3.3 IOSTANDARD=LVCMOS33 DRIVE=8 SLEW=SLOW NONE=TRUE
Executing : def_port {gpio[2]} LOC=Y6 VCCIO=3.3 IOSTANDARD=LVCMOS33 DRIVE=8 SLEW=SLOW NONE=TRUE successfully
Executing : def_port {gpio[3]} LOC=W6 VCCIO=3.3 IOSTANDARD=LVCMOS33 DRIVE=8 SLEW=SLOW NONE=TRUE
Executing : def_port {gpio[3]} LOC=W6 VCCIO=3.3 IOSTANDARD=LVCMOS33 DRIVE=8 SLEW=SLOW NONE=TRUE successfully
Executing : def_port {gpio[4]} LOC=AB5 VCCIO=3.3 IOSTANDARD=LVCMOS33 DRIVE=8 SLEW=SLOW NONE=TRUE
C: ConstraintEditor-2002: [E:/PangoPro/tinyriscv/device_map/tinyriscv_soc_top.pcf(line number: 7)] | Port gpio[4] has been placed at location AB5, whose type is share pin.
Executing : def_port {gpio[4]} LOC=AB5 VCCIO=3.3 IOSTANDARD=LVCMOS33 DRIVE=8 SLEW=SLOW NONE=TRUE successfully
Executing : def_port {gpio[5]} LOC=Y5 VCCIO=3.3 IOSTANDARD=LVCMOS33 DRIVE=8 SLEW=SLOW NONE=TRUE
C: ConstraintEditor-2002: [E:/PangoPro/tinyriscv/device_map/tinyriscv_soc_top.pcf(line number: 8)] | Port gpio[5] has been placed at location Y5, whose type is share pin.
Executing : def_port {gpio[5]} LOC=Y5 VCCIO=3.3 IOSTANDARD=LVCMOS33 DRIVE=8 SLEW=SLOW NONE=TRUE successfully
Executing : def_port {gpio[6]} LOC=AB4 VCCIO=3.3 IOSTANDARD=LVCMOS33 DRIVE=8 SLEW=SLOW NONE=TRUE
Executing : def_port {gpio[6]} LOC=AB4 VCCIO=3.3 IOSTANDARD=LVCMOS33 DRIVE=8 SLEW=SLOW NONE=TRUE successfully
Executing : def_port {gpio[7]} LOC=AA4 VCCIO=3.3 IOSTANDARD=LVCMOS33 DRIVE=8 SLEW=SLOW NONE=TRUE
Executing : def_port {gpio[7]} LOC=AA4 VCCIO=3.3 IOSTANDARD=LVCMOS33 DRIVE=8 SLEW=SLOW NONE=TRUE successfully
Executing : def_port {gpio[8]} LOC=C5 VCCIO=3.3 IOSTANDARD=LVCMOS33 DRIVE=8 SLEW=SLOW NONE=TRUE
Executing : def_port {gpio[8]} LOC=C5 VCCIO=3.3 IOSTANDARD=LVCMOS33 DRIVE=8 SLEW=SLOW NONE=TRUE successfully
Executing : def_port {gpio[9]} LOC=A5 VCCIO=3.3 IOSTANDARD=LVCMOS33 DRIVE=8 SLEW=SLOW NONE=TRUE
Executing : def_port {gpio[9]} LOC=A5 VCCIO=3.3 IOSTANDARD=LVCMOS33 DRIVE=8 SLEW=SLOW NONE=TRUE successfully
Executing : def_port {gpio[10]} LOC=F7 VCCIO=3.3 IOSTANDARD=LVCMOS33 DRIVE=8 SLEW=SLOW NONE=TRUE
Executing : def_port {gpio[10]} LOC=F7 VCCIO=3.3 IOSTANDARD=LVCMOS33 DRIVE=8 SLEW=SLOW NONE=TRUE successfully
Executing : def_port {gpio[11]} LOC=F8 VCCIO=3.3 IOSTANDARD=LVCMOS33 DRIVE=8 SLEW=SLOW NONE=TRUE
Executing : def_port {gpio[11]} LOC=F8 VCCIO=3.3 IOSTANDARD=LVCMOS33 DRIVE=8 SLEW=SLOW NONE=TRUE successfully
Executing : def_port {halted_ind} LOC=B3 VCCIO=3.3 IOSTANDARD=LVCMOS33 DRIVE=8 SLEW=SLOW NONE=TRUE
Executing : def_port {halted_ind} LOC=B3 VCCIO=3.3 IOSTANDARD=LVCMOS33 DRIVE=8 SLEW=SLOW NONE=TRUE successfully
Executing : def_port {over} LOC=B2 VCCIO=3.3 IOSTANDARD=LVCMOS33 DRIVE=8 SLEW=SLOW NONE=TRUE
Executing : def_port {over} LOC=B2 VCCIO=3.3 IOSTANDARD=LVCMOS33 DRIVE=8 SLEW=SLOW NONE=TRUE successfully
Executing : def_port {spi_clk} LOC=R11 VCCIO=3.3 IOSTANDARD=LVCMOS33 DRIVE=8 SLEW=SLOW NONE=TRUE
Executing : def_port {spi_clk} LOC=R11 VCCIO=3.3 IOSTANDARD=LVCMOS33 DRIVE=8 SLEW=SLOW NONE=TRUE successfully
Executing : def_port {spi_mosi} LOC=W10 VCCIO=3.3 IOSTANDARD=LVCMOS33 DRIVE=8 SLEW=SLOW NONE=TRUE
Executing : def_port {spi_mosi} LOC=W10 VCCIO=3.3 IOSTANDARD=LVCMOS33 DRIVE=8 SLEW=SLOW NONE=TRUE successfully
Executing : def_port {spi_ss} LOC=Y10 VCCIO=3.3 IOSTANDARD=LVCMOS33 DRIVE=8 SLEW=SLOW NONE=TRUE
Executing : def_port {spi_ss} LOC=Y10 VCCIO=3.3 IOSTANDARD=LVCMOS33 DRIVE=8 SLEW=SLOW NONE=TRUE successfully
Executing : def_port {succ} LOC=A2 VCCIO=3.3 IOSTANDARD=LVCMOS33 DRIVE=8 SLEW=SLOW NONE=TRUE
Executing : def_port {succ} LOC=A2 VCCIO=3.3 IOSTANDARD=LVCMOS33 DRIVE=8 SLEW=SLOW NONE=TRUE successfully
Executing : def_port {uart_tx_pin} LOC=R9 VCCIO=3.3 IOSTANDARD=LVCMOS33 DRIVE=8 SLEW=SLOW NONE=TRUE
Executing : def_port {uart_tx_pin} LOC=R9 VCCIO=3.3 IOSTANDARD=LVCMOS33 DRIVE=8 SLEW=SLOW NONE=TRUE successfully
Executing : def_port {clk} LOC=P20 VCCIO=3.3 IOSTANDARD=LVCMOS33 NONE=TRUE
Executing : def_port {clk} LOC=P20 VCCIO=3.3 IOSTANDARD=LVCMOS33 NONE=TRUE successfully
Executing : def_port {gpio_i[0]} LOC=J16 VCCIO=3.3 IOSTANDARD=LVCMOS33 NONE=TRUE
C: ConstraintEditor-2001: [E:/PangoPro/tinyriscv/device_map/tinyriscv_soc_top.pcf(line number: 23)] Object 'gpio_i[0]' is dangling, which has no connection. it will be ignored.
Executing : def_port {gpio_i[0]} LOC=J16 VCCIO=3.3 IOSTANDARD=LVCMOS33 NONE=TRUE failed
Executing : def_port {gpio_i[1]} LOC=J19 VCCIO=3.3 IOSTANDARD=LVCMOS33 NONE=TRUE
C: ConstraintEditor-2001: [E:/PangoPro/tinyriscv/device_map/tinyriscv_soc_top.pcf(line number: 24)] Object 'gpio_i[1]' is dangling, which has no connection. it will be ignored.
Executing : def_port {gpio_i[1]} LOC=J19 VCCIO=3.3 IOSTANDARD=LVCMOS33 NONE=TRUE failed
Executing : def_port {gpio_i[2]} LOC=H20 VCCIO=3.3 IOSTANDARD=LVCMOS33 NONE=TRUE
C: ConstraintEditor-2001: [E:/PangoPro/tinyriscv/device_map/tinyriscv_soc_top.pcf(line number: 25)] Object 'gpio_i[2]' is dangling, which has no connection. it will be ignored.
Executing : def_port {gpio_i[2]} LOC=H20 VCCIO=3.3 IOSTANDARD=LVCMOS33 NONE=TRUE failed
Executing : def_port {gpio_i[3]} LOC=H17 VCCIO=3.3 IOSTANDARD=LVCMOS33 NONE=TRUE
C: ConstraintEditor-2001: [E:/PangoPro/tinyriscv/device_map/tinyriscv_soc_top.pcf(line number: 26)] Object 'gpio_i[3]' is dangling, which has no connection. it will be ignored.
Executing : def_port {gpio_i[3]} LOC=H17 VCCIO=3.3 IOSTANDARD=LVCMOS33 NONE=TRUE failed
Executing : def_port {rst} LOC=K18 VCCIO=3.3 IOSTANDARD=LVCMOS33 NONE=TRUE
C: ConstraintEditor-2002: [E:/PangoPro/tinyriscv/device_map/tinyriscv_soc_top.pcf(line number: 27)] | Port rst has been placed at location K18, whose type is share pin.
Executing : def_port {rst} LOC=K18 VCCIO=3.3 IOSTANDARD=LVCMOS33 NONE=TRUE successfully
Executing : def_port {spi_miso} LOC=T11 VCCIO=3.3 IOSTANDARD=LVCMOS33 NONE=TRUE
Executing : def_port {spi_miso} LOC=T11 VCCIO=3.3 IOSTANDARD=LVCMOS33 NONE=TRUE successfully
Executing : def_port {uart_debug_pin} LOC=L15 VCCIO=3.3 IOSTANDARD=LVCMOS33 NONE=TRUE
Executing : def_port {uart_debug_pin} LOC=L15 VCCIO=3.3 IOSTANDARD=LVCMOS33 NONE=TRUE successfully
Executing : def_port {uart_rx_pin} LOC=R8 VCCIO=3.3 IOSTANDARD=LVCMOS33 NONE=TRUE
Executing : def_port {uart_rx_pin} LOC=R8 VCCIO=3.3 IOSTANDARD=LVCMOS33 NONE=TRUE successfully
Constraint check end.
I: Column Clock Check open.
Read Column Clock Map.

Placement started.
Phase 1 Pre global placement started.
I: Infer CARRY group, base inst: u_uart_debug/rx_data_1/iGopDrm, insts:2.
Phase 1.1 1st GP placement started.
Design Utilization : 36%.
Wirelength after clock region global placement is 105577.
1st GP placement takes 22.47 sec.

Phase 1.2 Clock placement started.
Mapping instance clkbufg_0/gopclkbufg to USCM_84_108.
Clock placement takes 0.20 sec.

Pre global placement takes 24.66 sec.

Phase 2 Global placement started.
Phase 2.1 Fixed placement started.
Placed fixed group with base inst clk_ibuf/opit_1 on IOL_327_210.
Placed fixed group with base inst gpio_tri[0]/opit_1 on IOL_119_5.
Placed fixed group with base inst gpio_tri[1]/opit_1 on IOL_119_6.
Placed fixed group with base inst gpio_tri[2]/opit_1 on IOL_39_5.
Placed fixed group with base inst gpio_tri[3]/opit_1 on IOL_39_6.
Placed fixed group with base inst gpio_tri[4]/opit_1 on IOL_35_5.
Placed fixed group with base inst gpio_tri[5]/opit_1 on IOL_35_6.
Placed fixed group with base inst gpio_tri[6]/opit_1 on IOL_23_5.
Placed fixed group with base inst gpio_tri[7]/opit_1 on IOL_23_6.
Placed fixed group with base inst gpio_tri[8]/opit_1 on IOL_67_374.
Placed fixed group with base inst gpio_tri[9]/opit_1 on IOL_67_373.
Placed fixed group with base inst gpio_tri[10]/opit_1 on IOL_47_374.
Placed fixed group with base inst gpio_tri[11]/opit_1 on IOL_47_373.
Placed fixed group with base inst halted_ind_obuf/opit_1 on IOL_35_374.
Placed fixed group with base inst over_obuf/opit_1 on IOL_19_374.
Placed fixed group with base inst rst_ibuf/opit_1 on IOL_327_257.
Placed fixed group with base inst spi_clk_obuf/opit_1 on IOL_187_6.
Placed fixed group with base inst spi_miso_ibuf/opit_1 on IOL_187_5.
Placed fixed group with base inst spi_mosi_obuf/opit_1 on IOL_123_6.
Placed fixed group with base inst spi_ss_obuf/opit_1 on IOL_123_5.
Placed fixed group with base inst succ_obuf/opit_1 on IOL_19_373.
Placed fixed group with base inst uart_debug_pin_ibuf/opit_1 on IOL_327_134.
Placed fixed group with base inst uart_rx_pin_ibuf/opit_1 on IOL_43_5.
Placed fixed group with base inst uart_tx_pin_obuf/opit_1 on IOL_43_6.
Placed fixed instance clkbufg_0/gopclkbufg on USCM_84_108.
Placed fixed instance BKCL_auto_0 on BKCL_188_376.
Placed fixed instance BKCL_auto_1 on BKCL_328_184.
Placed fixed instance BKCL_auto_2 on BKCL_192_0.
Fixed placement takes 0.00 sec.

Phase 2.2 Process placement started.
Process placement takes 0.00 sec.

Phase 2.3 IO placement started.
IO placement takes 0.03 sec.

Phase 2.4 2nd GP placement started.
Run super clustering :
	Initial slack -11253.
	7 iterations finished.
	Final slack -5042.
Super clustering done.
Design Utilization : 36%.
2nd GP placement takes 24.91 sec.

Wirelength after global placement is 127429.
Global placement takes 24.95 sec.

Phase 3 Post global placement started.
Phase 3.1 Macro cell placement started.
Wirelength after macro cell placement is 128137.
Macro cell placement takes 0.00 sec.

Phase 3.2 3rd GP placement started.
Run super clustering :
	Initial slack -11253.
	7 iterations finished.
	Final slack -5042.
Super clustering done.
Design Utilization : 36%.
3rd GP placement takes 23.97 sec.

Wirelength after post global placement is 114598.
Post global placement takes 23.98 sec.

Phase 4 Legalization started.
The average distance in LP is 6.701609.
Wirelength after legalization is 198917.
Legalization takes 4.45 sec.

Phase 5 Timing-driven detailed placement started.
Phase 5.1 Replication placement started.
Worst slack before Replication Place is -1031.
Replication placement takes 1.64 sec.

Wirelength after replication placement is 198917.
Phase 5.2 DP placement started.
Legalized cost -1031.000000.
The detailed placement ends at 2th iteration.
DP placement takes 21.06 sec.

Wirelength after detailed placement is 215466.
Timing-driven detailed placement takes 22.72 sec.

Worst slack is 1275, TNS after placement is 0.
Placement done.
Total placement takes 105.56 sec.
Finished placement. (CPU time elapsed 0h:01m:45s)

Routing started.
Building routing graph takes 2.66 sec.
Worst slack is 1275, TNS before global route is 0.
Processing design graph takes 0.91 sec.
Total memory for routing:
	128.448427 M.
Total nets for routing : 14810.
Rcf routing step 1 processed 0 nets, it takes 0.00 sec.
Rcf routing step 2 processed 0 nets, it takes 0.00 sec.
Rcf routing step 3 processed 0 nets, it takes 0.00 sec.
Unrouted nets 0 at the end of iteration 0.
Global Routing step 1 processed 95 nets, it takes 0.30 sec.
Unrouted nets 64 at the end of iteration 0.
Unrouted nets 32 at the end of iteration 1.
Unrouted nets 26 at the end of iteration 2.
Unrouted nets 27 at the end of iteration 3.
Unrouted nets 18 at the end of iteration 4.
Unrouted nets 8 at the end of iteration 5.
Unrouted nets 6 at the end of iteration 6.
Unrouted nets 4 at the end of iteration 7.
Unrouted nets 4 at the end of iteration 8.
Unrouted nets 3 at the end of iteration 9.
Unrouted nets 3 at the end of iteration 10.
Unrouted nets 3 at the end of iteration 11.
Unrouted nets 3 at the end of iteration 12.
Unrouted nets 3 at the end of iteration 13.
Unrouted nets 1 at the end of iteration 14.
Unrouted nets 1 at the end of iteration 15.
Unrouted nets 1 at the end of iteration 16.
Unrouted nets 1 at the end of iteration 17.
Unrouted nets 1 at the end of iteration 18.
Unrouted nets 1 at the end of iteration 19.
Unrouted nets 1 at the end of iteration 20.
Unrouted nets 1 at the end of iteration 21.
Unrouted nets 1 at the end of iteration 22.
Unrouted nets 1 at the end of iteration 23.
Unrouted nets 1 at the end of iteration 24.
Unrouted nets 1 at the end of iteration 25.
Unrouted nets 1 at the end of iteration 26.
Unrouted nets 1 at the end of iteration 27.
Unrouted nets 1 at the end of iteration 28.
Unrouted nets 1 at the end of iteration 29.
Unrouted nets 1 at the end of iteration 30.
Unrouted nets 0 at the end of iteration 31.
Global Routing step 2 processed 362 nets, it takes 1.09 sec.
Unrouted nets 286 at the end of iteration 0.
Unrouted nets 219 at the end of iteration 1.
Unrouted nets 152 at the end of iteration 2.
Unrouted nets 124 at the end of iteration 3.
Unrouted nets 107 at the end of iteration 4.
Unrouted nets 80 at the end of iteration 5.
Unrouted nets 71 at the end of iteration 6.
Unrouted nets 60 at the end of iteration 7.
Unrouted nets 51 at the end of iteration 8.
Unrouted nets 46 at the end of iteration 9.
Unrouted nets 37 at the end of iteration 10.
Unrouted nets 32 at the end of iteration 11.
Unrouted nets 26 at the end of iteration 12.
Unrouted nets 27 at the end of iteration 13.
Unrouted nets 17 at the end of iteration 14.
Unrouted nets 15 at the end of iteration 15.
Unrouted nets 19 at the end of iteration 16.
Unrouted nets 13 at the end of iteration 17.
Unrouted nets 11 at the end of iteration 18.
Unrouted nets 6 at the end of iteration 19.
Unrouted nets 3 at the end of iteration 20.
Unrouted nets 2 at the end of iteration 21.
Unrouted nets 2 at the end of iteration 22.
Unrouted nets 1 at the end of iteration 23.
Unrouted nets 1 at the end of iteration 24.
Unrouted nets 1 at the end of iteration 25.
Unrouted nets 0 at the end of iteration 26.
Global Routing step 3 processed 373 nets, it takes 20.39 sec.
Global routing takes 21.81 sec.
Total 22321 subnets.
    forward max bucket size 3568 , backward 3197.
        Unrouted nets 17900 at the end of iteration 0.
    route iteration 0, CPU time elapsed 7.437500 sec.
    forward max bucket size 3975 , backward 4748.
        Unrouted nets 16171 at the end of iteration 1.
    route iteration 1, CPU time elapsed 4.312500 sec.
    forward max bucket size 3811 , backward 5334.
        Unrouted nets 14671 at the end of iteration 2.
    route iteration 2, CPU time elapsed 4.656250 sec.
    forward max bucket size 3354 , backward 4790.
        Unrouted nets 13628 at the end of iteration 3.
    route iteration 3, CPU time elapsed 5.125000 sec.
    forward max bucket size 3516 , backward 4300.
        Unrouted nets 12568 at the end of iteration 4.
    route iteration 4, CPU time elapsed 5.875000 sec.
    forward max bucket size 2306 , backward 3564.
        Unrouted nets 11573 at the end of iteration 5.
    route iteration 5, CPU time elapsed 6.953125 sec.
    forward max bucket size 2906 , backward 4706.
        Unrouted nets 10455 at the end of iteration 6.
    route iteration 6, CPU time elapsed 5.984375 sec.
    forward max bucket size 3797 , backward 6800.
        Unrouted nets 9060 at the end of iteration 7.
    route iteration 7, CPU time elapsed 5.640625 sec.
    forward max bucket size 1856 , backward 5257.
        Unrouted nets 7763 at the end of iteration 8.
    route iteration 8, CPU time elapsed 5.328125 sec.
    forward max bucket size 3449 , backward 5072.
        Unrouted nets 6792 at the end of iteration 9.
    route iteration 9, CPU time elapsed 4.828125 sec.
    forward max bucket size 3150 , backward 3664.
        Unrouted nets 5964 at the end of iteration 10.
    route iteration 10, CPU time elapsed 4.375000 sec.
    forward max bucket size 653 , backward 2673.
        Unrouted nets 5189 at the end of iteration 11.
    route iteration 11, CPU time elapsed 4.046875 sec.
    forward max bucket size 2349 , backward 5089.
        Unrouted nets 4689 at the end of iteration 12.
    route iteration 12, CPU time elapsed 3.625000 sec.
    forward max bucket size 2239 , backward 5029.
        Unrouted nets 4154 at the end of iteration 13.
    route iteration 13, CPU time elapsed 3.265625 sec.
    forward max bucket size 1662 , backward 2365.
        Unrouted nets 3810 at the end of iteration 14.
    route iteration 14, CPU time elapsed 3.031250 sec.
    forward max bucket size 2270 , backward 5071.
        Unrouted nets 3410 at the end of iteration 15.
    route iteration 15, CPU time elapsed 2.640625 sec.
    forward max bucket size 1236 , backward 3040.
        Unrouted nets 3027 at the end of iteration 16.
    route iteration 16, CPU time elapsed 2.609375 sec.
    forward max bucket size 758 , backward 2990.
        Unrouted nets 2828 at the end of iteration 17.
    route iteration 17, CPU time elapsed 2.453125 sec.
    forward max bucket size 717 , backward 3348.
        Unrouted nets 2554 at the end of iteration 18.
    route iteration 18, CPU time elapsed 2.343750 sec.
    forward max bucket size 1451 , backward 3052.
        Unrouted nets 2352 at the end of iteration 19.
    route iteration 19, CPU time elapsed 2.265625 sec.
    forward max bucket size 1278 , backward 3048.
        Unrouted nets 2189 at the end of iteration 20.
    route iteration 20, CPU time elapsed 1.984375 sec.
    forward max bucket size 932 , backward 2109.
        Unrouted nets 1976 at the end of iteration 21.
    route iteration 21, CPU time elapsed 1.906250 sec.
    forward max bucket size 2022 , backward 4785.
        Unrouted nets 1901 at the end of iteration 22.
    route iteration 22, CPU time elapsed 1.953125 sec.
    forward max bucket size 953 , backward 2559.
        Unrouted nets 1812 at the end of iteration 23.
    route iteration 23, CPU time elapsed 1.968750 sec.
    forward max bucket size 372 , backward 1946.
        Unrouted nets 1660 at the end of iteration 24.
    route iteration 24, CPU time elapsed 1.750000 sec.
    forward max bucket size 586 , backward 1023.
        Unrouted nets 1577 at the end of iteration 25.
    route iteration 25, CPU time elapsed 1.578125 sec.
    forward max bucket size 483 , backward 2931.
        Unrouted nets 1423 at the end of iteration 26.
    route iteration 26, CPU time elapsed 1.437500 sec.
    forward max bucket size 939 , backward 1550.
        Unrouted nets 1361 at the end of iteration 27.
    route iteration 27, CPU time elapsed 1.343750 sec.
    forward max bucket size 287 , backward 1728.
        Unrouted nets 1306 at the end of iteration 28.
    route iteration 28, CPU time elapsed 1.265625 sec.
    forward max bucket size 999 , backward 943.
        Unrouted nets 1218 at the end of iteration 29.
    route iteration 29, CPU time elapsed 1.218750 sec.
    forward max bucket size 1960 , backward 5170.
        Unrouted nets 1179 at the end of iteration 30.
    route iteration 30, CPU time elapsed 1.187500 sec.
    forward max bucket size 274 , backward 960.
        Unrouted nets 1095 at the end of iteration 31.
    route iteration 31, CPU time elapsed 1.156250 sec.
    forward max bucket size 902 , backward 2127.
        Unrouted nets 1015 at the end of iteration 32.
    route iteration 32, CPU time elapsed 1.062500 sec.
    forward max bucket size 514 , backward 1298.
        Unrouted nets 967 at the end of iteration 33.
    route iteration 33, CPU time elapsed 1.046875 sec.
    forward max bucket size 328 , backward 765.
        Unrouted nets 856 at the end of iteration 34.
    route iteration 34, CPU time elapsed 0.890625 sec.
    forward max bucket size 150 , backward 348.
        Unrouted nets 849 at the end of iteration 35.
    route iteration 35, CPU time elapsed 0.906250 sec.
    forward max bucket size 142 , backward 641.
        Unrouted nets 796 at the end of iteration 36.
    route iteration 36, CPU time elapsed 0.890625 sec.
    forward max bucket size 426 , backward 2244.
        Unrouted nets 780 at the end of iteration 37.
    route iteration 37, CPU time elapsed 0.953125 sec.
    forward max bucket size 432 , backward 767.
        Unrouted nets 655 at the end of iteration 38.
    route iteration 38, CPU time elapsed 0.796875 sec.
    forward max bucket size 465 , backward 1122.
        Unrouted nets 641 at the end of iteration 39.
    route iteration 39, CPU time elapsed 0.843750 sec.
    forward max bucket size 1440 , backward 2030.
        Unrouted nets 645 at the end of iteration 40.
    route iteration 40, CPU time elapsed 0.734375 sec.
    forward max bucket size 344 , backward 340.
        Unrouted nets 568 at the end of iteration 41.
    route iteration 41, CPU time elapsed 0.656250 sec.
    forward max bucket size 2566 , backward 4021.
        Unrouted nets 561 at the end of iteration 42.
    route iteration 42, CPU time elapsed 0.656250 sec.
    forward max bucket size 1222 , backward 2580.
        Unrouted nets 546 at the end of iteration 43.
    route iteration 43, CPU time elapsed 0.593750 sec.
    forward max bucket size 1287 , backward 2581.
        Unrouted nets 507 at the end of iteration 44.
    route iteration 44, CPU time elapsed 0.609375 sec.
    forward max bucket size 362 , backward 825.
        Unrouted nets 465 at the end of iteration 45.
    route iteration 45, CPU time elapsed 0.609375 sec.
    forward max bucket size 216 , backward 1285.
        Unrouted nets 438 at the end of iteration 46.
    route iteration 46, CPU time elapsed 0.546875 sec.
    forward max bucket size 608 , backward 1257.
        Unrouted nets 392 at the end of iteration 47.
    route iteration 47, CPU time elapsed 0.468750 sec.
    forward max bucket size 182 , backward 1088.
        Unrouted nets 402 at the end of iteration 48.
    route iteration 48, CPU time elapsed 0.468750 sec.
    forward max bucket size 179 , backward 738.
        Unrouted nets 370 at the end of iteration 49.
    route iteration 49, CPU time elapsed 0.406250 sec.
    forward max bucket size 488 , backward 1741.
        Unrouted nets 349 at the end of iteration 50.
    route iteration 50, CPU time elapsed 0.531250 sec.
    forward max bucket size 487 , backward 195.
        Unrouted nets 298 at the end of iteration 51.
    route iteration 51, CPU time elapsed 0.390625 sec.
    forward max bucket size 275 , backward 2995.
        Unrouted nets 325 at the end of iteration 52.
    route iteration 52, CPU time elapsed 0.390625 sec.
    forward max bucket size 190 , backward 1506.
        Unrouted nets 284 at the end of iteration 53.
    route iteration 53, CPU time elapsed 0.343750 sec.
    forward max bucket size 169 , backward 218.
        Unrouted nets 227 at the end of iteration 54.
    route iteration 54, CPU time elapsed 0.343750 sec.
    forward max bucket size 245 , backward 105.
        Unrouted nets 214 at the end of iteration 55.
    route iteration 55, CPU time elapsed 0.328125 sec.
    forward max bucket size 425 , backward 74.
        Unrouted nets 173 at the end of iteration 56.
    route iteration 56, CPU time elapsed 0.281250 sec.
    forward max bucket size 494 , backward 72.
        Unrouted nets 163 at the end of iteration 57.
    route iteration 57, CPU time elapsed 0.203125 sec.
    forward max bucket size 139 , backward 125.
        Unrouted nets 141 at the end of iteration 58.
    route iteration 58, CPU time elapsed 0.234375 sec.
    forward max bucket size 170 , backward 178.
        Unrouted nets 140 at the end of iteration 59.
    route iteration 59, CPU time elapsed 0.218750 sec.
    forward max bucket size 372 , backward 89.
        Unrouted nets 152 at the end of iteration 60.
    route iteration 60, CPU time elapsed 0.218750 sec.
    forward max bucket size 379 , backward 100.
        Unrouted nets 142 at the end of iteration 61.
    route iteration 61, CPU time elapsed 0.203125 sec.
    forward max bucket size 184 , backward 220.
        Unrouted nets 139 at the end of iteration 62.
    route iteration 62, CPU time elapsed 0.218750 sec.
    forward max bucket size 135 , backward 154.
        Unrouted nets 138 at the end of iteration 63.
    route iteration 63, CPU time elapsed 0.234375 sec.
    forward max bucket size 109 , backward 130.
        Unrouted nets 148 at the end of iteration 64.
    route iteration 64, CPU time elapsed 0.265625 sec.
    forward max bucket size 112 , backward 394.
        Unrouted nets 145 at the end of iteration 65.
    route iteration 65, CPU time elapsed 0.296875 sec.
    forward max bucket size 111 , backward 134.
        Unrouted nets 138 at the end of iteration 66.
    route iteration 66, CPU time elapsed 0.265625 sec.
    forward max bucket size 173 , backward 136.
        Unrouted nets 133 at the end of iteration 67.
    route iteration 67, CPU time elapsed 0.234375 sec.
    forward max bucket size 82 , backward 152.
        Unrouted nets 129 at the end of iteration 68.
    route iteration 68, CPU time elapsed 0.218750 sec.
    forward max bucket size 77 , backward 82.
        Unrouted nets 102 at the end of iteration 69.
    route iteration 69, CPU time elapsed 0.171875 sec.
    forward max bucket size 102 , backward 83.
        Unrouted nets 81 at the end of iteration 70.
    route iteration 70, CPU time elapsed 0.203125 sec.
    forward max bucket size 107 , backward 42.
        Unrouted nets 65 at the end of iteration 71.
    route iteration 71, CPU time elapsed 0.187500 sec.
    forward max bucket size 107 , backward 78.
        Unrouted nets 54 at the end of iteration 72.
    route iteration 72, CPU time elapsed 0.171875 sec.
    forward max bucket size 107 , backward 76.
        Unrouted nets 51 at the end of iteration 73.
    route iteration 73, CPU time elapsed 0.187500 sec.
    forward max bucket size 109 , backward 35.
        Unrouted nets 48 at the end of iteration 74.
    route iteration 74, CPU time elapsed 0.171875 sec.
    forward max bucket size 62 , backward 65.
        Unrouted nets 47 at the end of iteration 75.
    route iteration 75, CPU time elapsed 0.187500 sec.
    forward max bucket size 48 , backward 66.
        Unrouted nets 39 at the end of iteration 76.
    route iteration 76, CPU time elapsed 0.156250 sec.
    forward max bucket size 58 , backward 30.
        Unrouted nets 28 at the end of iteration 77.
    route iteration 77, CPU time elapsed 0.171875 sec.
    forward max bucket size 69 , backward 53.
        Unrouted nets 21 at the end of iteration 78.
    route iteration 78, CPU time elapsed 0.156250 sec.
    forward max bucket size 88 , backward 73.
        Unrouted nets 18 at the end of iteration 79.
    route iteration 79, CPU time elapsed 0.140625 sec.
    forward max bucket size 121 , backward 81.
        Unrouted nets 16 at the end of iteration 80.
    route iteration 80, CPU time elapsed 0.140625 sec.
    forward max bucket size 49 , backward 21.
        Unrouted nets 16 at the end of iteration 81.
    route iteration 81, CPU time elapsed 0.125000 sec.
    forward max bucket size 50 , backward 29.
        Unrouted nets 16 at the end of iteration 82.
    route iteration 82, CPU time elapsed 0.125000 sec.
    forward max bucket size 41 , backward 27.
        Unrouted nets 10 at the end of iteration 83.
    route iteration 83, CPU time elapsed 0.125000 sec.
    forward max bucket size 87 , backward 27.
        Unrouted nets 6 at the end of iteration 84.
    route iteration 84, CPU time elapsed 0.125000 sec.
    forward max bucket size 48 , backward 45.
        Unrouted nets 5 at the end of iteration 85.
    route iteration 85, CPU time elapsed 0.125000 sec.
    forward max bucket size 87 , backward 37.
        Unrouted nets 10 at the end of iteration 86.
    route iteration 86, CPU time elapsed 0.125000 sec.
    forward max bucket size 46 , backward 39.
        Unrouted nets 10 at the end of iteration 87.
    route iteration 87, CPU time elapsed 0.140625 sec.
    forward max bucket size 46 , backward 66.
        Unrouted nets 10 at the end of iteration 88.
    route iteration 88, CPU time elapsed 0.156250 sec.
    forward max bucket size 56 , backward 37.
        Unrouted nets 6 at the end of iteration 89.
    route iteration 89, CPU time elapsed 0.156250 sec.
    forward max bucket size 69 , backward 41.
        Unrouted nets 5 at the end of iteration 90.
    route iteration 90, CPU time elapsed 0.140625 sec.
    forward max bucket size 69 , backward 42.
        Unrouted nets 5 at the end of iteration 91.
    route iteration 91, CPU time elapsed 0.156250 sec.
    forward max bucket size 8 , backward 50.
        Unrouted nets 2 at the end of iteration 92.
    route iteration 92, CPU time elapsed 0.125000 sec.
    forward max bucket size 10 , backward 19.
        Unrouted nets 3 at the end of iteration 93.
    route iteration 93, CPU time elapsed 0.140625 sec.
    forward max bucket size 14 , backward 15.
        Unrouted nets 2 at the end of iteration 94.
    route iteration 94, CPU time elapsed 0.125000 sec.
    forward max bucket size 11 , backward 25.
        Unrouted nets 2 at the end of iteration 95.
    route iteration 95, CPU time elapsed 0.156250 sec.
    forward max bucket size 14 , backward 22.
        Unrouted nets 0 at the end of iteration 96.
    route iteration 96, CPU time elapsed 0.125000 sec.
Detailed routing takes 96 iterations
Detailed routing takes 135.39 sec.
Start fix hold violation.
Build tmp routing results takes 0.47 sec.
Timing analysis takes 3.62 sec.
No hold violation.
Hold Violation Fix in router takes 0 iterations.
Fix hold violation Finished.
Hold Violation Fix in router takes 4.73 sec.

Dispose routing result:
    Collect routing result.
    Delete unused device instances.
    Annotate routing result.
    Change LUT configuration.
    Dispose misc instances.
    Annotate routing result again.
Finish routing takes 1.48 sec.
Used SRB routing arc is 351506.
Cleanup routing takes 0.02 sec.
Routing done.
Total routing takes 167.81 sec.


Device Utilization Summary :
+---------------------------------------------------------------------------+
| Logic Utilization        | Used     | Available     | Utilization(%)     
+---------------------------------------------------------------------------+
| Use of APM               | 4        | 84            | 5                  
| Use of BKCL              | 3        | 4             | 75                 
| Use of CLMA              | 1641     | 6450          | 26                 
|   FF                     | 1397     | 38700         | 4                  
|   LUT                    | 5660     | 25800         | 22                 
|   LUT-FF pairs           | 1010     | 25800         | 4                  
| Use of CLMS              | 3265     | 4250          | 77                 
|   FF                     | 155      | 25500         | 1                  
|   LUT                    | 9948     | 17000         | 59                 
|   LUT-FF pairs           | 20       | 17000         | 1                  
|   Distributed RAM        | 8480     | 17000         | 50                 
| Use of CRYSTAL           | 0        | 2             | 0                  
| Use of DLL               | 0        | 10            | 0                  
| Use of DQSL              | 0        | 18            | 0                  
| Use of DRM               | 1        | 134           | 1                  
| Use of FUSECODE          | 0        | 1             | 0                  
| Use of HARD0N1           | 183      | 6672          | 3                  
| Use of HSST              | 0        | 1             | 0                  
| Use of IO                | 24       | 296           | 9                  
|   IOBD                   | 11       | 64            | 18                 
|   IOBR_LR                | 0        | 7             | 0                  
|   IOBR_TB                | 1        | 8             | 13                 
|   IOBS_LR                | 3        | 161           | 2                  
|   IOBS_TB                | 9        | 56            | 17                 
| Use of IOCKDIV           | 0        | 20            | 0                  
| Use of IOCKDLY           | 0        | 40            | 0                  
| Use of IOCKGATE          | 0        | 20            | 0                  
| Use of IOCKGMUX_TEST     | 0        | 20            | 0                  
| Use of IOL               | 24       | 400           | 6                  
| Use of IPAL              | 0        | 1             | 0                  
| Use of LDO               | 0        | 4             | 0                  
| Use of MFG_TEST          | 0        | 1             | 0                  
| Use of OSC               | 0        | 1             | 0                  
| Use of PCIE              | 0        | 1             | 0                  
| Use of PIOMUX_TEST       | 0        | 10            | 0                  
| Use of PLL               | 0        | 5             | 0                  
| Use of PREGMUX_TEST      | 0        | 6             | 0                  
| Use of RCKB              | 0        | 24            | 0                  
| Use of RCKBMUX_TEST      | 0        | 12            | 0                  
| Use of RESCAL            | 0        | 4             | 0                  
| Use of SCANCHAIN         | 0        | 2             | 0                  
| Use of START             | 1        | 1             | 100                
| Use of UDID              | 0        | 1             | 0                  
| Use of USCM              | 2        | 30            | 7                  
| Use of USCMMUX_TEST      | 0        | 30            | 0                  
| Use of VCKBMUX_TEST      | 0        | 12            | 0                  
+---------------------------------------------------------------------------+

Finished routing. (CPU time elapsed 0h:02m:47s)
Design 'tinyriscv_soc_top' has been placed and routed successfully.
Saving design to DB.
Finished placement and routing. (CPU time elapsed 0h:05m:04s)
Action pnr: Real time elapsed is 0h:5m:11s
Action pnr: CPU time elapsed is 0h:5m:5s
Action pnr: Process CPU time elapsed is 0h:5m:5s
Current time: Thu Nov  2 03:34:02 2023
Action pnr: Peak memory pool usage is 1,784 MB
