#Build: Fabric Compiler 2022.1, Build 99559, Jul 12 00:20 2022
#Install: E:\Pango\PDS_2022.1\bin
#Application name: pds_shell.exe
#OS: Windows 10 10.0.22621
#Hostname: GGB
Generated by Fabric Compiler (version 2022.1 build 99559) at Fri Oct 27 17:19:58 2023
Compiling verification operator library.
Compiling common defs.
Compiling prim grid devices.
Compiling gate devices.
Compiling gate operators.
Building architecture model.
Loading device packaging model.
Building architecture floorplan logic view.
Constraint check start.
Executing : def_port {gpio[0]} LOC=AB8 VCCIO=3.3 IOSTANDARD=LVCMOS33 DRIVE=8 SLEW=SLOW NONE=TRUE
Executing : def_port {gpio[0]} LOC=AB8 VCCIO=3.3 IOSTANDARD=LVCMOS33 DRIVE=8 SLEW=SLOW NONE=TRUE successfully
Executing : def_port {gpio[1]} LOC=AA8 VCCIO=3.3 IOSTANDARD=LVCMOS33 DRIVE=8 SLEW=SLOW NONE=TRUE
Executing : def_port {gpio[1]} LOC=AA8 VCCIO=3.3 IOSTANDARD=LVCMOS33 DRIVE=8 SLEW=SLOW NONE=TRUE successfully
Executing : def_port {gpio[2]} LOC=Y6 VCCIO=3.3 IOSTANDARD=LVCMOS33 DRIVE=8 SLEW=SLOW NONE=TRUE
Executing : def_port {gpio[2]} LOC=Y6 VCCIO=3.3 IOSTANDARD=LVCMOS33 DRIVE=8 SLEW=SLOW NONE=TRUE successfully
Executing : def_port {gpio[3]} LOC=W6 VCCIO=3.3 IOSTANDARD=LVCMOS33 DRIVE=8 SLEW=SLOW NONE=TRUE
Executing : def_port {gpio[3]} LOC=W6 VCCIO=3.3 IOSTANDARD=LVCMOS33 DRIVE=8 SLEW=SLOW NONE=TRUE successfully
Executing : def_port {gpio[4]} LOC=AB5 VCCIO=3.3 IOSTANDARD=LVCMOS33 DRIVE=8 SLEW=SLOW NONE=TRUE
C: ConstraintEditor-2002: [E:/PangoPro/tinyriscv/device_map/tinyriscv_soc_top.pcf(line number: 7)] | Port gpio[4] has been placed at location AB5, whose type is share pin.
Executing : def_port {gpio[4]} LOC=AB5 VCCIO=3.3 IOSTANDARD=LVCMOS33 DRIVE=8 SLEW=SLOW NONE=TRUE successfully
Executing : def_port {gpio[5]} LOC=Y5 VCCIO=3.3 IOSTANDARD=LVCMOS33 DRIVE=8 SLEW=SLOW NONE=TRUE
C: ConstraintEditor-2002: [E:/PangoPro/tinyriscv/device_map/tinyriscv_soc_top.pcf(line number: 8)] | Port gpio[5] has been placed at location Y5, whose type is share pin.
Executing : def_port {gpio[5]} LOC=Y5 VCCIO=3.3 IOSTANDARD=LVCMOS33 DRIVE=8 SLEW=SLOW NONE=TRUE successfully
Executing : def_port {gpio[6]} LOC=AB4 VCCIO=3.3 IOSTANDARD=LVCMOS33 DRIVE=8 SLEW=SLOW NONE=TRUE
Executing : def_port {gpio[6]} LOC=AB4 VCCIO=3.3 IOSTANDARD=LVCMOS33 DRIVE=8 SLEW=SLOW NONE=TRUE successfully
Executing : def_port {gpio[7]} LOC=AA4 VCCIO=3.3 IOSTANDARD=LVCMOS33 DRIVE=8 SLEW=SLOW NONE=TRUE
Executing : def_port {gpio[7]} LOC=AA4 VCCIO=3.3 IOSTANDARD=LVCMOS33 DRIVE=8 SLEW=SLOW NONE=TRUE successfully
Executing : def_port {halted_ind} LOC=B3 VCCIO=3.3 IOSTANDARD=LVCMOS33 DRIVE=8 SLEW=SLOW NONE=TRUE
Executing : def_port {halted_ind} LOC=B3 VCCIO=3.3 IOSTANDARD=LVCMOS33 DRIVE=8 SLEW=SLOW NONE=TRUE successfully
Executing : def_port {over} LOC=B2 VCCIO=3.3 IOSTANDARD=LVCMOS33 DRIVE=8 SLEW=SLOW NONE=TRUE
Executing : def_port {over} LOC=B2 VCCIO=3.3 IOSTANDARD=LVCMOS33 DRIVE=8 SLEW=SLOW NONE=TRUE successfully
Executing : def_port {spi_clk} LOC=R11 VCCIO=3.3 IOSTANDARD=LVCMOS33 DRIVE=8 SLEW=SLOW NONE=TRUE
Executing : def_port {spi_clk} LOC=R11 VCCIO=3.3 IOSTANDARD=LVCMOS33 DRIVE=8 SLEW=SLOW NONE=TRUE successfully
Executing : def_port {spi_mosi} LOC=W10 VCCIO=3.3 IOSTANDARD=LVCMOS33 DRIVE=8 SLEW=SLOW NONE=TRUE
Executing : def_port {spi_mosi} LOC=W10 VCCIO=3.3 IOSTANDARD=LVCMOS33 DRIVE=8 SLEW=SLOW NONE=TRUE successfully
Executing : def_port {spi_ss} LOC=Y10 VCCIO=3.3 IOSTANDARD=LVCMOS33 DRIVE=8 SLEW=SLOW NONE=TRUE
Executing : def_port {spi_ss} LOC=Y10 VCCIO=3.3 IOSTANDARD=LVCMOS33 DRIVE=8 SLEW=SLOW NONE=TRUE successfully
Executing : def_port {succ} LOC=A2 VCCIO=3.3 IOSTANDARD=LVCMOS33 DRIVE=8 SLEW=SLOW NONE=TRUE
Executing : def_port {succ} LOC=A2 VCCIO=3.3 IOSTANDARD=LVCMOS33 DRIVE=8 SLEW=SLOW NONE=TRUE successfully
Executing : def_port {uart_tx_pin} LOC=R9 VCCIO=3.3 IOSTANDARD=LVCMOS33 DRIVE=8 SLEW=SLOW NONE=TRUE
Executing : def_port {uart_tx_pin} LOC=R9 VCCIO=3.3 IOSTANDARD=LVCMOS33 DRIVE=8 SLEW=SLOW NONE=TRUE successfully
Executing : def_port {clk} LOC=P20 VCCIO=3.3 IOSTANDARD=LVCMOS33 NONE=TRUE
Executing : def_port {clk} LOC=P20 VCCIO=3.3 IOSTANDARD=LVCMOS33 NONE=TRUE successfully
Executing : def_port {rst} LOC=K18 VCCIO=3.3 IOSTANDARD=LVCMOS33 NONE=TRUE
C: ConstraintEditor-2002: [E:/PangoPro/tinyriscv/device_map/tinyriscv_soc_top.pcf(line number: 19)] | Port rst has been placed at location K18, whose type is share pin.
Executing : def_port {rst} LOC=K18 VCCIO=3.3 IOSTANDARD=LVCMOS33 NONE=TRUE successfully
Executing : def_port {spi_miso} LOC=T11 VCCIO=3.3 IOSTANDARD=LVCMOS33 NONE=TRUE
Executing : def_port {spi_miso} LOC=T11 VCCIO=3.3 IOSTANDARD=LVCMOS33 NONE=TRUE successfully
Executing : def_port {uart_debug_pin} LOC=L15 VCCIO=3.3 IOSTANDARD=LVCMOS33 NONE=TRUE
Executing : def_port {uart_debug_pin} LOC=L15 VCCIO=3.3 IOSTANDARD=LVCMOS33 NONE=TRUE successfully
Executing : def_port {uart_rx_pin} LOC=R8 VCCIO=3.3 IOSTANDARD=LVCMOS33 NONE=TRUE
Executing : def_port {uart_rx_pin} LOC=R8 VCCIO=3.3 IOSTANDARD=LVCMOS33 NONE=TRUE successfully
Constraint check end.
I: Column Clock Check open.
Read Column Clock Map.

Placement started.
Phase 1 Pre global placement started.
I: Infer CARRY group, base inst: u_uart_debug/rx_data_1/iGopDrm, insts:2.
Phase 1.1 1st GP placement started.
Design Utilization : 36%.
Wirelength after clock region global placement is 124489.
1st GP placement takes 27.98 sec.

Phase 1.2 Clock placement started.
Mapping instance clkbufg_0/gopclkbufg to USCM_84_108.
Clock placement takes 0.20 sec.

Pre global placement takes 30.09 sec.

Phase 2 Global placement started.
Phase 2.1 Fixed placement started.
Placed fixed group with base inst clk_ibuf/opit_1 on IOL_327_210.
Placed fixed group with base inst gpio_tri[0]/opit_1 on IOL_119_5.
Placed fixed group with base inst gpio_tri[1]/opit_1 on IOL_119_6.
Placed fixed group with base inst gpio_tri[2]/opit_1 on IOL_39_5.
Placed fixed group with base inst gpio_tri[3]/opit_1 on IOL_39_6.
Placed fixed group with base inst gpio_tri[4]/opit_1 on IOL_35_5.
Placed fixed group with base inst gpio_tri[5]/opit_1 on IOL_35_6.
Placed fixed group with base inst gpio_tri[6]/opit_1 on IOL_23_5.
Placed fixed group with base inst gpio_tri[7]/opit_1 on IOL_23_6.
Placed fixed group with base inst halted_ind_obuf/opit_1 on IOL_35_374.
Placed fixed group with base inst over_obuf/opit_1 on IOL_19_374.
Placed fixed group with base inst rst_ibuf/opit_1 on IOL_327_257.
Placed fixed group with base inst spi_clk_obuf/opit_1 on IOL_187_6.
Placed fixed group with base inst spi_miso_ibuf/opit_1 on IOL_187_5.
Placed fixed group with base inst spi_mosi_obuf/opit_1 on IOL_123_6.
Placed fixed group with base inst spi_ss_obuf/opit_1 on IOL_123_5.
Placed fixed group with base inst succ_obuf/opit_1 on IOL_19_373.
Placed fixed group with base inst uart_debug_pin_ibuf/opit_1 on IOL_327_134.
Placed fixed group with base inst uart_rx_pin_ibuf/opit_1 on IOL_43_5.
Placed fixed group with base inst uart_tx_pin_obuf/opit_1 on IOL_43_6.
Placed fixed instance clkbufg_0/gopclkbufg on USCM_84_108.
Placed fixed instance BKCL_auto_0 on BKCL_188_376.
Placed fixed instance BKCL_auto_1 on BKCL_328_184.
Placed fixed instance BKCL_auto_2 on BKCL_192_0.
Fixed placement takes 0.00 sec.

Phase 2.2 Process placement started.
Process placement takes 0.00 sec.

Phase 2.3 IO placement started.
IO placement takes 0.06 sec.

Phase 2.4 2nd GP placement started.
Run super clustering :
	Initial slack -10089.
	6 iterations finished.
	Final slack -4955.
Super clustering done.
Design Utilization : 36%.
2nd GP placement takes 25.31 sec.

Wirelength after global placement is 134837.
Global placement takes 25.38 sec.

Phase 3 Post global placement started.
Phase 3.1 Macro cell placement started.
Wirelength after macro cell placement is 137540.
Macro cell placement takes 0.02 sec.

Phase 3.2 3rd GP placement started.
Run super clustering :
	Initial slack -10089.
	6 iterations finished.
	Final slack -4955.
Super clustering done.
Design Utilization : 36%.
3rd GP placement takes 20.78 sec.

Wirelength after post global placement is 117814.
Post global placement takes 20.81 sec.

Phase 4 Legalization started.
The average distance in LP is 6.191571.
Wirelength after legalization is 197598.
Legalization takes 4.67 sec.

Phase 5 Timing-driven detailed placement started.
Phase 5.1 Replication placement started.
Worst slack before Replication Place is -1099.
Replication placement takes 1.69 sec.

Wirelength after replication placement is 197598.
Phase 5.2 DP placement started.
Legalized cost -1099.000000.
The detailed placement ends at 1th iteration.
DP placement takes 14.12 sec.

Wirelength after detailed placement is 206026.
Timing-driven detailed placement takes 15.83 sec.

Worst slack is 1935, TNS after placement is 0.
Placement done.
Total placement takes 101.80 sec.
Finished placement. (CPU time elapsed 0h:01m:41s)

Routing started.
Building routing graph takes 3.11 sec.
Worst slack is 1935, TNS before global route is 0.
Processing design graph takes 1.05 sec.
Total memory for routing:
	128.442160 M.
Total nets for routing : 14761.
Rcf routing step 1 processed 0 nets, it takes 0.00 sec.
Rcf routing step 2 processed 0 nets, it takes 0.00 sec.
Rcf routing step 3 processed 0 nets, it takes 0.00 sec.
Unrouted nets 0 at the end of iteration 0.
Global Routing step 1 processed 114 nets, it takes 0.30 sec.
Unrouted nets 72 at the end of iteration 0.
Unrouted nets 52 at the end of iteration 1.
Unrouted nets 48 at the end of iteration 2.
Unrouted nets 44 at the end of iteration 3.
Unrouted nets 25 at the end of iteration 4.
Unrouted nets 18 at the end of iteration 5.
Unrouted nets 13 at the end of iteration 6.
Unrouted nets 12 at the end of iteration 7.
Unrouted nets 9 at the end of iteration 8.
Unrouted nets 9 at the end of iteration 9.
Unrouted nets 5 at the end of iteration 10.
Unrouted nets 3 at the end of iteration 11.
Unrouted nets 3 at the end of iteration 12.
Unrouted nets 3 at the end of iteration 13.
Unrouted nets 1 at the end of iteration 14.
Unrouted nets 1 at the end of iteration 15.
Unrouted nets 1 at the end of iteration 16.
Unrouted nets 1 at the end of iteration 17.
Unrouted nets 1 at the end of iteration 18.
Unrouted nets 1 at the end of iteration 19.
Unrouted nets 1 at the end of iteration 20.
Unrouted nets 1 at the end of iteration 21.
Unrouted nets 1 at the end of iteration 22.
Unrouted nets 1 at the end of iteration 23.
Unrouted nets 1 at the end of iteration 24.
Unrouted nets 1 at the end of iteration 25.
Unrouted nets 1 at the end of iteration 26.
Unrouted nets 1 at the end of iteration 27.
Unrouted nets 1 at the end of iteration 28.
Unrouted nets 1 at the end of iteration 29.
Unrouted nets 1 at the end of iteration 30.
Unrouted nets 1 at the end of iteration 31.
Unrouted nets 1 at the end of iteration 32.
Unrouted nets 1 at the end of iteration 33.
Unrouted nets 1 at the end of iteration 34.
Unrouted nets 1 at the end of iteration 35.
Unrouted nets 1 at the end of iteration 36.
Unrouted nets 1 at the end of iteration 37.
Unrouted nets 1 at the end of iteration 38.
Unrouted nets 1 at the end of iteration 39.
Unrouted nets 1 at the end of iteration 40.
Unrouted nets 1 at the end of iteration 41.
Unrouted nets 1 at the end of iteration 42.
Unrouted nets 1 at the end of iteration 43.
Unrouted nets 1 at the end of iteration 44.
Unrouted nets 1 at the end of iteration 45.
Unrouted nets 1 at the end of iteration 46.
Unrouted nets 1 at the end of iteration 47.
Unrouted nets 1 at the end of iteration 48.
Unrouted nets 1 at the end of iteration 49.
Unrouted nets 1 at the end of iteration 50.
Unrouted nets 1 at the end of iteration 51.
Unrouted nets 1 at the end of iteration 52.
Unrouted nets 1 at the end of iteration 53.
Unrouted nets 1 at the end of iteration 54.
Unrouted nets 1 at the end of iteration 55.
Unrouted nets 1 at the end of iteration 56.
Unrouted nets 1 at the end of iteration 57.
Unrouted nets 1 at the end of iteration 58.
Unrouted nets 1 at the end of iteration 59.
Unrouted nets 1 at the end of iteration 60.
Unrouted nets 1 at the end of iteration 61.
Unrouted nets 1 at the end of iteration 62.
Unrouted nets 1 at the end of iteration 63.
Unrouted nets 1 at the end of iteration 64.
Unrouted nets 1 at the end of iteration 65.
Unrouted nets 1 at the end of iteration 66.
Unrouted nets 1 at the end of iteration 67.
Unrouted nets 1 at the end of iteration 68.
Unrouted nets 1 at the end of iteration 69.
Unrouted nets 1 at the end of iteration 70.
Unrouted nets 1 at the end of iteration 71.
Unrouted nets 1 at the end of iteration 72.
Unrouted nets 1 at the end of iteration 73.
Unrouted nets 1 at the end of iteration 74.
Unrouted nets 1 at the end of iteration 75.
Unrouted nets 1 at the end of iteration 76.
Unrouted nets 1 at the end of iteration 77.
Unrouted nets 1 at the end of iteration 78.
Unrouted nets 1 at the end of iteration 79.
Unrouted nets 1 at the end of iteration 80.
Unrouted nets 1 at the end of iteration 81.
Unrouted nets 1 at the end of iteration 82.
Unrouted nets 1 at the end of iteration 83.
Unrouted nets 1 at the end of iteration 84.
Unrouted nets 1 at the end of iteration 85.
Unrouted nets 1 at the end of iteration 86.
Unrouted nets 1 at the end of iteration 87.
Unrouted nets 1 at the end of iteration 88.
Unrouted nets 1 at the end of iteration 89.
Unrouted nets 1 at the end of iteration 90.
Unrouted nets 1 at the end of iteration 91.
Unrouted nets 1 at the end of iteration 92.
Unrouted nets 1 at the end of iteration 93.
Unrouted nets 1 at the end of iteration 94.
Unrouted nets 1 at the end of iteration 95.
Unrouted nets 1 at the end of iteration 96.
Unrouted nets 1 at the end of iteration 97.
Unrouted nets 1 at the end of iteration 98.
Unrouted nets 1 at the end of iteration 99.
Unrouted nets 1 at the end of iteration 100.
Unrouted nets 0 at the end of iteration 101.
Global Routing step 2 processed 386 nets, it takes 3.27 sec.
Unrouted nets 248 at the end of iteration 0.
Unrouted nets 174 at the end of iteration 1.
Unrouted nets 138 at the end of iteration 2.
Unrouted nets 118 at the end of iteration 3.
Unrouted nets 96 at the end of iteration 4.
Unrouted nets 92 at the end of iteration 5.
Unrouted nets 99 at the end of iteration 6.
Unrouted nets 80 at the end of iteration 7.
Unrouted nets 79 at the end of iteration 8.
Unrouted nets 84 at the end of iteration 9.
Unrouted nets 79 at the end of iteration 10.
Unrouted nets 64 at the end of iteration 11.
Unrouted nets 50 at the end of iteration 12.
Unrouted nets 53 at the end of iteration 13.
Unrouted nets 63 at the end of iteration 14.
Unrouted nets 48 at the end of iteration 15.
Unrouted nets 56 at the end of iteration 16.
Unrouted nets 48 at the end of iteration 17.
Unrouted nets 39 at the end of iteration 18.
Unrouted nets 31 at the end of iteration 19.
Unrouted nets 36 at the end of iteration 20.
Unrouted nets 25 at the end of iteration 21.
Unrouted nets 20 at the end of iteration 22.
Unrouted nets 19 at the end of iteration 23.
Unrouted nets 13 at the end of iteration 24.
Unrouted nets 12 at the end of iteration 25.
Unrouted nets 9 at the end of iteration 26.
Unrouted nets 5 at the end of iteration 27.
Unrouted nets 10 at the end of iteration 28.
Unrouted nets 10 at the end of iteration 29.
Unrouted nets 15 at the end of iteration 30.
Unrouted nets 14 at the end of iteration 31.
Unrouted nets 12 at the end of iteration 32.
Unrouted nets 7 at the end of iteration 33.
Unrouted nets 9 at the end of iteration 34.
Unrouted nets 8 at the end of iteration 35.
Unrouted nets 10 at the end of iteration 36.
Unrouted nets 5 at the end of iteration 37.
Unrouted nets 5 at the end of iteration 38.
Unrouted nets 6 at the end of iteration 39.
Unrouted nets 4 at the end of iteration 40.
Unrouted nets 4 at the end of iteration 41.
Unrouted nets 3 at the end of iteration 42.
Unrouted nets 3 at the end of iteration 43.
Unrouted nets 4 at the end of iteration 44.
Unrouted nets 3 at the end of iteration 45.
Unrouted nets 3 at the end of iteration 46.
Unrouted nets 3 at the end of iteration 47.
Unrouted nets 3 at the end of iteration 48.
Unrouted nets 3 at the end of iteration 49.
Unrouted nets 3 at the end of iteration 50.
Unrouted nets 3 at the end of iteration 51.
Unrouted nets 4 at the end of iteration 52.
Unrouted nets 2 at the end of iteration 53.
Unrouted nets 2 at the end of iteration 54.
Unrouted nets 2 at the end of iteration 55.
Unrouted nets 2 at the end of iteration 56.
Unrouted nets 2 at the end of iteration 57.
Unrouted nets 2 at the end of iteration 58.
Unrouted nets 2 at the end of iteration 59.
Unrouted nets 2 at the end of iteration 60.
Unrouted nets 2 at the end of iteration 61.
Unrouted nets 2 at the end of iteration 62.
Unrouted nets 2 at the end of iteration 63.
Unrouted nets 2 at the end of iteration 64.
Unrouted nets 2 at the end of iteration 65.
Unrouted nets 2 at the end of iteration 66.
Unrouted nets 2 at the end of iteration 67.
Unrouted nets 2 at the end of iteration 68.
Unrouted nets 2 at the end of iteration 69.
Unrouted nets 1 at the end of iteration 70.
Unrouted nets 1 at the end of iteration 71.
Unrouted nets 1 at the end of iteration 72.
Unrouted nets 1 at the end of iteration 73.
Unrouted nets 1 at the end of iteration 74.
Unrouted nets 2 at the end of iteration 75.
Unrouted nets 1 at the end of iteration 76.
Unrouted nets 1 at the end of iteration 77.
Unrouted nets 1 at the end of iteration 78.
Unrouted nets 1 at the end of iteration 79.
Unrouted nets 1 at the end of iteration 80.
Unrouted nets 1 at the end of iteration 81.
Unrouted nets 1 at the end of iteration 82.
Unrouted nets 1 at the end of iteration 83.
Unrouted nets 0 at the end of iteration 84.
Global Routing step 3 processed 332 nets, it takes 42.86 sec.
Global routing takes 46.48 sec.
Total 22164 subnets.
    forward max bucket size 2776 , backward 3947.
        Unrouted nets 17802 at the end of iteration 0.
    route iteration 0, CPU time elapsed 7.593750 sec.
    forward max bucket size 2959 , backward 4463.
        Unrouted nets 16005 at the end of iteration 1.
    route iteration 1, CPU time elapsed 4.484375 sec.
    forward max bucket size 3068 , backward 4667.
        Unrouted nets 14598 at the end of iteration 2.
    route iteration 2, CPU time elapsed 4.812500 sec.
    forward max bucket size 3349 , backward 5511.
        Unrouted nets 13548 at the end of iteration 3.
    route iteration 3, CPU time elapsed 5.250000 sec.
    forward max bucket size 3392 , backward 7243.
        Unrouted nets 12546 at the end of iteration 4.
    route iteration 4, CPU time elapsed 5.750000 sec.
    forward max bucket size 3630 , backward 7016.
        Unrouted nets 11603 at the end of iteration 5.
    route iteration 5, CPU time elapsed 6.937500 sec.
    forward max bucket size 3374 , backward 3628.
        Unrouted nets 10234 at the end of iteration 6.
    route iteration 6, CPU time elapsed 5.484375 sec.
    forward max bucket size 2253 , backward 5148.
        Unrouted nets 8923 at the end of iteration 7.
    route iteration 7, CPU time elapsed 5.390625 sec.
    forward max bucket size 2010 , backward 4979.
        Unrouted nets 7693 at the end of iteration 8.
    route iteration 8, CPU time elapsed 4.890625 sec.
    forward max bucket size 2054 , backward 5675.
        Unrouted nets 6637 at the end of iteration 9.
    route iteration 9, CPU time elapsed 4.609375 sec.
    forward max bucket size 1611 , backward 1330.
        Unrouted nets 5728 at the end of iteration 10.
    route iteration 10, CPU time elapsed 4.125000 sec.
    forward max bucket size 2120 , backward 3449.
        Unrouted nets 5107 at the end of iteration 11.
    route iteration 11, CPU time elapsed 3.906250 sec.
    forward max bucket size 1655 , backward 4385.
        Unrouted nets 4482 at the end of iteration 12.
    route iteration 12, CPU time elapsed 3.546875 sec.
    forward max bucket size 1791 , backward 1034.
        Unrouted nets 3992 at the end of iteration 13.
    route iteration 13, CPU time elapsed 3.046875 sec.
    forward max bucket size 1798 , backward 6534.
        Unrouted nets 3630 at the end of iteration 14.
    route iteration 14, CPU time elapsed 3.000000 sec.
    forward max bucket size 1285 , backward 6490.
        Unrouted nets 3234 at the end of iteration 15.
    route iteration 15, CPU time elapsed 2.750000 sec.
    forward max bucket size 1657 , backward 1630.
        Unrouted nets 2900 at the end of iteration 16.
    route iteration 16, CPU time elapsed 2.296875 sec.
    forward max bucket size 1750 , backward 1502.
        Unrouted nets 2614 at the end of iteration 17.
    route iteration 17, CPU time elapsed 2.265625 sec.
    forward max bucket size 1414 , backward 1658.
        Unrouted nets 2360 at the end of iteration 18.
    route iteration 18, CPU time elapsed 2.265625 sec.
    forward max bucket size 1546 , backward 6368.
        Unrouted nets 2247 at the end of iteration 19.
    route iteration 19, CPU time elapsed 2.031250 sec.
    forward max bucket size 1483 , backward 6366.
        Unrouted nets 2030 at the end of iteration 20.
    route iteration 20, CPU time elapsed 1.921875 sec.
    forward max bucket size 1675 , backward 798.
        Unrouted nets 1882 at the end of iteration 21.
    route iteration 21, CPU time elapsed 1.734375 sec.
    forward max bucket size 2196 , backward 1166.
        Unrouted nets 1751 at the end of iteration 22.
    route iteration 22, CPU time elapsed 1.781250 sec.
    forward max bucket size 2220 , backward 1536.
        Unrouted nets 1647 at the end of iteration 23.
    route iteration 23, CPU time elapsed 1.531250 sec.
    forward max bucket size 1617 , backward 671.
        Unrouted nets 1472 at the end of iteration 24.
    route iteration 24, CPU time elapsed 1.406250 sec.
    forward max bucket size 2160 , backward 669.
        Unrouted nets 1342 at the end of iteration 25.
    route iteration 25, CPU time elapsed 1.250000 sec.
    forward max bucket size 586 , backward 551.
        Unrouted nets 1170 at the end of iteration 26.
    route iteration 26, CPU time elapsed 1.156250 sec.
    forward max bucket size 296 , backward 313.
        Unrouted nets 1046 at the end of iteration 27.
    route iteration 27, CPU time elapsed 1.093750 sec.
    forward max bucket size 304 , backward 237.
        Unrouted nets 960 at the end of iteration 28.
    route iteration 28, CPU time elapsed 0.953125 sec.
    forward max bucket size 1357 , backward 6395.
        Unrouted nets 916 at the end of iteration 29.
    route iteration 29, CPU time elapsed 1.046875 sec.
    forward max bucket size 1589 , backward 6379.
        Unrouted nets 851 at the end of iteration 30.
    route iteration 30, CPU time elapsed 0.921875 sec.
    forward max bucket size 1284 , backward 6365.
        Unrouted nets 778 at the end of iteration 31.
    route iteration 31, CPU time elapsed 0.890625 sec.
    forward max bucket size 1283 , backward 6346.
        Unrouted nets 752 at the end of iteration 32.
    route iteration 32, CPU time elapsed 0.890625 sec.
    forward max bucket size 1952 , backward 670.
        Unrouted nets 680 at the end of iteration 33.
    route iteration 33, CPU time elapsed 0.750000 sec.
    forward max bucket size 388 , backward 540.
        Unrouted nets 685 at the end of iteration 34.
    route iteration 34, CPU time elapsed 0.656250 sec.
    forward max bucket size 801 , backward 1154.
        Unrouted nets 648 at the end of iteration 35.
    route iteration 35, CPU time elapsed 0.687500 sec.
    forward max bucket size 433 , backward 534.
        Unrouted nets 554 at the end of iteration 36.
    route iteration 36, CPU time elapsed 0.546875 sec.
    forward max bucket size 365 , backward 215.
        Unrouted nets 577 at the end of iteration 37.
    route iteration 37, CPU time elapsed 0.562500 sec.
    forward max bucket size 429 , backward 680.
        Unrouted nets 554 at the end of iteration 38.
    route iteration 38, CPU time elapsed 0.515625 sec.
    forward max bucket size 1676 , backward 317.
        Unrouted nets 516 at the end of iteration 39.
    route iteration 39, CPU time elapsed 0.562500 sec.
    forward max bucket size 374 , backward 463.
        Unrouted nets 525 at the end of iteration 40.
    route iteration 40, CPU time elapsed 0.546875 sec.
    forward max bucket size 444 , backward 516.
        Unrouted nets 544 at the end of iteration 41.
    route iteration 41, CPU time elapsed 0.593750 sec.
    forward max bucket size 440 , backward 633.
        Unrouted nets 530 at the end of iteration 42.
    route iteration 42, CPU time elapsed 0.500000 sec.
    forward max bucket size 384 , backward 753.
        Unrouted nets 503 at the end of iteration 43.
    route iteration 43, CPU time elapsed 0.625000 sec.
    forward max bucket size 1238 , backward 972.
        Unrouted nets 482 at the end of iteration 44.
    route iteration 44, CPU time elapsed 0.562500 sec.
    forward max bucket size 195 , backward 665.
        Unrouted nets 464 at the end of iteration 45.
    route iteration 45, CPU time elapsed 0.437500 sec.
    forward max bucket size 193 , backward 602.
        Unrouted nets 437 at the end of iteration 46.
    route iteration 46, CPU time elapsed 0.437500 sec.
    forward max bucket size 180 , backward 668.
        Unrouted nets 394 at the end of iteration 47.
    route iteration 47, CPU time elapsed 0.375000 sec.
    forward max bucket size 1819 , backward 642.
        Unrouted nets 373 at the end of iteration 48.
    route iteration 48, CPU time elapsed 0.359375 sec.
    forward max bucket size 1731 , backward 632.
        Unrouted nets 331 at the end of iteration 49.
    route iteration 49, CPU time elapsed 0.359375 sec.
    forward max bucket size 186 , backward 228.
        Unrouted nets 279 at the end of iteration 50.
    route iteration 50, CPU time elapsed 0.390625 sec.
    forward max bucket size 264 , backward 236.
        Unrouted nets 266 at the end of iteration 51.
    route iteration 51, CPU time elapsed 0.375000 sec.
    forward max bucket size 253 , backward 278.
        Unrouted nets 292 at the end of iteration 52.
    route iteration 52, CPU time elapsed 0.343750 sec.
    forward max bucket size 270 , backward 322.
        Unrouted nets 239 at the end of iteration 53.
    route iteration 53, CPU time elapsed 0.312500 sec.
    forward max bucket size 270 , backward 324.
        Unrouted nets 225 at the end of iteration 54.
    route iteration 54, CPU time elapsed 0.281250 sec.
    forward max bucket size 122 , backward 473.
        Unrouted nets 204 at the end of iteration 55.
    route iteration 55, CPU time elapsed 0.312500 sec.
    forward max bucket size 230 , backward 126.
        Unrouted nets 207 at the end of iteration 56.
    route iteration 56, CPU time elapsed 0.312500 sec.
    forward max bucket size 189 , backward 203.
        Unrouted nets 193 at the end of iteration 57.
    route iteration 57, CPU time elapsed 0.281250 sec.
    forward max bucket size 187 , backward 96.
        Unrouted nets 186 at the end of iteration 58.
    route iteration 58, CPU time elapsed 0.234375 sec.
    forward max bucket size 182 , backward 108.
        Unrouted nets 145 at the end of iteration 59.
    route iteration 59, CPU time elapsed 0.234375 sec.
    forward max bucket size 278 , backward 214.
        Unrouted nets 164 at the end of iteration 60.
    route iteration 60, CPU time elapsed 0.265625 sec.
    forward max bucket size 215 , backward 283.
        Unrouted nets 159 at the end of iteration 61.
    route iteration 61, CPU time elapsed 0.250000 sec.
    forward max bucket size 801 , backward 171.
        Unrouted nets 148 at the end of iteration 62.
    route iteration 62, CPU time elapsed 0.281250 sec.
    forward max bucket size 99 , backward 155.
        Unrouted nets 154 at the end of iteration 63.
    route iteration 63, CPU time elapsed 0.250000 sec.
    forward max bucket size 167 , backward 81.
        Unrouted nets 128 at the end of iteration 64.
    route iteration 64, CPU time elapsed 0.203125 sec.
    forward max bucket size 167 , backward 149.
        Unrouted nets 106 at the end of iteration 65.
    route iteration 65, CPU time elapsed 0.250000 sec.
    forward max bucket size 104 , backward 91.
        Unrouted nets 83 at the end of iteration 66.
    route iteration 66, CPU time elapsed 0.171875 sec.
    forward max bucket size 136 , backward 114.
        Unrouted nets 66 at the end of iteration 67.
    route iteration 67, CPU time elapsed 0.187500 sec.
    forward max bucket size 69 , backward 201.
        Unrouted nets 58 at the end of iteration 68.
    route iteration 68, CPU time elapsed 0.171875 sec.
    forward max bucket size 772 , backward 152.
        Unrouted nets 57 at the end of iteration 69.
    route iteration 69, CPU time elapsed 0.156250 sec.
    forward max bucket size 164 , backward 176.
        Unrouted nets 78 at the end of iteration 70.
    route iteration 70, CPU time elapsed 0.234375 sec.
    forward max bucket size 123 , backward 113.
        Unrouted nets 78 at the end of iteration 71.
    route iteration 71, CPU time elapsed 0.187500 sec.
    forward max bucket size 125 , backward 79.
        Unrouted nets 77 at the end of iteration 72.
    route iteration 72, CPU time elapsed 0.171875 sec.
    forward max bucket size 173 , backward 283.
        Unrouted nets 70 at the end of iteration 73.
    route iteration 73, CPU time elapsed 0.187500 sec.
    forward max bucket size 132 , backward 104.
        Unrouted nets 88 at the end of iteration 74.
    route iteration 74, CPU time elapsed 0.218750 sec.
    forward max bucket size 133 , backward 84.
        Unrouted nets 77 at the end of iteration 75.
    route iteration 75, CPU time elapsed 0.187500 sec.
    forward max bucket size 136 , backward 147.
        Unrouted nets 58 at the end of iteration 76.
    route iteration 76, CPU time elapsed 0.171875 sec.
    forward max bucket size 136 , backward 115.
        Unrouted nets 71 at the end of iteration 77.
    route iteration 77, CPU time elapsed 0.187500 sec.
    forward max bucket size 120 , backward 87.
        Unrouted nets 91 at the end of iteration 78.
    route iteration 78, CPU time elapsed 0.203125 sec.
    forward max bucket size 178 , backward 89.
        Unrouted nets 64 at the end of iteration 79.
    route iteration 79, CPU time elapsed 0.203125 sec.
    forward max bucket size 81 , backward 74.
        Unrouted nets 74 at the end of iteration 80.
    route iteration 80, CPU time elapsed 0.171875 sec.
    forward max bucket size 71 , backward 54.
        Unrouted nets 65 at the end of iteration 81.
    route iteration 81, CPU time elapsed 0.156250 sec.
    forward max bucket size 71 , backward 51.
        Unrouted nets 63 at the end of iteration 82.
    route iteration 82, CPU time elapsed 0.187500 sec.
    forward max bucket size 148 , backward 91.
        Unrouted nets 59 at the end of iteration 83.
    route iteration 83, CPU time elapsed 0.156250 sec.
    forward max bucket size 61 , backward 310.
        Unrouted nets 57 at the end of iteration 84.
    route iteration 84, CPU time elapsed 0.171875 sec.
    forward max bucket size 81 , backward 88.
        Unrouted nets 62 at the end of iteration 85.
    route iteration 85, CPU time elapsed 0.203125 sec.
    forward max bucket size 94 , backward 114.
        Unrouted nets 54 at the end of iteration 86.
    route iteration 86, CPU time elapsed 0.171875 sec.
    forward max bucket size 74 , backward 87.
        Unrouted nets 61 at the end of iteration 87.
    route iteration 87, CPU time elapsed 0.218750 sec.
    forward max bucket size 163 , backward 105.
        Unrouted nets 51 at the end of iteration 88.
    route iteration 88, CPU time elapsed 0.171875 sec.
    forward max bucket size 76 , backward 137.
        Unrouted nets 60 at the end of iteration 89.
    route iteration 89, CPU time elapsed 0.187500 sec.
    forward max bucket size 103 , backward 174.
        Unrouted nets 63 at the end of iteration 90.
    route iteration 90, CPU time elapsed 0.187500 sec.
    forward max bucket size 77 , backward 86.
        Unrouted nets 57 at the end of iteration 91.
    route iteration 91, CPU time elapsed 0.171875 sec.
    forward max bucket size 125 , backward 117.
        Unrouted nets 58 at the end of iteration 92.
    route iteration 92, CPU time elapsed 0.203125 sec.
    forward max bucket size 61 , backward 58.
        Unrouted nets 52 at the end of iteration 93.
    route iteration 93, CPU time elapsed 0.171875 sec.
    forward max bucket size 67 , backward 63.
        Unrouted nets 44 at the end of iteration 94.
    route iteration 94, CPU time elapsed 0.171875 sec.
    forward max bucket size 128 , backward 92.
        Unrouted nets 52 at the end of iteration 95.
    route iteration 95, CPU time elapsed 0.187500 sec.
    forward max bucket size 98 , backward 121.
        Unrouted nets 47 at the end of iteration 96.
    route iteration 96, CPU time elapsed 0.171875 sec.
    forward max bucket size 142 , backward 165.
        Unrouted nets 57 at the end of iteration 97.
    route iteration 97, CPU time elapsed 0.187500 sec.
    forward max bucket size 90 , backward 178.
        Unrouted nets 55 at the end of iteration 98.
    route iteration 98, CPU time elapsed 0.171875 sec.
    forward max bucket size 169 , backward 96.
        Unrouted nets 52 at the end of iteration 99.
    route iteration 99, CPU time elapsed 0.171875 sec.
    forward max bucket size 200 , backward 97.
        Unrouted nets 58 at the end of iteration 100.
    route iteration 100, CPU time elapsed 0.187500 sec.
    forward max bucket size 200 , backward 232.
        Unrouted nets 48 at the end of iteration 101.
    route iteration 101, CPU time elapsed 0.203125 sec.
    forward max bucket size 195 , backward 170.
        Unrouted nets 48 at the end of iteration 102.
    route iteration 102, CPU time elapsed 0.156250 sec.
    forward max bucket size 80 , backward 181.
        Unrouted nets 39 at the end of iteration 103.
    route iteration 103, CPU time elapsed 0.156250 sec.
    forward max bucket size 214 , backward 206.
        Unrouted nets 30 at the end of iteration 104.
    route iteration 104, CPU time elapsed 0.156250 sec.
    forward max bucket size 188 , backward 91.
        Unrouted nets 37 at the end of iteration 105.
    route iteration 105, CPU time elapsed 0.156250 sec.
    forward max bucket size 202 , backward 57.
        Unrouted nets 18 at the end of iteration 106.
    route iteration 106, CPU time elapsed 0.156250 sec.
    forward max bucket size 199 , backward 48.
        Unrouted nets 6 at the end of iteration 107.
    route iteration 107, CPU time elapsed 0.125000 sec.
    forward max bucket size 34 , backward 38.
        Unrouted nets 8 at the end of iteration 108.
    route iteration 108, CPU time elapsed 0.109375 sec.
    forward max bucket size 44 , backward 50.
        Unrouted nets 7 at the end of iteration 109.
    route iteration 109, CPU time elapsed 0.125000 sec.
    forward max bucket size 43 , backward 35.
        Unrouted nets 8 at the end of iteration 110.
    route iteration 110, CPU time elapsed 0.140625 sec.
    forward max bucket size 126 , backward 77.
        Unrouted nets 5 at the end of iteration 111.
    route iteration 111, CPU time elapsed 0.125000 sec.
    forward max bucket size 125 , backward 96.
        Unrouted nets 2 at the end of iteration 112.
    route iteration 112, CPU time elapsed 0.125000 sec.
    forward max bucket size 7 , backward 4.
        Unrouted nets 2 at the end of iteration 113.
    route iteration 113, CPU time elapsed 0.140625 sec.
    forward max bucket size 26 , backward 23.
        Unrouted nets 2 at the end of iteration 114.
    route iteration 114, CPU time elapsed 0.125000 sec.
    forward max bucket size 9 , backward 9.
        Unrouted nets 3 at the end of iteration 115.
    route iteration 115, CPU time elapsed 0.125000 sec.
    forward max bucket size 58 , backward 54.
        Unrouted nets 2 at the end of iteration 116.
    route iteration 116, CPU time elapsed 0.140625 sec.
    forward max bucket size 11 , backward 5.
        Unrouted nets 0 at the end of iteration 117.
    route iteration 117, CPU time elapsed 0.125000 sec.
Detailed routing takes 117 iterations
Detailed routing takes 131.80 sec.
Start fix hold violation.
Build tmp routing results takes 0.41 sec.
Timing analysis takes 3.72 sec.
No hold violation.
Hold Violation Fix in router takes 0 iterations.
Fix hold violation Finished.
Hold Violation Fix in router takes 4.73 sec.

Dispose routing result:
    Collect routing result.
    Delete unused device instances.
    Annotate routing result.
    Change LUT configuration.
    Dispose misc instances.
    Annotate routing result again.
Finish routing takes 1.50 sec.
Used SRB routing arc is 346722.
Cleanup routing takes 0.00 sec.
Routing done.
Total routing takes 189.53 sec.


Device Utilization Summary :
+---------------------------------------------------------------------------+
| Logic Utilization        | Used     | Available     | Utilization(%)     
+---------------------------------------------------------------------------+
| Use of APM               | 4        | 84            | 5                  
| Use of BKCL              | 3        | 4             | 75                 
| Use of CLMA              | 1685     | 6450          | 27                 
|   FF                     | 1414     | 38700         | 4                  
|   LUT                    | 5695     | 25800         | 23                 
|   LUT-FF pairs           | 1008     | 25800         | 4                  
| Use of CLMS              | 3221     | 4250          | 76                 
|   FF                     | 138      | 25500         | 1                  
|   LUT                    | 9989     | 17000         | 59                 
|   LUT-FF pairs           | 14       | 17000         | 1                  
|   Distributed RAM        | 8480     | 17000         | 50                 
| Use of CRYSTAL           | 0        | 2             | 0                  
| Use of DLL               | 0        | 10            | 0                  
| Use of DQSL              | 0        | 18            | 0                  
| Use of DRM               | 1        | 134           | 1                  
| Use of FUSECODE          | 0        | 1             | 0                  
| Use of HARD0N1           | 180      | 6672          | 3                  
| Use of HSST              | 0        | 1             | 0                  
| Use of IO                | 20       | 296           | 7                  
|   IOBD                   | 9        | 64            | 15                 
|   IOBR_LR                | 0        | 7             | 0                  
|   IOBR_TB                | 0        | 8             | 0                  
|   IOBS_LR                | 3        | 161           | 2                  
|   IOBS_TB                | 8        | 56            | 15                 
| Use of IOCKDIV           | 0        | 20            | 0                  
| Use of IOCKDLY           | 0        | 40            | 0                  
| Use of IOCKGATE          | 0        | 20            | 0                  
| Use of IOCKGMUX_TEST     | 0        | 20            | 0                  
| Use of IOL               | 20       | 400           | 5                  
| Use of IPAL              | 0        | 1             | 0                  
| Use of LDO               | 0        | 4             | 0                  
| Use of MFG_TEST          | 0        | 1             | 0                  
| Use of OSC               | 0        | 1             | 0                  
| Use of PCIE              | 0        | 1             | 0                  
| Use of PIOMUX_TEST       | 0        | 10            | 0                  
| Use of PLL               | 0        | 5             | 0                  
| Use of PREGMUX_TEST      | 0        | 6             | 0                  
| Use of RCKB              | 1        | 24            | 5                  
| Use of RCKBMUX_TEST      | 0        | 12            | 0                  
| Use of RESCAL            | 0        | 4             | 0                  
| Use of SCANCHAIN         | 0        | 2             | 0                  
| Use of START             | 1        | 1             | 100                
| Use of UDID              | 0        | 1             | 0                  
| Use of USCM              | 1        | 30            | 4                  
| Use of USCMMUX_TEST      | 0        | 30            | 0                  
| Use of VCKBMUX_TEST      | 0        | 12            | 0                  
+---------------------------------------------------------------------------+

Finished routing. (CPU time elapsed 0h:03m:09s)
Design 'tinyriscv_soc_top' has been placed and routed successfully.
Saving design to DB.
Finished placement and routing. (CPU time elapsed 0h:05m:22s)
Action pnr: Real time elapsed is 0h:5m:31s
Action pnr: CPU time elapsed is 0h:5m:23s
Action pnr: Process CPU time elapsed is 0h:5m:23s
Current time: Fri Oct 27 17:25:27 2023
Action pnr: Peak memory pool usage is 1,752 MB
