#Build: Fabric Compiler 2022.1, Build 99559, Jul 12 00:20 2022
#Install: E:\Pango\PDS_2022.1\bin
#Application name: pds_shell.exe
#OS: Windows 10 10.0.22621
#Hostname: GGB
Generated by Fabric Compiler (version 2022.1 build 99559) at Fri Oct 27 16:34:31 2023
Compiling verification operator library.
Compiling common defs.
Compiling prim grid devices.
Compiling gate devices.
Compiling gate operators.
Building architecture model.
Loading device packaging model.
Building architecture floorplan logic view.
Constraint check start.
Executing : def_port {gpio[0]} LOC=B2 VCCIO=3.3 IOSTANDARD=LVCMOS33 DRIVE=8 SLEW=SLOW NONE=TRUE
Executing : def_port {gpio[0]} LOC=B2 VCCIO=3.3 IOSTANDARD=LVCMOS33 DRIVE=8 SLEW=SLOW NONE=TRUE successfully
Executing : def_port {gpio[1]} LOC=A2 VCCIO=3.3 IOSTANDARD=LVCMOS33 DRIVE=8 SLEW=SLOW NONE=TRUE
Executing : def_port {gpio[1]} LOC=A2 VCCIO=3.3 IOSTANDARD=LVCMOS33 DRIVE=8 SLEW=SLOW NONE=TRUE successfully
Executing : def_port {gpio[2]} LOC=B3 VCCIO=3.3 IOSTANDARD=LVCMOS33 DRIVE=8 SLEW=SLOW NONE=TRUE
Executing : def_port {gpio[2]} LOC=B3 VCCIO=3.3 IOSTANDARD=LVCMOS33 DRIVE=8 SLEW=SLOW NONE=TRUE successfully
Executing : def_port {gpio[3]} LOC=A3 VCCIO=3.3 IOSTANDARD=LVCMOS33 DRIVE=8 SLEW=SLOW NONE=TRUE
Executing : def_port {gpio[3]} LOC=A3 VCCIO=3.3 IOSTANDARD=LVCMOS33 DRIVE=8 SLEW=SLOW NONE=TRUE successfully
Executing : def_port {gpio[4]} LOC=C5 VCCIO=3.3 IOSTANDARD=LVCMOS33 DRIVE=8 SLEW=SLOW NONE=TRUE
Executing : def_port {gpio[4]} LOC=C5 VCCIO=3.3 IOSTANDARD=LVCMOS33 DRIVE=8 SLEW=SLOW NONE=TRUE successfully
Executing : def_port {gpio[5]} LOC=A5 VCCIO=3.3 IOSTANDARD=LVCMOS33 DRIVE=8 SLEW=SLOW NONE=TRUE
Executing : def_port {gpio[5]} LOC=A5 VCCIO=3.3 IOSTANDARD=LVCMOS33 DRIVE=8 SLEW=SLOW NONE=TRUE successfully
Executing : def_port {gpio[6]} LOC=F7 VCCIO=3.3 IOSTANDARD=LVCMOS33 DRIVE=8 SLEW=SLOW NONE=TRUE
Executing : def_port {gpio[6]} LOC=F7 VCCIO=3.3 IOSTANDARD=LVCMOS33 DRIVE=8 SLEW=SLOW NONE=TRUE successfully
Executing : def_port {gpio[7]} LOC=F8 VCCIO=3.3 IOSTANDARD=LVCMOS33 DRIVE=8 SLEW=SLOW NONE=TRUE
Executing : def_port {gpio[7]} LOC=F8 VCCIO=3.3 IOSTANDARD=LVCMOS33 DRIVE=8 SLEW=SLOW NONE=TRUE successfully
Executing : def_port {halted_ind} LOC=U10 VCCIO=3.3 IOSTANDARD=LVCMOS33 DRIVE=8 SLEW=SLOW NONE=TRUE
Executing : def_port {halted_ind} LOC=U10 VCCIO=3.3 IOSTANDARD=LVCMOS33 DRIVE=8 SLEW=SLOW NONE=TRUE successfully
Executing : def_port {over} LOC=T10 VCCIO=3.3 IOSTANDARD=LVCMOS33 DRIVE=8 SLEW=SLOW NONE=TRUE
Executing : def_port {over} LOC=T10 VCCIO=3.3 IOSTANDARD=LVCMOS33 DRIVE=8 SLEW=SLOW NONE=TRUE successfully
Executing : def_port {spi_clk} LOC=R11 VCCIO=3.3 IOSTANDARD=LVCMOS33 DRIVE=8 SLEW=SLOW NONE=TRUE
Executing : def_port {spi_clk} LOC=R11 VCCIO=3.3 IOSTANDARD=LVCMOS33 DRIVE=8 SLEW=SLOW NONE=TRUE successfully
Executing : def_port {spi_mosi} LOC=W10 VCCIO=3.3 IOSTANDARD=LVCMOS33 DRIVE=8 SLEW=SLOW NONE=TRUE
Executing : def_port {spi_mosi} LOC=W10 VCCIO=3.3 IOSTANDARD=LVCMOS33 DRIVE=8 SLEW=SLOW NONE=TRUE successfully
Executing : def_port {spi_ss} LOC=Y10 VCCIO=3.3 IOSTANDARD=LVCMOS33 DRIVE=8 SLEW=SLOW NONE=TRUE
Executing : def_port {spi_ss} LOC=Y10 VCCIO=3.3 IOSTANDARD=LVCMOS33 DRIVE=8 SLEW=SLOW NONE=TRUE successfully
Executing : def_port {succ} LOC=AB9 VCCIO=3.3 IOSTANDARD=LVCMOS33 DRIVE=8 SLEW=SLOW NONE=TRUE
Executing : def_port {succ} LOC=AB9 VCCIO=3.3 IOSTANDARD=LVCMOS33 DRIVE=8 SLEW=SLOW NONE=TRUE successfully
Executing : def_port {uart_tx_pin} LOC=R9 VCCIO=3.3 IOSTANDARD=LVCMOS33 DRIVE=8 SLEW=SLOW NONE=TRUE
Executing : def_port {uart_tx_pin} LOC=R9 VCCIO=3.3 IOSTANDARD=LVCMOS33 DRIVE=8 SLEW=SLOW NONE=TRUE successfully
Executing : def_port {clk} LOC=P20 VCCIO=3.3 IOSTANDARD=LVCMOS33 NONE=TRUE
Executing : def_port {clk} LOC=P20 VCCIO=3.3 IOSTANDARD=LVCMOS33 NONE=TRUE successfully
Executing : def_port {rst} LOC=K18 VCCIO=3.3 IOSTANDARD=LVCMOS33 NONE=TRUE
C: ConstraintEditor-2002: [E:/PangoPro/tinyriscv/device_map/tinyriscv_soc_top.pcf(line number: 19)] | Port rst has been placed at location K18, whose type is share pin.
Executing : def_port {rst} LOC=K18 VCCIO=3.3 IOSTANDARD=LVCMOS33 NONE=TRUE successfully
Executing : def_port {spi_miso} LOC=T11 VCCIO=3.3 IOSTANDARD=LVCMOS33 NONE=TRUE
Executing : def_port {spi_miso} LOC=T11 VCCIO=3.3 IOSTANDARD=LVCMOS33 NONE=TRUE successfully
Executing : def_port {uart_debug_pin} LOC=L15 VCCIO=3.3 IOSTANDARD=LVCMOS33 NONE=TRUE
Executing : def_port {uart_debug_pin} LOC=L15 VCCIO=3.3 IOSTANDARD=LVCMOS33 NONE=TRUE successfully
Executing : def_port {uart_rx_pin} LOC=R8 VCCIO=3.3 IOSTANDARD=LVCMOS33 NONE=TRUE
Executing : def_port {uart_rx_pin} LOC=R8 VCCIO=3.3 IOSTANDARD=LVCMOS33 NONE=TRUE successfully
Constraint check end.
I: Column Clock Check open.
Read Column Clock Map.

Placement started.
Phase 1 Pre global placement started.
I: Infer CARRY group, base inst: u_uart_debug/rx_data_1/iGopDrm, insts:2.
Phase 1.1 1st GP placement started.
Design Utilization : 36%.
Wirelength after clock region global placement is 108725.
1st GP placement takes 23.95 sec.

Phase 1.2 Clock placement started.
Mapping instance clkbufg_0/gopclkbufg to USCM_84_108.
Clock placement takes 0.22 sec.

Pre global placement takes 26.16 sec.

Phase 2 Global placement started.
Phase 2.1 Fixed placement started.
Placed fixed group with base inst clk_ibuf/opit_1 on IOL_327_210.
Placed fixed group with base inst gpio_tri[0]/opit_1 on IOL_19_374.
Placed fixed group with base inst gpio_tri[1]/opit_1 on IOL_19_373.
Placed fixed group with base inst gpio_tri[2]/opit_1 on IOL_35_374.
Placed fixed group with base inst gpio_tri[3]/opit_1 on IOL_35_373.
Placed fixed group with base inst gpio_tri[4]/opit_1 on IOL_67_374.
Placed fixed group with base inst gpio_tri[5]/opit_1 on IOL_67_373.
Placed fixed group with base inst gpio_tri[6]/opit_1 on IOL_47_374.
Placed fixed group with base inst gpio_tri[7]/opit_1 on IOL_47_373.
Placed fixed group with base inst halted_ind_obuf/opit_1 on IOL_115_5.
Placed fixed group with base inst over_obuf/opit_1 on IOL_115_6.
Placed fixed group with base inst rst_ibuf/opit_1 on IOL_327_257.
Placed fixed group with base inst spi_clk_obuf/opit_1 on IOL_187_6.
Placed fixed group with base inst spi_miso_ibuf/opit_1 on IOL_187_5.
Placed fixed group with base inst spi_mosi_obuf/opit_1 on IOL_123_6.
Placed fixed group with base inst spi_ss_obuf/opit_1 on IOL_123_5.
Placed fixed group with base inst succ_obuf/opit_1 on IOL_131_5.
Placed fixed group with base inst uart_debug_pin_ibuf/opit_1 on IOL_327_134.
Placed fixed group with base inst uart_rx_pin_ibuf/opit_1 on IOL_43_5.
Placed fixed group with base inst uart_tx_pin_obuf/opit_1 on IOL_43_6.
Placed fixed instance clkbufg_0/gopclkbufg on USCM_84_108.
Placed fixed instance BKCL_auto_0 on BKCL_188_376.
Placed fixed instance BKCL_auto_1 on BKCL_328_184.
Placed fixed instance BKCL_auto_2 on BKCL_192_0.
Fixed placement takes 0.00 sec.

Phase 2.2 Process placement started.
Process placement takes 0.00 sec.

Phase 2.3 IO placement started.
IO placement takes 0.05 sec.

Phase 2.4 2nd GP placement started.
Run super clustering :
	Initial slack -10089.
	6 iterations finished.
	Final slack -4955.
Super clustering done.
Design Utilization : 36%.
2nd GP placement takes 24.36 sec.

Wirelength after global placement is 117894.
Global placement takes 24.42 sec.

Phase 3 Post global placement started.
Phase 3.1 Macro cell placement started.
Wirelength after macro cell placement is 120209.
Macro cell placement takes 0.02 sec.

Phase 3.2 3rd GP placement started.
Run super clustering :
	Initial slack -10089.
	6 iterations finished.
	Final slack -4955.
Super clustering done.
Design Utilization : 36%.
3rd GP placement takes 22.25 sec.

Wirelength after post global placement is 115448.
Post global placement takes 22.27 sec.

Phase 4 Legalization started.
The average distance in LP is 6.749230.
Wirelength after legalization is 203660.
Legalization takes 4.61 sec.

Phase 5 Timing-driven detailed placement started.
Phase 5.1 Replication placement started.
Worst slack before Replication Place is -1025.
Replication placement takes 1.80 sec.

Wirelength after replication placement is 203660.
Phase 5.2 DP placement started.
Legalized cost -1025.000000.
The detailed placement ends at 1th iteration.
DP placement takes 18.23 sec.

Wirelength after detailed placement is 226620.
Timing-driven detailed placement takes 20.03 sec.

Worst slack is 2266, TNS after placement is 0.
Placement done.
Total placement takes 102.42 sec.
Finished placement. (CPU time elapsed 0h:01m:42s)

Routing started.
Building routing graph takes 2.88 sec.
Worst slack is 2266, TNS before global route is 0.
Processing design graph takes 1.02 sec.
Total memory for routing:
	128.456362 M.
Total nets for routing : 14834.
Rcf routing step 1 processed 0 nets, it takes 0.00 sec.
Rcf routing step 2 processed 0 nets, it takes 0.00 sec.
Rcf routing step 3 processed 0 nets, it takes 0.00 sec.
Unrouted nets 0 at the end of iteration 0.
Global Routing step 1 processed 115 nets, it takes 0.30 sec.
Unrouted nets 59 at the end of iteration 0.
Unrouted nets 40 at the end of iteration 1.
Unrouted nets 35 at the end of iteration 2.
Unrouted nets 27 at the end of iteration 3.
Unrouted nets 24 at the end of iteration 4.
Unrouted nets 21 at the end of iteration 5.
Unrouted nets 16 at the end of iteration 6.
Unrouted nets 16 at the end of iteration 7.
Unrouted nets 13 at the end of iteration 8.
Unrouted nets 11 at the end of iteration 9.
Unrouted nets 9 at the end of iteration 10.
Unrouted nets 7 at the end of iteration 11.
Unrouted nets 7 at the end of iteration 12.
Unrouted nets 7 at the end of iteration 13.
Unrouted nets 7 at the end of iteration 14.
Unrouted nets 7 at the end of iteration 15.
Unrouted nets 5 at the end of iteration 16.
Unrouted nets 5 at the end of iteration 17.
Unrouted nets 5 at the end of iteration 18.
Unrouted nets 5 at the end of iteration 19.
Unrouted nets 1 at the end of iteration 20.
Unrouted nets 1 at the end of iteration 21.
Unrouted nets 1 at the end of iteration 22.
Unrouted nets 1 at the end of iteration 23.
Unrouted nets 1 at the end of iteration 24.
Unrouted nets 1 at the end of iteration 25.
Unrouted nets 1 at the end of iteration 26.
Unrouted nets 1 at the end of iteration 27.
Unrouted nets 1 at the end of iteration 28.
Unrouted nets 1 at the end of iteration 29.
Unrouted nets 1 at the end of iteration 30.
Unrouted nets 1 at the end of iteration 31.
Unrouted nets 2 at the end of iteration 32.
Unrouted nets 1 at the end of iteration 33.
Unrouted nets 1 at the end of iteration 34.
Unrouted nets 1 at the end of iteration 35.
Unrouted nets 1 at the end of iteration 36.
Unrouted nets 1 at the end of iteration 37.
Unrouted nets 1 at the end of iteration 38.
Unrouted nets 1 at the end of iteration 39.
Unrouted nets 1 at the end of iteration 40.
Unrouted nets 2 at the end of iteration 41.
Unrouted nets 3 at the end of iteration 42.
Unrouted nets 3 at the end of iteration 43.
Unrouted nets 1 at the end of iteration 44.
Unrouted nets 1 at the end of iteration 45.
Unrouted nets 1 at the end of iteration 46.
Unrouted nets 1 at the end of iteration 47.
Unrouted nets 1 at the end of iteration 48.
Unrouted nets 2 at the end of iteration 49.
Unrouted nets 3 at the end of iteration 50.
Unrouted nets 1 at the end of iteration 51.
Unrouted nets 1 at the end of iteration 52.
Unrouted nets 1 at the end of iteration 53.
Unrouted nets 1 at the end of iteration 54.
Unrouted nets 2 at the end of iteration 55.
Unrouted nets 1 at the end of iteration 56.
Unrouted nets 1 at the end of iteration 57.
Unrouted nets 1 at the end of iteration 58.
Unrouted nets 1 at the end of iteration 59.
Unrouted nets 1 at the end of iteration 60.
Unrouted nets 1 at the end of iteration 61.
Unrouted nets 1 at the end of iteration 62.
Unrouted nets 1 at the end of iteration 63.
Unrouted nets 1 at the end of iteration 64.
Unrouted nets 1 at the end of iteration 65.
Unrouted nets 1 at the end of iteration 66.
Unrouted nets 1 at the end of iteration 67.
Unrouted nets 2 at the end of iteration 68.
Unrouted nets 2 at the end of iteration 69.
Unrouted nets 3 at the end of iteration 70.
Unrouted nets 3 at the end of iteration 71.
Unrouted nets 1 at the end of iteration 72.
Unrouted nets 1 at the end of iteration 73.
Unrouted nets 1 at the end of iteration 74.
Unrouted nets 1 at the end of iteration 75.
Unrouted nets 1 at the end of iteration 76.
Unrouted nets 1 at the end of iteration 77.
Unrouted nets 1 at the end of iteration 78.
Unrouted nets 1 at the end of iteration 79.
Unrouted nets 1 at the end of iteration 80.
Unrouted nets 1 at the end of iteration 81.
Unrouted nets 1 at the end of iteration 82.
Unrouted nets 1 at the end of iteration 83.
Unrouted nets 1 at the end of iteration 84.
Unrouted nets 0 at the end of iteration 85.
Global Routing step 2 processed 344 nets, it takes 2.56 sec.
Unrouted nets 263 at the end of iteration 0.
Unrouted nets 201 at the end of iteration 1.
Unrouted nets 163 at the end of iteration 2.
Unrouted nets 131 at the end of iteration 3.
Unrouted nets 109 at the end of iteration 4.
Unrouted nets 94 at the end of iteration 5.
Unrouted nets 91 at the end of iteration 6.
Unrouted nets 83 at the end of iteration 7.
Unrouted nets 69 at the end of iteration 8.
Unrouted nets 73 at the end of iteration 9.
Unrouted nets 58 at the end of iteration 10.
Unrouted nets 62 at the end of iteration 11.
Unrouted nets 64 at the end of iteration 12.
Unrouted nets 55 at the end of iteration 13.
Unrouted nets 36 at the end of iteration 14.
Unrouted nets 31 at the end of iteration 15.
Unrouted nets 25 at the end of iteration 16.
Unrouted nets 21 at the end of iteration 17.
Unrouted nets 21 at the end of iteration 18.
Unrouted nets 22 at the end of iteration 19.
Unrouted nets 28 at the end of iteration 20.
Unrouted nets 18 at the end of iteration 21.
Unrouted nets 23 at the end of iteration 22.
Unrouted nets 26 at the end of iteration 23.
Unrouted nets 24 at the end of iteration 24.
Unrouted nets 14 at the end of iteration 25.
Unrouted nets 12 at the end of iteration 26.
Unrouted nets 11 at the end of iteration 27.
Unrouted nets 10 at the end of iteration 28.
Unrouted nets 9 at the end of iteration 29.
Unrouted nets 8 at the end of iteration 30.
Unrouted nets 8 at the end of iteration 31.
Unrouted nets 6 at the end of iteration 32.
Unrouted nets 5 at the end of iteration 33.
Unrouted nets 3 at the end of iteration 34.
Unrouted nets 6 at the end of iteration 35.
Unrouted nets 7 at the end of iteration 36.
Unrouted nets 9 at the end of iteration 37.
Unrouted nets 14 at the end of iteration 38.
Unrouted nets 9 at the end of iteration 39.
Unrouted nets 4 at the end of iteration 40.
Unrouted nets 2 at the end of iteration 41.
Unrouted nets 2 at the end of iteration 42.
Unrouted nets 1 at the end of iteration 43.
Unrouted nets 1 at the end of iteration 44.
Unrouted nets 3 at the end of iteration 45.
Unrouted nets 3 at the end of iteration 46.
Unrouted nets 3 at the end of iteration 47.
Unrouted nets 8 at the end of iteration 48.
Unrouted nets 12 at the end of iteration 49.
Unrouted nets 10 at the end of iteration 50.
Unrouted nets 5 at the end of iteration 51.
Unrouted nets 2 at the end of iteration 52.
Unrouted nets 2 at the end of iteration 53.
Unrouted nets 2 at the end of iteration 54.
Unrouted nets 4 at the end of iteration 55.
Unrouted nets 5 at the end of iteration 56.
Unrouted nets 7 at the end of iteration 57.
Unrouted nets 3 at the end of iteration 58.
Unrouted nets 1 at the end of iteration 59.
Unrouted nets 2 at the end of iteration 60.
Unrouted nets 1 at the end of iteration 61.
Unrouted nets 0 at the end of iteration 62.
Global Routing step 3 processed 334 nets, it takes 38.19 sec.
Global routing takes 41.09 sec.
Total 22707 subnets.
    forward max bucket size 1769 , backward 611.
        Unrouted nets 18293 at the end of iteration 0.
    route iteration 0, CPU time elapsed 8.171875 sec.
    forward max bucket size 1582 , backward 1311.
        Unrouted nets 16553 at the end of iteration 1.
    route iteration 1, CPU time elapsed 4.812500 sec.
    forward max bucket size 1563 , backward 1245.
        Unrouted nets 15174 at the end of iteration 2.
    route iteration 2, CPU time elapsed 4.875000 sec.
    forward max bucket size 2476 , backward 1751.
        Unrouted nets 13998 at the end of iteration 3.
    route iteration 3, CPU time elapsed 5.484375 sec.
    forward max bucket size 2515 , backward 1438.
        Unrouted nets 12753 at the end of iteration 4.
    route iteration 4, CPU time elapsed 5.984375 sec.
    forward max bucket size 1159 , backward 1431.
        Unrouted nets 11864 at the end of iteration 5.
    route iteration 5, CPU time elapsed 6.515625 sec.
    forward max bucket size 1052 , backward 865.
        Unrouted nets 10849 at the end of iteration 6.
    route iteration 6, CPU time elapsed 5.843750 sec.
    forward max bucket size 947 , backward 860.
        Unrouted nets 9397 at the end of iteration 7.
    route iteration 7, CPU time elapsed 5.546875 sec.
    forward max bucket size 1117 , backward 851.
        Unrouted nets 8090 at the end of iteration 8.
    route iteration 8, CPU time elapsed 5.000000 sec.
    forward max bucket size 1656 , backward 1338.
        Unrouted nets 7183 at the end of iteration 9.
    route iteration 9, CPU time elapsed 4.718750 sec.
    forward max bucket size 1625 , backward 1299.
        Unrouted nets 6367 at the end of iteration 10.
    route iteration 10, CPU time elapsed 4.453125 sec.
    forward max bucket size 1249 , backward 796.
        Unrouted nets 5565 at the end of iteration 11.
    route iteration 11, CPU time elapsed 4.015625 sec.
    forward max bucket size 1481 , backward 899.
        Unrouted nets 5043 at the end of iteration 12.
    route iteration 12, CPU time elapsed 3.703125 sec.
    forward max bucket size 1624 , backward 1725.
        Unrouted nets 4390 at the end of iteration 13.
    route iteration 13, CPU time elapsed 3.343750 sec.
    forward max bucket size 1624 , backward 1144.
        Unrouted nets 3854 at the end of iteration 14.
    route iteration 14, CPU time elapsed 3.046875 sec.
    forward max bucket size 1992 , backward 1064.
        Unrouted nets 3478 at the end of iteration 15.
    route iteration 15, CPU time elapsed 2.734375 sec.
    forward max bucket size 1565 , backward 727.
        Unrouted nets 3198 at the end of iteration 16.
    route iteration 16, CPU time elapsed 3.500000 sec.
    forward max bucket size 1474 , backward 1142.
        Unrouted nets 2931 at the end of iteration 17.
    route iteration 17, CPU time elapsed 2.421875 sec.
    forward max bucket size 1484 , backward 1152.
        Unrouted nets 2690 at the end of iteration 18.
    route iteration 18, CPU time elapsed 2.312500 sec.
    forward max bucket size 1491 , backward 1508.
        Unrouted nets 2483 at the end of iteration 19.
    route iteration 19, CPU time elapsed 2.234375 sec.
    forward max bucket size 1418 , backward 1088.
        Unrouted nets 2239 at the end of iteration 20.
    route iteration 20, CPU time elapsed 1.984375 sec.
    forward max bucket size 1372 , backward 634.
        Unrouted nets 2081 at the end of iteration 21.
    route iteration 21, CPU time elapsed 2.000000 sec.
    forward max bucket size 1122 , backward 621.
        Unrouted nets 1943 at the end of iteration 22.
    route iteration 22, CPU time elapsed 1.796875 sec.
    forward max bucket size 1302 , backward 1147.
        Unrouted nets 1812 at the end of iteration 23.
    route iteration 23, CPU time elapsed 1.656250 sec.
    forward max bucket size 1272 , backward 442.
        Unrouted nets 1659 at the end of iteration 24.
    route iteration 24, CPU time elapsed 1.578125 sec.
    forward max bucket size 449 , backward 1508.
        Unrouted nets 1541 at the end of iteration 25.
    route iteration 25, CPU time elapsed 1.531250 sec.
    forward max bucket size 540 , backward 1121.
        Unrouted nets 1414 at the end of iteration 26.
    route iteration 26, CPU time elapsed 1.328125 sec.
    forward max bucket size 560 , backward 370.
        Unrouted nets 1317 at the end of iteration 27.
    route iteration 27, CPU time elapsed 1.140625 sec.
    forward max bucket size 221 , backward 219.
        Unrouted nets 1199 at the end of iteration 28.
    route iteration 28, CPU time elapsed 1.109375 sec.
    forward max bucket size 963 , backward 815.
        Unrouted nets 1133 at the end of iteration 29.
    route iteration 29, CPU time elapsed 1.109375 sec.
    forward max bucket size 963 , backward 815.
        Unrouted nets 1048 at the end of iteration 30.
    route iteration 30, CPU time elapsed 1.062500 sec.
    forward max bucket size 963 , backward 805.
        Unrouted nets 996 at the end of iteration 31.
    route iteration 31, CPU time elapsed 1.015625 sec.
    forward max bucket size 1661 , backward 1092.
        Unrouted nets 902 at the end of iteration 32.
    route iteration 32, CPU time elapsed 0.937500 sec.
    forward max bucket size 448 , backward 352.
        Unrouted nets 786 at the end of iteration 33.
    route iteration 33, CPU time elapsed 0.937500 sec.
    forward max bucket size 947 , backward 431.
        Unrouted nets 713 at the end of iteration 34.
    route iteration 34, CPU time elapsed 0.765625 sec.
    forward max bucket size 1427 , backward 411.
        Unrouted nets 714 at the end of iteration 35.
    route iteration 35, CPU time elapsed 0.796875 sec.
    forward max bucket size 1378 , backward 597.
        Unrouted nets 665 at the end of iteration 36.
    route iteration 36, CPU time elapsed 0.671875 sec.
    forward max bucket size 464 , backward 298.
        Unrouted nets 628 at the end of iteration 37.
    route iteration 37, CPU time elapsed 0.640625 sec.
    forward max bucket size 473 , backward 352.
        Unrouted nets 604 at the end of iteration 38.
    route iteration 38, CPU time elapsed 0.640625 sec.
    forward max bucket size 367 , backward 980.
        Unrouted nets 599 at the end of iteration 39.
    route iteration 39, CPU time elapsed 0.656250 sec.
    forward max bucket size 367 , backward 1029.
        Unrouted nets 556 at the end of iteration 40.
    route iteration 40, CPU time elapsed 0.718750 sec.
    forward max bucket size 200 , backward 195.
        Unrouted nets 513 at the end of iteration 41.
    route iteration 41, CPU time elapsed 0.656250 sec.
    forward max bucket size 224 , backward 234.
        Unrouted nets 510 at the end of iteration 42.
    route iteration 42, CPU time elapsed 0.656250 sec.
    forward max bucket size 245 , backward 235.
        Unrouted nets 507 at the end of iteration 43.
    route iteration 43, CPU time elapsed 0.531250 sec.
    forward max bucket size 963 , backward 804.
        Unrouted nets 440 at the end of iteration 44.
    route iteration 44, CPU time elapsed 0.515625 sec.
    forward max bucket size 205 , backward 1078.
        Unrouted nets 412 at the end of iteration 45.
    route iteration 45, CPU time elapsed 0.562500 sec.
    forward max bucket size 232 , backward 315.
        Unrouted nets 399 at the end of iteration 46.
    route iteration 46, CPU time elapsed 0.562500 sec.
    forward max bucket size 227 , backward 287.
        Unrouted nets 400 at the end of iteration 47.
    route iteration 47, CPU time elapsed 0.531250 sec.
    forward max bucket size 987 , backward 531.
        Unrouted nets 366 at the end of iteration 48.
    route iteration 48, CPU time elapsed 0.546875 sec.
    forward max bucket size 279 , backward 1145.
        Unrouted nets 355 at the end of iteration 49.
    route iteration 49, CPU time elapsed 0.500000 sec.
    forward max bucket size 305 , backward 273.
        Unrouted nets 346 at the end of iteration 50.
    route iteration 50, CPU time elapsed 0.453125 sec.
    forward max bucket size 321 , backward 245.
        Unrouted nets 336 at the end of iteration 51.
    route iteration 51, CPU time elapsed 0.500000 sec.
    forward max bucket size 299 , backward 370.
        Unrouted nets 334 at the end of iteration 52.
    route iteration 52, CPU time elapsed 0.515625 sec.
    forward max bucket size 305 , backward 379.
        Unrouted nets 307 at the end of iteration 53.
    route iteration 53, CPU time elapsed 0.421875 sec.
    forward max bucket size 305 , backward 370.
        Unrouted nets 321 at the end of iteration 54.
    route iteration 54, CPU time elapsed 0.453125 sec.
    forward max bucket size 306 , backward 416.
        Unrouted nets 268 at the end of iteration 55.
    route iteration 55, CPU time elapsed 0.421875 sec.
    forward max bucket size 518 , backward 407.
        Unrouted nets 261 at the end of iteration 56.
    route iteration 56, CPU time elapsed 0.390625 sec.
    forward max bucket size 1145 , backward 277.
        Unrouted nets 265 at the end of iteration 57.
    route iteration 57, CPU time elapsed 0.390625 sec.
    forward max bucket size 838 , backward 174.
        Unrouted nets 224 at the end of iteration 58.
    route iteration 58, CPU time elapsed 0.359375 sec.
    forward max bucket size 233 , backward 330.
        Unrouted nets 187 at the end of iteration 59.
    route iteration 59, CPU time elapsed 0.328125 sec.
    forward max bucket size 341 , backward 275.
        Unrouted nets 170 at the end of iteration 60.
    route iteration 60, CPU time elapsed 0.265625 sec.
    forward max bucket size 203 , backward 322.
        Unrouted nets 160 at the end of iteration 61.
    route iteration 61, CPU time elapsed 0.328125 sec.
    forward max bucket size 190 , backward 281.
        Unrouted nets 155 at the end of iteration 62.
    route iteration 62, CPU time elapsed 0.281250 sec.
    forward max bucket size 143 , backward 256.
        Unrouted nets 146 at the end of iteration 63.
    route iteration 63, CPU time elapsed 0.281250 sec.
    forward max bucket size 131 , backward 226.
        Unrouted nets 115 at the end of iteration 64.
    route iteration 64, CPU time elapsed 0.218750 sec.
    forward max bucket size 166 , backward 128.
        Unrouted nets 105 at the end of iteration 65.
    route iteration 65, CPU time elapsed 0.218750 sec.
    forward max bucket size 127 , backward 254.
        Unrouted nets 132 at the end of iteration 66.
    route iteration 66, CPU time elapsed 0.218750 sec.
    forward max bucket size 72 , backward 104.
        Unrouted nets 125 at the end of iteration 67.
    route iteration 67, CPU time elapsed 0.218750 sec.
    forward max bucket size 101 , backward 301.
        Unrouted nets 108 at the end of iteration 68.
    route iteration 68, CPU time elapsed 0.250000 sec.
    forward max bucket size 92 , backward 254.
        Unrouted nets 98 at the end of iteration 69.
    route iteration 69, CPU time elapsed 0.203125 sec.
    forward max bucket size 322 , backward 191.
        Unrouted nets 95 at the end of iteration 70.
    route iteration 70, CPU time elapsed 0.250000 sec.
    forward max bucket size 361 , backward 181.
        Unrouted nets 83 at the end of iteration 71.
    route iteration 71, CPU time elapsed 0.203125 sec.
    forward max bucket size 212 , backward 178.
        Unrouted nets 81 at the end of iteration 72.
    route iteration 72, CPU time elapsed 0.203125 sec.
    forward max bucket size 152 , backward 126.
        Unrouted nets 69 at the end of iteration 73.
    route iteration 73, CPU time elapsed 0.187500 sec.
    forward max bucket size 158 , backward 233.
        Unrouted nets 63 at the end of iteration 74.
    route iteration 74, CPU time elapsed 0.171875 sec.
    forward max bucket size 106 , backward 242.
        Unrouted nets 49 at the end of iteration 75.
    route iteration 75, CPU time elapsed 0.171875 sec.
    forward max bucket size 73 , backward 117.
        Unrouted nets 48 at the end of iteration 76.
    route iteration 76, CPU time elapsed 0.156250 sec.
    forward max bucket size 75 , backward 103.
        Unrouted nets 60 at the end of iteration 77.
    route iteration 77, CPU time elapsed 0.187500 sec.
    forward max bucket size 97 , backward 39.
        Unrouted nets 68 at the end of iteration 78.
    route iteration 78, CPU time elapsed 0.203125 sec.
    forward max bucket size 84 , backward 75.
        Unrouted nets 54 at the end of iteration 79.
    route iteration 79, CPU time elapsed 0.171875 sec.
    forward max bucket size 96 , backward 66.
        Unrouted nets 52 at the end of iteration 80.
    route iteration 80, CPU time elapsed 0.171875 sec.
    forward max bucket size 186 , backward 330.
        Unrouted nets 57 at the end of iteration 81.
    route iteration 81, CPU time elapsed 0.187500 sec.
    forward max bucket size 214 , backward 132.
        Unrouted nets 65 at the end of iteration 82.
    route iteration 82, CPU time elapsed 0.187500 sec.
    forward max bucket size 119 , backward 78.
        Unrouted nets 45 at the end of iteration 83.
    route iteration 83, CPU time elapsed 0.203125 sec.
    forward max bucket size 199 , backward 132.
        Unrouted nets 38 at the end of iteration 84.
    route iteration 84, CPU time elapsed 0.140625 sec.
    forward max bucket size 63 , backward 93.
        Unrouted nets 33 at the end of iteration 85.
    route iteration 85, CPU time elapsed 0.171875 sec.
    forward max bucket size 100 , backward 111.
        Unrouted nets 20 at the end of iteration 86.
    route iteration 86, CPU time elapsed 0.156250 sec.
    forward max bucket size 63 , backward 88.
        Unrouted nets 14 at the end of iteration 87.
    route iteration 87, CPU time elapsed 0.140625 sec.
    forward max bucket size 50 , backward 20.
        Unrouted nets 12 at the end of iteration 88.
    route iteration 88, CPU time elapsed 0.140625 sec.
    forward max bucket size 91 , backward 66.
        Unrouted nets 11 at the end of iteration 89.
    route iteration 89, CPU time elapsed 0.140625 sec.
    forward max bucket size 124 , backward 89.
        Unrouted nets 8 at the end of iteration 90.
    route iteration 90, CPU time elapsed 0.156250 sec.
    forward max bucket size 50 , backward 40.
        Unrouted nets 6 at the end of iteration 91.
    route iteration 91, CPU time elapsed 0.125000 sec.
    forward max bucket size 46 , backward 98.
        Unrouted nets 6 at the end of iteration 92.
    route iteration 92, CPU time elapsed 0.140625 sec.
    forward max bucket size 24 , backward 36.
        Unrouted nets 7 at the end of iteration 93.
    route iteration 93, CPU time elapsed 0.140625 sec.
    forward max bucket size 17 , backward 14.
        Unrouted nets 3 at the end of iteration 94.
    route iteration 94, CPU time elapsed 0.125000 sec.
    forward max bucket size 14 , backward 7.
        Unrouted nets 1 at the end of iteration 95.
    route iteration 95, CPU time elapsed 0.125000 sec.
    forward max bucket size 6 , backward 3.
        Unrouted nets 1 at the end of iteration 96.
    route iteration 96, CPU time elapsed 0.125000 sec.
    forward max bucket size 6 , backward 3.
        Unrouted nets 1 at the end of iteration 97.
    route iteration 97, CPU time elapsed 0.125000 sec.
    forward max bucket size 6 , backward 3.
        Unrouted nets 1 at the end of iteration 98.
    route iteration 98, CPU time elapsed 0.140625 sec.
    forward max bucket size 6 , backward 3.
        Unrouted nets 1 at the end of iteration 99.
    route iteration 99, CPU time elapsed 0.125000 sec.
    forward max bucket size 6 , backward 3.
        Unrouted nets 1 at the end of iteration 100.
    route iteration 100, CPU time elapsed 0.125000 sec.
    forward max bucket size 6 , backward 3.
        Unrouted nets 1 at the end of iteration 101.
    route iteration 101, CPU time elapsed 0.140625 sec.
    forward max bucket size 6 , backward 3.
        Unrouted nets 1 at the end of iteration 102.
    route iteration 102, CPU time elapsed 0.140625 sec.
    forward max bucket size 6 , backward 3.
        Unrouted nets 1 at the end of iteration 103.
    route iteration 103, CPU time elapsed 0.125000 sec.
    forward max bucket size 6 , backward 3.
        Unrouted nets 1 at the end of iteration 104.
    route iteration 104, CPU time elapsed 0.140625 sec.
    forward max bucket size 6 , backward 3.
        Unrouted nets 1 at the end of iteration 105.
    route iteration 105, CPU time elapsed 0.125000 sec.
    forward max bucket size 6 , backward 3.
        Unrouted nets 1 at the end of iteration 106.
    route iteration 106, CPU time elapsed 0.109375 sec.
    forward max bucket size 6 , backward 3.
        Unrouted nets 1 at the end of iteration 107.
    route iteration 107, CPU time elapsed 0.125000 sec.
    forward max bucket size 6 , backward 3.
        Unrouted nets 1 at the end of iteration 108.
    route iteration 108, CPU time elapsed 0.125000 sec.
    forward max bucket size 6 , backward 3.
        Unrouted nets 1 at the end of iteration 109.
    route iteration 109, CPU time elapsed 0.125000 sec.
    forward max bucket size 6 , backward 3.
        Unrouted nets 1 at the end of iteration 110.
    route iteration 110, CPU time elapsed 0.140625 sec.
    forward max bucket size 6 , backward 3.
        Unrouted nets 1 at the end of iteration 111.
    route iteration 111, CPU time elapsed 0.140625 sec.
    forward max bucket size 6 , backward 3.
        Unrouted nets 1 at the end of iteration 112.
    route iteration 112, CPU time elapsed 0.125000 sec.
    forward max bucket size 6 , backward 3.
        Unrouted nets 1 at the end of iteration 113.
    route iteration 113, CPU time elapsed 0.140625 sec.
    forward max bucket size 6 , backward 3.
        Unrouted nets 1 at the end of iteration 114.
    route iteration 114, CPU time elapsed 0.125000 sec.
    forward max bucket size 6 , backward 3.
        Unrouted nets 1 at the end of iteration 115.
    route iteration 115, CPU time elapsed 0.125000 sec.
    forward max bucket size 6 , backward 3.
        Unrouted nets 1 at the end of iteration 116.
    route iteration 116, CPU time elapsed 0.140625 sec.
    forward max bucket size 6 , backward 3.
        Unrouted nets 1 at the end of iteration 117.
    route iteration 117, CPU time elapsed 0.125000 sec.
    forward max bucket size 6 , backward 3.
        Unrouted nets 1 at the end of iteration 118.
    route iteration 118, CPU time elapsed 0.109375 sec.
    forward max bucket size 6 , backward 3.
        Unrouted nets 1 at the end of iteration 119.
    route iteration 119, CPU time elapsed 0.140625 sec.
    forward max bucket size 6 , backward 3.
        Unrouted nets 1 at the end of iteration 120.
    route iteration 120, CPU time elapsed 0.125000 sec.
    forward max bucket size 6 , backward 3.
        Unrouted nets 1 at the end of iteration 121.
    route iteration 121, CPU time elapsed 0.140625 sec.
    forward max bucket size 6 , backward 3.
        Unrouted nets 1 at the end of iteration 122.
    route iteration 122, CPU time elapsed 0.125000 sec.
    forward max bucket size 6 , backward 3.
        Unrouted nets 1 at the end of iteration 123.
    route iteration 123, CPU time elapsed 0.125000 sec.
    forward max bucket size 6 , backward 3.
        Unrouted nets 1 at the end of iteration 124.
    route iteration 124, CPU time elapsed 0.140625 sec.
    forward max bucket size 6 , backward 3.
        Unrouted nets 1 at the end of iteration 125.
    route iteration 125, CPU time elapsed 0.156250 sec.
    forward max bucket size 6 , backward 3.
        Unrouted nets 1 at the end of iteration 126.
    route iteration 126, CPU time elapsed 0.125000 sec.
    forward max bucket size 6 , backward 3.
        Unrouted nets 1 at the end of iteration 127.
    route iteration 127, CPU time elapsed 0.140625 sec.
    forward max bucket size 6 , backward 3.
        Unrouted nets 1 at the end of iteration 128.
    route iteration 128, CPU time elapsed 0.125000 sec.
    forward max bucket size 6 , backward 3.
        Unrouted nets 1 at the end of iteration 129.
    route iteration 129, CPU time elapsed 0.125000 sec.
    forward max bucket size 6 , backward 3.
        Unrouted nets 1 at the end of iteration 130.
    route iteration 130, CPU time elapsed 0.140625 sec.
    forward max bucket size 6 , backward 3.
        Unrouted nets 1 at the end of iteration 131.
    route iteration 131, CPU time elapsed 0.140625 sec.
    forward max bucket size 6 , backward 3.
        Unrouted nets 1 at the end of iteration 132.
    route iteration 132, CPU time elapsed 0.140625 sec.
    forward max bucket size 6 , backward 3.
        Unrouted nets 1 at the end of iteration 133.
    route iteration 133, CPU time elapsed 0.125000 sec.
    forward max bucket size 6 , backward 3.
        Unrouted nets 1 at the end of iteration 134.
    route iteration 134, CPU time elapsed 0.125000 sec.
    forward max bucket size 6 , backward 3.
        Unrouted nets 1 at the end of iteration 135.
    route iteration 135, CPU time elapsed 0.140625 sec.
    forward max bucket size 6 , backward 3.
        Unrouted nets 1 at the end of iteration 136.
    route iteration 136, CPU time elapsed 0.140625 sec.
    forward max bucket size 6 , backward 3.
        Unrouted nets 1 at the end of iteration 137.
    route iteration 137, CPU time elapsed 0.156250 sec.
    forward max bucket size 6 , backward 3.
        Unrouted nets 1 at the end of iteration 138.
    route iteration 138, CPU time elapsed 0.125000 sec.
    forward max bucket size 6 , backward 3.
        Unrouted nets 1 at the end of iteration 139.
    route iteration 139, CPU time elapsed 0.125000 sec.
    forward max bucket size 6 , backward 3.
        Unrouted nets 1 at the end of iteration 140.
    route iteration 140, CPU time elapsed 0.156250 sec.
    forward max bucket size 6 , backward 3.
        Unrouted nets 1 at the end of iteration 141.
    route iteration 141, CPU time elapsed 0.125000 sec.
    forward max bucket size 6 , backward 3.
        Unrouted nets 1 at the end of iteration 142.
    route iteration 142, CPU time elapsed 0.125000 sec.
    forward max bucket size 6 , backward 3.
        Unrouted nets 1 at the end of iteration 143.
    route iteration 143, CPU time elapsed 0.156250 sec.
    forward max bucket size 6 , backward 3.
        Unrouted nets 1 at the end of iteration 144.
    route iteration 144, CPU time elapsed 0.140625 sec.
    forward max bucket size 6 , backward 3.
        Unrouted nets 1 at the end of iteration 145.
    route iteration 145, CPU time elapsed 0.125000 sec.
    forward max bucket size 6 , backward 3.
        Unrouted nets 1 at the end of iteration 146.
    route iteration 146, CPU time elapsed 0.140625 sec.
    forward max bucket size 6 , backward 3.
        Unrouted nets 1 at the end of iteration 147.
    route iteration 147, CPU time elapsed 0.125000 sec.
    forward max bucket size 6 , backward 3.
        Unrouted nets 1 at the end of iteration 148.
    route iteration 148, CPU time elapsed 0.140625 sec.
    forward max bucket size 6 , backward 3.
        Unrouted nets 1 at the end of iteration 149.
    route iteration 149, CPU time elapsed 0.156250 sec.
    forward max bucket size 10 , backward 7.
        Unrouted nets 7 at the end of iteration 150.
    route iteration 150, CPU time elapsed 0.125000 sec.
    forward max bucket size 13 , backward 23.
        Unrouted nets 7 at the end of iteration 151.
    route iteration 151, CPU time elapsed 0.125000 sec.
    forward max bucket size 13 , backward 9.
        Unrouted nets 4 at the end of iteration 152.
    route iteration 152, CPU time elapsed 0.125000 sec.
    forward max bucket size 13 , backward 7.
        Unrouted nets 2 at the end of iteration 153.
    route iteration 153, CPU time elapsed 0.125000 sec.
    forward max bucket size 14 , backward 27.
        Unrouted nets 4 at the end of iteration 154.
    route iteration 154, CPU time elapsed 0.125000 sec.
    forward max bucket size 175 , backward 51.
        Unrouted nets 7 at the end of iteration 155.
    route iteration 155, CPU time elapsed 0.140625 sec.
    forward max bucket size 32 , backward 20.
        Unrouted nets 6 at the end of iteration 156.
    route iteration 156, CPU time elapsed 0.125000 sec.
    forward max bucket size 22 , backward 37.
        Unrouted nets 4 at the end of iteration 157.
    route iteration 157, CPU time elapsed 0.140625 sec.
    forward max bucket size 20 , backward 33.
        Unrouted nets 4 at the end of iteration 158.
    route iteration 158, CPU time elapsed 0.140625 sec.
    forward max bucket size 95 , backward 83.
        Unrouted nets 6 at the end of iteration 159.
    route iteration 159, CPU time elapsed 0.140625 sec.
    forward max bucket size 172 , backward 133.
        Unrouted nets 9 at the end of iteration 160.
    route iteration 160, CPU time elapsed 0.156250 sec.
    forward max bucket size 28 , backward 51.
        Unrouted nets 16 at the end of iteration 161.
    route iteration 161, CPU time elapsed 0.156250 sec.
    forward max bucket size 33 , backward 29.
        Unrouted nets 12 at the end of iteration 162.
    route iteration 162, CPU time elapsed 0.125000 sec.
    forward max bucket size 33 , backward 28.
        Unrouted nets 4 at the end of iteration 163.
    route iteration 163, CPU time elapsed 0.140625 sec.
    forward max bucket size 22 , backward 8.
        Unrouted nets 2 at the end of iteration 164.
    route iteration 164, CPU time elapsed 0.156250 sec.
    forward max bucket size 36 , backward 33.
        Unrouted nets 2 at the end of iteration 165.
    route iteration 165, CPU time elapsed 0.125000 sec.
    forward max bucket size 10 , backward 10.
        Unrouted nets 0 at the end of iteration 166.
    route iteration 166, CPU time elapsed 0.125000 sec.
Detailed routing takes 166 iterations
Detailed routing takes 150.98 sec.
Start fix hold violation.
Build tmp routing results takes 0.48 sec.
Timing analysis takes 3.86 sec.
No hold violation.
Hold Violation Fix in router takes 0 iterations.
Fix hold violation Finished.
Hold Violation Fix in router takes 5.00 sec.

Dispose routing result:
    Collect routing result.
    Delete unused device instances.
    Annotate routing result.
    Change LUT configuration.
    Dispose misc instances.
    Annotate routing result again.
Finish routing takes 1.53 sec.
Used SRB routing arc is 355762.
Cleanup routing takes 0.02 sec.
Routing done.
Total routing takes 203.36 sec.


Device Utilization Summary :
+----------------------------------------------------------------------------+
| Logic Utilization        | Used      | Available     | Utilization(%)     
+----------------------------------------------------------------------------+
| Use of APM               | 4         | 84            | 5                  
| Use of BKCL              | 3         | 4             | 75                 
| Use of CLMA              | 1660      | 6450          | 26                 
|   FF                     | 1396      | 38700         | 4                  
|   LUT                    | 5620      | 25800         | 22                 
|   LUT-FF pairs           | 993       | 25800         | 4                  
| Use of CLMS              | 3305      | 4250          | 78                 
|   FF                     | 156       | 25500         | 1                  
|   LUT                    | 10067     | 17000         | 60                 
|   LUT-FF pairs           | 29        | 17000         | 1                  
|   Distributed RAM        | 8480      | 17000         | 50                 
| Use of CRYSTAL           | 0         | 2             | 0                  
| Use of DLL               | 0         | 10            | 0                  
| Use of DQSL              | 0         | 18            | 0                  
| Use of DRM               | 1         | 134           | 1                  
| Use of FUSECODE          | 0         | 1             | 0                  
| Use of HARD0N1           | 188       | 6672          | 3                  
| Use of HSST              | 0         | 1             | 0                  
| Use of IO                | 20        | 296           | 7                  
|   IOBD                   | 8         | 64            | 13                 
|   IOBR_LR                | 0         | 7             | 0                  
|   IOBR_TB                | 1         | 8             | 13                 
|   IOBS_LR                | 3         | 161           | 2                  
|   IOBS_TB                | 8         | 56            | 15                 
| Use of IOCKDIV           | 0         | 20            | 0                  
| Use of IOCKDLY           | 0         | 40            | 0                  
| Use of IOCKGATE          | 0         | 20            | 0                  
| Use of IOCKGMUX_TEST     | 0         | 20            | 0                  
| Use of IOL               | 20        | 400           | 5                  
| Use of IPAL              | 0         | 1             | 0                  
| Use of LDO               | 0         | 4             | 0                  
| Use of MFG_TEST          | 0         | 1             | 0                  
| Use of OSC               | 0         | 1             | 0                  
| Use of PCIE              | 0         | 1             | 0                  
| Use of PIOMUX_TEST       | 0         | 10            | 0                  
| Use of PLL               | 0         | 5             | 0                  
| Use of PREGMUX_TEST      | 0         | 6             | 0                  
| Use of RCKB              | 0         | 24            | 0                  
| Use of RCKBMUX_TEST      | 0         | 12            | 0                  
| Use of RESCAL            | 0         | 4             | 0                  
| Use of SCANCHAIN         | 0         | 2             | 0                  
| Use of START             | 1         | 1             | 100                
| Use of UDID              | 0         | 1             | 0                  
| Use of USCM              | 1         | 30            | 4                  
| Use of USCMMUX_TEST      | 0         | 30            | 0                  
| Use of VCKBMUX_TEST      | 0         | 12            | 0                  
+----------------------------------------------------------------------------+

Finished routing. (CPU time elapsed 0h:03m:23s)
Design 'tinyriscv_soc_top' has been placed and routed successfully.
Saving design to DB.
Finished placement and routing. (CPU time elapsed 0h:05m:37s)
Action pnr: Real time elapsed is 0h:5m:46s
Action pnr: CPU time elapsed is 0h:5m:38s
Action pnr: Process CPU time elapsed is 0h:5m:38s
Current time: Fri Oct 27 16:40:15 2023
Action pnr: Peak memory pool usage is 1,814 MB
