#Build: Fabric Compiler 2022.1, Build 99559, Jul 12 00:20 2022
#Install: E:\Pango\PDS_2022.1\bin
#Application name: pds_shell.exe
#OS: Windows 10 10.0.22621
#Hostname: GGB
Generated by Fabric Compiler (version 2022.1 build 99559) at Sat Oct 28 07:55:29 2023
Compiling verification operator library.
Compiling common defs.
Compiling prim grid devices.
Compiling gate devices.
Compiling gate operators.
Building architecture model.
Loading device packaging model.
Building architecture floorplan logic view.
Constraint check start.
Executing : def_port {gpio[0]} LOC=AB8 VCCIO=3.3 IOSTANDARD=LVCMOS33 DRIVE=8 SLEW=SLOW NONE=TRUE
Executing : def_port {gpio[0]} LOC=AB8 VCCIO=3.3 IOSTANDARD=LVCMOS33 DRIVE=8 SLEW=SLOW NONE=TRUE successfully
Executing : def_port {gpio[1]} LOC=AA8 VCCIO=3.3 IOSTANDARD=LVCMOS33 DRIVE=8 SLEW=SLOW NONE=TRUE
Executing : def_port {gpio[1]} LOC=AA8 VCCIO=3.3 IOSTANDARD=LVCMOS33 DRIVE=8 SLEW=SLOW NONE=TRUE successfully
Executing : def_port {gpio[2]} LOC=Y6 VCCIO=3.3 IOSTANDARD=LVCMOS33 DRIVE=8 SLEW=SLOW NONE=TRUE
Executing : def_port {gpio[2]} LOC=Y6 VCCIO=3.3 IOSTANDARD=LVCMOS33 DRIVE=8 SLEW=SLOW NONE=TRUE successfully
Executing : def_port {gpio[3]} LOC=W6 VCCIO=3.3 IOSTANDARD=LVCMOS33 DRIVE=8 SLEW=SLOW NONE=TRUE
Executing : def_port {gpio[3]} LOC=W6 VCCIO=3.3 IOSTANDARD=LVCMOS33 DRIVE=8 SLEW=SLOW NONE=TRUE successfully
Executing : def_port {gpio[4]} LOC=AB5 VCCIO=3.3 IOSTANDARD=LVCMOS33 DRIVE=8 SLEW=SLOW NONE=TRUE
C: ConstraintEditor-2002: [E:/PangoPro/tinyriscv/device_map/tinyriscv_soc_top.pcf(line number: 7)] | Port gpio[4] has been placed at location AB5, whose type is share pin.
Executing : def_port {gpio[4]} LOC=AB5 VCCIO=3.3 IOSTANDARD=LVCMOS33 DRIVE=8 SLEW=SLOW NONE=TRUE successfully
Executing : def_port {gpio[5]} LOC=Y5 VCCIO=3.3 IOSTANDARD=LVCMOS33 DRIVE=8 SLEW=SLOW NONE=TRUE
C: ConstraintEditor-2002: [E:/PangoPro/tinyriscv/device_map/tinyriscv_soc_top.pcf(line number: 8)] | Port gpio[5] has been placed at location Y5, whose type is share pin.
Executing : def_port {gpio[5]} LOC=Y5 VCCIO=3.3 IOSTANDARD=LVCMOS33 DRIVE=8 SLEW=SLOW NONE=TRUE successfully
Executing : def_port {gpio[6]} LOC=AB4 VCCIO=3.3 IOSTANDARD=LVCMOS33 DRIVE=8 SLEW=SLOW NONE=TRUE
Executing : def_port {gpio[6]} LOC=AB4 VCCIO=3.3 IOSTANDARD=LVCMOS33 DRIVE=8 SLEW=SLOW NONE=TRUE successfully
Executing : def_port {gpio[7]} LOC=AA4 VCCIO=3.3 IOSTANDARD=LVCMOS33 DRIVE=8 SLEW=SLOW NONE=TRUE
Executing : def_port {gpio[7]} LOC=AA4 VCCIO=3.3 IOSTANDARD=LVCMOS33 DRIVE=8 SLEW=SLOW NONE=TRUE successfully
Executing : def_port {gpio[8]} LOC=C5 VCCIO=3.3 IOSTANDARD=LVCMOS33 DRIVE=8 SLEW=SLOW NONE=TRUE
Executing : def_port {gpio[8]} LOC=C5 VCCIO=3.3 IOSTANDARD=LVCMOS33 DRIVE=8 SLEW=SLOW NONE=TRUE successfully
Executing : def_port {gpio[9]} LOC=A5 VCCIO=3.3 IOSTANDARD=LVCMOS33 DRIVE=8 SLEW=SLOW NONE=TRUE
Executing : def_port {gpio[9]} LOC=A5 VCCIO=3.3 IOSTANDARD=LVCMOS33 DRIVE=8 SLEW=SLOW NONE=TRUE successfully
Executing : def_port {gpio[10]} LOC=F7 VCCIO=3.3 IOSTANDARD=LVCMOS33 DRIVE=8 SLEW=SLOW NONE=TRUE
Executing : def_port {gpio[10]} LOC=F7 VCCIO=3.3 IOSTANDARD=LVCMOS33 DRIVE=8 SLEW=SLOW NONE=TRUE successfully
Executing : def_port {gpio[11]} LOC=F8 VCCIO=3.3 IOSTANDARD=LVCMOS33 DRIVE=8 SLEW=SLOW NONE=TRUE
Executing : def_port {gpio[11]} LOC=F8 VCCIO=3.3 IOSTANDARD=LVCMOS33 DRIVE=8 SLEW=SLOW NONE=TRUE successfully
Executing : def_port {gpio[12]} LOC=J16 VCCIO=3.3 IOSTANDARD=LVCMOS33 DRIVE=8 SLEW=SLOW NONE=TRUE
Executing : def_port {gpio[12]} LOC=J16 VCCIO=3.3 IOSTANDARD=LVCMOS33 DRIVE=8 SLEW=SLOW NONE=TRUE successfully
Executing : def_port {gpio[13]} LOC=J19 VCCIO=3.3 IOSTANDARD=LVCMOS33 DRIVE=8 SLEW=SLOW NONE=TRUE
C: ConstraintEditor-2002: [E:/PangoPro/tinyriscv/device_map/tinyriscv_soc_top.pcf(line number: 16)] | Port gpio[13] has been placed at location J19, whose type is share pin.
Executing : def_port {gpio[13]} LOC=J19 VCCIO=3.3 IOSTANDARD=LVCMOS33 DRIVE=8 SLEW=SLOW NONE=TRUE successfully
Executing : def_port {gpio[14]} LOC=H20 VCCIO=3.3 IOSTANDARD=LVCMOS33 DRIVE=8 SLEW=SLOW NONE=TRUE
C: ConstraintEditor-2002: [E:/PangoPro/tinyriscv/device_map/tinyriscv_soc_top.pcf(line number: 17)] | Port gpio[14] has been placed at location H20, whose type is share pin.
Executing : def_port {gpio[14]} LOC=H20 VCCIO=3.3 IOSTANDARD=LVCMOS33 DRIVE=8 SLEW=SLOW NONE=TRUE successfully
Executing : def_port {gpio[15]} LOC=H17 VCCIO=3.3 IOSTANDARD=LVCMOS33 DRIVE=8 SLEW=SLOW NONE=TRUE
Executing : def_port {gpio[15]} LOC=H17 VCCIO=3.3 IOSTANDARD=LVCMOS33 DRIVE=8 SLEW=SLOW NONE=TRUE successfully
Executing : def_port {halted_ind} LOC=B3 VCCIO=3.3 IOSTANDARD=LVCMOS33 DRIVE=8 SLEW=SLOW NONE=TRUE
Executing : def_port {halted_ind} LOC=B3 VCCIO=3.3 IOSTANDARD=LVCMOS33 DRIVE=8 SLEW=SLOW NONE=TRUE successfully
Executing : def_port {over} LOC=B2 VCCIO=3.3 IOSTANDARD=LVCMOS33 DRIVE=8 SLEW=SLOW NONE=TRUE
Executing : def_port {over} LOC=B2 VCCIO=3.3 IOSTANDARD=LVCMOS33 DRIVE=8 SLEW=SLOW NONE=TRUE successfully
Executing : def_port {spi_clk} LOC=R11 VCCIO=3.3 IOSTANDARD=LVCMOS33 DRIVE=8 SLEW=SLOW NONE=TRUE
Executing : def_port {spi_clk} LOC=R11 VCCIO=3.3 IOSTANDARD=LVCMOS33 DRIVE=8 SLEW=SLOW NONE=TRUE successfully
Executing : def_port {spi_mosi} LOC=W10 VCCIO=3.3 IOSTANDARD=LVCMOS33 DRIVE=8 SLEW=SLOW NONE=TRUE
Executing : def_port {spi_mosi} LOC=W10 VCCIO=3.3 IOSTANDARD=LVCMOS33 DRIVE=8 SLEW=SLOW NONE=TRUE successfully
Executing : def_port {spi_ss} LOC=Y10 VCCIO=3.3 IOSTANDARD=LVCMOS33 DRIVE=8 SLEW=SLOW NONE=TRUE
Executing : def_port {spi_ss} LOC=Y10 VCCIO=3.3 IOSTANDARD=LVCMOS33 DRIVE=8 SLEW=SLOW NONE=TRUE successfully
Executing : def_port {succ} LOC=A2 VCCIO=3.3 IOSTANDARD=LVCMOS33 DRIVE=8 SLEW=SLOW NONE=TRUE
Executing : def_port {succ} LOC=A2 VCCIO=3.3 IOSTANDARD=LVCMOS33 DRIVE=8 SLEW=SLOW NONE=TRUE successfully
Executing : def_port {uart_tx_pin} LOC=R9 VCCIO=3.3 IOSTANDARD=LVCMOS33 DRIVE=8 SLEW=SLOW NONE=TRUE
Executing : def_port {uart_tx_pin} LOC=R9 VCCIO=3.3 IOSTANDARD=LVCMOS33 DRIVE=8 SLEW=SLOW NONE=TRUE successfully
Executing : def_port {clk} LOC=P20 VCCIO=3.3 IOSTANDARD=LVCMOS33 NONE=TRUE
Executing : def_port {clk} LOC=P20 VCCIO=3.3 IOSTANDARD=LVCMOS33 NONE=TRUE successfully
Executing : def_port {rst} LOC=K18 VCCIO=3.3 IOSTANDARD=LVCMOS33 NONE=TRUE
C: ConstraintEditor-2002: [E:/PangoPro/tinyriscv/device_map/tinyriscv_soc_top.pcf(line number: 27)] | Port rst has been placed at location K18, whose type is share pin.
Executing : def_port {rst} LOC=K18 VCCIO=3.3 IOSTANDARD=LVCMOS33 NONE=TRUE successfully
Executing : def_port {spi_miso} LOC=T11 VCCIO=3.3 IOSTANDARD=LVCMOS33 NONE=TRUE
Executing : def_port {spi_miso} LOC=T11 VCCIO=3.3 IOSTANDARD=LVCMOS33 NONE=TRUE successfully
Executing : def_port {uart_debug_pin} LOC=L15 VCCIO=3.3 IOSTANDARD=LVCMOS33 NONE=TRUE
Executing : def_port {uart_debug_pin} LOC=L15 VCCIO=3.3 IOSTANDARD=LVCMOS33 NONE=TRUE successfully
Executing : def_port {uart_rx_pin} LOC=R8 VCCIO=3.3 IOSTANDARD=LVCMOS33 NONE=TRUE
Executing : def_port {uart_rx_pin} LOC=R8 VCCIO=3.3 IOSTANDARD=LVCMOS33 NONE=TRUE successfully
Constraint check end.
I: Column Clock Check open.
Read Column Clock Map.

Placement started.
Phase 1 Pre global placement started.
I: Infer CARRY group, base inst: u_uart_debug/rx_data_1/iGopDrm, insts:2.
Phase 1.1 1st GP placement started.
Design Utilization : 36%.
Wirelength after clock region global placement is 116620.
1st GP placement takes 21.53 sec.

Phase 1.2 Clock placement started.
Mapping instance clkbufg_0/gopclkbufg to USCM_84_108.
Clock placement takes 0.23 sec.

Pre global placement takes 23.86 sec.

Phase 2 Global placement started.
Phase 2.1 Fixed placement started.
Placed fixed group with base inst clk_ibuf/opit_1 on IOL_327_210.
Placed fixed group with base inst gpio_tri[0]/opit_1 on IOL_119_5.
Placed fixed group with base inst gpio_tri[1]/opit_1 on IOL_119_6.
Placed fixed group with base inst gpio_tri[2]/opit_1 on IOL_39_5.
Placed fixed group with base inst gpio_tri[3]/opit_1 on IOL_39_6.
Placed fixed group with base inst gpio_tri[4]/opit_1 on IOL_35_5.
Placed fixed group with base inst gpio_tri[5]/opit_1 on IOL_35_6.
Placed fixed group with base inst gpio_tri[6]/opit_1 on IOL_23_5.
Placed fixed group with base inst gpio_tri[7]/opit_1 on IOL_23_6.
Placed fixed group with base inst gpio_tri[8]/opit_1 on IOL_67_374.
Placed fixed group with base inst gpio_tri[9]/opit_1 on IOL_67_373.
Placed fixed group with base inst gpio_tri[10]/opit_1 on IOL_47_374.
Placed fixed group with base inst gpio_tri[11]/opit_1 on IOL_47_373.
Placed fixed group with base inst gpio_tri[12]/opit_1 on IOL_327_298.
Placed fixed group with base inst gpio_tri[13]/opit_1 on IOL_327_262.
Placed fixed group with base inst gpio_tri[14]/opit_1 on IOL_327_261.
Placed fixed group with base inst gpio_tri[15]/opit_1 on IOL_327_365.
Placed fixed group with base inst halted_ind_obuf/opit_1 on IOL_35_374.
Placed fixed group with base inst over_obuf/opit_1 on IOL_19_374.
Placed fixed group with base inst rst_ibuf/opit_1 on IOL_327_257.
Placed fixed group with base inst spi_clk_obuf/opit_1 on IOL_187_6.
Placed fixed group with base inst spi_miso_ibuf/opit_1 on IOL_187_5.
Placed fixed group with base inst spi_mosi_obuf/opit_1 on IOL_123_6.
Placed fixed group with base inst spi_ss_obuf/opit_1 on IOL_123_5.
Placed fixed group with base inst succ_obuf/opit_1 on IOL_19_373.
Placed fixed group with base inst uart_debug_pin_ibuf/opit_1 on IOL_327_134.
Placed fixed group with base inst uart_rx_pin_ibuf/opit_1 on IOL_43_5.
Placed fixed group with base inst uart_tx_pin_obuf/opit_1 on IOL_43_6.
Placed fixed instance clkbufg_0/gopclkbufg on USCM_84_108.
Placed fixed instance BKCL_auto_0 on BKCL_188_376.
Placed fixed instance BKCL_auto_1 on BKCL_328_184.
Placed fixed instance BKCL_auto_2 on BKCL_192_0.
Fixed placement takes 0.00 sec.

Phase 2.2 Process placement started.
Process placement takes 0.00 sec.

Phase 2.3 IO placement started.
IO placement takes 0.03 sec.

Phase 2.4 2nd GP placement started.
Run super clustering :
	Initial slack -11253.
	12 iterations finished.
	Final slack -3720.
Super clustering done.
Design Utilization : 36%.
2nd GP placement takes 23.81 sec.

Wirelength after global placement is 112976.
Global placement takes 23.84 sec.

Phase 3 Post global placement started.
Phase 3.1 Macro cell placement started.
Wirelength after macro cell placement is 113439.
Macro cell placement takes 0.02 sec.

Phase 3.2 3rd GP placement started.
Run super clustering :
	Initial slack -11253.
	12 iterations finished.
	Final slack -3720.
Super clustering done.
Design Utilization : 36%.
3rd GP placement takes 20.95 sec.

Wirelength after post global placement is 115322.
Post global placement takes 20.97 sec.

Phase 4 Legalization started.
The average distance in LP is 5.858313.
Wirelength after legalization is 193775.
Legalization takes 4.91 sec.

Phase 5 Timing-driven detailed placement started.
Phase 5.1 Replication placement started.
Worst slack before Replication Place is -3807.
Replication placement takes 1.52 sec.

Wirelength after replication placement is 193775.
Phase 5.2 DP placement started.
Legalized cost -3807.000000.
The detailed placement ends at 2th iteration.
DP placement takes 26.88 sec.

Wirelength after detailed placement is 235724.
Timing-driven detailed placement takes 28.39 sec.

Worst slack is 1367, TNS after placement is 0.
Placement done.
Total placement takes 106.92 sec.
Finished placement. (CPU time elapsed 0h:01m:46s)

Routing started.
Building routing graph takes 2.95 sec.
Worst slack is 1367, TNS before global route is 0.
Processing design graph takes 1.00 sec.
Total memory for routing:
	128.475252 M.
Total nets for routing : 14842.
Rcf routing step 1 processed 0 nets, it takes 0.00 sec.
Rcf routing step 2 processed 0 nets, it takes 0.00 sec.
Rcf routing step 3 processed 0 nets, it takes 0.00 sec.
Unrouted nets 0 at the end of iteration 0.
Global Routing step 1 processed 116 nets, it takes 0.30 sec.
Unrouted nets 66 at the end of iteration 0.
Unrouted nets 36 at the end of iteration 1.
Unrouted nets 24 at the end of iteration 2.
Unrouted nets 18 at the end of iteration 3.
Unrouted nets 14 at the end of iteration 4.
Unrouted nets 11 at the end of iteration 5.
Unrouted nets 6 at the end of iteration 6.
Unrouted nets 6 at the end of iteration 7.
Unrouted nets 4 at the end of iteration 8.
Unrouted nets 4 at the end of iteration 9.
Unrouted nets 4 at the end of iteration 10.
Unrouted nets 4 at the end of iteration 11.
Unrouted nets 4 at the end of iteration 12.
Unrouted nets 2 at the end of iteration 13.
Unrouted nets 2 at the end of iteration 14.
Unrouted nets 2 at the end of iteration 15.
Unrouted nets 2 at the end of iteration 16.
Unrouted nets 2 at the end of iteration 17.
Unrouted nets 2 at the end of iteration 18.
Unrouted nets 2 at the end of iteration 19.
Unrouted nets 2 at the end of iteration 20.
Unrouted nets 2 at the end of iteration 21.
Unrouted nets 2 at the end of iteration 22.
Unrouted nets 2 at the end of iteration 23.
Unrouted nets 0 at the end of iteration 24.
Global Routing step 2 processed 368 nets, it takes 1.50 sec.
Unrouted nets 275 at the end of iteration 0.
Unrouted nets 209 at the end of iteration 1.
Unrouted nets 180 at the end of iteration 2.
Unrouted nets 150 at the end of iteration 3.
Unrouted nets 141 at the end of iteration 4.
Unrouted nets 120 at the end of iteration 5.
Unrouted nets 116 at the end of iteration 6.
Unrouted nets 93 at the end of iteration 7.
Unrouted nets 89 at the end of iteration 8.
Unrouted nets 87 at the end of iteration 9.
Unrouted nets 86 at the end of iteration 10.
Unrouted nets 66 at the end of iteration 11.
Unrouted nets 69 at the end of iteration 12.
Unrouted nets 62 at the end of iteration 13.
Unrouted nets 52 at the end of iteration 14.
Unrouted nets 54 at the end of iteration 15.
Unrouted nets 50 at the end of iteration 16.
Unrouted nets 51 at the end of iteration 17.
Unrouted nets 49 at the end of iteration 18.
Unrouted nets 38 at the end of iteration 19.
Unrouted nets 33 at the end of iteration 20.
Unrouted nets 43 at the end of iteration 21.
Unrouted nets 45 at the end of iteration 22.
Unrouted nets 47 at the end of iteration 23.
Unrouted nets 35 at the end of iteration 24.
Unrouted nets 38 at the end of iteration 25.
Unrouted nets 32 at the end of iteration 26.
Unrouted nets 30 at the end of iteration 27.
Unrouted nets 24 at the end of iteration 28.
Unrouted nets 24 at the end of iteration 29.
Unrouted nets 16 at the end of iteration 30.
Unrouted nets 21 at the end of iteration 31.
Unrouted nets 13 at the end of iteration 32.
Unrouted nets 14 at the end of iteration 33.
Unrouted nets 17 at the end of iteration 34.
Unrouted nets 17 at the end of iteration 35.
Unrouted nets 10 at the end of iteration 36.
Unrouted nets 12 at the end of iteration 37.
Unrouted nets 9 at the end of iteration 38.
Unrouted nets 8 at the end of iteration 39.
Unrouted nets 9 at the end of iteration 40.
Unrouted nets 9 at the end of iteration 41.
Unrouted nets 12 at the end of iteration 42.
Unrouted nets 9 at the end of iteration 43.
Unrouted nets 5 at the end of iteration 44.
Unrouted nets 2 at the end of iteration 45.
Unrouted nets 2 at the end of iteration 46.
Unrouted nets 1 at the end of iteration 47.
Unrouted nets 2 at the end of iteration 48.
Unrouted nets 1 at the end of iteration 49.
Unrouted nets 0 at the end of iteration 50.
Global Routing step 3 processed 385 nets, it takes 40.72 sec.
Global routing takes 42.56 sec.
Total 22735 subnets.
    forward max bucket size 3035 , backward 3115.
        Unrouted nets 18191 at the end of iteration 0.
    route iteration 0, CPU time elapsed 9.187500 sec.
    forward max bucket size 3256 , backward 4977.
        Unrouted nets 16344 at the end of iteration 1.
    route iteration 1, CPU time elapsed 5.062500 sec.
    forward max bucket size 2579 , backward 4410.
        Unrouted nets 14727 at the end of iteration 2.
    route iteration 2, CPU time elapsed 5.968750 sec.
    forward max bucket size 2553 , backward 4713.
        Unrouted nets 13559 at the end of iteration 3.
    route iteration 3, CPU time elapsed 7.109375 sec.
    forward max bucket size 2585 , backward 4237.
        Unrouted nets 12482 at the end of iteration 4.
    route iteration 4, CPU time elapsed 9.359375 sec.
    forward max bucket size 2281 , backward 3777.
        Unrouted nets 11552 at the end of iteration 5.
    route iteration 5, CPU time elapsed 13.375000 sec.
    forward max bucket size 2503 , backward 3066.
        Unrouted nets 10527 at the end of iteration 6.
    route iteration 6, CPU time elapsed 11.015625 sec.
    forward max bucket size 1783 , backward 2621.
        Unrouted nets 9241 at the end of iteration 7.
    route iteration 7, CPU time elapsed 11.187500 sec.
    forward max bucket size 1189 , backward 3445.
        Unrouted nets 8208 at the end of iteration 8.
    route iteration 8, CPU time elapsed 9.859375 sec.
    forward max bucket size 2015 , backward 4022.
        Unrouted nets 7260 at the end of iteration 9.
    route iteration 9, CPU time elapsed 9.359375 sec.
    forward max bucket size 4913 , backward 4977.
        Unrouted nets 6302 at the end of iteration 10.
    route iteration 10, CPU time elapsed 8.640625 sec.
    forward max bucket size 4588 , backward 3922.
        Unrouted nets 5646 at the end of iteration 11.
    route iteration 11, CPU time elapsed 8.703125 sec.
    forward max bucket size 3763 , backward 5769.
        Unrouted nets 5109 at the end of iteration 12.
    route iteration 12, CPU time elapsed 8.781250 sec.
    forward max bucket size 5718 , backward 4529.
        Unrouted nets 4520 at the end of iteration 13.
    route iteration 13, CPU time elapsed 8.515625 sec.
    forward max bucket size 1959 , backward 4158.
        Unrouted nets 4061 at the end of iteration 14.
    route iteration 14, CPU time elapsed 6.937500 sec.
    forward max bucket size 5601 , backward 4039.
        Unrouted nets 3703 at the end of iteration 15.
    route iteration 15, CPU time elapsed 6.421875 sec.
    forward max bucket size 5966 , backward 4813.
        Unrouted nets 3340 at the end of iteration 16.
    route iteration 16, CPU time elapsed 5.609375 sec.
    forward max bucket size 1937 , backward 3409.
        Unrouted nets 2991 at the end of iteration 17.
    route iteration 17, CPU time elapsed 5.562500 sec.
    forward max bucket size 1778 , backward 2539.
        Unrouted nets 2774 at the end of iteration 18.
    route iteration 18, CPU time elapsed 5.390625 sec.
    forward max bucket size 5741 , backward 2019.
        Unrouted nets 2557 at the end of iteration 19.
    route iteration 19, CPU time elapsed 5.187500 sec.
    forward max bucket size 5317 , backward 3241.
        Unrouted nets 2378 at the end of iteration 20.
    route iteration 20, CPU time elapsed 5.156250 sec.
    forward max bucket size 5661 , backward 2150.
        Unrouted nets 2273 at the end of iteration 21.
    route iteration 21, CPU time elapsed 4.671875 sec.
    forward max bucket size 5428 , backward 3262.
        Unrouted nets 2046 at the end of iteration 22.
    route iteration 22, CPU time elapsed 4.250000 sec.
    forward max bucket size 5761 , backward 1836.
        Unrouted nets 1905 at the end of iteration 23.
    route iteration 23, CPU time elapsed 3.625000 sec.
    forward max bucket size 5620 , backward 2043.
        Unrouted nets 1793 at the end of iteration 24.
    route iteration 24, CPU time elapsed 3.937500 sec.
    forward max bucket size 5386 , backward 2919.
        Unrouted nets 1714 at the end of iteration 25.
    route iteration 25, CPU time elapsed 3.437500 sec.
    forward max bucket size 4258 , backward 3406.
        Unrouted nets 1599 at the end of iteration 26.
    route iteration 26, CPU time elapsed 3.109375 sec.
    forward max bucket size 5330 , backward 2893.
        Unrouted nets 1429 at the end of iteration 27.
    route iteration 27, CPU time elapsed 2.671875 sec.
    forward max bucket size 5632 , backward 3896.
        Unrouted nets 1403 at the end of iteration 28.
    route iteration 28, CPU time elapsed 2.890625 sec.
    forward max bucket size 5397 , backward 2656.
        Unrouted nets 1309 at the end of iteration 29.
    route iteration 29, CPU time elapsed 3.078125 sec.
    forward max bucket size 5623 , backward 2736.
        Unrouted nets 1224 at the end of iteration 30.
    route iteration 30, CPU time elapsed 2.812500 sec.
    forward max bucket size 1104 , backward 1843.
        Unrouted nets 1197 at the end of iteration 31.
    route iteration 31, CPU time elapsed 2.828125 sec.
    forward max bucket size 1333 , backward 2109.
        Unrouted nets 1086 at the end of iteration 32.
    route iteration 32, CPU time elapsed 2.359375 sec.
    forward max bucket size 1055 , backward 3000.
        Unrouted nets 1089 at the end of iteration 33.
    route iteration 33, CPU time elapsed 2.109375 sec.
    forward max bucket size 1232 , backward 2838.
        Unrouted nets 1030 at the end of iteration 34.
    route iteration 34, CPU time elapsed 1.765625 sec.
    forward max bucket size 1479 , backward 2627.
        Unrouted nets 1016 at the end of iteration 35.
    route iteration 35, CPU time elapsed 1.937500 sec.
    forward max bucket size 1479 , backward 3796.
        Unrouted nets 971 at the end of iteration 36.
    route iteration 36, CPU time elapsed 2.000000 sec.
    forward max bucket size 3296 , backward 2554.
        Unrouted nets 882 at the end of iteration 37.
    route iteration 37, CPU time elapsed 2.000000 sec.
    forward max bucket size 743 , backward 781.
        Unrouted nets 819 at the end of iteration 38.
    route iteration 38, CPU time elapsed 1.765625 sec.
    forward max bucket size 477 , backward 781.
        Unrouted nets 797 at the end of iteration 39.
    route iteration 39, CPU time elapsed 1.875000 sec.
    forward max bucket size 526 , backward 885.
        Unrouted nets 738 at the end of iteration 40.
    route iteration 40, CPU time elapsed 1.515625 sec.
    forward max bucket size 3314 , backward 2584.
        Unrouted nets 681 at the end of iteration 41.
    route iteration 41, CPU time elapsed 1.250000 sec.
    forward max bucket size 1071 , backward 1084.
        Unrouted nets 655 at the end of iteration 42.
    route iteration 42, CPU time elapsed 1.218750 sec.
    forward max bucket size 1604 , backward 1248.
        Unrouted nets 647 at the end of iteration 43.
    route iteration 43, CPU time elapsed 1.265625 sec.
    forward max bucket size 988 , backward 1030.
        Unrouted nets 581 at the end of iteration 44.
    route iteration 44, CPU time elapsed 1.250000 sec.
    forward max bucket size 448 , backward 430.
        Unrouted nets 575 at the end of iteration 45.
    route iteration 45, CPU time elapsed 1.328125 sec.
    forward max bucket size 677 , backward 406.
        Unrouted nets 583 at the end of iteration 46.
    route iteration 46, CPU time elapsed 1.343750 sec.
    forward max bucket size 254 , backward 264.
        Unrouted nets 542 at the end of iteration 47.
    route iteration 47, CPU time elapsed 1.078125 sec.
    forward max bucket size 575 , backward 1957.
        Unrouted nets 535 at the end of iteration 48.
    route iteration 48, CPU time elapsed 1.250000 sec.
    forward max bucket size 254 , backward 681.
        Unrouted nets 475 at the end of iteration 49.
    route iteration 49, CPU time elapsed 1.187500 sec.
    forward max bucket size 288 , backward 3209.
        Unrouted nets 493 at the end of iteration 50.
    route iteration 50, CPU time elapsed 1.046875 sec.
    forward max bucket size 548 , backward 1164.
        Unrouted nets 491 at the end of iteration 51.
    route iteration 51, CPU time elapsed 1.906250 sec.
    forward max bucket size 812 , backward 1132.
        Unrouted nets 449 at the end of iteration 52.
    route iteration 52, CPU time elapsed 1.437500 sec.
    forward max bucket size 901 , backward 2582.
        Unrouted nets 408 at the end of iteration 53.
    route iteration 53, CPU time elapsed 0.984375 sec.
    forward max bucket size 1198 , backward 2420.
        Unrouted nets 414 at the end of iteration 54.
    route iteration 54, CPU time elapsed 0.843750 sec.
    forward max bucket size 1075 , backward 2295.
        Unrouted nets 393 at the end of iteration 55.
    route iteration 55, CPU time elapsed 0.953125 sec.
    forward max bucket size 825 , backward 352.
        Unrouted nets 348 at the end of iteration 56.
    route iteration 56, CPU time elapsed 0.796875 sec.
    forward max bucket size 754 , backward 235.
        Unrouted nets 337 at the end of iteration 57.
    route iteration 57, CPU time elapsed 0.593750 sec.
    forward max bucket size 591 , backward 462.
        Unrouted nets 344 at the end of iteration 58.
    route iteration 58, CPU time elapsed 0.671875 sec.
    forward max bucket size 247 , backward 1407.
        Unrouted nets 346 at the end of iteration 59.
    route iteration 59, CPU time elapsed 0.609375 sec.
    forward max bucket size 205 , backward 3231.
        Unrouted nets 328 at the end of iteration 60.
    route iteration 60, CPU time elapsed 0.843750 sec.
    forward max bucket size 290 , backward 3553.
        Unrouted nets 301 at the end of iteration 61.
    route iteration 61, CPU time elapsed 0.640625 sec.
    forward max bucket size 860 , backward 4123.
        Unrouted nets 303 at the end of iteration 62.
    route iteration 62, CPU time elapsed 0.734375 sec.
    forward max bucket size 906 , backward 4123.
        Unrouted nets 290 at the end of iteration 63.
    route iteration 63, CPU time elapsed 0.703125 sec.
    forward max bucket size 813 , backward 1670.
        Unrouted nets 251 at the end of iteration 64.
    route iteration 64, CPU time elapsed 0.562500 sec.
    forward max bucket size 725 , backward 393.
        Unrouted nets 255 at the end of iteration 65.
    route iteration 65, CPU time elapsed 0.453125 sec.
    forward max bucket size 921 , backward 1738.
        Unrouted nets 258 at the end of iteration 66.
    route iteration 66, CPU time elapsed 0.562500 sec.
    forward max bucket size 1052 , backward 2060.
        Unrouted nets 273 at the end of iteration 67.
    route iteration 67, CPU time elapsed 0.671875 sec.
    forward max bucket size 1278 , backward 2581.
        Unrouted nets 282 at the end of iteration 68.
    route iteration 68, CPU time elapsed 0.562500 sec.
    forward max bucket size 960 , backward 1704.
        Unrouted nets 308 at the end of iteration 69.
    route iteration 69, CPU time elapsed 0.609375 sec.
    forward max bucket size 1272 , backward 2549.
        Unrouted nets 308 at the end of iteration 70.
    route iteration 70, CPU time elapsed 0.484375 sec.
    forward max bucket size 763 , backward 1502.
        Unrouted nets 302 at the end of iteration 71.
    route iteration 71, CPU time elapsed 0.531250 sec.
    forward max bucket size 148 , backward 343.
        Unrouted nets 289 at the end of iteration 72.
    route iteration 72, CPU time elapsed 0.609375 sec.
    forward max bucket size 1138 , backward 1137.
        Unrouted nets 275 at the end of iteration 73.
    route iteration 73, CPU time elapsed 0.640625 sec.
    forward max bucket size 392 , backward 307.
        Unrouted nets 240 at the end of iteration 74.
    route iteration 74, CPU time elapsed 0.593750 sec.
    forward max bucket size 563 , backward 329.
        Unrouted nets 232 at the end of iteration 75.
    route iteration 75, CPU time elapsed 0.421875 sec.
    forward max bucket size 562 , backward 786.
        Unrouted nets 212 at the end of iteration 76.
    route iteration 76, CPU time elapsed 0.421875 sec.
    forward max bucket size 182 , backward 1965.
        Unrouted nets 181 at the end of iteration 77.
    route iteration 77, CPU time elapsed 0.328125 sec.
    forward max bucket size 783 , backward 1958.
        Unrouted nets 165 at the end of iteration 78.
    route iteration 78, CPU time elapsed 0.375000 sec.
    forward max bucket size 184 , backward 1990.
        Unrouted nets 174 at the end of iteration 79.
    route iteration 79, CPU time elapsed 0.390625 sec.
    forward max bucket size 185 , backward 540.
        Unrouted nets 155 at the end of iteration 80.
    route iteration 80, CPU time elapsed 0.515625 sec.
    forward max bucket size 171 , backward 2016.
        Unrouted nets 150 at the end of iteration 81.
    route iteration 81, CPU time elapsed 0.546875 sec.
    forward max bucket size 171 , backward 1450.
        Unrouted nets 153 at the end of iteration 82.
    route iteration 82, CPU time elapsed 0.390625 sec.
    forward max bucket size 903 , backward 2338.
        Unrouted nets 159 at the end of iteration 83.
    route iteration 83, CPU time elapsed 0.406250 sec.
    forward max bucket size 216 , backward 304.
        Unrouted nets 119 at the end of iteration 84.
    route iteration 84, CPU time elapsed 0.312500 sec.
    forward max bucket size 669 , backward 632.
        Unrouted nets 128 at the end of iteration 85.
    route iteration 85, CPU time elapsed 0.406250 sec.
    forward max bucket size 1167 , backward 900.
        Unrouted nets 132 at the end of iteration 86.
    route iteration 86, CPU time elapsed 0.375000 sec.
    forward max bucket size 503 , backward 466.
        Unrouted nets 124 at the end of iteration 87.
    route iteration 87, CPU time elapsed 0.390625 sec.
    forward max bucket size 182 , backward 99.
        Unrouted nets 103 at the end of iteration 88.
    route iteration 88, CPU time elapsed 0.375000 sec.
    forward max bucket size 1842 , backward 1007.
        Unrouted nets 112 at the end of iteration 89.
    route iteration 89, CPU time elapsed 0.328125 sec.
    forward max bucket size 573 , backward 1470.
        Unrouted nets 118 at the end of iteration 90.
    route iteration 90, CPU time elapsed 0.343750 sec.
    forward max bucket size 1136 , backward 1813.
        Unrouted nets 121 at the end of iteration 91.
    route iteration 91, CPU time elapsed 0.296875 sec.
    forward max bucket size 376 , backward 1804.
        Unrouted nets 125 at the end of iteration 92.
    route iteration 92, CPU time elapsed 0.406250 sec.
    forward max bucket size 348 , backward 1801.
        Unrouted nets 110 at the end of iteration 93.
    route iteration 93, CPU time elapsed 0.343750 sec.
    forward max bucket size 636 , backward 1802.
        Unrouted nets 125 at the end of iteration 94.
    route iteration 94, CPU time elapsed 0.390625 sec.
    forward max bucket size 599 , backward 989.
        Unrouted nets 118 at the end of iteration 95.
    route iteration 95, CPU time elapsed 0.484375 sec.
    forward max bucket size 133 , backward 632.
        Unrouted nets 112 at the end of iteration 96.
    route iteration 96, CPU time elapsed 0.406250 sec.
    forward max bucket size 130 , backward 153.
        Unrouted nets 99 at the end of iteration 97.
    route iteration 97, CPU time elapsed 0.359375 sec.
    forward max bucket size 479 , backward 1678.
        Unrouted nets 106 at the end of iteration 98.
    route iteration 98, CPU time elapsed 0.500000 sec.
    forward max bucket size 193 , backward 1261.
        Unrouted nets 90 at the end of iteration 99.
    route iteration 99, CPU time elapsed 0.296875 sec.
    forward max bucket size 433 , backward 1334.
        Unrouted nets 96 at the end of iteration 100.
    route iteration 100, CPU time elapsed 0.312500 sec.
    forward max bucket size 62 , backward 88.
        Unrouted nets 108 at the end of iteration 101.
    route iteration 101, CPU time elapsed 0.265625 sec.
    forward max bucket size 932 , backward 854.
        Unrouted nets 110 at the end of iteration 102.
    route iteration 102, CPU time elapsed 0.375000 sec.
    forward max bucket size 982 , backward 833.
        Unrouted nets 105 at the end of iteration 103.
    route iteration 103, CPU time elapsed 0.312500 sec.
    forward max bucket size 85 , backward 103.
        Unrouted nets 89 at the end of iteration 104.
    route iteration 104, CPU time elapsed 0.328125 sec.
    forward max bucket size 149 , backward 82.
        Unrouted nets 80 at the end of iteration 105.
    route iteration 105, CPU time elapsed 0.234375 sec.
    forward max bucket size 80 , backward 54.
        Unrouted nets 78 at the end of iteration 106.
    route iteration 106, CPU time elapsed 0.281250 sec.
    forward max bucket size 130 , backward 98.
        Unrouted nets 77 at the end of iteration 107.
    route iteration 107, CPU time elapsed 0.265625 sec.
    forward max bucket size 147 , backward 52.
        Unrouted nets 68 at the end of iteration 108.
    route iteration 108, CPU time elapsed 0.218750 sec.
    forward max bucket size 121 , backward 56.
        Unrouted nets 61 at the end of iteration 109.
    route iteration 109, CPU time elapsed 0.218750 sec.
    forward max bucket size 41 , backward 38.
        Unrouted nets 72 at the end of iteration 110.
    route iteration 110, CPU time elapsed 0.187500 sec.
    forward max bucket size 587 , backward 485.
        Unrouted nets 69 at the end of iteration 111.
    route iteration 111, CPU time elapsed 0.234375 sec.
    forward max bucket size 1209 , backward 939.
        Unrouted nets 69 at the end of iteration 112.
    route iteration 112, CPU time elapsed 0.250000 sec.
    forward max bucket size 1704 , backward 4474.
        Unrouted nets 85 at the end of iteration 113.
    route iteration 113, CPU time elapsed 0.312500 sec.
    forward max bucket size 394 , backward 1411.
        Unrouted nets 90 at the end of iteration 114.
    route iteration 114, CPU time elapsed 0.250000 sec.
    forward max bucket size 390 , backward 1420.
        Unrouted nets 62 at the end of iteration 115.
    route iteration 115, CPU time elapsed 0.250000 sec.
    forward max bucket size 899 , backward 2055.
        Unrouted nets 58 at the end of iteration 116.
    route iteration 116, CPU time elapsed 0.250000 sec.
    forward max bucket size 937 , backward 1662.
        Unrouted nets 45 at the end of iteration 117.
    route iteration 117, CPU time elapsed 0.296875 sec.
    forward max bucket size 943 , backward 2137.
        Unrouted nets 37 at the end of iteration 118.
    route iteration 118, CPU time elapsed 0.281250 sec.
    forward max bucket size 925 , backward 2335.
        Unrouted nets 38 at the end of iteration 119.
    route iteration 119, CPU time elapsed 0.281250 sec.
    forward max bucket size 457 , backward 1405.
        Unrouted nets 26 at the end of iteration 120.
    route iteration 120, CPU time elapsed 0.187500 sec.
    forward max bucket size 122 , backward 94.
        Unrouted nets 24 at the end of iteration 121.
    route iteration 121, CPU time elapsed 0.187500 sec.
    forward max bucket size 68 , backward 99.
        Unrouted nets 14 at the end of iteration 122.
    route iteration 122, CPU time elapsed 0.171875 sec.
    forward max bucket size 110 , backward 253.
        Unrouted nets 12 at the end of iteration 123.
    route iteration 123, CPU time elapsed 0.187500 sec.
    forward max bucket size 181 , backward 318.
        Unrouted nets 7 at the end of iteration 124.
    route iteration 124, CPU time elapsed 0.156250 sec.
    forward max bucket size 181 , backward 332.
        Unrouted nets 6 at the end of iteration 125.
    route iteration 125, CPU time elapsed 0.125000 sec.
    forward max bucket size 181 , backward 371.
        Unrouted nets 0 at the end of iteration 126.
    route iteration 126, CPU time elapsed 0.156250 sec.
Detailed routing takes 126 iterations
Detailed routing takes 277.89 sec.
Start fix hold violation.
Build tmp routing results takes 0.47 sec.
Timing analysis takes 3.89 sec.
Hold violation fix iter 0 takes 0.03 sec, total_step_forward 138.
Incremental timing analysis takes 3.70 sec.
Hold violation fix iter 1 takes 0.00 sec, total_step_forward 0.
Hold Violation Fix in router takes 2 iterations.
Fix hold violation Finished.
Hold Violation Fix in router takes 8.80 sec.

Dispose routing result:
    Collect routing result.
    Delete unused device instances.
    Annotate routing result.
    Change LUT configuration.
    Dispose misc instances.
    Annotate routing result again.
Finish routing takes 1.64 sec.
Used SRB routing arc is 358195.
Cleanup routing takes 0.02 sec.
Routing done.
Total routing takes 335.77 sec.


Device Utilization Summary :
+----------------------------------------------------------------------------+
| Logic Utilization        | Used      | Available     | Utilization(%)     
+----------------------------------------------------------------------------+
| Use of APM               | 4         | 84            | 5                  
| Use of BKCL              | 3         | 4             | 75                 
| Use of CLMA              | 1542      | 6450          | 24                 
|   FF                     | 1370      | 38700         | 4                  
|   LUT                    | 5398      | 25800         | 21                 
|   LUT-FF pairs           | 1003      | 25800         | 4                  
| Use of CLMS              | 3353      | 4250          | 79                 
|   FF                     | 182       | 25500         | 1                  
|   LUT                    | 10145     | 17000         | 60                 
|   LUT-FF pairs           | 27        | 17000         | 1                  
|   Distributed RAM        | 8480      | 17000         | 50                 
| Use of CRYSTAL           | 0         | 2             | 0                  
| Use of DLL               | 0         | 10            | 0                  
| Use of DQSL              | 0         | 18            | 0                  
| Use of DRM               | 1         | 134           | 1                  
| Use of FUSECODE          | 0         | 1             | 0                  
| Use of HARD0N1           | 193       | 6672          | 3                  
| Use of HSST              | 0         | 1             | 0                  
| Use of IO                | 28        | 296           | 10                 
|   IOBD                   | 11        | 64            | 18                 
|   IOBR_LR                | 0         | 7             | 0                  
|   IOBR_TB                | 1         | 8             | 13                 
|   IOBS_LR                | 7         | 161           | 5                  
|   IOBS_TB                | 9         | 56            | 17                 
| Use of IOCKDIV           | 0         | 20            | 0                  
| Use of IOCKDLY           | 0         | 40            | 0                  
| Use of IOCKGATE          | 0         | 20            | 0                  
| Use of IOCKGMUX_TEST     | 0         | 20            | 0                  
| Use of IOL               | 28        | 400           | 7                  
| Use of IPAL              | 0         | 1             | 0                  
| Use of LDO               | 0         | 4             | 0                  
| Use of MFG_TEST          | 0         | 1             | 0                  
| Use of OSC               | 0         | 1             | 0                  
| Use of PCIE              | 0         | 1             | 0                  
| Use of PIOMUX_TEST       | 0         | 10            | 0                  
| Use of PLL               | 0         | 5             | 0                  
| Use of PREGMUX_TEST      | 0         | 6             | 0                  
| Use of RCKB              | 3         | 24            | 13                 
| Use of RCKBMUX_TEST      | 0         | 12            | 0                  
| Use of RESCAL            | 0         | 4             | 0                  
| Use of SCANCHAIN         | 0         | 2             | 0                  
| Use of START             | 1         | 1             | 100                
| Use of UDID              | 0         | 1             | 0                  
| Use of USCM              | 1         | 30            | 4                  
| Use of USCMMUX_TEST      | 0         | 30            | 0                  
| Use of VCKBMUX_TEST      | 0         | 12            | 0                  
+----------------------------------------------------------------------------+

Finished routing. (CPU time elapsed 0h:05m:35s)
Design 'tinyriscv_soc_top' has been placed and routed successfully.
Saving design to DB.
Finished placement and routing. (CPU time elapsed 0h:07m:55s)
Action pnr: Real time elapsed is 0h:8m:9s
Action pnr: CPU time elapsed is 0h:7m:56s
Action pnr: Process CPU time elapsed is 0h:7m:56s
Current time: Sat Oct 28 08:03:36 2023
Action pnr: Peak memory pool usage is 1,752 MB
