#Build: Fabric Compiler 2022.1, Build 99559, Jul 12 00:20 2022
#Install: E:\Pango\PDS_2022.1\bin
#Application name: pds_shell.exe
#OS: Windows 10 10.0.22621
#Hostname: GGB
Generated by Fabric Compiler (version 2022.1 build 99559) at Fri Nov  3 23:44:01 2023
Compiling verification operator library.
Compiling common defs.
Compiling prim grid devices.
Compiling gate devices.
Compiling gate operators.
Building architecture model.
Loading device packaging model.
Building architecture floorplan logic view.
Constraint check start.
Executing : def_port {gpio[0]} LOC=AB8 VCCIO=3.3 IOSTANDARD=LVCMOS33 DRIVE=8 SLEW=SLOW NONE=TRUE
Executing : def_port {gpio[0]} LOC=AB8 VCCIO=3.3 IOSTANDARD=LVCMOS33 DRIVE=8 SLEW=SLOW NONE=TRUE successfully
Executing : def_port {gpio[1]} LOC=AA8 VCCIO=3.3 IOSTANDARD=LVCMOS33 DRIVE=8 SLEW=SLOW NONE=TRUE
Executing : def_port {gpio[1]} LOC=AA8 VCCIO=3.3 IOSTANDARD=LVCMOS33 DRIVE=8 SLEW=SLOW NONE=TRUE successfully
Executing : def_port {gpio[2]} LOC=Y6 VCCIO=3.3 IOSTANDARD=LVCMOS33 DRIVE=8 SLEW=SLOW NONE=TRUE
Executing : def_port {gpio[2]} LOC=Y6 VCCIO=3.3 IOSTANDARD=LVCMOS33 DRIVE=8 SLEW=SLOW NONE=TRUE successfully
Executing : def_port {gpio[3]} LOC=W6 VCCIO=3.3 IOSTANDARD=LVCMOS33 DRIVE=8 SLEW=SLOW NONE=TRUE
Executing : def_port {gpio[3]} LOC=W6 VCCIO=3.3 IOSTANDARD=LVCMOS33 DRIVE=8 SLEW=SLOW NONE=TRUE successfully
Executing : def_port {gpio[4]} LOC=AB5 VCCIO=3.3 IOSTANDARD=LVCMOS33 DRIVE=8 SLEW=SLOW NONE=TRUE
C: ConstraintEditor-2002: [E:/PangoPro/tinyriscv/device_map/tinyriscv_soc_top.pcf(line number: 7)] | Port gpio[4] has been placed at location AB5, whose type is share pin.
Executing : def_port {gpio[4]} LOC=AB5 VCCIO=3.3 IOSTANDARD=LVCMOS33 DRIVE=8 SLEW=SLOW NONE=TRUE successfully
Executing : def_port {gpio[5]} LOC=Y5 VCCIO=3.3 IOSTANDARD=LVCMOS33 DRIVE=8 SLEW=SLOW NONE=TRUE
C: ConstraintEditor-2002: [E:/PangoPro/tinyriscv/device_map/tinyriscv_soc_top.pcf(line number: 8)] | Port gpio[5] has been placed at location Y5, whose type is share pin.
Executing : def_port {gpio[5]} LOC=Y5 VCCIO=3.3 IOSTANDARD=LVCMOS33 DRIVE=8 SLEW=SLOW NONE=TRUE successfully
Executing : def_port {gpio[6]} LOC=AB4 VCCIO=3.3 IOSTANDARD=LVCMOS33 DRIVE=8 SLEW=SLOW NONE=TRUE
Executing : def_port {gpio[6]} LOC=AB4 VCCIO=3.3 IOSTANDARD=LVCMOS33 DRIVE=8 SLEW=SLOW NONE=TRUE successfully
Executing : def_port {gpio[7]} LOC=AA4 VCCIO=3.3 IOSTANDARD=LVCMOS33 DRIVE=8 SLEW=SLOW NONE=TRUE
Executing : def_port {gpio[7]} LOC=AA4 VCCIO=3.3 IOSTANDARD=LVCMOS33 DRIVE=8 SLEW=SLOW NONE=TRUE successfully
Executing : def_port {gpio[8]} LOC=C5 VCCIO=3.3 IOSTANDARD=LVCMOS33 DRIVE=8 SLEW=SLOW NONE=TRUE
Executing : def_port {gpio[8]} LOC=C5 VCCIO=3.3 IOSTANDARD=LVCMOS33 DRIVE=8 SLEW=SLOW NONE=TRUE successfully
Executing : def_port {gpio[9]} LOC=A5 VCCIO=3.3 IOSTANDARD=LVCMOS33 DRIVE=8 SLEW=SLOW NONE=TRUE
Executing : def_port {gpio[9]} LOC=A5 VCCIO=3.3 IOSTANDARD=LVCMOS33 DRIVE=8 SLEW=SLOW NONE=TRUE successfully
Executing : def_port {gpio[10]} LOC=F7 VCCIO=3.3 IOSTANDARD=LVCMOS33 DRIVE=8 SLEW=SLOW NONE=TRUE
Executing : def_port {gpio[10]} LOC=F7 VCCIO=3.3 IOSTANDARD=LVCMOS33 DRIVE=8 SLEW=SLOW NONE=TRUE successfully
Executing : def_port {gpio[11]} LOC=F8 VCCIO=3.3 IOSTANDARD=LVCMOS33 DRIVE=8 SLEW=SLOW NONE=TRUE
Executing : def_port {gpio[11]} LOC=F8 VCCIO=3.3 IOSTANDARD=LVCMOS33 DRIVE=8 SLEW=SLOW NONE=TRUE successfully
Executing : def_port {gpio[12]} LOC=U8 VCCIO=3.3 IOSTANDARD=LVCMOS33 DRIVE=8 SLEW=SLOW NONE=TRUE
Executing : def_port {gpio[12]} LOC=U8 VCCIO=3.3 IOSTANDARD=LVCMOS33 DRIVE=8 SLEW=SLOW NONE=TRUE successfully
Executing : def_port {gpio[13]} LOC=T8 VCCIO=3.3 IOSTANDARD=LVCMOS33 DRIVE=8 SLEW=SLOW NONE=TRUE
Executing : def_port {gpio[13]} LOC=T8 VCCIO=3.3 IOSTANDARD=LVCMOS33 DRIVE=8 SLEW=SLOW NONE=TRUE successfully
Executing : def_port {gpio[14]} LOC=W8 VCCIO=3.3 IOSTANDARD=LVCMOS33 DRIVE=8 SLEW=SLOW NONE=TRUE
Executing : def_port {gpio[14]} LOC=W8 VCCIO=3.3 IOSTANDARD=LVCMOS33 DRIVE=8 SLEW=SLOW NONE=TRUE successfully
Executing : def_port {gpio[15]} LOC=V7 VCCIO=3.3 IOSTANDARD=LVCMOS33 DRIVE=8 SLEW=SLOW NONE=TRUE
Executing : def_port {gpio[15]} LOC=V7 VCCIO=3.3 IOSTANDARD=LVCMOS33 DRIVE=8 SLEW=SLOW NONE=TRUE successfully
Executing : def_port {halted_ind} LOC=B3 VCCIO=3.3 IOSTANDARD=LVCMOS33 DRIVE=8 SLEW=SLOW NONE=TRUE
Executing : def_port {halted_ind} LOC=B3 VCCIO=3.3 IOSTANDARD=LVCMOS33 DRIVE=8 SLEW=SLOW NONE=TRUE successfully
Executing : def_port {over_r} LOC=A2 VCCIO=3.3 IOSTANDARD=LVCMOS33 DRIVE=8 SLEW=SLOW NONE=TRUE
Executing : def_port {over_r} LOC=A2 VCCIO=3.3 IOSTANDARD=LVCMOS33 DRIVE=8 SLEW=SLOW NONE=TRUE successfully
Executing : def_port {spi_clk} LOC=R11 VCCIO=3.3 IOSTANDARD=LVCMOS33 DRIVE=8 SLEW=SLOW NONE=TRUE
Executing : def_port {spi_clk} LOC=R11 VCCIO=3.3 IOSTANDARD=LVCMOS33 DRIVE=8 SLEW=SLOW NONE=TRUE successfully
Executing : def_port {spi_mosi} LOC=W10 VCCIO=3.3 IOSTANDARD=LVCMOS33 DRIVE=8 SLEW=SLOW NONE=TRUE
Executing : def_port {spi_mosi} LOC=W10 VCCIO=3.3 IOSTANDARD=LVCMOS33 DRIVE=8 SLEW=SLOW NONE=TRUE successfully
Executing : def_port {spi_ss} LOC=Y10 VCCIO=3.3 IOSTANDARD=LVCMOS33 DRIVE=8 SLEW=SLOW NONE=TRUE
Executing : def_port {spi_ss} LOC=Y10 VCCIO=3.3 IOSTANDARD=LVCMOS33 DRIVE=8 SLEW=SLOW NONE=TRUE successfully
Executing : def_port {succ_r} LOC=B2 VCCIO=3.3 IOSTANDARD=LVCMOS33 DRIVE=8 SLEW=SLOW NONE=TRUE
Executing : def_port {succ_r} LOC=B2 VCCIO=3.3 IOSTANDARD=LVCMOS33 DRIVE=8 SLEW=SLOW NONE=TRUE successfully
Executing : def_port {uart_tx_pin} LOC=R9 VCCIO=3.3 IOSTANDARD=LVCMOS33 DRIVE=8 SLEW=SLOW NONE=TRUE
Executing : def_port {uart_tx_pin} LOC=R9 VCCIO=3.3 IOSTANDARD=LVCMOS33 DRIVE=8 SLEW=SLOW NONE=TRUE successfully
Executing : def_port {rst} LOC=K18 VCCIO=3.3 IOSTANDARD=LVCMOS33 NONE=TRUE
C: ConstraintEditor-2002: [E:/PangoPro/tinyriscv/device_map/tinyriscv_soc_top.pcf(line number: 26)] | Port rst has been placed at location K18, whose type is share pin.
Executing : def_port {rst} LOC=K18 VCCIO=3.3 IOSTANDARD=LVCMOS33 NONE=TRUE successfully
Executing : def_port {spi_miso} LOC=T11 VCCIO=3.3 IOSTANDARD=LVCMOS33 NONE=TRUE
Executing : def_port {spi_miso} LOC=T11 VCCIO=3.3 IOSTANDARD=LVCMOS33 NONE=TRUE successfully
Executing : def_port {sys_clk} LOC=P20 VCCIO=3.3 IOSTANDARD=LVCMOS33 NONE=TRUE
Executing : def_port {sys_clk} LOC=P20 VCCIO=3.3 IOSTANDARD=LVCMOS33 NONE=TRUE successfully
Executing : def_port {uart_debug_pin} LOC=L15 VCCIO=3.3 IOSTANDARD=LVCMOS33 NONE=TRUE
Executing : def_port {uart_debug_pin} LOC=L15 VCCIO=3.3 IOSTANDARD=LVCMOS33 NONE=TRUE successfully
Executing : def_port {uart_rx_pin} LOC=R8 VCCIO=3.3 IOSTANDARD=LVCMOS33 NONE=TRUE
Executing : def_port {uart_rx_pin} LOC=R8 VCCIO=3.3 IOSTANDARD=LVCMOS33 NONE=TRUE successfully
Constraint check end.
I: Column Clock Check open.
Read Column Clock Map.

Placement started.
Phase 1 Pre global placement started.
I: Infer CARRY group, base inst: u_uart_debug/rx_data_1/iGopDrm, insts:2.
Mapping instance u_pll/u_pll_e3/goppll to PLL_158_55.
Phase 1.1 1st GP placement started.
Design Utilization : 36%.
Wirelength after clock region global placement is 114541.
1st GP placement takes 21.89 sec.

Phase 1.2 Clock placement started.
Mapping instance clkbufg_0/gopclkbufg to USCM_84_108.
Clock placement takes 0.25 sec.

Pre global placement takes 24.09 sec.

Phase 2 Global placement started.
Phase 2.1 Fixed placement started.
Placed fixed group with base inst gpio_tri[0]/opit_1 on IOL_119_5.
Placed fixed group with base inst gpio_tri[1]/opit_1 on IOL_119_6.
Placed fixed group with base inst gpio_tri[2]/opit_1 on IOL_39_5.
Placed fixed group with base inst gpio_tri[3]/opit_1 on IOL_39_6.
Placed fixed group with base inst gpio_tri[4]/opit_1 on IOL_35_5.
Placed fixed group with base inst gpio_tri[5]/opit_1 on IOL_35_6.
Placed fixed group with base inst gpio_tri[6]/opit_1 on IOL_23_5.
Placed fixed group with base inst gpio_tri[7]/opit_1 on IOL_23_6.
Placed fixed group with base inst gpio_tri[8]/opit_1 on IOL_67_374.
Placed fixed group with base inst gpio_tri[9]/opit_1 on IOL_67_373.
Placed fixed group with base inst gpio_tri[10]/opit_1 on IOL_47_374.
Placed fixed group with base inst gpio_tri[11]/opit_1 on IOL_47_373.
Placed fixed group with base inst gpio_tri[12]/opit_1 on IOL_63_5.
Placed fixed group with base inst gpio_tri[13]/opit_1 on IOL_63_6.
Placed fixed group with base inst gpio_tri[14]/opit_1 on IOL_47_5.
Placed fixed group with base inst gpio_tri[15]/opit_1 on IOL_47_6.
Placed fixed group with base inst halted_ind_obuf/opit_1 on IOL_35_374.
Placed fixed group with base inst over_r_obuf/opit_1 on IOL_19_373.
Placed fixed group with base inst rst_ibuf/opit_1 on IOL_327_257.
Placed fixed group with base inst spi_clk_obuf/opit_1 on IOL_187_6.
Placed fixed group with base inst spi_miso_ibuf/opit_1 on IOL_187_5.
Placed fixed group with base inst spi_mosi_obuf/opit_1 on IOL_123_6.
Placed fixed group with base inst spi_ss_obuf/opit_1 on IOL_123_5.
Placed fixed group with base inst succ_r_obuf/opit_1 on IOL_19_374.
Placed fixed group with base inst sys_clk_ibuf/opit_1 on IOL_327_210.
Placed fixed group with base inst uart_debug_pin_ibuf/opit_1 on IOL_327_134.
Placed fixed group with base inst uart_rx_pin_ibuf/opit_1 on IOL_43_5.
Placed fixed group with base inst uart_tx_pin_obuf/opit_1 on IOL_43_6.
Placed fixed instance clkbufg_0/gopclkbufg on USCM_84_108.
Placed fixed instance u_pll/u_pll_e3/goppll on PLL_158_55.
Placed fixed instance BKCL_auto_0 on BKCL_188_376.
Placed fixed instance BKCL_auto_1 on BKCL_328_184.
Placed fixed instance BKCL_auto_2 on BKCL_192_0.
Fixed placement takes 0.00 sec.

Phase 2.2 Process placement started.
Process placement takes 0.00 sec.

Phase 2.3 IO placement started.
IO placement takes 0.05 sec.

Phase 2.4 2nd GP placement started.
Run super clustering :
	Initial slack -8829.
	12 iterations finished.
	Final slack -3823.
Super clustering done.
Design Utilization : 36%.
2nd GP placement takes 24.03 sec.

Wirelength after global placement is 119225.
Global placement takes 24.09 sec.

Phase 3 Post global placement started.
Phase 3.1 Macro cell placement started.
Wirelength after macro cell placement is 119481.
Macro cell placement takes 0.02 sec.

Phase 3.2 3rd GP placement started.
Run super clustering :
	Initial slack -8829.
	12 iterations finished.
	Final slack -3823.
Super clustering done.
Design Utilization : 36%.
3rd GP placement takes 23.94 sec.

Wirelength after post global placement is 123235.
Post global placement takes 23.97 sec.

Phase 4 Legalization started.
The average distance in LP is 5.608973.
Wirelength after legalization is 194104.
Legalization takes 4.31 sec.

Phase 5 Timing-driven detailed placement started.
Phase 5.1 Replication placement started.
Worst slack before Replication Place is -182.
Replication placement takes 1.81 sec.

Wirelength after replication placement is 194104.
Phase 5.2 DP placement started.
Legalized cost -182.000000.
The detailed placement ends at 1th iteration.
DP placement takes 14.45 sec.

Wirelength after detailed placement is 207144.
Timing-driven detailed placement takes 16.28 sec.

Worst slack is 2190, TNS after placement is 0.
Placement done.
Total placement takes 97.48 sec.
Finished placement. (CPU time elapsed 0h:01m:37s)

Routing started.
Building routing graph takes 2.78 sec.
Worst slack is 2190, TNS before global route is 0.
Processing design graph takes 0.95 sec.
Total memory for routing:
	128.452353 M.
Total nets for routing : 14777.
Rcf routing step 1 processed 0 nets, it takes 0.00 sec.
Rcf routing step 2 processed 0 nets, it takes 0.00 sec.
Rcf routing step 3 processed 0 nets, it takes 0.00 sec.
Unrouted nets 0 at the end of iteration 0.
Global Routing step 1 processed 97 nets, it takes 0.30 sec.
Unrouted nets 76 at the end of iteration 0.
Unrouted nets 47 at the end of iteration 1.
Unrouted nets 39 at the end of iteration 2.
Unrouted nets 38 at the end of iteration 3.
Unrouted nets 24 at the end of iteration 4.
Unrouted nets 16 at the end of iteration 5.
Unrouted nets 9 at the end of iteration 6.
Unrouted nets 8 at the end of iteration 7.
Unrouted nets 6 at the end of iteration 8.
Unrouted nets 8 at the end of iteration 9.
Unrouted nets 4 at the end of iteration 10.
Unrouted nets 4 at the end of iteration 11.
Unrouted nets 4 at the end of iteration 12.
Unrouted nets 4 at the end of iteration 13.
Unrouted nets 1 at the end of iteration 14.
Unrouted nets 1 at the end of iteration 15.
Unrouted nets 3 at the end of iteration 16.
Unrouted nets 2 at the end of iteration 17.
Unrouted nets 1 at the end of iteration 18.
Unrouted nets 4 at the end of iteration 19.
Unrouted nets 1 at the end of iteration 20.
Unrouted nets 2 at the end of iteration 21.
Unrouted nets 1 at the end of iteration 22.
Unrouted nets 0 at the end of iteration 23.
Global Routing step 2 processed 377 nets, it takes 1.59 sec.
Unrouted nets 273 at the end of iteration 0.
Unrouted nets 206 at the end of iteration 1.
Unrouted nets 169 at the end of iteration 2.
Unrouted nets 164 at the end of iteration 3.
Unrouted nets 149 at the end of iteration 4.
Unrouted nets 129 at the end of iteration 5.
Unrouted nets 116 at the end of iteration 6.
Unrouted nets 123 at the end of iteration 7.
Unrouted nets 107 at the end of iteration 8.
Unrouted nets 89 at the end of iteration 9.
Unrouted nets 91 at the end of iteration 10.
Unrouted nets 83 at the end of iteration 11.
Unrouted nets 84 at the end of iteration 12.
Unrouted nets 70 at the end of iteration 13.
Unrouted nets 50 at the end of iteration 14.
Unrouted nets 43 at the end of iteration 15.
Unrouted nets 30 at the end of iteration 16.
Unrouted nets 30 at the end of iteration 17.
Unrouted nets 16 at the end of iteration 18.
Unrouted nets 20 at the end of iteration 19.
Unrouted nets 13 at the end of iteration 20.
Unrouted nets 19 at the end of iteration 21.
Unrouted nets 8 at the end of iteration 22.
Unrouted nets 6 at the end of iteration 23.
Unrouted nets 9 at the end of iteration 24.
Unrouted nets 10 at the end of iteration 25.
Unrouted nets 10 at the end of iteration 26.
Unrouted nets 6 at the end of iteration 27.
Unrouted nets 2 at the end of iteration 28.
Unrouted nets 2 at the end of iteration 29.
Unrouted nets 2 at the end of iteration 30.
Unrouted nets 2 at the end of iteration 31.
Unrouted nets 2 at the end of iteration 32.
Unrouted nets 2 at the end of iteration 33.
Unrouted nets 3 at the end of iteration 34.
Unrouted nets 2 at the end of iteration 35.
Unrouted nets 1 at the end of iteration 36.
Unrouted nets 1 at the end of iteration 37.
Unrouted nets 2 at the end of iteration 38.
Unrouted nets 1 at the end of iteration 39.
Unrouted nets 2 at the end of iteration 40.
Unrouted nets 2 at the end of iteration 41.
Unrouted nets 2 at the end of iteration 42.
Unrouted nets 0 at the end of iteration 43.
Global Routing step 3 processed 363 nets, it takes 37.52 sec.
Global routing takes 39.45 sec.
Total 22847 subnets.
    forward max bucket size 2677 , backward 3047.
        Unrouted nets 18220 at the end of iteration 0.
    route iteration 0, CPU time elapsed 8.062500 sec.
    forward max bucket size 3159 , backward 3538.
        Unrouted nets 16481 at the end of iteration 1.
    route iteration 1, CPU time elapsed 4.562500 sec.
    forward max bucket size 2786 , backward 4769.
        Unrouted nets 15031 at the end of iteration 2.
    route iteration 2, CPU time elapsed 4.640625 sec.
    forward max bucket size 3179 , backward 4649.
        Unrouted nets 13943 at the end of iteration 3.
    route iteration 3, CPU time elapsed 4.984375 sec.
    forward max bucket size 2784 , backward 4402.
        Unrouted nets 12810 at the end of iteration 4.
    route iteration 4, CPU time elapsed 5.250000 sec.
    forward max bucket size 2454 , backward 4558.
        Unrouted nets 11810 at the end of iteration 5.
    route iteration 5, CPU time elapsed 5.953125 sec.
    forward max bucket size 1596 , backward 4477.
        Unrouted nets 10351 at the end of iteration 6.
    route iteration 6, CPU time elapsed 5.187500 sec.
    forward max bucket size 1892 , backward 4356.
        Unrouted nets 9027 at the end of iteration 7.
    route iteration 7, CPU time elapsed 5.078125 sec.
    forward max bucket size 1799 , backward 6014.
        Unrouted nets 7813 at the end of iteration 8.
    route iteration 8, CPU time elapsed 4.703125 sec.
    forward max bucket size 1839 , backward 3949.
        Unrouted nets 6829 at the end of iteration 9.
    route iteration 9, CPU time elapsed 4.484375 sec.
    forward max bucket size 2329 , backward 3724.
        Unrouted nets 5937 at the end of iteration 10.
    route iteration 10, CPU time elapsed 4.203125 sec.
    forward max bucket size 1726 , backward 3004.
        Unrouted nets 5182 at the end of iteration 11.
    route iteration 11, CPU time elapsed 3.828125 sec.
    forward max bucket size 2252 , backward 4222.
        Unrouted nets 4559 at the end of iteration 12.
    route iteration 12, CPU time elapsed 3.703125 sec.
    forward max bucket size 3096 , backward 2717.
        Unrouted nets 3942 at the end of iteration 13.
    route iteration 13, CPU time elapsed 3.203125 sec.
    forward max bucket size 2170 , backward 3183.
        Unrouted nets 3658 at the end of iteration 14.
    route iteration 14, CPU time elapsed 3.031250 sec.
    forward max bucket size 2153 , backward 3930.
        Unrouted nets 3225 at the end of iteration 15.
    route iteration 15, CPU time elapsed 2.921875 sec.
    forward max bucket size 1084 , backward 1194.
        Unrouted nets 2937 at the end of iteration 16.
    route iteration 16, CPU time elapsed 2.406250 sec.
    forward max bucket size 1127 , backward 3668.
        Unrouted nets 2650 at the end of iteration 17.
    route iteration 17, CPU time elapsed 2.203125 sec.
    forward max bucket size 1304 , backward 3602.
        Unrouted nets 2350 at the end of iteration 18.
    route iteration 18, CPU time elapsed 2.250000 sec.
    forward max bucket size 925 , backward 3685.
        Unrouted nets 2199 at the end of iteration 19.
    route iteration 19, CPU time elapsed 2.187500 sec.
    forward max bucket size 994 , backward 3095.
        Unrouted nets 2024 at the end of iteration 20.
    route iteration 20, CPU time elapsed 1.890625 sec.
    forward max bucket size 1737 , backward 1997.
        Unrouted nets 1813 at the end of iteration 21.
    route iteration 21, CPU time elapsed 1.750000 sec.
    forward max bucket size 861 , backward 1280.
        Unrouted nets 1684 at the end of iteration 22.
    route iteration 22, CPU time elapsed 1.687500 sec.
    forward max bucket size 930 , backward 1164.
        Unrouted nets 1519 at the end of iteration 23.
    route iteration 23, CPU time elapsed 1.625000 sec.
    forward max bucket size 810 , backward 1029.
        Unrouted nets 1433 at the end of iteration 24.
    route iteration 24, CPU time elapsed 1.437500 sec.
    forward max bucket size 883 , backward 650.
        Unrouted nets 1345 at the end of iteration 25.
    route iteration 25, CPU time elapsed 1.375000 sec.
    forward max bucket size 594 , backward 424.
        Unrouted nets 1217 at the end of iteration 26.
    route iteration 26, CPU time elapsed 1.343750 sec.
    forward max bucket size 627 , backward 1053.
        Unrouted nets 1188 at the end of iteration 27.
    route iteration 27, CPU time elapsed 1.421875 sec.
    forward max bucket size 859 , backward 1302.
        Unrouted nets 1094 at the end of iteration 28.
    route iteration 28, CPU time elapsed 1.156250 sec.
    forward max bucket size 351 , backward 1832.
        Unrouted nets 1022 at the end of iteration 29.
    route iteration 29, CPU time elapsed 1.125000 sec.
    forward max bucket size 635 , backward 1198.
        Unrouted nets 932 at the end of iteration 30.
    route iteration 30, CPU time elapsed 1.078125 sec.
    forward max bucket size 307 , backward 2259.
        Unrouted nets 837 at the end of iteration 31.
    route iteration 31, CPU time elapsed 0.921875 sec.
    forward max bucket size 302 , backward 878.
        Unrouted nets 831 at the end of iteration 32.
    route iteration 32, CPU time elapsed 0.890625 sec.
    forward max bucket size 389 , backward 3073.
        Unrouted nets 770 at the end of iteration 33.
    route iteration 33, CPU time elapsed 0.859375 sec.
    forward max bucket size 939 , backward 300.
        Unrouted nets 737 at the end of iteration 34.
    route iteration 34, CPU time elapsed 0.859375 sec.
    forward max bucket size 842 , backward 310.
        Unrouted nets 741 at the end of iteration 35.
    route iteration 35, CPU time elapsed 0.796875 sec.
    forward max bucket size 1189 , backward 1757.
        Unrouted nets 663 at the end of iteration 36.
    route iteration 36, CPU time elapsed 0.734375 sec.
    forward max bucket size 699 , backward 901.
        Unrouted nets 678 at the end of iteration 37.
    route iteration 37, CPU time elapsed 0.781250 sec.
    forward max bucket size 512 , backward 1058.
        Unrouted nets 634 at the end of iteration 38.
    route iteration 38, CPU time elapsed 0.718750 sec.
    forward max bucket size 1149 , backward 1159.
        Unrouted nets 593 at the end of iteration 39.
    route iteration 39, CPU time elapsed 0.734375 sec.
    forward max bucket size 838 , backward 477.
        Unrouted nets 603 at the end of iteration 40.
    route iteration 40, CPU time elapsed 0.765625 sec.
    forward max bucket size 876 , backward 3474.
        Unrouted nets 621 at the end of iteration 41.
    route iteration 41, CPU time elapsed 0.812500 sec.
    forward max bucket size 462 , backward 3092.
        Unrouted nets 597 at the end of iteration 42.
    route iteration 42, CPU time elapsed 0.812500 sec.
    forward max bucket size 543 , backward 3471.
        Unrouted nets 575 at the end of iteration 43.
    route iteration 43, CPU time elapsed 0.843750 sec.
    forward max bucket size 534 , backward 1169.
        Unrouted nets 509 at the end of iteration 44.
    route iteration 44, CPU time elapsed 0.718750 sec.
    forward max bucket size 583 , backward 1119.
        Unrouted nets 490 at the end of iteration 45.
    route iteration 45, CPU time elapsed 0.609375 sec.
    forward max bucket size 826 , backward 463.
        Unrouted nets 434 at the end of iteration 46.
    route iteration 46, CPU time elapsed 0.453125 sec.
    forward max bucket size 876 , backward 1138.
        Unrouted nets 400 at the end of iteration 47.
    route iteration 47, CPU time elapsed 0.531250 sec.
    forward max bucket size 176 , backward 842.
        Unrouted nets 392 at the end of iteration 48.
    route iteration 48, CPU time elapsed 0.421875 sec.
    forward max bucket size 467 , backward 1073.
        Unrouted nets 379 at the end of iteration 49.
    route iteration 49, CPU time elapsed 0.484375 sec.
    forward max bucket size 191 , backward 2182.
        Unrouted nets 317 at the end of iteration 50.
    route iteration 50, CPU time elapsed 0.421875 sec.
    forward max bucket size 412 , backward 3948.
        Unrouted nets 305 at the end of iteration 51.
    route iteration 51, CPU time elapsed 0.359375 sec.
    forward max bucket size 971 , backward 3954.
        Unrouted nets 265 at the end of iteration 52.
    route iteration 52, CPU time elapsed 0.359375 sec.
    forward max bucket size 375 , backward 324.
        Unrouted nets 266 at the end of iteration 53.
    route iteration 53, CPU time elapsed 0.359375 sec.
    forward max bucket size 913 , backward 383.
        Unrouted nets 226 at the end of iteration 54.
    route iteration 54, CPU time elapsed 0.375000 sec.
    forward max bucket size 805 , backward 374.
        Unrouted nets 243 at the end of iteration 55.
    route iteration 55, CPU time elapsed 0.359375 sec.
    forward max bucket size 778 , backward 434.
        Unrouted nets 215 at the end of iteration 56.
    route iteration 56, CPU time elapsed 0.375000 sec.
    forward max bucket size 1271 , backward 3921.
        Unrouted nets 184 at the end of iteration 57.
    route iteration 57, CPU time elapsed 0.359375 sec.
    forward max bucket size 174 , backward 3456.
        Unrouted nets 196 at the end of iteration 58.
    route iteration 58, CPU time elapsed 0.328125 sec.
    forward max bucket size 107 , backward 3916.
        Unrouted nets 185 at the end of iteration 59.
    route iteration 59, CPU time elapsed 0.328125 sec.
    forward max bucket size 383 , backward 3918.
        Unrouted nets 158 at the end of iteration 60.
    route iteration 60, CPU time elapsed 0.296875 sec.
    forward max bucket size 1816 , backward 3921.
        Unrouted nets 153 at the end of iteration 61.
    route iteration 61, CPU time elapsed 0.343750 sec.
    forward max bucket size 110 , backward 2136.
        Unrouted nets 140 at the end of iteration 62.
    route iteration 62, CPU time elapsed 0.281250 sec.
    forward max bucket size 410 , backward 390.
        Unrouted nets 128 at the end of iteration 63.
    route iteration 63, CPU time elapsed 0.296875 sec.
    forward max bucket size 506 , backward 101.
        Unrouted nets 139 at the end of iteration 64.
    route iteration 64, CPU time elapsed 0.328125 sec.
    forward max bucket size 469 , backward 3825.
        Unrouted nets 126 at the end of iteration 65.
    route iteration 65, CPU time elapsed 0.312500 sec.
    forward max bucket size 476 , backward 3909.
        Unrouted nets 137 at the end of iteration 66.
    route iteration 66, CPU time elapsed 0.312500 sec.
    forward max bucket size 770 , backward 3939.
        Unrouted nets 124 at the end of iteration 67.
    route iteration 67, CPU time elapsed 0.296875 sec.
    forward max bucket size 77 , backward 246.
        Unrouted nets 118 at the end of iteration 68.
    route iteration 68, CPU time elapsed 0.281250 sec.
    forward max bucket size 88 , backward 107.
        Unrouted nets 113 at the end of iteration 69.
    route iteration 69, CPU time elapsed 0.296875 sec.
    forward max bucket size 110 , backward 78.
        Unrouted nets 115 at the end of iteration 70.
    route iteration 70, CPU time elapsed 0.234375 sec.
    forward max bucket size 1101 , backward 967.
        Unrouted nets 106 at the end of iteration 71.
    route iteration 71, CPU time elapsed 0.265625 sec.
    forward max bucket size 153 , backward 77.
        Unrouted nets 107 at the end of iteration 72.
    route iteration 72, CPU time elapsed 0.250000 sec.
    forward max bucket size 151 , backward 127.
        Unrouted nets 100 at the end of iteration 73.
    route iteration 73, CPU time elapsed 0.234375 sec.
    forward max bucket size 102 , backward 117.
        Unrouted nets 100 at the end of iteration 74.
    route iteration 74, CPU time elapsed 0.250000 sec.
    forward max bucket size 163 , backward 1630.
        Unrouted nets 103 at the end of iteration 75.
    route iteration 75, CPU time elapsed 0.281250 sec.
    forward max bucket size 551 , backward 655.
        Unrouted nets 116 at the end of iteration 76.
    route iteration 76, CPU time elapsed 0.265625 sec.
    forward max bucket size 182 , backward 840.
        Unrouted nets 103 at the end of iteration 77.
    route iteration 77, CPU time elapsed 0.234375 sec.
    forward max bucket size 146 , backward 840.
        Unrouted nets 105 at the end of iteration 78.
    route iteration 78, CPU time elapsed 0.234375 sec.
    forward max bucket size 133 , backward 763.
        Unrouted nets 102 at the end of iteration 79.
    route iteration 79, CPU time elapsed 0.265625 sec.
    forward max bucket size 79 , backward 90.
        Unrouted nets 91 at the end of iteration 80.
    route iteration 80, CPU time elapsed 0.234375 sec.
    forward max bucket size 172 , backward 116.
        Unrouted nets 95 at the end of iteration 81.
    route iteration 81, CPU time elapsed 0.281250 sec.
    forward max bucket size 127 , backward 134.
        Unrouted nets 78 at the end of iteration 82.
    route iteration 82, CPU time elapsed 0.234375 sec.
    forward max bucket size 173 , backward 81.
        Unrouted nets 96 at the end of iteration 83.
    route iteration 83, CPU time elapsed 0.218750 sec.
    forward max bucket size 137 , backward 84.
        Unrouted nets 106 at the end of iteration 84.
    route iteration 84, CPU time elapsed 0.250000 sec.
    forward max bucket size 121 , backward 88.
        Unrouted nets 80 at the end of iteration 85.
    route iteration 85, CPU time elapsed 0.218750 sec.
    forward max bucket size 403 , backward 101.
        Unrouted nets 64 at the end of iteration 86.
    route iteration 86, CPU time elapsed 0.187500 sec.
    forward max bucket size 414 , backward 76.
        Unrouted nets 62 at the end of iteration 87.
    route iteration 87, CPU time elapsed 0.203125 sec.
    forward max bucket size 439 , backward 139.
        Unrouted nets 52 at the end of iteration 88.
    route iteration 88, CPU time elapsed 0.171875 sec.
    forward max bucket size 55 , backward 69.
        Unrouted nets 52 at the end of iteration 89.
    route iteration 89, CPU time elapsed 0.203125 sec.
    forward max bucket size 442 , backward 315.
        Unrouted nets 39 at the end of iteration 90.
    route iteration 90, CPU time elapsed 0.156250 sec.
    forward max bucket size 166 , backward 179.
        Unrouted nets 30 at the end of iteration 91.
    route iteration 91, CPU time elapsed 0.171875 sec.
    forward max bucket size 64 , backward 66.
        Unrouted nets 25 at the end of iteration 92.
    route iteration 92, CPU time elapsed 0.171875 sec.
    forward max bucket size 596 , backward 147.
        Unrouted nets 35 at the end of iteration 93.
    route iteration 93, CPU time elapsed 0.156250 sec.
    forward max bucket size 90 , backward 118.
        Unrouted nets 35 at the end of iteration 94.
    route iteration 94, CPU time elapsed 0.171875 sec.
    forward max bucket size 137 , backward 62.
        Unrouted nets 29 at the end of iteration 95.
    route iteration 95, CPU time elapsed 0.156250 sec.
    forward max bucket size 125 , backward 942.
        Unrouted nets 18 at the end of iteration 96.
    route iteration 96, CPU time elapsed 0.156250 sec.
    forward max bucket size 33 , backward 32.
        Unrouted nets 16 at the end of iteration 97.
    route iteration 97, CPU time elapsed 0.140625 sec.
    forward max bucket size 35 , backward 39.
        Unrouted nets 11 at the end of iteration 98.
    route iteration 98, CPU time elapsed 0.125000 sec.
    forward max bucket size 59 , backward 64.
        Unrouted nets 19 at the end of iteration 99.
    route iteration 99, CPU time elapsed 0.171875 sec.
    forward max bucket size 67 , backward 74.
        Unrouted nets 18 at the end of iteration 100.
    route iteration 100, CPU time elapsed 0.140625 sec.
    forward max bucket size 68 , backward 75.
        Unrouted nets 16 at the end of iteration 101.
    route iteration 101, CPU time elapsed 0.156250 sec.
    forward max bucket size 37 , backward 47.
        Unrouted nets 6 at the end of iteration 102.
    route iteration 102, CPU time elapsed 0.156250 sec.
    forward max bucket size 28 , backward 38.
        Unrouted nets 8 at the end of iteration 103.
    route iteration 103, CPU time elapsed 0.109375 sec.
    forward max bucket size 32 , backward 37.
        Unrouted nets 9 at the end of iteration 104.
    route iteration 104, CPU time elapsed 0.171875 sec.
    forward max bucket size 23 , backward 30.
        Unrouted nets 4 at the end of iteration 105.
    route iteration 105, CPU time elapsed 0.140625 sec.
    forward max bucket size 18 , backward 14.
        Unrouted nets 5 at the end of iteration 106.
    route iteration 106, CPU time elapsed 0.125000 sec.
    forward max bucket size 27 , backward 42.
        Unrouted nets 4 at the end of iteration 107.
    route iteration 107, CPU time elapsed 0.156250 sec.
    forward max bucket size 32 , backward 46.
        Unrouted nets 5 at the end of iteration 108.
    route iteration 108, CPU time elapsed 0.125000 sec.
    forward max bucket size 19 , backward 56.
        Unrouted nets 2 at the end of iteration 109.
    route iteration 109, CPU time elapsed 0.125000 sec.
    forward max bucket size 7 , backward 7.
        Unrouted nets 2 at the end of iteration 110.
    route iteration 110, CPU time elapsed 0.140625 sec.
    forward max bucket size 14 , backward 17.
        Unrouted nets 2 at the end of iteration 111.
    route iteration 111, CPU time elapsed 0.125000 sec.
    forward max bucket size 19 , backward 12.
        Unrouted nets 2 at the end of iteration 112.
    route iteration 112, CPU time elapsed 0.140625 sec.
    forward max bucket size 14 , backward 26.
        Unrouted nets 2 at the end of iteration 113.
    route iteration 113, CPU time elapsed 0.156250 sec.
    forward max bucket size 12 , backward 23.
        Unrouted nets 0 at the end of iteration 114.
    route iteration 114, CPU time elapsed 0.109375 sec.
Detailed routing takes 114 iterations
Detailed routing takes 136.50 sec.
Start fix hold violation.
Build tmp routing results takes 0.52 sec.
Timing analysis takes 3.91 sec.
No hold violation.
Hold Violation Fix in router takes 0 iterations.
Fix hold violation Finished.
Hold Violation Fix in router takes 5.09 sec.

Dispose routing result:
    Collect routing result.
    Delete unused device instances.
    Annotate routing result.
    Change LUT configuration.
    Dispose misc instances.
    Annotate routing result again.
Finish routing takes 1.50 sec.
Used SRB routing arc is 349672.
Cleanup routing takes 0.05 sec.
Routing done.
Total routing takes 187.22 sec.


Device Utilization Summary :
+----------------------------------------------------------------------------+
| Logic Utilization        | Used      | Available     | Utilization(%)     
+----------------------------------------------------------------------------+
| Use of APM               | 4         | 84            | 5                  
| Use of BKCL              | 3         | 4             | 75                 
| Use of CLMA              | 1597      | 6450          | 25                 
|   FF                     | 1306      | 38700         | 4                  
|   LUT                    | 5514      | 25800         | 22                 
|   LUT-FF pairs           | 1022      | 25800         | 4                  
| Use of CLMS              | 3285      | 4250          | 78                 
|   FF                     | 249       | 25500         | 1                  
|   LUT                    | 10036     | 17000         | 60                 
|   LUT-FF pairs           | 9         | 17000         | 1                  
|   Distributed RAM        | 8480      | 17000         | 50                 
| Use of CRYSTAL           | 0         | 2             | 0                  
| Use of DLL               | 0         | 10            | 0                  
| Use of DQSL              | 0         | 18            | 0                  
| Use of DRM               | 1         | 134           | 1                  
| Use of FUSECODE          | 0         | 1             | 0                  
| Use of HARD0N1           | 184       | 6672          | 3                  
| Use of HSST              | 0         | 1             | 0                  
| Use of IO                | 28        | 296           | 10                 
|   IOBD                   | 13        | 64            | 21                 
|   IOBR_LR                | 0         | 7             | 0                  
|   IOBR_TB                | 1         | 8             | 13                 
|   IOBS_LR                | 3         | 161           | 2                  
|   IOBS_TB                | 11        | 56            | 20                 
| Use of IOCKDIV           | 0         | 20            | 0                  
| Use of IOCKDLY           | 0         | 40            | 0                  
| Use of IOCKGATE          | 0         | 20            | 0                  
| Use of IOCKGMUX_TEST     | 0         | 20            | 0                  
| Use of IOL               | 28        | 400           | 7                  
| Use of IPAL              | 0         | 1             | 0                  
| Use of LDO               | 0         | 4             | 0                  
| Use of MFG_TEST          | 0         | 1             | 0                  
| Use of OSC               | 0         | 1             | 0                  
| Use of PCIE              | 0         | 1             | 0                  
| Use of PIOMUX_TEST       | 0         | 10            | 0                  
| Use of PLL               | 1         | 5             | 20                 
| Use of PREGMUX_TEST      | 0         | 6             | 0                  
| Use of RCKB              | 2         | 24            | 9                  
| Use of RCKBMUX_TEST      | 0         | 12            | 0                  
| Use of RESCAL            | 0         | 4             | 0                  
| Use of SCANCHAIN         | 0         | 2             | 0                  
| Use of START             | 1         | 1             | 100                
| Use of UDID              | 0         | 1             | 0                  
| Use of USCM              | 3         | 30            | 10                 
| Use of USCMMUX_TEST      | 0         | 30            | 0                  
| Use of VCKBMUX_TEST      | 0         | 12            | 0                  
+----------------------------------------------------------------------------+

Finished routing. (CPU time elapsed 0h:03m:07s)
Design 'tinyriscv_soc_top' has been placed and routed successfully.
Saving design to DB.
Finished placement and routing. (CPU time elapsed 0h:05m:16s)
Action pnr: Real time elapsed is 0h:5m:30s
Action pnr: CPU time elapsed is 0h:5m:17s
Action pnr: Process CPU time elapsed is 0h:5m:17s
Current time: Fri Nov  3 23:49:29 2023
Action pnr: Peak memory pool usage is 1,722 MB
