#Build: Fabric Compiler 2022.1, Build 99559, Jul 12 00:20 2022
#Install: E:\Pango\PDS_2022.1\bin
#Application name: pds_shell.exe
#OS: Windows 10 10.0.22621
#Hostname: GGB
Generated by Fabric Compiler (version 2022.1 build 99559) at Sat Oct 28 07:20:06 2023
Compiling verification operator library.
Compiling common defs.
Compiling prim grid devices.
Compiling gate devices.
Compiling gate operators.
Building architecture model.
Loading device packaging model.
Building architecture floorplan logic view.
Constraint check start.
Executing : def_port {gpio[0]} LOC=AB8 VCCIO=3.3 IOSTANDARD=LVCMOS33 DRIVE=8 SLEW=SLOW NONE=TRUE
Executing : def_port {gpio[0]} LOC=AB8 VCCIO=3.3 IOSTANDARD=LVCMOS33 DRIVE=8 SLEW=SLOW NONE=TRUE successfully
Executing : def_port {gpio[1]} LOC=AA8 VCCIO=3.3 IOSTANDARD=LVCMOS33 DRIVE=8 SLEW=SLOW NONE=TRUE
Executing : def_port {gpio[1]} LOC=AA8 VCCIO=3.3 IOSTANDARD=LVCMOS33 DRIVE=8 SLEW=SLOW NONE=TRUE successfully
Executing : def_port {gpio[2]} LOC=Y6 VCCIO=3.3 IOSTANDARD=LVCMOS33 DRIVE=8 SLEW=SLOW NONE=TRUE
Executing : def_port {gpio[2]} LOC=Y6 VCCIO=3.3 IOSTANDARD=LVCMOS33 DRIVE=8 SLEW=SLOW NONE=TRUE successfully
Executing : def_port {gpio[3]} LOC=W6 VCCIO=3.3 IOSTANDARD=LVCMOS33 DRIVE=8 SLEW=SLOW NONE=TRUE
Executing : def_port {gpio[3]} LOC=W6 VCCIO=3.3 IOSTANDARD=LVCMOS33 DRIVE=8 SLEW=SLOW NONE=TRUE successfully
Executing : def_port {gpio[4]} LOC=J16 VCCIO=3.3 IOSTANDARD=LVCMOS33 DRIVE=8 SLEW=SLOW NONE=TRUE
Executing : def_port {gpio[4]} LOC=J16 VCCIO=3.3 IOSTANDARD=LVCMOS33 DRIVE=8 SLEW=SLOW NONE=TRUE successfully
Executing : def_port {gpio[5]} LOC=J19 VCCIO=3.3 IOSTANDARD=LVCMOS33 DRIVE=8 SLEW=SLOW NONE=TRUE
C: ConstraintEditor-2002: [E:/PangoPro/tinyriscv/device_map/tinyriscv_soc_top.pcf(line number: 8)] | Port gpio[5] has been placed at location J19, whose type is share pin.
Executing : def_port {gpio[5]} LOC=J19 VCCIO=3.3 IOSTANDARD=LVCMOS33 DRIVE=8 SLEW=SLOW NONE=TRUE successfully
Executing : def_port {gpio[6]} LOC=H20 VCCIO=3.3 IOSTANDARD=LVCMOS33 DRIVE=8 SLEW=SLOW NONE=TRUE
C: ConstraintEditor-2002: [E:/PangoPro/tinyriscv/device_map/tinyriscv_soc_top.pcf(line number: 9)] | Port gpio[6] has been placed at location H20, whose type is share pin.
Executing : def_port {gpio[6]} LOC=H20 VCCIO=3.3 IOSTANDARD=LVCMOS33 DRIVE=8 SLEW=SLOW NONE=TRUE successfully
Executing : def_port {gpio[7]} LOC=H17 VCCIO=3.3 IOSTANDARD=LVCMOS33 DRIVE=8 SLEW=SLOW NONE=TRUE
Executing : def_port {gpio[7]} LOC=H17 VCCIO=3.3 IOSTANDARD=LVCMOS33 DRIVE=8 SLEW=SLOW NONE=TRUE successfully
Executing : def_port {halted_ind} LOC=B3 VCCIO=3.3 IOSTANDARD=LVCMOS33 DRIVE=8 SLEW=SLOW NONE=TRUE
Executing : def_port {halted_ind} LOC=B3 VCCIO=3.3 IOSTANDARD=LVCMOS33 DRIVE=8 SLEW=SLOW NONE=TRUE successfully
Executing : def_port {over} LOC=B2 VCCIO=3.3 IOSTANDARD=LVCMOS33 DRIVE=8 SLEW=SLOW NONE=TRUE
Executing : def_port {over} LOC=B2 VCCIO=3.3 IOSTANDARD=LVCMOS33 DRIVE=8 SLEW=SLOW NONE=TRUE successfully
Executing : def_port {spi_clk} LOC=R11 VCCIO=3.3 IOSTANDARD=LVCMOS33 DRIVE=8 SLEW=SLOW NONE=TRUE
Executing : def_port {spi_clk} LOC=R11 VCCIO=3.3 IOSTANDARD=LVCMOS33 DRIVE=8 SLEW=SLOW NONE=TRUE successfully
Executing : def_port {spi_mosi} LOC=W10 VCCIO=3.3 IOSTANDARD=LVCMOS33 DRIVE=8 SLEW=SLOW NONE=TRUE
Executing : def_port {spi_mosi} LOC=W10 VCCIO=3.3 IOSTANDARD=LVCMOS33 DRIVE=8 SLEW=SLOW NONE=TRUE successfully
Executing : def_port {spi_ss} LOC=Y10 VCCIO=3.3 IOSTANDARD=LVCMOS33 DRIVE=8 SLEW=SLOW NONE=TRUE
Executing : def_port {spi_ss} LOC=Y10 VCCIO=3.3 IOSTANDARD=LVCMOS33 DRIVE=8 SLEW=SLOW NONE=TRUE successfully
Executing : def_port {succ} LOC=A2 VCCIO=3.3 IOSTANDARD=LVCMOS33 DRIVE=8 SLEW=SLOW NONE=TRUE
Executing : def_port {succ} LOC=A2 VCCIO=3.3 IOSTANDARD=LVCMOS33 DRIVE=8 SLEW=SLOW NONE=TRUE successfully
Executing : def_port {uart_tx_pin} LOC=R9 VCCIO=3.3 IOSTANDARD=LVCMOS33 DRIVE=8 SLEW=SLOW NONE=TRUE
Executing : def_port {uart_tx_pin} LOC=R9 VCCIO=3.3 IOSTANDARD=LVCMOS33 DRIVE=8 SLEW=SLOW NONE=TRUE successfully
Executing : def_port {clk} LOC=P20 VCCIO=3.3 IOSTANDARD=LVCMOS33 NONE=TRUE
Executing : def_port {clk} LOC=P20 VCCIO=3.3 IOSTANDARD=LVCMOS33 NONE=TRUE successfully
Executing : def_port {rst} LOC=K18 VCCIO=3.3 IOSTANDARD=LVCMOS33 NONE=TRUE
C: ConstraintEditor-2002: [E:/PangoPro/tinyriscv/device_map/tinyriscv_soc_top.pcf(line number: 19)] | Port rst has been placed at location K18, whose type is share pin.
Executing : def_port {rst} LOC=K18 VCCIO=3.3 IOSTANDARD=LVCMOS33 NONE=TRUE successfully
Executing : def_port {spi_miso} LOC=T11 VCCIO=3.3 IOSTANDARD=LVCMOS33 NONE=TRUE
Executing : def_port {spi_miso} LOC=T11 VCCIO=3.3 IOSTANDARD=LVCMOS33 NONE=TRUE successfully
Executing : def_port {uart_debug_pin} LOC=L15 VCCIO=3.3 IOSTANDARD=LVCMOS33 NONE=TRUE
Executing : def_port {uart_debug_pin} LOC=L15 VCCIO=3.3 IOSTANDARD=LVCMOS33 NONE=TRUE successfully
Executing : def_port {uart_rx_pin} LOC=R8 VCCIO=3.3 IOSTANDARD=LVCMOS33 NONE=TRUE
Executing : def_port {uart_rx_pin} LOC=R8 VCCIO=3.3 IOSTANDARD=LVCMOS33 NONE=TRUE successfully
Constraint check end.
I: Column Clock Check open.
Read Column Clock Map.

Placement started.
Phase 1 Pre global placement started.
I: Infer CARRY group, base inst: u_uart_debug/rx_data_1/iGopDrm, insts:2.
Phase 1.1 1st GP placement started.
Design Utilization : 36%.
Wirelength after clock region global placement is 130755.
1st GP placement takes 25.59 sec.

Phase 1.2 Clock placement started.
Mapping instance clkbufg_0/gopclkbufg to USCM_84_108.
Clock placement takes 0.23 sec.

Pre global placement takes 27.84 sec.

Phase 2 Global placement started.
Phase 2.1 Fixed placement started.
Placed fixed group with base inst clk_ibuf/opit_1 on IOL_327_210.
Placed fixed group with base inst gpio_tri[0]/opit_1 on IOL_119_5.
Placed fixed group with base inst gpio_tri[1]/opit_1 on IOL_119_6.
Placed fixed group with base inst gpio_tri[2]/opit_1 on IOL_39_5.
Placed fixed group with base inst gpio_tri[3]/opit_1 on IOL_39_6.
Placed fixed group with base inst gpio_tri[4]/opit_1 on IOL_327_298.
Placed fixed group with base inst gpio_tri[5]/opit_1 on IOL_327_262.
Placed fixed group with base inst gpio_tri[6]/opit_1 on IOL_327_261.
Placed fixed group with base inst gpio_tri[7]/opit_1 on IOL_327_365.
Placed fixed group with base inst halted_ind_obuf/opit_1 on IOL_35_374.
Placed fixed group with base inst over_obuf/opit_1 on IOL_19_374.
Placed fixed group with base inst rst_ibuf/opit_1 on IOL_327_257.
Placed fixed group with base inst spi_clk_obuf/opit_1 on IOL_187_6.
Placed fixed group with base inst spi_miso_ibuf/opit_1 on IOL_187_5.
Placed fixed group with base inst spi_mosi_obuf/opit_1 on IOL_123_6.
Placed fixed group with base inst spi_ss_obuf/opit_1 on IOL_123_5.
Placed fixed group with base inst succ_obuf/opit_1 on IOL_19_373.
Placed fixed group with base inst uart_debug_pin_ibuf/opit_1 on IOL_327_134.
Placed fixed group with base inst uart_rx_pin_ibuf/opit_1 on IOL_43_5.
Placed fixed group with base inst uart_tx_pin_obuf/opit_1 on IOL_43_6.
Placed fixed instance clkbufg_0/gopclkbufg on USCM_84_108.
Placed fixed instance BKCL_auto_0 on BKCL_188_376.
Placed fixed instance BKCL_auto_1 on BKCL_328_184.
Placed fixed instance BKCL_auto_2 on BKCL_192_0.
Fixed placement takes 0.00 sec.

Phase 2.2 Process placement started.
Process placement takes 0.00 sec.

Phase 2.3 IO placement started.
IO placement takes 0.05 sec.

Phase 2.4 2nd GP placement started.
Run super clustering :
	Initial slack -10089.
	6 iterations finished.
	Final slack -4955.
Super clustering done.
Design Utilization : 36%.
2nd GP placement takes 24.64 sec.

Wirelength after global placement is 116903.
Global placement takes 24.70 sec.

Phase 3 Post global placement started.
Phase 3.1 Macro cell placement started.
Wirelength after macro cell placement is 117297.
Macro cell placement takes 0.00 sec.

Phase 3.2 3rd GP placement started.
Run super clustering :
	Initial slack -10089.
	6 iterations finished.
	Final slack -4955.
Super clustering done.
Design Utilization : 36%.
3rd GP placement takes 23.31 sec.

Wirelength after post global placement is 111940.
Post global placement takes 23.33 sec.

Phase 4 Legalization started.
The average distance in LP is 7.000000.
Wirelength after legalization is 205211.
Legalization takes 5.17 sec.

Phase 5 Timing-driven detailed placement started.
Phase 5.1 Replication placement started.
Worst slack before Replication Place is -1890.
Replication placement takes 1.36 sec.

Wirelength after replication placement is 205211.
Phase 5.2 DP placement started.
Legalized cost -1890.000000.
The detailed placement ends at 1th iteration.
DP placement takes 25.34 sec.

Wirelength after detailed placement is 240487.
Timing-driven detailed placement takes 26.70 sec.

Worst slack is 1680, TNS after placement is 0.
Placement done.
Total placement takes 112.59 sec.
Finished placement. (CPU time elapsed 0h:01m:52s)

Routing started.
Building routing graph takes 2.94 sec.
Worst slack is 1680, TNS before global route is 0.
Processing design graph takes 1.00 sec.
Total memory for routing:
	128.453054 M.
Total nets for routing : 14817.
Rcf routing step 1 processed 0 nets, it takes 0.00 sec.
Rcf routing step 2 processed 0 nets, it takes 0.00 sec.
Rcf routing step 3 processed 0 nets, it takes 0.00 sec.
Unrouted nets 0 at the end of iteration 0.
Global Routing step 1 processed 97 nets, it takes 0.31 sec.
Unrouted nets 45 at the end of iteration 0.
Unrouted nets 28 at the end of iteration 1.
Unrouted nets 25 at the end of iteration 2.
Unrouted nets 24 at the end of iteration 3.
Unrouted nets 14 at the end of iteration 4.
Unrouted nets 9 at the end of iteration 5.
Unrouted nets 9 at the end of iteration 6.
Unrouted nets 7 at the end of iteration 7.
Unrouted nets 7 at the end of iteration 8.
Unrouted nets 1 at the end of iteration 9.
Unrouted nets 1 at the end of iteration 10.
Unrouted nets 1 at the end of iteration 11.
Unrouted nets 2 at the end of iteration 12.
Unrouted nets 1 at the end of iteration 13.
Unrouted nets 1 at the end of iteration 14.
Unrouted nets 1 at the end of iteration 15.
Unrouted nets 1 at the end of iteration 16.
Unrouted nets 1 at the end of iteration 17.
Unrouted nets 1 at the end of iteration 18.
Unrouted nets 1 at the end of iteration 19.
Unrouted nets 1 at the end of iteration 20.
Unrouted nets 1 at the end of iteration 21.
Unrouted nets 1 at the end of iteration 22.
Unrouted nets 1 at the end of iteration 23.
Unrouted nets 1 at the end of iteration 24.
Unrouted nets 1 at the end of iteration 25.
Unrouted nets 1 at the end of iteration 26.
Unrouted nets 1 at the end of iteration 27.
Unrouted nets 1 at the end of iteration 28.
Unrouted nets 1 at the end of iteration 29.
Unrouted nets 1 at the end of iteration 30.
Unrouted nets 1 at the end of iteration 31.
Unrouted nets 1 at the end of iteration 32.
Unrouted nets 1 at the end of iteration 33.
Unrouted nets 2 at the end of iteration 34.
Unrouted nets 1 at the end of iteration 35.
Unrouted nets 1 at the end of iteration 36.
Unrouted nets 1 at the end of iteration 37.
Unrouted nets 1 at the end of iteration 38.
Unrouted nets 1 at the end of iteration 39.
Unrouted nets 1 at the end of iteration 40.
Unrouted nets 1 at the end of iteration 41.
Unrouted nets 1 at the end of iteration 42.
Unrouted nets 1 at the end of iteration 43.
Unrouted nets 1 at the end of iteration 44.
Unrouted nets 1 at the end of iteration 45.
Unrouted nets 1 at the end of iteration 46.
Unrouted nets 1 at the end of iteration 47.
Unrouted nets 1 at the end of iteration 48.
Unrouted nets 1 at the end of iteration 49.
Unrouted nets 1 at the end of iteration 50.
Unrouted nets 1 at the end of iteration 51.
Unrouted nets 1 at the end of iteration 52.
Unrouted nets 1 at the end of iteration 53.
Unrouted nets 1 at the end of iteration 54.
Unrouted nets 2 at the end of iteration 55.
Unrouted nets 1 at the end of iteration 56.
Unrouted nets 1 at the end of iteration 57.
Unrouted nets 1 at the end of iteration 58.
Unrouted nets 1 at the end of iteration 59.
Unrouted nets 1 at the end of iteration 60.
Unrouted nets 1 at the end of iteration 61.
Unrouted nets 1 at the end of iteration 62.
Unrouted nets 1 at the end of iteration 63.
Unrouted nets 1 at the end of iteration 64.
Unrouted nets 1 at the end of iteration 65.
Unrouted nets 1 at the end of iteration 66.
Unrouted nets 1 at the end of iteration 67.
Unrouted nets 1 at the end of iteration 68.
Unrouted nets 1 at the end of iteration 69.
Unrouted nets 1 at the end of iteration 70.
Unrouted nets 1 at the end of iteration 71.
Unrouted nets 1 at the end of iteration 72.
Unrouted nets 1 at the end of iteration 73.
Unrouted nets 1 at the end of iteration 74.
Unrouted nets 1 at the end of iteration 75.
Unrouted nets 1 at the end of iteration 76.
Unrouted nets 1 at the end of iteration 77.
Unrouted nets 1 at the end of iteration 78.
Unrouted nets 1 at the end of iteration 79.
Unrouted nets 1 at the end of iteration 80.
Unrouted nets 1 at the end of iteration 81.
Unrouted nets 1 at the end of iteration 82.
Unrouted nets 1 at the end of iteration 83.
Unrouted nets 1 at the end of iteration 84.
Unrouted nets 1 at the end of iteration 85.
Unrouted nets 1 at the end of iteration 86.
Unrouted nets 1 at the end of iteration 87.
Unrouted nets 1 at the end of iteration 88.
Unrouted nets 1 at the end of iteration 89.
Unrouted nets 1 at the end of iteration 90.
Unrouted nets 1 at the end of iteration 91.
Unrouted nets 1 at the end of iteration 92.
Unrouted nets 1 at the end of iteration 93.
Unrouted nets 1 at the end of iteration 94.
Unrouted nets 1 at the end of iteration 95.
Unrouted nets 1 at the end of iteration 96.
Unrouted nets 1 at the end of iteration 97.
Unrouted nets 1 at the end of iteration 98.
Unrouted nets 1 at the end of iteration 99.
Unrouted nets 1 at the end of iteration 100.
Unrouted nets 1 at the end of iteration 101.
Unrouted nets 1 at the end of iteration 102.
Unrouted nets 1 at the end of iteration 103.
Unrouted nets 1 at the end of iteration 104.
Unrouted nets 1 at the end of iteration 105.
Unrouted nets 1 at the end of iteration 106.
Unrouted nets 1 at the end of iteration 107.
Unrouted nets 1 at the end of iteration 108.
Unrouted nets 1 at the end of iteration 109.
Unrouted nets 1 at the end of iteration 110.
Unrouted nets 1 at the end of iteration 111.
Unrouted nets 1 at the end of iteration 112.
Unrouted nets 1 at the end of iteration 113.
Unrouted nets 1 at the end of iteration 114.
Unrouted nets 1 at the end of iteration 115.
Unrouted nets 1 at the end of iteration 116.
Unrouted nets 1 at the end of iteration 117.
Unrouted nets 2 at the end of iteration 118.
Unrouted nets 1 at the end of iteration 119.
Unrouted nets 2 at the end of iteration 120.
Unrouted nets 1 at the end of iteration 121.
Unrouted nets 1 at the end of iteration 122.
Unrouted nets 1 at the end of iteration 123.
Unrouted nets 1 at the end of iteration 124.
Unrouted nets 1 at the end of iteration 125.
Unrouted nets 1 at the end of iteration 126.
Unrouted nets 1 at the end of iteration 127.
Unrouted nets 1 at the end of iteration 128.
Unrouted nets 1 at the end of iteration 129.
Unrouted nets 1 at the end of iteration 130.
Unrouted nets 1 at the end of iteration 131.
Unrouted nets 1 at the end of iteration 132.
Unrouted nets 1 at the end of iteration 133.
Unrouted nets 1 at the end of iteration 134.
Unrouted nets 1 at the end of iteration 135.
Unrouted nets 1 at the end of iteration 136.
Unrouted nets 2 at the end of iteration 137.
Unrouted nets 2 at the end of iteration 138.
Unrouted nets 1 at the end of iteration 139.
Unrouted nets 1 at the end of iteration 140.
Unrouted nets 1 at the end of iteration 141.
Unrouted nets 1 at the end of iteration 142.
Unrouted nets 1 at the end of iteration 143.
Unrouted nets 1 at the end of iteration 144.
Unrouted nets 1 at the end of iteration 145.
Unrouted nets 1 at the end of iteration 146.
Unrouted nets 1 at the end of iteration 147.
Unrouted nets 1 at the end of iteration 148.
Unrouted nets 1 at the end of iteration 149.
Unrouted nets 1 at the end of iteration 150.
Unrouted nets 1 at the end of iteration 151.
Unrouted nets 1 at the end of iteration 152.
Unrouted nets 1 at the end of iteration 153.
Unrouted nets 1 at the end of iteration 154.
Unrouted nets 1 at the end of iteration 155.
Unrouted nets 1 at the end of iteration 156.
Unrouted nets 1 at the end of iteration 157.
Unrouted nets 1 at the end of iteration 158.
Unrouted nets 1 at the end of iteration 159.
Unrouted nets 2 at the end of iteration 160.
Unrouted nets 1 at the end of iteration 161.
Unrouted nets 1 at the end of iteration 162.
Unrouted nets 1 at the end of iteration 163.
Unrouted nets 2 at the end of iteration 164.
Unrouted nets 1 at the end of iteration 165.
Unrouted nets 1 at the end of iteration 166.
Unrouted nets 1 at the end of iteration 167.
Unrouted nets 1 at the end of iteration 168.
Unrouted nets 1 at the end of iteration 169.
Unrouted nets 1 at the end of iteration 170.
Unrouted nets 1 at the end of iteration 171.
Unrouted nets 1 at the end of iteration 172.
Unrouted nets 1 at the end of iteration 173.
Unrouted nets 1 at the end of iteration 174.
Unrouted nets 1 at the end of iteration 175.
Unrouted nets 1 at the end of iteration 176.
Unrouted nets 1 at the end of iteration 177.
Unrouted nets 1 at the end of iteration 178.
Unrouted nets 1 at the end of iteration 179.
Unrouted nets 1 at the end of iteration 180.
Unrouted nets 1 at the end of iteration 181.
Unrouted nets 1 at the end of iteration 182.
Unrouted nets 1 at the end of iteration 183.
Unrouted nets 1 at the end of iteration 184.
Unrouted nets 1 at the end of iteration 185.
Unrouted nets 1 at the end of iteration 186.
Unrouted nets 2 at the end of iteration 187.
Unrouted nets 1 at the end of iteration 188.
Unrouted nets 1 at the end of iteration 189.
Unrouted nets 2 at the end of iteration 190.
Unrouted nets 1 at the end of iteration 191.
Unrouted nets 1 at the end of iteration 192.
Unrouted nets 1 at the end of iteration 193.
Unrouted nets 1 at the end of iteration 194.
Unrouted nets 1 at the end of iteration 195.
Unrouted nets 1 at the end of iteration 196.
Unrouted nets 1 at the end of iteration 197.
Unrouted nets 1 at the end of iteration 198.
Unrouted nets 1 at the end of iteration 199.
Unrouted nets 1 at the end of iteration 200.
Unrouted nets 1 at the end of iteration 201.
Unrouted nets 1 at the end of iteration 202.
Unrouted nets 1 at the end of iteration 203.
Unrouted nets 1 at the end of iteration 204.
Unrouted nets 1 at the end of iteration 205.
Unrouted nets 1 at the end of iteration 206.
Unrouted nets 1 at the end of iteration 207.
Unrouted nets 1 at the end of iteration 208.
Unrouted nets 1 at the end of iteration 209.
Unrouted nets 1 at the end of iteration 210.
Unrouted nets 1 at the end of iteration 211.
Unrouted nets 1 at the end of iteration 212.
Unrouted nets 1 at the end of iteration 213.
Unrouted nets 1 at the end of iteration 214.
Unrouted nets 1 at the end of iteration 215.
Unrouted nets 1 at the end of iteration 216.
Unrouted nets 1 at the end of iteration 217.
Unrouted nets 2 at the end of iteration 218.
Unrouted nets 1 at the end of iteration 219.
Unrouted nets 1 at the end of iteration 220.
Unrouted nets 2 at the end of iteration 221.
Unrouted nets 3 at the end of iteration 222.
Unrouted nets 1 at the end of iteration 223.
Unrouted nets 1 at the end of iteration 224.
Unrouted nets 1 at the end of iteration 225.
Unrouted nets 1 at the end of iteration 226.
Unrouted nets 1 at the end of iteration 227.
Unrouted nets 2 at the end of iteration 228.
Unrouted nets 1 at the end of iteration 229.
Unrouted nets 1 at the end of iteration 230.
Unrouted nets 1 at the end of iteration 231.
Unrouted nets 1 at the end of iteration 232.
Unrouted nets 1 at the end of iteration 233.
Unrouted nets 1 at the end of iteration 234.
Unrouted nets 1 at the end of iteration 235.
Unrouted nets 1 at the end of iteration 236.
Unrouted nets 1 at the end of iteration 237.
Unrouted nets 1 at the end of iteration 238.
Unrouted nets 1 at the end of iteration 239.
Unrouted nets 1 at the end of iteration 240.
Unrouted nets 1 at the end of iteration 241.
Unrouted nets 1 at the end of iteration 242.
Unrouted nets 1 at the end of iteration 243.
Unrouted nets 1 at the end of iteration 244.
Unrouted nets 1 at the end of iteration 245.
Unrouted nets 1 at the end of iteration 246.
Unrouted nets 1 at the end of iteration 247.
Unrouted nets 1 at the end of iteration 248.
Unrouted nets 1 at the end of iteration 249.
Unrouted nets 1 at the end of iteration 250.
Unrouted nets 1 at the end of iteration 251.
Unrouted nets 1 at the end of iteration 252.
Unrouted nets 1 at the end of iteration 253.
Unrouted nets 1 at the end of iteration 254.
Unrouted nets 1 at the end of iteration 255.
Unrouted nets 2 at the end of iteration 256.
Unrouted nets 1 at the end of iteration 257.
Unrouted nets 1 at the end of iteration 258.
Unrouted nets 1 at the end of iteration 259.
Unrouted nets 1 at the end of iteration 260.
Unrouted nets 1 at the end of iteration 261.
Unrouted nets 1 at the end of iteration 262.
Unrouted nets 1 at the end of iteration 263.
Unrouted nets 1 at the end of iteration 264.
Unrouted nets 1 at the end of iteration 265.
Unrouted nets 1 at the end of iteration 266.
Unrouted nets 1 at the end of iteration 267.
Unrouted nets 1 at the end of iteration 268.
Unrouted nets 1 at the end of iteration 269.
Unrouted nets 1 at the end of iteration 270.
Unrouted nets 1 at the end of iteration 271.
Unrouted nets 1 at the end of iteration 272.
Unrouted nets 1 at the end of iteration 273.
Unrouted nets 1 at the end of iteration 274.
Unrouted nets 1 at the end of iteration 275.
Unrouted nets 1 at the end of iteration 276.
Unrouted nets 1 at the end of iteration 277.
Unrouted nets 1 at the end of iteration 278.
Unrouted nets 1 at the end of iteration 279.
Unrouted nets 1 at the end of iteration 280.
Unrouted nets 1 at the end of iteration 281.
Unrouted nets 1 at the end of iteration 282.
Unrouted nets 1 at the end of iteration 283.
Unrouted nets 1 at the end of iteration 284.
Unrouted nets 1 at the end of iteration 285.
Unrouted nets 1 at the end of iteration 286.
Unrouted nets 1 at the end of iteration 287.
Unrouted nets 1 at the end of iteration 288.
Unrouted nets 1 at the end of iteration 289.
Unrouted nets 1 at the end of iteration 290.
Unrouted nets 1 at the end of iteration 291.
Unrouted nets 1 at the end of iteration 292.
Unrouted nets 1 at the end of iteration 293.
Unrouted nets 1 at the end of iteration 294.
Unrouted nets 1 at the end of iteration 295.
Unrouted nets 1 at the end of iteration 296.
Unrouted nets 1 at the end of iteration 297.
Unrouted nets 1 at the end of iteration 298.
Unrouted nets 1 at the end of iteration 299.
Unrouted nets 1 at the end of iteration 300.
Unrouted nets 1 at the end of iteration 301.
Unrouted nets 1 at the end of iteration 302.
Unrouted nets 1 at the end of iteration 303.
Unrouted nets 1 at the end of iteration 304.
Unrouted nets 1 at the end of iteration 305.
Unrouted nets 1 at the end of iteration 306.
Unrouted nets 1 at the end of iteration 307.
Unrouted nets 1 at the end of iteration 308.
Unrouted nets 1 at the end of iteration 309.
Unrouted nets 1 at the end of iteration 310.
Unrouted nets 1 at the end of iteration 311.
Unrouted nets 1 at the end of iteration 312.
Unrouted nets 1 at the end of iteration 313.
Unrouted nets 1 at the end of iteration 314.
Unrouted nets 1 at the end of iteration 315.
Unrouted nets 1 at the end of iteration 316.
Unrouted nets 1 at the end of iteration 317.
Unrouted nets 1 at the end of iteration 318.
Unrouted nets 1 at the end of iteration 319.
Unrouted nets 1 at the end of iteration 320.
Unrouted nets 1 at the end of iteration 321.
Unrouted nets 1 at the end of iteration 322.
Unrouted nets 1 at the end of iteration 323.
Unrouted nets 1 at the end of iteration 324.
Unrouted nets 1 at the end of iteration 325.
Unrouted nets 1 at the end of iteration 326.
Unrouted nets 1 at the end of iteration 327.
Unrouted nets 1 at the end of iteration 328.
Unrouted nets 1 at the end of iteration 329.
Unrouted nets 1 at the end of iteration 330.
Unrouted nets 1 at the end of iteration 331.
Unrouted nets 1 at the end of iteration 332.
Unrouted nets 1 at the end of iteration 333.
Unrouted nets 1 at the end of iteration 334.
Unrouted nets 1 at the end of iteration 335.
Unrouted nets 1 at the end of iteration 336.
Unrouted nets 1 at the end of iteration 337.
Unrouted nets 1 at the end of iteration 338.
Unrouted nets 1 at the end of iteration 339.
Unrouted nets 1 at the end of iteration 340.
Unrouted nets 1 at the end of iteration 341.
Unrouted nets 1 at the end of iteration 342.
Unrouted nets 1 at the end of iteration 343.
Unrouted nets 1 at the end of iteration 344.
Unrouted nets 1 at the end of iteration 345.
Unrouted nets 1 at the end of iteration 346.
Unrouted nets 1 at the end of iteration 347.
Unrouted nets 1 at the end of iteration 348.
Unrouted nets 1 at the end of iteration 349.
Unrouted nets 1 at the end of iteration 350.
Unrouted nets 1 at the end of iteration 351.
Unrouted nets 1 at the end of iteration 352.
Unrouted nets 1 at the end of iteration 353.
Unrouted nets 0 at the end of iteration 354.
Global Routing step 2 processed 347 nets, it takes 7.55 sec.
Unrouted nets 241 at the end of iteration 0.
Unrouted nets 174 at the end of iteration 1.
Unrouted nets 144 at the end of iteration 2.
Unrouted nets 126 at the end of iteration 3.
Unrouted nets 101 at the end of iteration 4.
Unrouted nets 99 at the end of iteration 5.
Unrouted nets 86 at the end of iteration 6.
Unrouted nets 81 at the end of iteration 7.
Unrouted nets 81 at the end of iteration 8.
Unrouted nets 63 at the end of iteration 9.
Unrouted nets 73 at the end of iteration 10.
Unrouted nets 66 at the end of iteration 11.
Unrouted nets 59 at the end of iteration 12.
Unrouted nets 54 at the end of iteration 13.
Unrouted nets 45 at the end of iteration 14.
Unrouted nets 32 at the end of iteration 15.
Unrouted nets 34 at the end of iteration 16.
Unrouted nets 24 at the end of iteration 17.
Unrouted nets 17 at the end of iteration 18.
Unrouted nets 16 at the end of iteration 19.
Unrouted nets 11 at the end of iteration 20.
Unrouted nets 10 at the end of iteration 21.
Unrouted nets 5 at the end of iteration 22.
Unrouted nets 3 at the end of iteration 23.
Unrouted nets 3 at the end of iteration 24.
Unrouted nets 5 at the end of iteration 25.
Unrouted nets 5 at the end of iteration 26.
Unrouted nets 4 at the end of iteration 27.
Unrouted nets 3 at the end of iteration 28.
Unrouted nets 2 at the end of iteration 29.
Unrouted nets 2 at the end of iteration 30.
Unrouted nets 2 at the end of iteration 31.
Unrouted nets 2 at the end of iteration 32.
Unrouted nets 2 at the end of iteration 33.
Unrouted nets 2 at the end of iteration 34.
Unrouted nets 2 at the end of iteration 35.
Unrouted nets 2 at the end of iteration 36.
Unrouted nets 2 at the end of iteration 37.
Unrouted nets 2 at the end of iteration 38.
Unrouted nets 2 at the end of iteration 39.
Unrouted nets 2 at the end of iteration 40.
Unrouted nets 2 at the end of iteration 41.
Unrouted nets 2 at the end of iteration 42.
Unrouted nets 2 at the end of iteration 43.
Unrouted nets 2 at the end of iteration 44.
Unrouted nets 2 at the end of iteration 45.
Unrouted nets 2 at the end of iteration 46.
Unrouted nets 2 at the end of iteration 47.
Unrouted nets 2 at the end of iteration 48.
Unrouted nets 2 at the end of iteration 49.
Unrouted nets 2 at the end of iteration 50.
Unrouted nets 2 at the end of iteration 51.
Unrouted nets 2 at the end of iteration 52.
Unrouted nets 2 at the end of iteration 53.
Unrouted nets 1 at the end of iteration 54.
Unrouted nets 1 at the end of iteration 55.
Unrouted nets 1 at the end of iteration 56.
Unrouted nets 1 at the end of iteration 57.
Unrouted nets 1 at the end of iteration 58.
Unrouted nets 1 at the end of iteration 59.
Unrouted nets 1 at the end of iteration 60.
Unrouted nets 1 at the end of iteration 61.
Unrouted nets 1 at the end of iteration 62.
Unrouted nets 1 at the end of iteration 63.
Unrouted nets 1 at the end of iteration 64.
Unrouted nets 1 at the end of iteration 65.
Unrouted nets 1 at the end of iteration 66.
Unrouted nets 1 at the end of iteration 67.
Unrouted nets 1 at the end of iteration 68.
Unrouted nets 1 at the end of iteration 69.
Unrouted nets 1 at the end of iteration 70.
Unrouted nets 1 at the end of iteration 71.
Unrouted nets 1 at the end of iteration 72.
Unrouted nets 1 at the end of iteration 73.
Unrouted nets 1 at the end of iteration 74.
Unrouted nets 1 at the end of iteration 75.
Unrouted nets 1 at the end of iteration 76.
Unrouted nets 1 at the end of iteration 77.
Unrouted nets 1 at the end of iteration 78.
Unrouted nets 0 at the end of iteration 79.
Global Routing step 3 processed 331 nets, it takes 45.47 sec.
Global routing takes 53.38 sec.
Total 22690 subnets.
    forward max bucket size 5393 , backward 3594.
        Unrouted nets 18385 at the end of iteration 0.
    route iteration 0, CPU time elapsed 8.968750 sec.
    forward max bucket size 6892 , backward 2857.
        Unrouted nets 16689 at the end of iteration 1.
    route iteration 1, CPU time elapsed 4.968750 sec.
    forward max bucket size 3431 , backward 2736.
        Unrouted nets 15265 at the end of iteration 2.
    route iteration 2, CPU time elapsed 5.562500 sec.
    forward max bucket size 1811 , backward 1092.
        Unrouted nets 13998 at the end of iteration 3.
    route iteration 3, CPU time elapsed 6.906250 sec.
    forward max bucket size 6781 , backward 1914.
        Unrouted nets 13059 at the end of iteration 4.
    route iteration 4, CPU time elapsed 9.125000 sec.
    forward max bucket size 3798 , backward 2290.
        Unrouted nets 12153 at the end of iteration 5.
    route iteration 5, CPU time elapsed 11.593750 sec.
    forward max bucket size 1726 , backward 1733.
        Unrouted nets 11147 at the end of iteration 6.
    route iteration 6, CPU time elapsed 10.046875 sec.
    forward max bucket size 4985 , backward 3853.
        Unrouted nets 9886 at the end of iteration 7.
    route iteration 7, CPU time elapsed 9.593750 sec.
    forward max bucket size 1823 , backward 2360.
        Unrouted nets 8673 at the end of iteration 8.
    route iteration 8, CPU time elapsed 10.031250 sec.
    forward max bucket size 1273 , backward 2965.
        Unrouted nets 7705 at the end of iteration 9.
    route iteration 9, CPU time elapsed 9.468750 sec.
    forward max bucket size 810 , backward 3856.
        Unrouted nets 6853 at the end of iteration 10.
    route iteration 10, CPU time elapsed 8.921875 sec.
    forward max bucket size 1645 , backward 1893.
        Unrouted nets 6134 at the end of iteration 11.
    route iteration 11, CPU time elapsed 8.781250 sec.
    forward max bucket size 1392 , backward 1484.
        Unrouted nets 5504 at the end of iteration 12.
    route iteration 12, CPU time elapsed 8.171875 sec.
    forward max bucket size 963 , backward 2054.
        Unrouted nets 4898 at the end of iteration 13.
    route iteration 13, CPU time elapsed 7.703125 sec.
    forward max bucket size 1440 , backward 1905.
        Unrouted nets 4536 at the end of iteration 14.
    route iteration 14, CPU time elapsed 7.234375 sec.
    forward max bucket size 1020 , backward 2398.
        Unrouted nets 4188 at the end of iteration 15.
    route iteration 15, CPU time elapsed 7.671875 sec.
    forward max bucket size 1593 , backward 976.
        Unrouted nets 3951 at the end of iteration 16.
    route iteration 16, CPU time elapsed 5.843750 sec.
    forward max bucket size 1325 , backward 1256.
        Unrouted nets 3550 at the end of iteration 17.
    route iteration 17, CPU time elapsed 6.375000 sec.
    forward max bucket size 2475 , backward 2561.
        Unrouted nets 3303 at the end of iteration 18.
    route iteration 18, CPU time elapsed 6.187500 sec.
    forward max bucket size 1394 , backward 2526.
        Unrouted nets 3138 at the end of iteration 19.
    route iteration 19, CPU time elapsed 5.625000 sec.
    forward max bucket size 681 , backward 3387.
        Unrouted nets 3020 at the end of iteration 20.
    route iteration 20, CPU time elapsed 5.656250 sec.
    forward max bucket size 1551 , backward 1027.
        Unrouted nets 2830 at the end of iteration 21.
    route iteration 21, CPU time elapsed 5.156250 sec.
    forward max bucket size 996 , backward 1497.
        Unrouted nets 2645 at the end of iteration 22.
    route iteration 22, CPU time elapsed 4.937500 sec.
    forward max bucket size 1250 , backward 674.
        Unrouted nets 2516 at the end of iteration 23.
    route iteration 23, CPU time elapsed 4.578125 sec.
    forward max bucket size 727 , backward 1345.
        Unrouted nets 2311 at the end of iteration 24.
    route iteration 24, CPU time elapsed 5.171875 sec.
    forward max bucket size 1073 , backward 1878.
        Unrouted nets 2195 at the end of iteration 25.
    route iteration 25, CPU time elapsed 4.640625 sec.
    forward max bucket size 571 , backward 792.
        Unrouted nets 2127 at the end of iteration 26.
    route iteration 26, CPU time elapsed 4.203125 sec.
    forward max bucket size 505 , backward 1974.
        Unrouted nets 1996 at the end of iteration 27.
    route iteration 27, CPU time elapsed 3.656250 sec.
    forward max bucket size 977 , backward 571.
        Unrouted nets 1868 at the end of iteration 28.
    route iteration 28, CPU time elapsed 3.765625 sec.
    forward max bucket size 416 , backward 991.
        Unrouted nets 1838 at the end of iteration 29.
    route iteration 29, CPU time elapsed 3.593750 sec.
    forward max bucket size 559 , backward 2020.
        Unrouted nets 1765 at the end of iteration 30.
    route iteration 30, CPU time elapsed 3.859375 sec.
    forward max bucket size 1491 , backward 1673.
        Unrouted nets 1706 at the end of iteration 31.
    route iteration 31, CPU time elapsed 3.296875 sec.
    forward max bucket size 1286 , backward 1906.
        Unrouted nets 1595 at the end of iteration 32.
    route iteration 32, CPU time elapsed 2.875000 sec.
    forward max bucket size 295 , backward 1845.
        Unrouted nets 1515 at the end of iteration 33.
    route iteration 33, CPU time elapsed 2.734375 sec.
    forward max bucket size 336 , backward 1828.
        Unrouted nets 1448 at the end of iteration 34.
    route iteration 34, CPU time elapsed 3.250000 sec.
    forward max bucket size 1326 , backward 1974.
        Unrouted nets 1430 at the end of iteration 35.
    route iteration 35, CPU time elapsed 3.203125 sec.
    forward max bucket size 238 , backward 1695.
        Unrouted nets 1375 at the end of iteration 36.
    route iteration 36, CPU time elapsed 2.859375 sec.
    forward max bucket size 322 , backward 2233.
        Unrouted nets 1252 at the end of iteration 37.
    route iteration 37, CPU time elapsed 3.234375 sec.
    forward max bucket size 2484 , backward 2425.
        Unrouted nets 1159 at the end of iteration 38.
    route iteration 38, CPU time elapsed 2.750000 sec.
    forward max bucket size 329 , backward 465.
        Unrouted nets 1123 at the end of iteration 39.
    route iteration 39, CPU time elapsed 2.546875 sec.
    forward max bucket size 423 , backward 2115.
        Unrouted nets 1033 at the end of iteration 40.
    route iteration 40, CPU time elapsed 2.046875 sec.
    forward max bucket size 338 , backward 2131.
        Unrouted nets 1016 at the end of iteration 41.
    route iteration 41, CPU time elapsed 2.031250 sec.
    forward max bucket size 461 , backward 1608.
        Unrouted nets 995 at the end of iteration 42.
    route iteration 42, CPU time elapsed 1.843750 sec.
    forward max bucket size 485 , backward 730.
        Unrouted nets 945 at the end of iteration 43.
    route iteration 43, CPU time elapsed 2.046875 sec.
    forward max bucket size 295 , backward 426.
        Unrouted nets 887 at the end of iteration 44.
    route iteration 44, CPU time elapsed 1.593750 sec.
    forward max bucket size 410 , backward 361.
        Unrouted nets 871 at the end of iteration 45.
    route iteration 45, CPU time elapsed 1.718750 sec.
    forward max bucket size 1277 , backward 1446.
        Unrouted nets 893 at the end of iteration 46.
    route iteration 46, CPU time elapsed 2.093750 sec.
    forward max bucket size 1306 , backward 474.
        Unrouted nets 869 at the end of iteration 47.
    route iteration 47, CPU time elapsed 2.187500 sec.
    forward max bucket size 264 , backward 625.
        Unrouted nets 846 at the end of iteration 48.
    route iteration 48, CPU time elapsed 1.765625 sec.
    forward max bucket size 196 , backward 450.
        Unrouted nets 812 at the end of iteration 49.
    route iteration 49, CPU time elapsed 1.671875 sec.
    forward max bucket size 594 , backward 2173.
        Unrouted nets 789 at the end of iteration 50.
    route iteration 50, CPU time elapsed 1.562500 sec.
    forward max bucket size 454 , backward 841.
        Unrouted nets 823 at the end of iteration 51.
    route iteration 51, CPU time elapsed 1.812500 sec.
    forward max bucket size 349 , backward 391.
        Unrouted nets 766 at the end of iteration 52.
    route iteration 52, CPU time elapsed 1.906250 sec.
    forward max bucket size 425 , backward 164.
        Unrouted nets 756 at the end of iteration 53.
    route iteration 53, CPU time elapsed 1.750000 sec.
    forward max bucket size 219 , backward 263.
        Unrouted nets 768 at the end of iteration 54.
    route iteration 54, CPU time elapsed 1.484375 sec.
    forward max bucket size 230 , backward 1355.
        Unrouted nets 772 at the end of iteration 55.
    route iteration 55, CPU time elapsed 1.437500 sec.
    forward max bucket size 303 , backward 1397.
        Unrouted nets 766 at the end of iteration 56.
    route iteration 56, CPU time elapsed 1.484375 sec.
    forward max bucket size 438 , backward 1710.
        Unrouted nets 770 at the end of iteration 57.
    route iteration 57, CPU time elapsed 1.515625 sec.
    forward max bucket size 426 , backward 370.
        Unrouted nets 745 at the end of iteration 58.
    route iteration 58, CPU time elapsed 1.406250 sec.
    forward max bucket size 432 , backward 227.
        Unrouted nets 671 at the end of iteration 59.
    route iteration 59, CPU time elapsed 1.750000 sec.
    forward max bucket size 1911 , backward 4101.
        Unrouted nets 635 at the end of iteration 60.
    route iteration 60, CPU time elapsed 1.125000 sec.
    forward max bucket size 337 , backward 788.
        Unrouted nets 586 at the end of iteration 61.
    route iteration 61, CPU time elapsed 1.078125 sec.
    forward max bucket size 418 , backward 460.
        Unrouted nets 552 at the end of iteration 62.
    route iteration 62, CPU time elapsed 1.000000 sec.
    forward max bucket size 324 , backward 433.
        Unrouted nets 546 at the end of iteration 63.
    route iteration 63, CPU time elapsed 1.109375 sec.
    forward max bucket size 384 , backward 437.
        Unrouted nets 569 at the end of iteration 64.
    route iteration 64, CPU time elapsed 1.234375 sec.
    forward max bucket size 458 , backward 218.
        Unrouted nets 536 at the end of iteration 65.
    route iteration 65, CPU time elapsed 0.953125 sec.
    forward max bucket size 401 , backward 441.
        Unrouted nets 485 at the end of iteration 66.
    route iteration 66, CPU time elapsed 0.906250 sec.
    forward max bucket size 452 , backward 395.
        Unrouted nets 424 at the end of iteration 67.
    route iteration 67, CPU time elapsed 0.843750 sec.
    forward max bucket size 190 , backward 342.
        Unrouted nets 466 at the end of iteration 68.
    route iteration 68, CPU time elapsed 0.921875 sec.
    forward max bucket size 217 , backward 279.
        Unrouted nets 416 at the end of iteration 69.
    route iteration 69, CPU time elapsed 0.875000 sec.
    forward max bucket size 351 , backward 1988.
        Unrouted nets 401 at the end of iteration 70.
    route iteration 70, CPU time elapsed 0.843750 sec.
    forward max bucket size 453 , backward 375.
        Unrouted nets 393 at the end of iteration 71.
    route iteration 71, CPU time elapsed 0.859375 sec.
    forward max bucket size 520 , backward 161.
        Unrouted nets 362 at the end of iteration 72.
    route iteration 72, CPU time elapsed 0.687500 sec.
    forward max bucket size 586 , backward 113.
        Unrouted nets 348 at the end of iteration 73.
    route iteration 73, CPU time elapsed 0.640625 sec.
    forward max bucket size 587 , backward 161.
        Unrouted nets 313 at the end of iteration 74.
    route iteration 74, CPU time elapsed 0.578125 sec.
    forward max bucket size 1264 , backward 466.
        Unrouted nets 313 at the end of iteration 75.
    route iteration 75, CPU time elapsed 0.531250 sec.
    forward max bucket size 829 , backward 1049.
        Unrouted nets 299 at the end of iteration 76.
    route iteration 76, CPU time elapsed 0.546875 sec.
    forward max bucket size 1338 , backward 640.
        Unrouted nets 292 at the end of iteration 77.
    route iteration 77, CPU time elapsed 0.437500 sec.
    forward max bucket size 111 , backward 598.
        Unrouted nets 286 at the end of iteration 78.
    route iteration 78, CPU time elapsed 0.421875 sec.
    forward max bucket size 76 , backward 996.
        Unrouted nets 272 at the end of iteration 79.
    route iteration 79, CPU time elapsed 0.578125 sec.
    forward max bucket size 123 , backward 173.
        Unrouted nets 257 at the end of iteration 80.
    route iteration 80, CPU time elapsed 0.656250 sec.
    forward max bucket size 98 , backward 151.
        Unrouted nets 254 at the end of iteration 81.
    route iteration 81, CPU time elapsed 0.640625 sec.
    forward max bucket size 108 , backward 437.
        Unrouted nets 261 at the end of iteration 82.
    route iteration 82, CPU time elapsed 0.640625 sec.
    forward max bucket size 185 , backward 1782.
        Unrouted nets 282 at the end of iteration 83.
    route iteration 83, CPU time elapsed 0.765625 sec.
    forward max bucket size 448 , backward 2045.
        Unrouted nets 283 at the end of iteration 84.
    route iteration 84, CPU time elapsed 0.656250 sec.
    forward max bucket size 324 , backward 1799.
        Unrouted nets 275 at the end of iteration 85.
    route iteration 85, CPU time elapsed 0.734375 sec.
    forward max bucket size 227 , backward 1037.
        Unrouted nets 259 at the end of iteration 86.
    route iteration 86, CPU time elapsed 1.140625 sec.
    forward max bucket size 254 , backward 275.
        Unrouted nets 263 at the end of iteration 87.
    route iteration 87, CPU time elapsed 0.750000 sec.
    forward max bucket size 211 , backward 1047.
        Unrouted nets 271 at the end of iteration 88.
    route iteration 88, CPU time elapsed 0.625000 sec.
    forward max bucket size 217 , backward 1317.
        Unrouted nets 244 at the end of iteration 89.
    route iteration 89, CPU time elapsed 0.671875 sec.
    forward max bucket size 224 , backward 292.
        Unrouted nets 256 at the end of iteration 90.
    route iteration 90, CPU time elapsed 0.609375 sec.
    forward max bucket size 373 , backward 545.
        Unrouted nets 237 at the end of iteration 91.
    route iteration 91, CPU time elapsed 0.578125 sec.
    forward max bucket size 221 , backward 187.
        Unrouted nets 229 at the end of iteration 92.
    route iteration 92, CPU time elapsed 0.625000 sec.
    forward max bucket size 440 , backward 836.
        Unrouted nets 218 at the end of iteration 93.
    route iteration 93, CPU time elapsed 0.437500 sec.
    forward max bucket size 440 , backward 848.
        Unrouted nets 207 at the end of iteration 94.
    route iteration 94, CPU time elapsed 0.453125 sec.
    forward max bucket size 291 , backward 122.
        Unrouted nets 204 at the end of iteration 95.
    route iteration 95, CPU time elapsed 0.500000 sec.
    forward max bucket size 413 , backward 1268.
        Unrouted nets 211 at the end of iteration 96.
    route iteration 96, CPU time elapsed 0.531250 sec.
    forward max bucket size 118 , backward 108.
        Unrouted nets 208 at the end of iteration 97.
    route iteration 97, CPU time elapsed 0.562500 sec.
    forward max bucket size 135 , backward 115.
        Unrouted nets 203 at the end of iteration 98.
    route iteration 98, CPU time elapsed 0.609375 sec.
    forward max bucket size 129 , backward 256.
        Unrouted nets 207 at the end of iteration 99.
    route iteration 99, CPU time elapsed 0.578125 sec.
    forward max bucket size 102 , backward 133.
        Unrouted nets 194 at the end of iteration 100.
    route iteration 100, CPU time elapsed 0.546875 sec.
    forward max bucket size 138 , backward 485.
        Unrouted nets 207 at the end of iteration 101.
    route iteration 101, CPU time elapsed 0.593750 sec.
    forward max bucket size 198 , backward 200.
        Unrouted nets 220 at the end of iteration 102.
    route iteration 102, CPU time elapsed 0.562500 sec.
    forward max bucket size 102 , backward 288.
        Unrouted nets 208 at the end of iteration 103.
    route iteration 103, CPU time elapsed 0.640625 sec.
    forward max bucket size 319 , backward 300.
        Unrouted nets 208 at the end of iteration 104.
    route iteration 104, CPU time elapsed 0.484375 sec.
    forward max bucket size 265 , backward 184.
        Unrouted nets 170 at the end of iteration 105.
    route iteration 105, CPU time elapsed 0.515625 sec.
    forward max bucket size 313 , backward 573.
        Unrouted nets 148 at the end of iteration 106.
    route iteration 106, CPU time elapsed 0.546875 sec.
    forward max bucket size 324 , backward 460.
        Unrouted nets 167 at the end of iteration 107.
    route iteration 107, CPU time elapsed 0.406250 sec.
    forward max bucket size 106 , backward 134.
        Unrouted nets 160 at the end of iteration 108.
    route iteration 108, CPU time elapsed 0.531250 sec.
    forward max bucket size 114 , backward 129.
        Unrouted nets 138 at the end of iteration 109.
    route iteration 109, CPU time elapsed 0.390625 sec.
    forward max bucket size 109 , backward 100.
        Unrouted nets 122 at the end of iteration 110.
    route iteration 110, CPU time elapsed 0.375000 sec.
    forward max bucket size 107 , backward 79.
        Unrouted nets 106 at the end of iteration 111.
    route iteration 111, CPU time elapsed 0.343750 sec.
    forward max bucket size 109 , backward 77.
        Unrouted nets 109 at the end of iteration 112.
    route iteration 112, CPU time elapsed 0.375000 sec.
    forward max bucket size 142 , backward 117.
        Unrouted nets 94 at the end of iteration 113.
    route iteration 113, CPU time elapsed 0.281250 sec.
    forward max bucket size 109 , backward 72.
        Unrouted nets 86 at the end of iteration 114.
    route iteration 114, CPU time elapsed 0.296875 sec.
    forward max bucket size 101 , backward 104.
        Unrouted nets 92 at the end of iteration 115.
    route iteration 115, CPU time elapsed 0.265625 sec.
    forward max bucket size 92 , backward 114.
        Unrouted nets 101 at the end of iteration 116.
    route iteration 116, CPU time elapsed 0.390625 sec.
    forward max bucket size 77 , backward 78.
        Unrouted nets 102 at the end of iteration 117.
    route iteration 117, CPU time elapsed 0.328125 sec.
    forward max bucket size 65 , backward 149.
        Unrouted nets 99 at the end of iteration 118.
    route iteration 118, CPU time elapsed 0.359375 sec.
    forward max bucket size 65 , backward 174.
        Unrouted nets 98 at the end of iteration 119.
    route iteration 119, CPU time elapsed 0.281250 sec.
    forward max bucket size 59 , backward 56.
        Unrouted nets 103 at the end of iteration 120.
    route iteration 120, CPU time elapsed 0.250000 sec.
    forward max bucket size 126 , backward 111.
        Unrouted nets 112 at the end of iteration 121.
    route iteration 121, CPU time elapsed 0.250000 sec.
    forward max bucket size 145 , backward 114.
        Unrouted nets 117 at the end of iteration 122.
    route iteration 122, CPU time elapsed 0.343750 sec.
    forward max bucket size 122 , backward 90.
        Unrouted nets 128 at the end of iteration 123.
    route iteration 123, CPU time elapsed 0.296875 sec.
    forward max bucket size 104 , backward 267.
        Unrouted nets 136 at the end of iteration 124.
    route iteration 124, CPU time elapsed 0.406250 sec.
    forward max bucket size 128 , backward 267.
        Unrouted nets 135 at the end of iteration 125.
    route iteration 125, CPU time elapsed 0.359375 sec.
    forward max bucket size 210 , backward 95.
        Unrouted nets 88 at the end of iteration 126.
    route iteration 126, CPU time elapsed 0.359375 sec.
    forward max bucket size 72 , backward 66.
        Unrouted nets 91 at the end of iteration 127.
    route iteration 127, CPU time elapsed 0.265625 sec.
    forward max bucket size 182 , backward 95.
        Unrouted nets 80 at the end of iteration 128.
    route iteration 128, CPU time elapsed 0.250000 sec.
    forward max bucket size 84 , backward 166.
        Unrouted nets 59 at the end of iteration 129.
    route iteration 129, CPU time elapsed 0.218750 sec.
    forward max bucket size 89 , backward 125.
        Unrouted nets 64 at the end of iteration 130.
    route iteration 130, CPU time elapsed 0.203125 sec.
    forward max bucket size 93 , backward 102.
        Unrouted nets 58 at the end of iteration 131.
    route iteration 131, CPU time elapsed 0.203125 sec.
    forward max bucket size 207 , backward 80.
        Unrouted nets 47 at the end of iteration 132.
    route iteration 132, CPU time elapsed 0.203125 sec.
    forward max bucket size 91 , backward 77.
        Unrouted nets 57 at the end of iteration 133.
    route iteration 133, CPU time elapsed 0.265625 sec.
    forward max bucket size 92 , backward 74.
        Unrouted nets 54 at the end of iteration 134.
    route iteration 134, CPU time elapsed 0.312500 sec.
    forward max bucket size 114 , backward 95.
        Unrouted nets 45 at the end of iteration 135.
    route iteration 135, CPU time elapsed 0.218750 sec.
    forward max bucket size 98 , backward 81.
        Unrouted nets 30 at the end of iteration 136.
    route iteration 136, CPU time elapsed 0.156250 sec.
    forward max bucket size 172 , backward 101.
        Unrouted nets 40 at the end of iteration 137.
    route iteration 137, CPU time elapsed 0.250000 sec.
    forward max bucket size 141 , backward 140.
        Unrouted nets 44 at the end of iteration 138.
    route iteration 138, CPU time elapsed 0.328125 sec.
    forward max bucket size 87 , backward 51.
        Unrouted nets 48 at the end of iteration 139.
    route iteration 139, CPU time elapsed 0.250000 sec.
    forward max bucket size 84 , backward 50.
        Unrouted nets 41 at the end of iteration 140.
    route iteration 140, CPU time elapsed 0.218750 sec.
    forward max bucket size 87 , backward 58.
        Unrouted nets 36 at the end of iteration 141.
    route iteration 141, CPU time elapsed 0.218750 sec.
    forward max bucket size 84 , backward 89.
        Unrouted nets 37 at the end of iteration 142.
    route iteration 142, CPU time elapsed 0.171875 sec.
    forward max bucket size 34 , backward 89.
        Unrouted nets 21 at the end of iteration 143.
    route iteration 143, CPU time elapsed 0.171875 sec.
    forward max bucket size 49 , backward 42.
        Unrouted nets 18 at the end of iteration 144.
    route iteration 144, CPU time elapsed 0.140625 sec.
    forward max bucket size 46 , backward 40.
        Unrouted nets 19 at the end of iteration 145.
    route iteration 145, CPU time elapsed 0.171875 sec.
    forward max bucket size 51 , backward 57.
        Unrouted nets 13 at the end of iteration 146.
    route iteration 146, CPU time elapsed 0.156250 sec.
    forward max bucket size 49 , backward 60.
        Unrouted nets 13 at the end of iteration 147.
    route iteration 147, CPU time elapsed 0.171875 sec.
    forward max bucket size 30 , backward 28.
        Unrouted nets 7 at the end of iteration 148.
    route iteration 148, CPU time elapsed 0.140625 sec.
    forward max bucket size 15 , backward 18.
        Unrouted nets 5 at the end of iteration 149.
    route iteration 149, CPU time elapsed 0.140625 sec.
    forward max bucket size 22 , backward 136.
        Unrouted nets 5 at the end of iteration 150.
    route iteration 150, CPU time elapsed 0.156250 sec.
    forward max bucket size 13 , backward 17.
        Unrouted nets 6 at the end of iteration 151.
    route iteration 151, CPU time elapsed 0.156250 sec.
    forward max bucket size 40 , backward 18.
        Unrouted nets 6 at the end of iteration 152.
    route iteration 152, CPU time elapsed 0.140625 sec.
    forward max bucket size 52 , backward 17.
        Unrouted nets 3 at the end of iteration 153.
    route iteration 153, CPU time elapsed 0.140625 sec.
    forward max bucket size 52 , backward 23.
        Unrouted nets 3 at the end of iteration 154.
    route iteration 154, CPU time elapsed 0.156250 sec.
    forward max bucket size 52 , backward 23.
        Unrouted nets 4 at the end of iteration 155.
    route iteration 155, CPU time elapsed 0.140625 sec.
    forward max bucket size 52 , backward 36.
        Unrouted nets 9 at the end of iteration 156.
    route iteration 156, CPU time elapsed 0.156250 sec.
    forward max bucket size 58 , backward 42.
        Unrouted nets 5 at the end of iteration 157.
    route iteration 157, CPU time elapsed 0.171875 sec.
    forward max bucket size 56 , backward 136.
        Unrouted nets 5 at the end of iteration 158.
    route iteration 158, CPU time elapsed 0.140625 sec.
    forward max bucket size 40 , backward 28.
        Unrouted nets 9 at the end of iteration 159.
    route iteration 159, CPU time elapsed 0.156250 sec.
    forward max bucket size 145 , backward 76.
        Unrouted nets 3 at the end of iteration 160.
    route iteration 160, CPU time elapsed 0.109375 sec.
    forward max bucket size 67 , backward 22.
        Unrouted nets 3 at the end of iteration 161.
    route iteration 161, CPU time elapsed 0.171875 sec.
    forward max bucket size 51 , backward 22.
        Unrouted nets 1 at the end of iteration 162.
    route iteration 162, CPU time elapsed 0.140625 sec.
    forward max bucket size 7 , backward 3.
        Unrouted nets 1 at the end of iteration 163.
    route iteration 163, CPU time elapsed 0.125000 sec.
    forward max bucket size 7 , backward 3.
        Unrouted nets 1 at the end of iteration 164.
    route iteration 164, CPU time elapsed 0.140625 sec.
    forward max bucket size 7 , backward 3.
        Unrouted nets 1 at the end of iteration 165.
    route iteration 165, CPU time elapsed 0.125000 sec.
    forward max bucket size 7 , backward 3.
        Unrouted nets 1 at the end of iteration 166.
    route iteration 166, CPU time elapsed 0.125000 sec.
    forward max bucket size 7 , backward 3.
        Unrouted nets 1 at the end of iteration 167.
    route iteration 167, CPU time elapsed 0.140625 sec.
    forward max bucket size 7 , backward 3.
        Unrouted nets 1 at the end of iteration 168.
    route iteration 168, CPU time elapsed 0.140625 sec.
    forward max bucket size 7 , backward 3.
        Unrouted nets 1 at the end of iteration 169.
    route iteration 169, CPU time elapsed 0.140625 sec.
    forward max bucket size 7 , backward 3.
        Unrouted nets 1 at the end of iteration 170.
    route iteration 170, CPU time elapsed 0.140625 sec.
    forward max bucket size 7 , backward 3.
        Unrouted nets 1 at the end of iteration 171.
    route iteration 171, CPU time elapsed 0.140625 sec.
    forward max bucket size 7 , backward 3.
        Unrouted nets 1 at the end of iteration 172.
    route iteration 172, CPU time elapsed 0.140625 sec.
    forward max bucket size 7 , backward 3.
        Unrouted nets 1 at the end of iteration 173.
    route iteration 173, CPU time elapsed 0.140625 sec.
    forward max bucket size 7 , backward 3.
        Unrouted nets 1 at the end of iteration 174.
    route iteration 174, CPU time elapsed 0.156250 sec.
    forward max bucket size 7 , backward 3.
        Unrouted nets 1 at the end of iteration 175.
    route iteration 175, CPU time elapsed 0.156250 sec.
    forward max bucket size 7 , backward 3.
        Unrouted nets 1 at the end of iteration 176.
    route iteration 176, CPU time elapsed 0.140625 sec.
    forward max bucket size 7 , backward 3.
        Unrouted nets 1 at the end of iteration 177.
    route iteration 177, CPU time elapsed 0.140625 sec.
    forward max bucket size 7 , backward 3.
        Unrouted nets 1 at the end of iteration 178.
    route iteration 178, CPU time elapsed 0.125000 sec.
    forward max bucket size 7 , backward 3.
        Unrouted nets 1 at the end of iteration 179.
    route iteration 179, CPU time elapsed 0.140625 sec.
    forward max bucket size 7 , backward 3.
        Unrouted nets 1 at the end of iteration 180.
    route iteration 180, CPU time elapsed 0.125000 sec.
    forward max bucket size 7 , backward 3.
        Unrouted nets 1 at the end of iteration 181.
    route iteration 181, CPU time elapsed 0.140625 sec.
    forward max bucket size 7 , backward 3.
        Unrouted nets 1 at the end of iteration 182.
    route iteration 182, CPU time elapsed 0.140625 sec.
    forward max bucket size 7 , backward 3.
        Unrouted nets 1 at the end of iteration 183.
    route iteration 183, CPU time elapsed 0.156250 sec.
    forward max bucket size 7 , backward 3.
        Unrouted nets 1 at the end of iteration 184.
    route iteration 184, CPU time elapsed 0.140625 sec.
    forward max bucket size 7 , backward 3.
        Unrouted nets 1 at the end of iteration 185.
    route iteration 185, CPU time elapsed 0.140625 sec.
    forward max bucket size 7 , backward 3.
        Unrouted nets 1 at the end of iteration 186.
    route iteration 186, CPU time elapsed 0.156250 sec.
    forward max bucket size 7 , backward 3.
        Unrouted nets 1 at the end of iteration 187.
    route iteration 187, CPU time elapsed 0.125000 sec.
    forward max bucket size 7 , backward 3.
        Unrouted nets 1 at the end of iteration 188.
    route iteration 188, CPU time elapsed 0.156250 sec.
    forward max bucket size 7 , backward 3.
        Unrouted nets 1 at the end of iteration 189.
    route iteration 189, CPU time elapsed 0.156250 sec.
    forward max bucket size 7 , backward 3.
        Unrouted nets 1 at the end of iteration 190.
    route iteration 190, CPU time elapsed 0.140625 sec.
    forward max bucket size 7 , backward 3.
        Unrouted nets 1 at the end of iteration 191.
    route iteration 191, CPU time elapsed 0.140625 sec.
    forward max bucket size 7 , backward 3.
        Unrouted nets 1 at the end of iteration 192.
    route iteration 192, CPU time elapsed 0.156250 sec.
    forward max bucket size 7 , backward 3.
        Unrouted nets 1 at the end of iteration 193.
    route iteration 193, CPU time elapsed 0.156250 sec.
    forward max bucket size 7 , backward 3.
        Unrouted nets 1 at the end of iteration 194.
    route iteration 194, CPU time elapsed 0.125000 sec.
    forward max bucket size 7 , backward 3.
        Unrouted nets 1 at the end of iteration 195.
    route iteration 195, CPU time elapsed 0.140625 sec.
    forward max bucket size 7 , backward 3.
        Unrouted nets 1 at the end of iteration 196.
    route iteration 196, CPU time elapsed 0.109375 sec.
    forward max bucket size 7 , backward 3.
        Unrouted nets 1 at the end of iteration 197.
    route iteration 197, CPU time elapsed 0.156250 sec.
    forward max bucket size 7 , backward 3.
        Unrouted nets 1 at the end of iteration 198.
    route iteration 198, CPU time elapsed 0.125000 sec.
    forward max bucket size 7 , backward 3.
        Unrouted nets 1 at the end of iteration 199.
    route iteration 199, CPU time elapsed 0.140625 sec.
    forward max bucket size 7 , backward 3.
        Unrouted nets 1 at the end of iteration 200.
    route iteration 200, CPU time elapsed 0.171875 sec.
    forward max bucket size 7 , backward 3.
        Unrouted nets 1 at the end of iteration 201.
    route iteration 201, CPU time elapsed 0.140625 sec.
    forward max bucket size 7 , backward 3.
        Unrouted nets 1 at the end of iteration 202.
    route iteration 202, CPU time elapsed 0.140625 sec.
    forward max bucket size 7 , backward 3.
        Unrouted nets 1 at the end of iteration 203.
    route iteration 203, CPU time elapsed 0.140625 sec.
    forward max bucket size 7 , backward 3.
        Unrouted nets 1 at the end of iteration 204.
    route iteration 204, CPU time elapsed 0.140625 sec.
    forward max bucket size 7 , backward 3.
        Unrouted nets 1 at the end of iteration 205.
    route iteration 205, CPU time elapsed 0.109375 sec.
    forward max bucket size 7 , backward 3.
        Unrouted nets 1 at the end of iteration 206.
    route iteration 206, CPU time elapsed 0.140625 sec.
    forward max bucket size 7 , backward 3.
        Unrouted nets 1 at the end of iteration 207.
    route iteration 207, CPU time elapsed 0.156250 sec.
    forward max bucket size 7 , backward 3.
        Unrouted nets 1 at the end of iteration 208.
    route iteration 208, CPU time elapsed 0.140625 sec.
    forward max bucket size 7 , backward 3.
        Unrouted nets 1 at the end of iteration 209.
    route iteration 209, CPU time elapsed 0.156250 sec.
    forward max bucket size 7 , backward 3.
        Unrouted nets 1 at the end of iteration 210.
    route iteration 210, CPU time elapsed 0.109375 sec.
    forward max bucket size 7 , backward 3.
        Unrouted nets 1 at the end of iteration 211.
    route iteration 211, CPU time elapsed 0.140625 sec.
    forward max bucket size 7 , backward 3.
        Unrouted nets 1 at the end of iteration 212.
    route iteration 212, CPU time elapsed 0.125000 sec.
    forward max bucket size 20 , backward 44.
        Unrouted nets 3 at the end of iteration 213.
    route iteration 213, CPU time elapsed 0.171875 sec.
    forward max bucket size 28 , backward 43.
        Unrouted nets 4 at the end of iteration 214.
    route iteration 214, CPU time elapsed 0.140625 sec.
    forward max bucket size 13 , backward 17.
        Unrouted nets 4 at the end of iteration 215.
    route iteration 215, CPU time elapsed 0.125000 sec.
    forward max bucket size 50 , backward 17.
        Unrouted nets 2 at the end of iteration 216.
    route iteration 216, CPU time elapsed 0.171875 sec.
    forward max bucket size 12 , backward 12.
        Unrouted nets 2 at the end of iteration 217.
    route iteration 217, CPU time elapsed 0.140625 sec.
    forward max bucket size 16 , backward 21.
        Unrouted nets 2 at the end of iteration 218.
    route iteration 218, CPU time elapsed 0.125000 sec.
    forward max bucket size 20 , backward 18.
        Unrouted nets 2 at the end of iteration 219.
    route iteration 219, CPU time elapsed 0.156250 sec.
    forward max bucket size 24 , backward 21.
        Unrouted nets 4 at the end of iteration 220.
    route iteration 220, CPU time elapsed 0.156250 sec.
    forward max bucket size 56 , backward 37.
        Unrouted nets 4 at the end of iteration 221.
    route iteration 221, CPU time elapsed 0.140625 sec.
    forward max bucket size 15 , backward 14.
        Unrouted nets 8 at the end of iteration 222.
    route iteration 222, CPU time elapsed 0.156250 sec.
    forward max bucket size 57 , backward 465.
        Unrouted nets 5 at the end of iteration 223.
    route iteration 223, CPU time elapsed 0.140625 sec.
    forward max bucket size 17 , backward 13.
        Unrouted nets 7 at the end of iteration 224.
    route iteration 224, CPU time elapsed 0.140625 sec.
    forward max bucket size 13 , backward 27.
        Unrouted nets 8 at the end of iteration 225.
    route iteration 225, CPU time elapsed 0.140625 sec.
    forward max bucket size 17 , backward 18.
        Unrouted nets 9 at the end of iteration 226.
    route iteration 226, CPU time elapsed 0.140625 sec.
    forward max bucket size 56 , backward 33.
        Unrouted nets 5 at the end of iteration 227.
    route iteration 227, CPU time elapsed 0.140625 sec.
    forward max bucket size 16 , backward 86.
        Unrouted nets 14 at the end of iteration 228.
    route iteration 228, CPU time elapsed 0.156250 sec.
    forward max bucket size 17 , backward 31.
        Unrouted nets 6 at the end of iteration 229.
    route iteration 229, CPU time elapsed 0.156250 sec.
    forward max bucket size 23 , backward 21.
        Unrouted nets 7 at the end of iteration 230.
    route iteration 230, CPU time elapsed 0.125000 sec.
    forward max bucket size 15 , backward 7.
        Unrouted nets 5 at the end of iteration 231.
    route iteration 231, CPU time elapsed 0.140625 sec.
    forward max bucket size 17 , backward 11.
        Unrouted nets 4 at the end of iteration 232.
    route iteration 232, CPU time elapsed 0.156250 sec.
    forward max bucket size 24 , backward 21.
        Unrouted nets 2 at the end of iteration 233.
    route iteration 233, CPU time elapsed 0.140625 sec.
    forward max bucket size 27 , backward 31.
        Unrouted nets 4 at the end of iteration 234.
    route iteration 234, CPU time elapsed 0.140625 sec.
    forward max bucket size 18 , backward 13.
        Unrouted nets 2 at the end of iteration 235.
    route iteration 235, CPU time elapsed 0.140625 sec.
    forward max bucket size 23 , backward 17.
        Unrouted nets 2 at the end of iteration 236.
    route iteration 236, CPU time elapsed 0.140625 sec.
    forward max bucket size 30 , backward 24.
        Unrouted nets 2 at the end of iteration 237.
    route iteration 237, CPU time elapsed 0.140625 sec.
    forward max bucket size 13 , backward 27.
        Unrouted nets 2 at the end of iteration 238.
    route iteration 238, CPU time elapsed 0.156250 sec.
    forward max bucket size 16 , backward 27.
        Unrouted nets 2 at the end of iteration 239.
    route iteration 239, CPU time elapsed 0.140625 sec.
    forward max bucket size 7 , backward 16.
        Unrouted nets 2 at the end of iteration 240.
    route iteration 240, CPU time elapsed 0.140625 sec.
    forward max bucket size 15 , backward 27.
        Unrouted nets 2 at the end of iteration 241.
    route iteration 241, CPU time elapsed 0.140625 sec.
    forward max bucket size 4 , backward 4.
        Unrouted nets 0 at the end of iteration 242.
    route iteration 242, CPU time elapsed 0.125000 sec.
Detailed routing takes 242 iterations
Detailed routing takes 347.48 sec.
Start fix hold violation.
Build tmp routing results takes 0.50 sec.
Timing analysis takes 3.81 sec.
Hold violation fix iter 0 takes 0.00 sec, total_step_forward 524.
Incremental timing analysis takes 3.66 sec.
Hold violation fix iter 1 takes 0.02 sec, total_step_forward 0.
Hold Violation Fix in router takes 2 iterations.
Fix hold violation Finished.
Hold Violation Fix in router takes 8.59 sec.

Dispose routing result:
    Collect routing result.
    Delete unused device instances.
    Annotate routing result.
    Change LUT configuration.
    Dispose misc instances.
    Annotate routing result again.
Finish routing takes 1.56 sec.
Used SRB routing arc is 360660.
Cleanup routing takes 0.03 sec.
Routing done.
Total routing takes 415.89 sec.


Device Utilization Summary :
+---------------------------------------------------------------------------+
| Logic Utilization        | Used     | Available     | Utilization(%)     
+---------------------------------------------------------------------------+
| Use of APM               | 4        | 84            | 5                  
| Use of BKCL              | 3        | 4             | 75                 
| Use of CLMA              | 1604     | 6450          | 25                 
|   FF                     | 1422     | 38700         | 4                  
|   LUT                    | 5584     | 25800         | 22                 
|   LUT-FF pairs           | 994      | 25800         | 4                  
| Use of CLMS              | 3284     | 4250          | 78                 
|   FF                     | 130      | 25500         | 1                  
|   LUT                    | 9995     | 17000         | 59                 
|   LUT-FF pairs           | 28       | 17000         | 1                  
|   Distributed RAM        | 8480     | 17000         | 50                 
| Use of CRYSTAL           | 0        | 2             | 0                  
| Use of DLL               | 0        | 10            | 0                  
| Use of DQSL              | 0        | 18            | 0                  
| Use of DRM               | 1        | 134           | 1                  
| Use of FUSECODE          | 0        | 1             | 0                  
| Use of HARD0N1           | 163      | 6672          | 3                  
| Use of HSST              | 0        | 1             | 0                  
| Use of IO                | 20       | 296           | 7                  
|   IOBD                   | 7        | 64            | 11                 
|   IOBR_LR                | 0        | 7             | 0                  
|   IOBR_TB                | 0        | 8             | 0                  
|   IOBS_LR                | 7        | 161           | 5                  
|   IOBS_TB                | 6        | 56            | 11                 
| Use of IOCKDIV           | 0        | 20            | 0                  
| Use of IOCKDLY           | 0        | 40            | 0                  
| Use of IOCKGATE          | 0        | 20            | 0                  
| Use of IOCKGMUX_TEST     | 0        | 20            | 0                  
| Use of IOL               | 20       | 400           | 5                  
| Use of IPAL              | 0        | 1             | 0                  
| Use of LDO               | 0        | 4             | 0                  
| Use of MFG_TEST          | 0        | 1             | 0                  
| Use of OSC               | 0        | 1             | 0                  
| Use of PCIE              | 0        | 1             | 0                  
| Use of PIOMUX_TEST       | 0        | 10            | 0                  
| Use of PLL               | 0        | 5             | 0                  
| Use of PREGMUX_TEST      | 0        | 6             | 0                  
| Use of RCKB              | 3        | 24            | 13                 
| Use of RCKBMUX_TEST      | 0        | 12            | 0                  
| Use of RESCAL            | 0        | 4             | 0                  
| Use of SCANCHAIN         | 0        | 2             | 0                  
| Use of START             | 1        | 1             | 100                
| Use of UDID              | 0        | 1             | 0                  
| Use of USCM              | 1        | 30            | 4                  
| Use of USCMMUX_TEST      | 0        | 30            | 0                  
| Use of VCKBMUX_TEST      | 0        | 12            | 0                  
+---------------------------------------------------------------------------+

Finished routing. (CPU time elapsed 0h:06m:55s)
Design 'tinyriscv_soc_top' has been placed and routed successfully.
Saving design to DB.
Finished placement and routing. (CPU time elapsed 0h:09m:20s)
Action pnr: Real time elapsed is 0h:9m:36s
Action pnr: CPU time elapsed is 0h:9m:22s
Action pnr: Process CPU time elapsed is 0h:9m:22s
Current time: Sat Oct 28 07:29:40 2023
Action pnr: Peak memory pool usage is 1,849 MB
