#Build: Fabric Compiler 2022.1, Build 99559, Jul 12 00:20 2022
#Install: E:\Pango\PDS_2022.1\bin
#Application name: pds_shell.exe
#OS: Windows 10 10.0.22621
#Hostname: GGB
Generated by Fabric Compiler (version 2022.1 build 99559) at Fri Nov  3 22:09:13 2023
Compiling verification operator library.
Compiling common defs.
Compiling prim grid devices.
Compiling gate devices.
Compiling gate operators.
Building architecture model.
Loading device packaging model.
Building architecture floorplan logic view.
Constraint check start.
Executing : def_port {gpio[0]} LOC=AB8 VCCIO=3.3 IOSTANDARD=LVCMOS33 DRIVE=8 SLEW=SLOW NONE=TRUE
Executing : def_port {gpio[0]} LOC=AB8 VCCIO=3.3 IOSTANDARD=LVCMOS33 DRIVE=8 SLEW=SLOW NONE=TRUE successfully
Executing : def_port {gpio[1]} LOC=AA8 VCCIO=3.3 IOSTANDARD=LVCMOS33 DRIVE=8 SLEW=SLOW NONE=TRUE
Executing : def_port {gpio[1]} LOC=AA8 VCCIO=3.3 IOSTANDARD=LVCMOS33 DRIVE=8 SLEW=SLOW NONE=TRUE successfully
Executing : def_port {gpio[2]} LOC=Y6 VCCIO=3.3 IOSTANDARD=LVCMOS33 DRIVE=8 SLEW=SLOW NONE=TRUE
Executing : def_port {gpio[2]} LOC=Y6 VCCIO=3.3 IOSTANDARD=LVCMOS33 DRIVE=8 SLEW=SLOW NONE=TRUE successfully
Executing : def_port {gpio[3]} LOC=W6 VCCIO=3.3 IOSTANDARD=LVCMOS33 DRIVE=8 SLEW=SLOW NONE=TRUE
Executing : def_port {gpio[3]} LOC=W6 VCCIO=3.3 IOSTANDARD=LVCMOS33 DRIVE=8 SLEW=SLOW NONE=TRUE successfully
Executing : def_port {gpio[4]} LOC=AB5 VCCIO=3.3 IOSTANDARD=LVCMOS33 DRIVE=8 SLEW=SLOW NONE=TRUE
C: ConstraintEditor-2002: [E:/PangoPro/tinyriscv/device_map/tinyriscv_soc_top.pcf(line number: 7)] | Port gpio[4] has been placed at location AB5, whose type is share pin.
Executing : def_port {gpio[4]} LOC=AB5 VCCIO=3.3 IOSTANDARD=LVCMOS33 DRIVE=8 SLEW=SLOW NONE=TRUE successfully
Executing : def_port {gpio[5]} LOC=Y5 VCCIO=3.3 IOSTANDARD=LVCMOS33 DRIVE=8 SLEW=SLOW NONE=TRUE
C: ConstraintEditor-2002: [E:/PangoPro/tinyriscv/device_map/tinyriscv_soc_top.pcf(line number: 8)] | Port gpio[5] has been placed at location Y5, whose type is share pin.
Executing : def_port {gpio[5]} LOC=Y5 VCCIO=3.3 IOSTANDARD=LVCMOS33 DRIVE=8 SLEW=SLOW NONE=TRUE successfully
Executing : def_port {gpio[6]} LOC=AB4 VCCIO=3.3 IOSTANDARD=LVCMOS33 DRIVE=8 SLEW=SLOW NONE=TRUE
Executing : def_port {gpio[6]} LOC=AB4 VCCIO=3.3 IOSTANDARD=LVCMOS33 DRIVE=8 SLEW=SLOW NONE=TRUE successfully
Executing : def_port {gpio[7]} LOC=AA4 VCCIO=3.3 IOSTANDARD=LVCMOS33 DRIVE=8 SLEW=SLOW NONE=TRUE
Executing : def_port {gpio[7]} LOC=AA4 VCCIO=3.3 IOSTANDARD=LVCMOS33 DRIVE=8 SLEW=SLOW NONE=TRUE successfully
Executing : def_port {gpio[8]} LOC=C5 VCCIO=3.3 IOSTANDARD=LVCMOS33 DRIVE=8 SLEW=SLOW NONE=TRUE
Executing : def_port {gpio[8]} LOC=C5 VCCIO=3.3 IOSTANDARD=LVCMOS33 DRIVE=8 SLEW=SLOW NONE=TRUE successfully
Executing : def_port {gpio[9]} LOC=A5 VCCIO=3.3 IOSTANDARD=LVCMOS33 DRIVE=8 SLEW=SLOW NONE=TRUE
Executing : def_port {gpio[9]} LOC=A5 VCCIO=3.3 IOSTANDARD=LVCMOS33 DRIVE=8 SLEW=SLOW NONE=TRUE successfully
Executing : def_port {gpio[10]} LOC=F7 VCCIO=3.3 IOSTANDARD=LVCMOS33 DRIVE=8 SLEW=SLOW NONE=TRUE
Executing : def_port {gpio[10]} LOC=F7 VCCIO=3.3 IOSTANDARD=LVCMOS33 DRIVE=8 SLEW=SLOW NONE=TRUE successfully
Executing : def_port {gpio[11]} LOC=F8 VCCIO=3.3 IOSTANDARD=LVCMOS33 DRIVE=8 SLEW=SLOW NONE=TRUE
Executing : def_port {gpio[11]} LOC=F8 VCCIO=3.3 IOSTANDARD=LVCMOS33 DRIVE=8 SLEW=SLOW NONE=TRUE successfully
Executing : def_port {halted_ind} LOC=B3 VCCIO=3.3 IOSTANDARD=LVCMOS33 DRIVE=8 SLEW=SLOW NONE=TRUE
Executing : def_port {halted_ind} LOC=B3 VCCIO=3.3 IOSTANDARD=LVCMOS33 DRIVE=8 SLEW=SLOW NONE=TRUE successfully
Executing : def_port {over_r} LOC=A2 VCCIO=3.3 IOSTANDARD=LVCMOS33 DRIVE=8 SLEW=SLOW NONE=TRUE
Executing : def_port {over_r} LOC=A2 VCCIO=3.3 IOSTANDARD=LVCMOS33 DRIVE=8 SLEW=SLOW NONE=TRUE successfully
Executing : def_port {spi_clk} LOC=R11 VCCIO=3.3 IOSTANDARD=LVCMOS33 DRIVE=8 SLEW=SLOW NONE=TRUE
Executing : def_port {spi_clk} LOC=R11 VCCIO=3.3 IOSTANDARD=LVCMOS33 DRIVE=8 SLEW=SLOW NONE=TRUE successfully
Executing : def_port {spi_mosi} LOC=W10 VCCIO=3.3 IOSTANDARD=LVCMOS33 DRIVE=8 SLEW=SLOW NONE=TRUE
Executing : def_port {spi_mosi} LOC=W10 VCCIO=3.3 IOSTANDARD=LVCMOS33 DRIVE=8 SLEW=SLOW NONE=TRUE successfully
Executing : def_port {spi_ss} LOC=Y10 VCCIO=3.3 IOSTANDARD=LVCMOS33 DRIVE=8 SLEW=SLOW NONE=TRUE
Executing : def_port {spi_ss} LOC=Y10 VCCIO=3.3 IOSTANDARD=LVCMOS33 DRIVE=8 SLEW=SLOW NONE=TRUE successfully
Executing : def_port {succ_r} LOC=B2 VCCIO=3.3 IOSTANDARD=LVCMOS33 DRIVE=8 SLEW=SLOW NONE=TRUE
Executing : def_port {succ_r} LOC=B2 VCCIO=3.3 IOSTANDARD=LVCMOS33 DRIVE=8 SLEW=SLOW NONE=TRUE successfully
Executing : def_port {uart_tx_pin} LOC=R9 VCCIO=3.3 IOSTANDARD=LVCMOS33 DRIVE=8 SLEW=SLOW NONE=TRUE
Executing : def_port {uart_tx_pin} LOC=R9 VCCIO=3.3 IOSTANDARD=LVCMOS33 DRIVE=8 SLEW=SLOW NONE=TRUE successfully
Executing : def_port {gpio_i[0]} LOC=K18 VCCIO=3.3 IOSTANDARD=LVCMOS33 NONE=TRUE
C: ConstraintEditor-2001: [E:/PangoPro/tinyriscv/device_map/tinyriscv_soc_top.pcf(line number: 22)] Object 'gpio_i[0]' is dangling, which has no connection. it will be ignored.
Executing : def_port {gpio_i[0]} LOC=K18 VCCIO=3.3 IOSTANDARD=LVCMOS33 NONE=TRUE failed
Executing : def_port {gpio_i[1]} LOC=J19 VCCIO=3.3 IOSTANDARD=LVCMOS33 NONE=TRUE
C: ConstraintEditor-2001: [E:/PangoPro/tinyriscv/device_map/tinyriscv_soc_top.pcf(line number: 23)] Object 'gpio_i[1]' is dangling, which has no connection. it will be ignored.
Executing : def_port {gpio_i[1]} LOC=J19 VCCIO=3.3 IOSTANDARD=LVCMOS33 NONE=TRUE failed
Executing : def_port {gpio_i[2]} LOC=H20 VCCIO=3.3 IOSTANDARD=LVCMOS33 NONE=TRUE
C: ConstraintEditor-2001: [E:/PangoPro/tinyriscv/device_map/tinyriscv_soc_top.pcf(line number: 24)] Object 'gpio_i[2]' is dangling, which has no connection. it will be ignored.
Executing : def_port {gpio_i[2]} LOC=H20 VCCIO=3.3 IOSTANDARD=LVCMOS33 NONE=TRUE failed
Executing : def_port {gpio_i[3]} LOC=H17 VCCIO=3.3 IOSTANDARD=LVCMOS33 NONE=TRUE
C: ConstraintEditor-2001: [E:/PangoPro/tinyriscv/device_map/tinyriscv_soc_top.pcf(line number: 25)] Object 'gpio_i[3]' is dangling, which has no connection. it will be ignored.
Executing : def_port {gpio_i[3]} LOC=H17 VCCIO=3.3 IOSTANDARD=LVCMOS33 NONE=TRUE failed
Executing : def_port {rst} LOC=J16 VCCIO=3.3 IOSTANDARD=LVCMOS33 NONE=TRUE
Executing : def_port {rst} LOC=J16 VCCIO=3.3 IOSTANDARD=LVCMOS33 NONE=TRUE successfully
Executing : def_port {spi_miso} LOC=T11 VCCIO=3.3 IOSTANDARD=LVCMOS33 NONE=TRUE
Executing : def_port {spi_miso} LOC=T11 VCCIO=3.3 IOSTANDARD=LVCMOS33 NONE=TRUE successfully
Executing : def_port {sys_clk} LOC=P20 VCCIO=3.3 IOSTANDARD=LVCMOS33 NONE=TRUE
Executing : def_port {sys_clk} LOC=P20 VCCIO=3.3 IOSTANDARD=LVCMOS33 NONE=TRUE successfully
Executing : def_port {uart_debug_pin} LOC=L15 VCCIO=3.3 IOSTANDARD=LVCMOS33 NONE=TRUE
Executing : def_port {uart_debug_pin} LOC=L15 VCCIO=3.3 IOSTANDARD=LVCMOS33 NONE=TRUE successfully
Executing : def_port {uart_rx_pin} LOC=R8 VCCIO=3.3 IOSTANDARD=LVCMOS33 NONE=TRUE
Executing : def_port {uart_rx_pin} LOC=R8 VCCIO=3.3 IOSTANDARD=LVCMOS33 NONE=TRUE successfully
Constraint check end.
I: Column Clock Check open.
Read Column Clock Map.

Placement started.
Phase 1 Pre global placement started.
I: Infer CARRY group, base inst: u_uart_debug/rx_data_1/iGopDrm, insts:2.
Mapping instance u_pll/u_pll_e3/goppll to PLL_158_55.
Phase 1.1 1st GP placement started.
Design Utilization : 36%.
Wirelength after clock region global placement is 112060.
1st GP placement takes 21.20 sec.

Phase 1.2 Clock placement started.
Mapping instance clkbufg_0/gopclkbufg to USCM_84_108.
Clock placement takes 0.20 sec.

Pre global placement takes 23.28 sec.

Phase 2 Global placement started.
Phase 2.1 Fixed placement started.
Placed fixed group with base inst gpio_tri[0]/opit_1 on IOL_119_5.
Placed fixed group with base inst gpio_tri[1]/opit_1 on IOL_119_6.
Placed fixed group with base inst gpio_tri[2]/opit_1 on IOL_39_5.
Placed fixed group with base inst gpio_tri[3]/opit_1 on IOL_39_6.
Placed fixed group with base inst gpio_tri[4]/opit_1 on IOL_35_5.
Placed fixed group with base inst gpio_tri[5]/opit_1 on IOL_35_6.
Placed fixed group with base inst gpio_tri[6]/opit_1 on IOL_23_5.
Placed fixed group with base inst gpio_tri[7]/opit_1 on IOL_23_6.
Placed fixed group with base inst gpio_tri[8]/opit_1 on IOL_67_374.
Placed fixed group with base inst gpio_tri[9]/opit_1 on IOL_67_373.
Placed fixed group with base inst gpio_tri[10]/opit_1 on IOL_47_374.
Placed fixed group with base inst gpio_tri[11]/opit_1 on IOL_47_373.
Placed fixed group with base inst halted_ind_obuf/opit_1 on IOL_35_374.
Placed fixed group with base inst over_r_obuf/opit_1 on IOL_19_373.
Placed fixed group with base inst rst_ibuf/opit_1 on IOL_327_298.
Placed fixed group with base inst spi_clk_obuf/opit_1 on IOL_187_6.
Placed fixed group with base inst spi_miso_ibuf/opit_1 on IOL_187_5.
Placed fixed group with base inst spi_mosi_obuf/opit_1 on IOL_123_6.
Placed fixed group with base inst spi_ss_obuf/opit_1 on IOL_123_5.
Placed fixed group with base inst succ_r_obuf/opit_1 on IOL_19_374.
Placed fixed group with base inst sys_clk_ibuf/opit_1 on IOL_327_210.
Placed fixed group with base inst uart_debug_pin_ibuf/opit_1 on IOL_327_134.
Placed fixed group with base inst uart_rx_pin_ibuf/opit_1 on IOL_43_5.
Placed fixed group with base inst uart_tx_pin_obuf/opit_1 on IOL_43_6.
Placed fixed instance clkbufg_0/gopclkbufg on USCM_84_108.
Placed fixed instance u_pll/u_pll_e3/goppll on PLL_158_55.
Placed fixed instance BKCL_auto_0 on BKCL_188_376.
Placed fixed instance BKCL_auto_1 on BKCL_328_184.
Placed fixed instance BKCL_auto_2 on BKCL_192_0.
Fixed placement takes 0.00 sec.

Phase 2.2 Process placement started.
Process placement takes 0.00 sec.

Phase 2.3 IO placement started.
IO placement takes 0.05 sec.

Phase 2.4 2nd GP placement started.
Run super clustering :
	Initial slack -8829.
	12 iterations finished.
	Final slack -3823.
Super clustering done.
Design Utilization : 36%.
2nd GP placement takes 22.66 sec.

Wirelength after global placement is 114853.
Global placement takes 22.70 sec.

Phase 3 Post global placement started.
Phase 3.1 Macro cell placement started.
Wirelength after macro cell placement is 116893.
Macro cell placement takes 0.02 sec.

Phase 3.2 3rd GP placement started.
Run super clustering :
	Initial slack -8829.
	12 iterations finished.
	Final slack -3823.
Super clustering done.
Design Utilization : 36%.
3rd GP placement takes 23.81 sec.

Wirelength after post global placement is 120310.
Post global placement takes 23.84 sec.

Phase 4 Legalization started.
The average distance in LP is 5.397835.
Wirelength after legalization is 192101.
Legalization takes 4.33 sec.

Phase 5 Timing-driven detailed placement started.
Phase 5.1 Replication placement started.
Worst slack before Replication Place is -197.
Replication placement takes 2.11 sec.

Wirelength after replication placement is 192101.
Phase 5.2 DP placement started.
Legalized cost -197.000000.
The detailed placement ends at 1th iteration.
DP placement takes 13.08 sec.

Wirelength after detailed placement is 207103.
Timing-driven detailed placement takes 15.22 sec.

Worst slack is 1681, TNS after placement is 0.
Placement done.
Total placement takes 94.30 sec.
Finished placement. (CPU time elapsed 0h:01m:34s)

Routing started.
Building routing graph takes 2.77 sec.
Worst slack is 1681, TNS before global route is 0.
Processing design graph takes 0.94 sec.
Total memory for routing:
	128.447161 M.
Total nets for routing : 14766.
Rcf routing step 1 processed 0 nets, it takes 0.00 sec.
Rcf routing step 2 processed 0 nets, it takes 0.00 sec.
Rcf routing step 3 processed 0 nets, it takes 0.00 sec.
Unrouted nets 0 at the end of iteration 0.
Global Routing step 1 processed 103 nets, it takes 0.30 sec.
Unrouted nets 62 at the end of iteration 0.
Unrouted nets 39 at the end of iteration 1.
Unrouted nets 31 at the end of iteration 2.
Unrouted nets 25 at the end of iteration 3.
Unrouted nets 18 at the end of iteration 4.
Unrouted nets 15 at the end of iteration 5.
Unrouted nets 13 at the end of iteration 6.
Unrouted nets 9 at the end of iteration 7.
Unrouted nets 8 at the end of iteration 8.
Unrouted nets 8 at the end of iteration 9.
Unrouted nets 7 at the end of iteration 10.
Unrouted nets 6 at the end of iteration 11.
Unrouted nets 7 at the end of iteration 12.
Unrouted nets 3 at the end of iteration 13.
Unrouted nets 3 at the end of iteration 14.
Unrouted nets 3 at the end of iteration 15.
Unrouted nets 3 at the end of iteration 16.
Unrouted nets 3 at the end of iteration 17.
Unrouted nets 3 at the end of iteration 18.
Unrouted nets 1 at the end of iteration 19.
Unrouted nets 1 at the end of iteration 20.
Unrouted nets 1 at the end of iteration 21.
Unrouted nets 1 at the end of iteration 22.
Unrouted nets 1 at the end of iteration 23.
Unrouted nets 1 at the end of iteration 24.
Unrouted nets 1 at the end of iteration 25.
Unrouted nets 1 at the end of iteration 26.
Unrouted nets 1 at the end of iteration 27.
Unrouted nets 1 at the end of iteration 28.
Unrouted nets 1 at the end of iteration 29.
Unrouted nets 1 at the end of iteration 30.
Unrouted nets 1 at the end of iteration 31.
Unrouted nets 1 at the end of iteration 32.
Unrouted nets 1 at the end of iteration 33.
Unrouted nets 1 at the end of iteration 34.
Unrouted nets 1 at the end of iteration 35.
Unrouted nets 1 at the end of iteration 36.
Unrouted nets 1 at the end of iteration 37.
Unrouted nets 1 at the end of iteration 38.
Unrouted nets 1 at the end of iteration 39.
Unrouted nets 1 at the end of iteration 40.
Unrouted nets 1 at the end of iteration 41.
Unrouted nets 1 at the end of iteration 42.
Unrouted nets 1 at the end of iteration 43.
Unrouted nets 1 at the end of iteration 44.
Unrouted nets 1 at the end of iteration 45.
Unrouted nets 1 at the end of iteration 46.
Unrouted nets 1 at the end of iteration 47.
Unrouted nets 1 at the end of iteration 48.
Unrouted nets 1 at the end of iteration 49.
Unrouted nets 1 at the end of iteration 50.
Unrouted nets 1 at the end of iteration 51.
Unrouted nets 1 at the end of iteration 52.
Unrouted nets 1 at the end of iteration 53.
Unrouted nets 1 at the end of iteration 54.
Unrouted nets 1 at the end of iteration 55.
Unrouted nets 1 at the end of iteration 56.
Unrouted nets 1 at the end of iteration 57.
Unrouted nets 1 at the end of iteration 58.
Unrouted nets 1 at the end of iteration 59.
Unrouted nets 1 at the end of iteration 60.
Unrouted nets 0 at the end of iteration 61.
Global Routing step 2 processed 355 nets, it takes 1.83 sec.
Unrouted nets 249 at the end of iteration 0.
Unrouted nets 182 at the end of iteration 1.
Unrouted nets 156 at the end of iteration 2.
Unrouted nets 130 at the end of iteration 3.
Unrouted nets 131 at the end of iteration 4.
Unrouted nets 117 at the end of iteration 5.
Unrouted nets 101 at the end of iteration 6.
Unrouted nets 108 at the end of iteration 7.
Unrouted nets 94 at the end of iteration 8.
Unrouted nets 81 at the end of iteration 9.
Unrouted nets 85 at the end of iteration 10.
Unrouted nets 66 at the end of iteration 11.
Unrouted nets 61 at the end of iteration 12.
Unrouted nets 63 at the end of iteration 13.
Unrouted nets 56 at the end of iteration 14.
Unrouted nets 41 at the end of iteration 15.
Unrouted nets 36 at the end of iteration 16.
Unrouted nets 24 at the end of iteration 17.
Unrouted nets 19 at the end of iteration 18.
Unrouted nets 20 at the end of iteration 19.
Unrouted nets 16 at the end of iteration 20.
Unrouted nets 13 at the end of iteration 21.
Unrouted nets 9 at the end of iteration 22.
Unrouted nets 4 at the end of iteration 23.
Unrouted nets 23 at the end of iteration 24.
Unrouted nets 8 at the end of iteration 25.
Unrouted nets 11 at the end of iteration 26.
Unrouted nets 18 at the end of iteration 27.
Unrouted nets 14 at the end of iteration 28.
Unrouted nets 10 at the end of iteration 29.
Unrouted nets 13 at the end of iteration 30.
Unrouted nets 8 at the end of iteration 31.
Unrouted nets 4 at the end of iteration 32.
Unrouted nets 7 at the end of iteration 33.
Unrouted nets 5 at the end of iteration 34.
Unrouted nets 14 at the end of iteration 35.
Unrouted nets 16 at the end of iteration 36.
Unrouted nets 22 at the end of iteration 37.
Unrouted nets 16 at the end of iteration 38.
Unrouted nets 13 at the end of iteration 39.
Unrouted nets 9 at the end of iteration 40.
Unrouted nets 13 at the end of iteration 41.
Unrouted nets 10 at the end of iteration 42.
Unrouted nets 7 at the end of iteration 43.
Unrouted nets 4 at the end of iteration 44.
Unrouted nets 1 at the end of iteration 45.
Unrouted nets 0 at the end of iteration 46.
Global Routing step 3 processed 358 nets, it takes 37.83 sec.
Global routing takes 39.98 sec.
Total 22657 subnets.
    forward max bucket size 3137 , backward 3102.
        Unrouted nets 18207 at the end of iteration 0.
    route iteration 0, CPU time elapsed 7.859375 sec.
    forward max bucket size 3272 , backward 3093.
        Unrouted nets 16584 at the end of iteration 1.
    route iteration 1, CPU time elapsed 4.656250 sec.
    forward max bucket size 3102 , backward 3052.
        Unrouted nets 15144 at the end of iteration 2.
    route iteration 2, CPU time elapsed 5.031250 sec.
    forward max bucket size 2987 , backward 2972.
        Unrouted nets 14019 at the end of iteration 3.
    route iteration 3, CPU time elapsed 5.843750 sec.
    forward max bucket size 2972 , backward 2873.
        Unrouted nets 13072 at the end of iteration 4.
    route iteration 4, CPU time elapsed 6.703125 sec.
    forward max bucket size 3461 , backward 3644.
        Unrouted nets 12004 at the end of iteration 5.
    route iteration 5, CPU time elapsed 9.312500 sec.
    forward max bucket size 5437 , backward 3408.
        Unrouted nets 10782 at the end of iteration 6.
    route iteration 6, CPU time elapsed 7.312500 sec.
    forward max bucket size 5230 , backward 3244.
        Unrouted nets 9326 at the end of iteration 7.
    route iteration 7, CPU time elapsed 7.031250 sec.
    forward max bucket size 4844 , backward 2873.
        Unrouted nets 8057 at the end of iteration 8.
    route iteration 8, CPU time elapsed 6.515625 sec.
    forward max bucket size 3799 , backward 2827.
        Unrouted nets 6974 at the end of iteration 9.
    route iteration 9, CPU time elapsed 6.468750 sec.
    forward max bucket size 2729 , backward 2749.
        Unrouted nets 6078 at the end of iteration 10.
    route iteration 10, CPU time elapsed 6.015625 sec.
    forward max bucket size 2749 , backward 3142.
        Unrouted nets 5418 at the end of iteration 11.
    route iteration 11, CPU time elapsed 5.546875 sec.
    forward max bucket size 2474 , backward 2650.
        Unrouted nets 4690 at the end of iteration 12.
    route iteration 12, CPU time elapsed 4.781250 sec.
    forward max bucket size 1412 , backward 3494.
        Unrouted nets 4161 at the end of iteration 13.
    route iteration 13, CPU time elapsed 4.828125 sec.
    forward max bucket size 878 , backward 4129.
        Unrouted nets 3764 at the end of iteration 14.
    route iteration 14, CPU time elapsed 4.375000 sec.
    forward max bucket size 751 , backward 4572.
        Unrouted nets 3398 at the end of iteration 15.
    route iteration 15, CPU time elapsed 4.093750 sec.
    forward max bucket size 2529 , backward 2291.
        Unrouted nets 3112 at the end of iteration 16.
    route iteration 16, CPU time elapsed 4.140625 sec.
    forward max bucket size 1383 , backward 3204.
        Unrouted nets 2886 at the end of iteration 17.
    route iteration 17, CPU time elapsed 4.218750 sec.
    forward max bucket size 656 , backward 2301.
        Unrouted nets 2643 at the end of iteration 18.
    route iteration 18, CPU time elapsed 3.078125 sec.
    forward max bucket size 3273 , backward 2761.
        Unrouted nets 2516 at the end of iteration 19.
    route iteration 19, CPU time elapsed 3.265625 sec.
    forward max bucket size 2275 , backward 3293.
        Unrouted nets 2360 at the end of iteration 20.
    route iteration 20, CPU time elapsed 3.156250 sec.
    forward max bucket size 3189 , backward 2728.
        Unrouted nets 2228 at the end of iteration 21.
    route iteration 21, CPU time elapsed 2.968750 sec.
    forward max bucket size 651 , backward 3576.
        Unrouted nets 2086 at the end of iteration 22.
    route iteration 22, CPU time elapsed 3.000000 sec.
    forward max bucket size 3144 , backward 2700.
        Unrouted nets 1998 at the end of iteration 23.
    route iteration 23, CPU time elapsed 2.687500 sec.
    forward max bucket size 3255 , backward 2710.
        Unrouted nets 1837 at the end of iteration 24.
    route iteration 24, CPU time elapsed 2.796875 sec.
    forward max bucket size 3194 , backward 2693.
        Unrouted nets 1765 at the end of iteration 25.
    route iteration 25, CPU time elapsed 2.750000 sec.
    forward max bucket size 3177 , backward 2690.
        Unrouted nets 1727 at the end of iteration 26.
    route iteration 26, CPU time elapsed 3.218750 sec.
    forward max bucket size 3183 , backward 2681.
        Unrouted nets 1582 at the end of iteration 27.
    route iteration 27, CPU time elapsed 2.109375 sec.
    forward max bucket size 3238 , backward 2686.
        Unrouted nets 1502 at the end of iteration 28.
    route iteration 28, CPU time elapsed 2.281250 sec.
    forward max bucket size 1415 , backward 995.
        Unrouted nets 1418 at the end of iteration 29.
    route iteration 29, CPU time elapsed 2.359375 sec.
    forward max bucket size 362 , backward 409.
        Unrouted nets 1363 at the end of iteration 30.
    route iteration 30, CPU time elapsed 2.046875 sec.
    forward max bucket size 1523 , backward 656.
        Unrouted nets 1321 at the end of iteration 31.
    route iteration 31, CPU time elapsed 2.000000 sec.
    forward max bucket size 1632 , backward 344.
        Unrouted nets 1258 at the end of iteration 32.
    route iteration 32, CPU time elapsed 1.921875 sec.
    forward max bucket size 650 , backward 2868.
        Unrouted nets 1155 at the end of iteration 33.
    route iteration 33, CPU time elapsed 1.828125 sec.
    forward max bucket size 1020 , backward 1258.
        Unrouted nets 1104 at the end of iteration 34.
    route iteration 34, CPU time elapsed 1.781250 sec.
    forward max bucket size 1141 , backward 357.
        Unrouted nets 1075 at the end of iteration 35.
    route iteration 35, CPU time elapsed 1.671875 sec.
    forward max bucket size 496 , backward 475.
        Unrouted nets 1004 at the end of iteration 36.
    route iteration 36, CPU time elapsed 1.593750 sec.
    forward max bucket size 2840 , backward 306.
        Unrouted nets 955 at the end of iteration 37.
    route iteration 37, CPU time elapsed 1.515625 sec.
    forward max bucket size 2745 , backward 456.
        Unrouted nets 837 at the end of iteration 38.
    route iteration 38, CPU time elapsed 1.375000 sec.
    forward max bucket size 1313 , backward 2602.
        Unrouted nets 804 at the end of iteration 39.
    route iteration 39, CPU time elapsed 1.328125 sec.
    forward max bucket size 233 , backward 283.
        Unrouted nets 799 at the end of iteration 40.
    route iteration 40, CPU time elapsed 1.359375 sec.
    forward max bucket size 166 , backward 2295.
        Unrouted nets 817 at the end of iteration 41.
    route iteration 41, CPU time elapsed 1.156250 sec.
    forward max bucket size 202 , backward 3369.
        Unrouted nets 783 at the end of iteration 42.
    route iteration 42, CPU time elapsed 1.203125 sec.
    forward max bucket size 330 , backward 240.
        Unrouted nets 781 at the end of iteration 43.
    route iteration 43, CPU time elapsed 1.062500 sec.
    forward max bucket size 654 , backward 228.
        Unrouted nets 807 at the end of iteration 44.
    route iteration 44, CPU time elapsed 1.125000 sec.
    forward max bucket size 463 , backward 271.
        Unrouted nets 771 at the end of iteration 45.
    route iteration 45, CPU time elapsed 1.046875 sec.
    forward max bucket size 2457 , backward 2621.
        Unrouted nets 769 at the end of iteration 46.
    route iteration 46, CPU time elapsed 1.093750 sec.
    forward max bucket size 304 , backward 230.
        Unrouted nets 721 at the end of iteration 47.
    route iteration 47, CPU time elapsed 1.000000 sec.
    forward max bucket size 152 , backward 532.
        Unrouted nets 682 at the end of iteration 48.
    route iteration 48, CPU time elapsed 1.031250 sec.
    forward max bucket size 252 , backward 517.
        Unrouted nets 637 at the end of iteration 49.
    route iteration 49, CPU time elapsed 1.078125 sec.
    forward max bucket size 492 , backward 2515.
        Unrouted nets 606 at the end of iteration 50.
    route iteration 50, CPU time elapsed 1.015625 sec.
    forward max bucket size 492 , backward 2861.
        Unrouted nets 597 at the end of iteration 51.
    route iteration 51, CPU time elapsed 0.890625 sec.
    forward max bucket size 186 , backward 759.
        Unrouted nets 594 at the end of iteration 52.
    route iteration 52, CPU time elapsed 0.828125 sec.
    forward max bucket size 182 , backward 370.
        Unrouted nets 546 at the end of iteration 53.
    route iteration 53, CPU time elapsed 0.843750 sec.
    forward max bucket size 145 , backward 359.
        Unrouted nets 517 at the end of iteration 54.
    route iteration 54, CPU time elapsed 0.937500 sec.
    forward max bucket size 450 , backward 517.
        Unrouted nets 527 at the end of iteration 55.
    route iteration 55, CPU time elapsed 0.843750 sec.
    forward max bucket size 216 , backward 325.
        Unrouted nets 486 at the end of iteration 56.
    route iteration 56, CPU time elapsed 0.828125 sec.
    forward max bucket size 392 , backward 578.
        Unrouted nets 490 at the end of iteration 57.
    route iteration 57, CPU time elapsed 0.671875 sec.
    forward max bucket size 152 , backward 733.
        Unrouted nets 471 at the end of iteration 58.
    route iteration 58, CPU time elapsed 0.578125 sec.
    forward max bucket size 259 , backward 693.
        Unrouted nets 416 at the end of iteration 59.
    route iteration 59, CPU time elapsed 0.609375 sec.
    forward max bucket size 176 , backward 315.
        Unrouted nets 456 at the end of iteration 60.
    route iteration 60, CPU time elapsed 0.593750 sec.
    forward max bucket size 394 , backward 478.
        Unrouted nets 436 at the end of iteration 61.
    route iteration 61, CPU time elapsed 0.593750 sec.
    forward max bucket size 344 , backward 312.
        Unrouted nets 421 at the end of iteration 62.
    route iteration 62, CPU time elapsed 0.781250 sec.
    forward max bucket size 422 , backward 530.
        Unrouted nets 385 at the end of iteration 63.
    route iteration 63, CPU time elapsed 0.765625 sec.
    forward max bucket size 445 , backward 342.
        Unrouted nets 341 at the end of iteration 64.
    route iteration 64, CPU time elapsed 0.640625 sec.
    forward max bucket size 297 , backward 363.
        Unrouted nets 319 at the end of iteration 65.
    route iteration 65, CPU time elapsed 0.437500 sec.
    forward max bucket size 252 , backward 225.
        Unrouted nets 362 at the end of iteration 66.
    route iteration 66, CPU time elapsed 0.500000 sec.
    forward max bucket size 963 , backward 257.
        Unrouted nets 366 at the end of iteration 67.
    route iteration 67, CPU time elapsed 0.546875 sec.
    forward max bucket size 1208 , backward 156.
        Unrouted nets 359 at the end of iteration 68.
    route iteration 68, CPU time elapsed 0.546875 sec.
    forward max bucket size 974 , backward 110.
        Unrouted nets 345 at the end of iteration 69.
    route iteration 69, CPU time elapsed 0.453125 sec.
    forward max bucket size 239 , backward 362.
        Unrouted nets 313 at the end of iteration 70.
    route iteration 70, CPU time elapsed 0.562500 sec.
    forward max bucket size 284 , backward 153.
        Unrouted nets 307 at the end of iteration 71.
    route iteration 71, CPU time elapsed 0.500000 sec.
    forward max bucket size 1314 , backward 181.
        Unrouted nets 283 at the end of iteration 72.
    route iteration 72, CPU time elapsed 0.515625 sec.
    forward max bucket size 1308 , backward 190.
        Unrouted nets 284 at the end of iteration 73.
    route iteration 73, CPU time elapsed 0.531250 sec.
    forward max bucket size 539 , backward 148.
        Unrouted nets 262 at the end of iteration 74.
    route iteration 74, CPU time elapsed 0.437500 sec.
    forward max bucket size 586 , backward 179.
        Unrouted nets 252 at the end of iteration 75.
    route iteration 75, CPU time elapsed 0.421875 sec.
    forward max bucket size 644 , backward 429.
        Unrouted nets 258 at the end of iteration 76.
    route iteration 76, CPU time elapsed 0.453125 sec.
    forward max bucket size 848 , backward 275.
        Unrouted nets 268 at the end of iteration 77.
    route iteration 77, CPU time elapsed 0.453125 sec.
    forward max bucket size 466 , backward 252.
        Unrouted nets 246 at the end of iteration 78.
    route iteration 78, CPU time elapsed 0.453125 sec.
    forward max bucket size 2000 , backward 2592.
        Unrouted nets 254 at the end of iteration 79.
    route iteration 79, CPU time elapsed 0.484375 sec.
    forward max bucket size 1631 , backward 2592.
        Unrouted nets 262 at the end of iteration 80.
    route iteration 80, CPU time elapsed 0.546875 sec.
    forward max bucket size 1637 , backward 2592.
        Unrouted nets 250 at the end of iteration 81.
    route iteration 81, CPU time elapsed 0.500000 sec.
    forward max bucket size 1621 , backward 2592.
        Unrouted nets 216 at the end of iteration 82.
    route iteration 82, CPU time elapsed 0.390625 sec.
    forward max bucket size 1630 , backward 2592.
        Unrouted nets 205 at the end of iteration 83.
    route iteration 83, CPU time elapsed 0.406250 sec.
    forward max bucket size 346 , backward 290.
        Unrouted nets 223 at the end of iteration 84.
    route iteration 84, CPU time elapsed 0.375000 sec.
    forward max bucket size 227 , backward 228.
        Unrouted nets 220 at the end of iteration 85.
    route iteration 85, CPU time elapsed 0.312500 sec.
    forward max bucket size 351 , backward 459.
        Unrouted nets 200 at the end of iteration 86.
    route iteration 86, CPU time elapsed 0.359375 sec.
    forward max bucket size 560 , backward 459.
        Unrouted nets 207 at the end of iteration 87.
    route iteration 87, CPU time elapsed 0.296875 sec.
    forward max bucket size 473 , backward 175.
        Unrouted nets 194 at the end of iteration 88.
    route iteration 88, CPU time elapsed 0.328125 sec.
    forward max bucket size 422 , backward 96.
        Unrouted nets 184 at the end of iteration 89.
    route iteration 89, CPU time elapsed 0.328125 sec.
    forward max bucket size 448 , backward 744.
        Unrouted nets 180 at the end of iteration 90.
    route iteration 90, CPU time elapsed 0.296875 sec.
    forward max bucket size 426 , backward 192.
        Unrouted nets 182 at the end of iteration 91.
    route iteration 91, CPU time elapsed 0.343750 sec.
    forward max bucket size 159 , backward 102.
        Unrouted nets 178 at the end of iteration 92.
    route iteration 92, CPU time elapsed 0.328125 sec.
    forward max bucket size 2239 , backward 2037.
        Unrouted nets 181 at the end of iteration 93.
    route iteration 93, CPU time elapsed 0.312500 sec.
    forward max bucket size 2239 , backward 2036.
        Unrouted nets 192 at the end of iteration 94.
    route iteration 94, CPU time elapsed 0.312500 sec.
    forward max bucket size 2243 , backward 2023.
        Unrouted nets 174 at the end of iteration 95.
    route iteration 95, CPU time elapsed 0.296875 sec.
    forward max bucket size 363 , backward 155.
        Unrouted nets 204 at the end of iteration 96.
    route iteration 96, CPU time elapsed 0.359375 sec.
    forward max bucket size 199 , backward 153.
        Unrouted nets 208 at the end of iteration 97.
    route iteration 97, CPU time elapsed 0.406250 sec.
    forward max bucket size 277 , backward 113.
        Unrouted nets 203 at the end of iteration 98.
    route iteration 98, CPU time elapsed 0.343750 sec.
    forward max bucket size 1121 , backward 679.
        Unrouted nets 214 at the end of iteration 99.
    route iteration 99, CPU time elapsed 0.312500 sec.
    forward max bucket size 1465 , backward 665.
        Unrouted nets 223 at the end of iteration 100.
    route iteration 100, CPU time elapsed 0.375000 sec.
    forward max bucket size 414 , backward 219.
        Unrouted nets 210 at the end of iteration 101.
    route iteration 101, CPU time elapsed 0.328125 sec.
    forward max bucket size 227 , backward 151.
        Unrouted nets 208 at the end of iteration 102.
    route iteration 102, CPU time elapsed 0.328125 sec.
    forward max bucket size 220 , backward 224.
        Unrouted nets 216 at the end of iteration 103.
    route iteration 103, CPU time elapsed 0.500000 sec.
    forward max bucket size 316 , backward 153.
        Unrouted nets 219 at the end of iteration 104.
    route iteration 104, CPU time elapsed 0.500000 sec.
    forward max bucket size 1941 , backward 2591.
        Unrouted nets 199 at the end of iteration 105.
    route iteration 105, CPU time elapsed 0.484375 sec.
    forward max bucket size 1863 , backward 2591.
        Unrouted nets 203 at the end of iteration 106.
    route iteration 106, CPU time elapsed 0.484375 sec.
    forward max bucket size 1416 , backward 1018.
        Unrouted nets 195 at the end of iteration 107.
    route iteration 107, CPU time elapsed 0.375000 sec.
    forward max bucket size 1553 , backward 1011.
        Unrouted nets 192 at the end of iteration 108.
    route iteration 108, CPU time elapsed 0.359375 sec.
    forward max bucket size 1596 , backward 1027.
        Unrouted nets 177 at the end of iteration 109.
    route iteration 109, CPU time elapsed 0.421875 sec.
    forward max bucket size 1607 , backward 942.
        Unrouted nets 161 at the end of iteration 110.
    route iteration 110, CPU time elapsed 0.375000 sec.
    forward max bucket size 1586 , backward 858.
        Unrouted nets 159 at the end of iteration 111.
    route iteration 111, CPU time elapsed 0.343750 sec.
    forward max bucket size 336 , backward 410.
        Unrouted nets 138 at the end of iteration 112.
    route iteration 112, CPU time elapsed 0.390625 sec.
    forward max bucket size 82 , backward 109.
        Unrouted nets 141 at the end of iteration 113.
    route iteration 113, CPU time elapsed 0.343750 sec.
    forward max bucket size 1507 , backward 1487.
        Unrouted nets 147 at the end of iteration 114.
    route iteration 114, CPU time elapsed 0.375000 sec.
    forward max bucket size 132 , backward 76.
        Unrouted nets 154 at the end of iteration 115.
    route iteration 115, CPU time elapsed 0.265625 sec.
    forward max bucket size 477 , backward 607.
        Unrouted nets 164 at the end of iteration 116.
    route iteration 116, CPU time elapsed 0.375000 sec.
    forward max bucket size 131 , backward 111.
        Unrouted nets 142 at the end of iteration 117.
    route iteration 117, CPU time elapsed 0.281250 sec.
    forward max bucket size 173 , backward 110.
        Unrouted nets 156 at the end of iteration 118.
    route iteration 118, CPU time elapsed 0.296875 sec.
    forward max bucket size 182 , backward 199.
        Unrouted nets 143 at the end of iteration 119.
    route iteration 119, CPU time elapsed 0.359375 sec.
    forward max bucket size 211 , backward 233.
        Unrouted nets 150 at the end of iteration 120.
    route iteration 120, CPU time elapsed 0.328125 sec.
    forward max bucket size 82 , backward 218.
        Unrouted nets 131 at the end of iteration 121.
    route iteration 121, CPU time elapsed 0.296875 sec.
    forward max bucket size 103 , backward 264.
        Unrouted nets 130 at the end of iteration 122.
    route iteration 122, CPU time elapsed 0.250000 sec.
    forward max bucket size 107 , backward 269.
        Unrouted nets 131 at the end of iteration 123.
    route iteration 123, CPU time elapsed 0.296875 sec.
    forward max bucket size 86 , backward 87.
        Unrouted nets 149 at the end of iteration 124.
    route iteration 124, CPU time elapsed 0.296875 sec.
    forward max bucket size 191 , backward 170.
        Unrouted nets 145 at the end of iteration 125.
    route iteration 125, CPU time elapsed 0.312500 sec.
    forward max bucket size 226 , backward 167.
        Unrouted nets 133 at the end of iteration 126.
    route iteration 126, CPU time elapsed 0.296875 sec.
    forward max bucket size 209 , backward 93.
        Unrouted nets 120 at the end of iteration 127.
    route iteration 127, CPU time elapsed 0.250000 sec.
    forward max bucket size 200 , backward 99.
        Unrouted nets 119 at the end of iteration 128.
    route iteration 128, CPU time elapsed 0.281250 sec.
    forward max bucket size 179 , backward 135.
        Unrouted nets 120 at the end of iteration 129.
    route iteration 129, CPU time elapsed 0.296875 sec.
    forward max bucket size 105 , backward 99.
        Unrouted nets 113 at the end of iteration 130.
    route iteration 130, CPU time elapsed 0.265625 sec.
    forward max bucket size 167 , backward 111.
        Unrouted nets 93 at the end of iteration 131.
    route iteration 131, CPU time elapsed 0.281250 sec.
    forward max bucket size 226 , backward 110.
        Unrouted nets 91 at the end of iteration 132.
    route iteration 132, CPU time elapsed 0.234375 sec.
    forward max bucket size 134 , backward 108.
        Unrouted nets 82 at the end of iteration 133.
    route iteration 133, CPU time elapsed 0.265625 sec.
    forward max bucket size 184 , backward 263.
        Unrouted nets 75 at the end of iteration 134.
    route iteration 134, CPU time elapsed 0.265625 sec.
    forward max bucket size 83 , backward 72.
        Unrouted nets 88 at the end of iteration 135.
    route iteration 135, CPU time elapsed 0.234375 sec.
    forward max bucket size 74 , backward 73.
        Unrouted nets 74 at the end of iteration 136.
    route iteration 136, CPU time elapsed 0.250000 sec.
    forward max bucket size 84 , backward 140.
        Unrouted nets 74 at the end of iteration 137.
    route iteration 137, CPU time elapsed 0.218750 sec.
    forward max bucket size 48 , backward 204.
        Unrouted nets 89 at the end of iteration 138.
    route iteration 138, CPU time elapsed 0.203125 sec.
    forward max bucket size 101 , backward 90.
        Unrouted nets 80 at the end of iteration 139.
    route iteration 139, CPU time elapsed 0.218750 sec.
    forward max bucket size 200 , backward 122.
        Unrouted nets 73 at the end of iteration 140.
    route iteration 140, CPU time elapsed 0.218750 sec.
    forward max bucket size 98 , backward 131.
        Unrouted nets 75 at the end of iteration 141.
    route iteration 141, CPU time elapsed 0.218750 sec.
    forward max bucket size 124 , backward 121.
        Unrouted nets 76 at the end of iteration 142.
    route iteration 142, CPU time elapsed 0.218750 sec.
    forward max bucket size 151 , backward 146.
        Unrouted nets 64 at the end of iteration 143.
    route iteration 143, CPU time elapsed 0.265625 sec.
    forward max bucket size 179 , backward 69.
        Unrouted nets 70 at the end of iteration 144.
    route iteration 144, CPU time elapsed 0.234375 sec.
    forward max bucket size 238 , backward 147.
        Unrouted nets 81 at the end of iteration 145.
    route iteration 145, CPU time elapsed 0.296875 sec.
    forward max bucket size 337 , backward 119.
        Unrouted nets 86 at the end of iteration 146.
    route iteration 146, CPU time elapsed 0.328125 sec.
    forward max bucket size 356 , backward 186.
        Unrouted nets 70 at the end of iteration 147.
    route iteration 147, CPU time elapsed 0.281250 sec.
    forward max bucket size 520 , backward 112.
        Unrouted nets 77 at the end of iteration 148.
    route iteration 148, CPU time elapsed 0.296875 sec.
    forward max bucket size 84 , backward 200.
        Unrouted nets 77 at the end of iteration 149.
    route iteration 149, CPU time elapsed 0.234375 sec.
    forward max bucket size 65 , backward 64.
        Unrouted nets 95 at the end of iteration 150.
    route iteration 150, CPU time elapsed 0.265625 sec.
    forward max bucket size 128 , backward 248.
        Unrouted nets 81 at the end of iteration 151.
    route iteration 151, CPU time elapsed 0.296875 sec.
    forward max bucket size 100 , backward 274.
        Unrouted nets 84 at the end of iteration 152.
    route iteration 152, CPU time elapsed 0.296875 sec.
    forward max bucket size 88 , backward 137.
        Unrouted nets 62 at the end of iteration 153.
    route iteration 153, CPU time elapsed 0.203125 sec.
    forward max bucket size 96 , backward 154.
        Unrouted nets 53 at the end of iteration 154.
    route iteration 154, CPU time elapsed 0.203125 sec.
    forward max bucket size 243 , backward 173.
        Unrouted nets 59 at the end of iteration 155.
    route iteration 155, CPU time elapsed 0.203125 sec.
    forward max bucket size 76 , backward 76.
        Unrouted nets 72 at the end of iteration 156.
    route iteration 156, CPU time elapsed 0.234375 sec.
    forward max bucket size 73 , backward 75.
        Unrouted nets 65 at the end of iteration 157.
    route iteration 157, CPU time elapsed 0.234375 sec.
    forward max bucket size 96 , backward 109.
        Unrouted nets 67 at the end of iteration 158.
    route iteration 158, CPU time elapsed 0.234375 sec.
    forward max bucket size 176 , backward 206.
        Unrouted nets 65 at the end of iteration 159.
    route iteration 159, CPU time elapsed 0.234375 sec.
    forward max bucket size 104 , backward 111.
        Unrouted nets 51 at the end of iteration 160.
    route iteration 160, CPU time elapsed 0.187500 sec.
    forward max bucket size 73 , backward 95.
        Unrouted nets 50 at the end of iteration 161.
    route iteration 161, CPU time elapsed 0.187500 sec.
    forward max bucket size 83 , backward 114.
        Unrouted nets 52 at the end of iteration 162.
    route iteration 162, CPU time elapsed 0.187500 sec.
    forward max bucket size 70 , backward 76.
        Unrouted nets 44 at the end of iteration 163.
    route iteration 163, CPU time elapsed 0.156250 sec.
    forward max bucket size 86 , backward 89.
        Unrouted nets 40 at the end of iteration 164.
    route iteration 164, CPU time elapsed 0.171875 sec.
    forward max bucket size 101 , backward 93.
        Unrouted nets 42 at the end of iteration 165.
    route iteration 165, CPU time elapsed 0.156250 sec.
    forward max bucket size 166 , backward 58.
        Unrouted nets 44 at the end of iteration 166.
    route iteration 166, CPU time elapsed 0.187500 sec.
    forward max bucket size 152 , backward 103.
        Unrouted nets 42 at the end of iteration 167.
    route iteration 167, CPU time elapsed 0.156250 sec.
    forward max bucket size 138 , backward 63.
        Unrouted nets 29 at the end of iteration 168.
    route iteration 168, CPU time elapsed 0.156250 sec.
    forward max bucket size 63 , backward 104.
        Unrouted nets 32 at the end of iteration 169.
    route iteration 169, CPU time elapsed 0.171875 sec.
    forward max bucket size 186 , backward 84.
        Unrouted nets 27 at the end of iteration 170.
    route iteration 170, CPU time elapsed 0.156250 sec.
    forward max bucket size 183 , backward 77.
        Unrouted nets 22 at the end of iteration 171.
    route iteration 171, CPU time elapsed 0.140625 sec.
    forward max bucket size 183 , backward 37.
        Unrouted nets 25 at the end of iteration 172.
    route iteration 172, CPU time elapsed 0.140625 sec.
    forward max bucket size 193 , backward 38.
        Unrouted nets 21 at the end of iteration 173.
    route iteration 173, CPU time elapsed 0.140625 sec.
    forward max bucket size 150 , backward 36.
        Unrouted nets 28 at the end of iteration 174.
    route iteration 174, CPU time elapsed 0.140625 sec.
    forward max bucket size 50 , backward 37.
        Unrouted nets 17 at the end of iteration 175.
    route iteration 175, CPU time elapsed 0.140625 sec.
    forward max bucket size 57 , backward 79.
        Unrouted nets 24 at the end of iteration 176.
    route iteration 176, CPU time elapsed 0.171875 sec.
    forward max bucket size 56 , backward 51.
        Unrouted nets 25 at the end of iteration 177.
    route iteration 177, CPU time elapsed 0.171875 sec.
    forward max bucket size 55 , backward 39.
        Unrouted nets 21 at the end of iteration 178.
    route iteration 178, CPU time elapsed 0.156250 sec.
    forward max bucket size 51 , backward 27.
        Unrouted nets 14 at the end of iteration 179.
    route iteration 179, CPU time elapsed 0.156250 sec.
    forward max bucket size 386 , backward 48.
        Unrouted nets 20 at the end of iteration 180.
    route iteration 180, CPU time elapsed 0.171875 sec.
    forward max bucket size 398 , backward 48.
        Unrouted nets 24 at the end of iteration 181.
    route iteration 181, CPU time elapsed 0.156250 sec.
    forward max bucket size 412 , backward 48.
        Unrouted nets 33 at the end of iteration 182.
    route iteration 182, CPU time elapsed 0.156250 sec.
    forward max bucket size 412 , backward 48.
        Unrouted nets 28 at the end of iteration 183.
    route iteration 183, CPU time elapsed 0.171875 sec.
    forward max bucket size 448 , backward 48.
        Unrouted nets 34 at the end of iteration 184.
    route iteration 184, CPU time elapsed 0.203125 sec.
    forward max bucket size 165 , backward 66.
        Unrouted nets 39 at the end of iteration 185.
    route iteration 185, CPU time elapsed 0.218750 sec.
    forward max bucket size 62 , backward 47.
        Unrouted nets 38 at the end of iteration 186.
    route iteration 186, CPU time elapsed 0.171875 sec.
    forward max bucket size 120 , backward 80.
        Unrouted nets 35 at the end of iteration 187.
    route iteration 187, CPU time elapsed 0.171875 sec.
    forward max bucket size 120 , backward 188.
        Unrouted nets 28 at the end of iteration 188.
    route iteration 188, CPU time elapsed 0.156250 sec.
    forward max bucket size 77 , backward 51.
        Unrouted nets 29 at the end of iteration 189.
    route iteration 189, CPU time elapsed 0.171875 sec.
    forward max bucket size 46 , backward 31.
        Unrouted nets 24 at the end of iteration 190.
    route iteration 190, CPU time elapsed 0.156250 sec.
    forward max bucket size 39 , backward 43.
        Unrouted nets 23 at the end of iteration 191.
    route iteration 191, CPU time elapsed 0.140625 sec.
    forward max bucket size 71 , backward 33.
        Unrouted nets 15 at the end of iteration 192.
    route iteration 192, CPU time elapsed 0.156250 sec.
    forward max bucket size 59 , backward 27.
        Unrouted nets 10 at the end of iteration 193.
    route iteration 193, CPU time elapsed 0.140625 sec.
    forward max bucket size 74 , backward 84.
        Unrouted nets 17 at the end of iteration 194.
    route iteration 194, CPU time elapsed 0.140625 sec.
    forward max bucket size 33 , backward 45.
        Unrouted nets 14 at the end of iteration 195.
    route iteration 195, CPU time elapsed 0.156250 sec.
    forward max bucket size 61 , backward 40.
        Unrouted nets 14 at the end of iteration 196.
    route iteration 196, CPU time elapsed 0.140625 sec.
    forward max bucket size 54 , backward 54.
        Unrouted nets 15 at the end of iteration 197.
    route iteration 197, CPU time elapsed 0.140625 sec.
    forward max bucket size 85 , backward 83.
        Unrouted nets 22 at the end of iteration 198.
    route iteration 198, CPU time elapsed 0.171875 sec.
    forward max bucket size 109 , backward 87.
        Unrouted nets 14 at the end of iteration 199.
    route iteration 199, CPU time elapsed 0.171875 sec.
    forward max bucket size 99 , backward 276.
        Unrouted nets 14 at the end of iteration 200.
    route iteration 200, CPU time elapsed 0.156250 sec.
    forward max bucket size 54 , backward 42.
        Unrouted nets 16 at the end of iteration 201.
    route iteration 201, CPU time elapsed 0.171875 sec.
    forward max bucket size 184 , backward 41.
        Unrouted nets 11 at the end of iteration 202.
    route iteration 202, CPU time elapsed 0.140625 sec.
    forward max bucket size 142 , backward 37.
        Unrouted nets 8 at the end of iteration 203.
    route iteration 203, CPU time elapsed 0.156250 sec.
    forward max bucket size 85 , backward 86.
        Unrouted nets 30 at the end of iteration 204.
    route iteration 204, CPU time elapsed 0.187500 sec.
    forward max bucket size 85 , backward 96.
        Unrouted nets 33 at the end of iteration 205.
    route iteration 205, CPU time elapsed 0.171875 sec.
    forward max bucket size 159 , backward 94.
        Unrouted nets 30 at the end of iteration 206.
    route iteration 206, CPU time elapsed 0.187500 sec.
    forward max bucket size 139 , backward 92.
        Unrouted nets 31 at the end of iteration 207.
    route iteration 207, CPU time elapsed 0.171875 sec.
    forward max bucket size 141 , backward 61.
        Unrouted nets 22 at the end of iteration 208.
    route iteration 208, CPU time elapsed 0.171875 sec.
    forward max bucket size 58 , backward 87.
        Unrouted nets 14 at the end of iteration 209.
    route iteration 209, CPU time elapsed 0.125000 sec.
    forward max bucket size 62 , backward 41.
        Unrouted nets 9 at the end of iteration 210.
    route iteration 210, CPU time elapsed 0.125000 sec.
    forward max bucket size 16 , backward 23.
        Unrouted nets 3 at the end of iteration 211.
    route iteration 211, CPU time elapsed 0.125000 sec.
    forward max bucket size 25 , backward 37.
        Unrouted nets 4 at the end of iteration 212.
    route iteration 212, CPU time elapsed 0.125000 sec.
    forward max bucket size 16 , backward 7.
        Unrouted nets 2 at the end of iteration 213.
    route iteration 213, CPU time elapsed 0.125000 sec.
    forward max bucket size 7 , backward 9.
        Unrouted nets 2 at the end of iteration 214.
    route iteration 214, CPU time elapsed 0.140625 sec.
    forward max bucket size 21 , backward 13.
        Unrouted nets 2 at the end of iteration 215.
    route iteration 215, CPU time elapsed 0.109375 sec.
    forward max bucket size 30 , backward 24.
        Unrouted nets 4 at the end of iteration 216.
    route iteration 216, CPU time elapsed 0.140625 sec.
    forward max bucket size 28 , backward 23.
        Unrouted nets 2 at the end of iteration 217.
    route iteration 217, CPU time elapsed 0.140625 sec.
    forward max bucket size 41 , backward 35.
        Unrouted nets 3 at the end of iteration 218.
    route iteration 218, CPU time elapsed 0.125000 sec.
    forward max bucket size 24 , backward 32.
        Unrouted nets 4 at the end of iteration 219.
    route iteration 219, CPU time elapsed 0.125000 sec.
    forward max bucket size 36 , backward 59.
        Unrouted nets 7 at the end of iteration 220.
    route iteration 220, CPU time elapsed 0.125000 sec.
    forward max bucket size 10 , backward 9.
        Unrouted nets 3 at the end of iteration 221.
    route iteration 221, CPU time elapsed 0.125000 sec.
    forward max bucket size 9 , backward 8.
        Unrouted nets 2 at the end of iteration 222.
    route iteration 222, CPU time elapsed 0.125000 sec.
    forward max bucket size 12 , backward 13.
        Unrouted nets 2 at the end of iteration 223.
    route iteration 223, CPU time elapsed 0.125000 sec.
    forward max bucket size 90 , backward 88.
        Unrouted nets 3 at the end of iteration 224.
    route iteration 224, CPU time elapsed 0.140625 sec.
    forward max bucket size 46 , backward 23.
        Unrouted nets 2 at the end of iteration 225.
    route iteration 225, CPU time elapsed 0.109375 sec.
    forward max bucket size 50 , backward 34.
        Unrouted nets 5 at the end of iteration 226.
    route iteration 226, CPU time elapsed 0.125000 sec.
    forward max bucket size 43 , backward 17.
        Unrouted nets 4 at the end of iteration 227.
    route iteration 227, CPU time elapsed 0.156250 sec.
    forward max bucket size 80 , backward 50.
        Unrouted nets 6 at the end of iteration 228.
    route iteration 228, CPU time elapsed 0.156250 sec.
    forward max bucket size 82 , backward 39.
        Unrouted nets 7 at the end of iteration 229.
    route iteration 229, CPU time elapsed 0.140625 sec.
    forward max bucket size 82 , backward 75.
        Unrouted nets 11 at the end of iteration 230.
    route iteration 230, CPU time elapsed 0.156250 sec.
    forward max bucket size 83 , backward 74.
        Unrouted nets 2 at the end of iteration 231.
    route iteration 231, CPU time elapsed 0.140625 sec.
    forward max bucket size 90 , backward 59.
        Unrouted nets 2 at the end of iteration 232.
    route iteration 232, CPU time elapsed 0.125000 sec.
    forward max bucket size 90 , backward 71.
        Unrouted nets 6 at the end of iteration 233.
    route iteration 233, CPU time elapsed 0.140625 sec.
    forward max bucket size 65 , backward 45.
        Unrouted nets 11 at the end of iteration 234.
    route iteration 234, CPU time elapsed 0.140625 sec.
    forward max bucket size 65 , backward 41.
        Unrouted nets 13 at the end of iteration 235.
    route iteration 235, CPU time elapsed 0.140625 sec.
    forward max bucket size 40 , backward 59.
        Unrouted nets 11 at the end of iteration 236.
    route iteration 236, CPU time elapsed 0.140625 sec.
    forward max bucket size 23 , backward 87.
        Unrouted nets 4 at the end of iteration 237.
    route iteration 237, CPU time elapsed 0.140625 sec.
    forward max bucket size 12 , backward 10.
        Unrouted nets 2 at the end of iteration 238.
    route iteration 238, CPU time elapsed 0.140625 sec.
    forward max bucket size 75 , backward 18.
        Unrouted nets 0 at the end of iteration 239.
    route iteration 239, CPU time elapsed 0.140625 sec.
Detailed routing takes 239 iterations
Detailed routing takes 240.75 sec.
Start fix hold violation.
Build tmp routing results takes 0.44 sec.
Timing analysis takes 3.91 sec.
Hold violation fix iter 0 takes 0.02 sec, total_step_forward 48.
Incremental timing analysis takes 3.55 sec.
Hold violation fix iter 1 takes 0.00 sec, total_step_forward 0.
Hold Violation Fix in router takes 2 iterations.
Fix hold violation Finished.
Hold Violation Fix in router takes 8.55 sec.

Dispose routing result:
    Collect routing result.
    Delete unused device instances.
    Annotate routing result.
    Change LUT configuration.
    Dispose misc instances.
    Annotate routing result again.
Finish routing takes 1.47 sec.
Used SRB routing arc is 354855.
Cleanup routing takes 0.02 sec.
Routing done.
Total routing takes 295.31 sec.


Device Utilization Summary :
+----------------------------------------------------------------------------+
| Logic Utilization        | Used      | Available     | Utilization(%)     
+----------------------------------------------------------------------------+
| Use of APM               | 4         | 84            | 5                  
| Use of BKCL              | 3         | 4             | 75                 
| Use of CLMA              | 1615      | 6450          | 26                 
|   FF                     | 1413      | 38700         | 4                  
|   LUT                    | 5613      | 25800         | 22                 
|   LUT-FF pairs           | 1017      | 25800         | 4                  
| Use of CLMS              | 3283      | 4250          | 78                 
|   FF                     | 142       | 25500         | 1                  
|   LUT                    | 10010     | 17000         | 59                 
|   LUT-FF pairs           | 14        | 17000         | 1                  
|   Distributed RAM        | 8480      | 17000         | 50                 
| Use of CRYSTAL           | 0         | 2             | 0                  
| Use of DLL               | 0         | 10            | 0                  
| Use of DQSL              | 0         | 18            | 0                  
| Use of DRM               | 1         | 134           | 1                  
| Use of FUSECODE          | 0         | 1             | 0                  
| Use of HARD0N1           | 182       | 6672          | 3                  
| Use of HSST              | 0         | 1             | 0                  
| Use of IO                | 24        | 296           | 9                  
|   IOBD                   | 11        | 64            | 18                 
|   IOBR_LR                | 0         | 7             | 0                  
|   IOBR_TB                | 1         | 8             | 13                 
|   IOBS_LR                | 3         | 161           | 2                  
|   IOBS_TB                | 9         | 56            | 17                 
| Use of IOCKDIV           | 0         | 20            | 0                  
| Use of IOCKDLY           | 0         | 40            | 0                  
| Use of IOCKGATE          | 0         | 20            | 0                  
| Use of IOCKGMUX_TEST     | 0         | 20            | 0                  
| Use of IOL               | 24        | 400           | 6                  
| Use of IPAL              | 0         | 1             | 0                  
| Use of LDO               | 0         | 4             | 0                  
| Use of MFG_TEST          | 0         | 1             | 0                  
| Use of OSC               | 0         | 1             | 0                  
| Use of PCIE              | 0         | 1             | 0                  
| Use of PIOMUX_TEST       | 0         | 10            | 0                  
| Use of PLL               | 1         | 5             | 20                 
| Use of PREGMUX_TEST      | 0         | 6             | 0                  
| Use of RCKB              | 0         | 24            | 0                  
| Use of RCKBMUX_TEST      | 0         | 12            | 0                  
| Use of RESCAL            | 0         | 4             | 0                  
| Use of SCANCHAIN         | 0         | 2             | 0                  
| Use of START             | 1         | 1             | 100                
| Use of UDID              | 0         | 1             | 0                  
| Use of USCM              | 1         | 30            | 4                  
| Use of USCMMUX_TEST      | 0         | 30            | 0                  
| Use of VCKBMUX_TEST      | 0         | 12            | 0                  
+----------------------------------------------------------------------------+

Finished routing. (CPU time elapsed 0h:04m:55s)
Design 'tinyriscv_soc_top' has been placed and routed successfully.
Saving design to DB.
Finished placement and routing. (CPU time elapsed 0h:07m:01s)
Action pnr: Real time elapsed is 0h:7m:15s
Action pnr: CPU time elapsed is 0h:7m:2s
Action pnr: Process CPU time elapsed is 0h:7m:2s
Current time: Fri Nov  3 22:16:26 2023
Action pnr: Peak memory pool usage is 1,728 MB
