#Build: Fabric Compiler 2022.1, Build 99559, Jul 12 00:20 2022
#Install: E:\Pango\PDS_2022.1\bin
#Application name: pds_shell.exe
#OS: Windows 10 10.0.22621
#Hostname: GGB
Generated by Fabric Compiler (version 2022.1 build 99559) at Sat Oct 28 07:19:56 2023
Compiling verification operator library.
Compiling common defs.
Loading technology operator library.
Compiling technology operator library.
Compiling technology operator (valence) library.
Compiling operator packing rules.
Compiling prim grid devices.
Compiling gate devices.
Compiling gate operators.
Compiling tech operator impls.
Building architecture model.
Loading device packaging model.
Reading design from translate DB.
Flattening design 'tinyriscv_soc_top'
Device mapping started.
Optimizing circuit logic.
Checking design netlist.
Processing tech operator.
I: The instance clkbufg_0(GTP_CLKBUFG) has been inserted on the net nt_clk in design, driver pin O(instance clk_ibuf) -> load pin CLK(instance gpio_0/gpio_ctrl[0]).
Converting tech operator to gate operator.
Processing gate operator.
I: Infer CARRY group, base inst: spi_0/N11.eq_0/gateop, insts:5.
I: Infer CARRY group, base inst: spi_0/N14_1_1/gateop, insts:8.
I: Infer CARRY group, base inst: timer_0/N9_1_1/gateop, insts:31.
I: Infer CARRY group, base inst: timer_0/N10.lt_0/gateop, insts:16.
I: Infer CARRY group, base inst: u_tinyriscv/u_ex/N67_1_1/gateop, insts:31.
I: Infer CARRY group, base inst: u_tinyriscv/u_ex/N77_1_1/gateop, insts:31.
I: Infer CARRY group, base inst: u_tinyriscv/u_ex/N113_1_1/gateop, insts:29.
I: Infer CARRY group, base inst: u_tinyriscv/u_ex/N198.lt_0/gateop, insts:16.
I: Infer CARRY group, base inst: u_tinyriscv/u_ex/N345.lt_0/gateop, insts:16.
I: Infer CARRY group, base inst: u_tinyriscv/u_ex/N523_7_0/gateop, insts:33.
I: Infer CARRY group, base inst: u_tinyriscv/u_div/N36_1_1/gateop, insts:31.
I: Infer CARRY group, base inst: u_tinyriscv/u_div/N54_1_1/gateop, insts:31.
I: Infer CARRY group, base inst: u_tinyriscv/u_div/N107.lt_0/gateop, insts:16.
I: Infer CARRY group, base inst: u_tinyriscv/u_div/N116.fsub_1/gateop, insts:32.
I: Infer CARRY group, base inst: u_tinyriscv/u_div/N120_1.fsub_1/gateop, insts:6.
I: Infer CARRY group, base inst: u_tinyriscv/u_div/N177_1_0/gateop, insts:32.
I: Infer CARRY group, base inst: u_tinyriscv/u_ex/N699.eq_0/gateop, insts:16.
I: Infer CARRY group, base inst: u_tinyriscv/u_ex/N702_1_0/gateop, insts:32.
I: Infer CARRY group, base inst: u_tinyriscv/u_ex/N906_1_0/gateop, insts:32.
I: Infer CARRY group, base inst: u_tinyriscv/u_div/N180_1_0/gateop, insts:32.
I: Infer CARRY group, base inst: u_tinyriscv/u_ex/N934_1_0/gateop, insts:21.
I: Infer CARRY group, base inst: u_tinyriscv/u_pc_reg/N10_1_0/gateop, insts:30.
I: Infer CARRY group, base inst: u_tinyriscv/u_regs/N17.eq_0/gateop, insts:3.
I: Infer CARRY group, base inst: u_tinyriscv/u_regs/N30.eq_0/gateop, insts:3.
I: Infer CARRY group, base inst: u_tinyriscv/u_ex/N7_1_2/gateop, insts:62.
I: Infer CARRY group, base inst: u_tinyriscv/u_ex/N10_1/gateop, insts:32.
I: Infer CARRY group, base inst: u_tinyriscv/u_ex/N21_1/gateop, insts:32.
I: Infer CARRY group, base inst: u_uart_debug/N56.eq_0/gateop, insts:4.
I: Infer CARRY group, base inst: u_uart_debug/N71.eq_0/gateop, insts:5.
I: Infer CARRY group, base inst: u_uart_debug/N98.eq_0/gateop, insts:8.
I: Infer CARRY group, base inst: u_uart_debug/N144_4_0/gateop, insts:16.
I: Infer CARRY group, base inst: u_uart_debug/N237_1_0/gateop, insts:8.
I: Infer CARRY group, base inst: u_uart_debug/N291_1_0/gateop, insts:7.
I: Infer CARRY group, base inst: u_uart_debug/N311_1_0/gateop, insts:6.
I: Infer CARRY group, base inst: u_uart_debug/N342_1_0/gateop, insts:8.
I: Infer CARRY group, base inst: u_uart_debug/N859_6_0/gateop, insts:30.
I: Infer CARRY group, base inst: uart_0/N84_1_1/gateop, insts:15.
I: Infer CARRY group, base inst: uart_0/N85.eq_0/gateop, insts:8.
I: Infer CARRY group, base inst: uart_0/N153.eq_0/gateop, insts:8.
I: Infer CARRY group, base inst: uart_0/N156_1_1/gateop, insts:15.
I: Infer CARRY group, base inst: u_tinyriscv/u_clint/N46_1.fsub_0/gateop, insts:30.
I: Infer CARRY group, base inst: u_tinyriscv/u_csr_reg/N5_1_1/gateop, insts:63.
I: Infer CARRY group, base inst: u_tinyriscv/u_csr_reg/N76.eq_0/gateop, insts:6.
I: Infer CARRY group, base inst: u_tinyriscv/u_ex/N4_m1/gopapm, insts:4.
Device mapping done.
Total device mapping takes 2.28 sec.

Device Utilization Summary:
+-------------------------------------------------------------------------+
| Logic Utilization     | Used      | Available     | Utilization(%)     
+-------------------------------------------------------------------------+
| APM                   | 4         | 84            | 5                  
| IOCKDLY               | 0         | 40            | 0                  
| FF                    | 1552      | 64200         | 3                  
| LUT                   | 15088     | 42800         | 36                 
| Distributed RAM       | 8480      | 17000         | 50                 
| DLL                   | 0         | 10            | 0                  
| DQSL                  | 0         | 18            | 0                  
| DRM                   | 1         | 134           | 1                  
| FUSECODE              | 0         | 1             | 0                  
| IO                    | 20        | 296           | 7                  
| IOCKDIV               | 0         | 20            | 0                  
| IOCKGATE              | 0         | 20            | 0                  
| IPAL                  | 0         | 1             | 0                  
| PLL                   | 0         | 5             | 0                  
| RCKB                  | 0         | 24            | 0                  
| SCANCHAIN             | 0         | 2             | 0                  
| START                 | 0         | 1             | 0                  
| USCM                  | 1         | 30            | 4                  
| HSST                  | 0         | 1             | 0                  
| OSC                   | 0         | 1             | 0                  
| CRYSTAL               | 0         | 2             | 0                  
| RESCAL                | 0         | 4             | 0                  
| UDID                  | 0         | 1             | 0                  
| PCIE                  | 0         | 1             | 0                  
+-------------------------------------------------------------------------+

Design 'tinyriscv_soc_top' has been successfully mapped to architecture-specific objects.
Saving design to DB.
W: Public-4010: Pcf file E:/PangoPro/tinyriscv/device_map/tinyriscv_soc_top.pcf has been covered.
Action dev_map: Real time elapsed is 0h:0m:11s
Action dev_map: CPU time elapsed is 0h:0m:8s
Action dev_map: Process CPU time elapsed is 0h:0m:8s
Current time: Sat Oct 28 07:20:05 2023
Action dev_map: Peak memory pool usage is 500 MB
