#Build: Fabric Compiler 2022.1, Build 99559, Jul 12 00:20 2022
#Install: E:\Pango\PDS_2022.1\bin
#Application name: pds.exe
#OS: Windows 10 10.0.22621
#Hostname: GGB
Generated by Fabric Compiler (version 2022.1 build 99559) at Wed Nov  8 14:50:06 2023
Parse module hierarchy of project 'E:/PangoPro/tinyriscv/temp_projects/Main_Flow/Main_Flow.pds' (ADS Parser)
Compiling common defs.
Compiling technology operator (valence) library.
Compiling prim grid devices.
Compiling prim grid device symbols.
Compiling gate devices.
Compiling gate operators.
Compiling tech operator impls.
Building architecture model.
Loading device packaging model.
Building architecture floorplan logic view.
Building architecture floorplan schematic view.
Executing : get_ports sys_clk
Executing : get_ports sys_clk successfully.
Executing : create_clock -name sys_clk [get_ports sys_clk] -period 20.000 -waveform {0.000 10.000}
Executing : create_clock -name sys_clk [get_ports sys_clk] -period 20.000 -waveform {0.000 10.000} successfully.
Executing : get_ports sys_clk
Executing : get_ports sys_clk successfully.
Executing : get_nets u_pll.clkout0
Executing : get_nets u_pll.clkout0 successfully.
Executing : get_clocks sys_clk
Executing : get_clocks sys_clk successfully.
Executing : create_generated_clock -name clk -source [get_ports sys_clk] [get_nets u_pll.clkout0] -master_clock [get_clocks sys_clk] -multiply_by 1 -divide_by 1
Executing : create_generated_clock -name clk -source [get_ports sys_clk] [get_nets u_pll.clkout0] -master_clock [get_clocks sys_clk] -multiply_by 1 -divide_by 1 successfully.
C: ConstraintEditor-2002: [E:/PangoPro/tinyriscv/tinyriscv.fdc(line number: 51)] | Port rst has been placed at location K18, whose type is share pin.
C: ConstraintEditor-2002: [E:/PangoPro/tinyriscv/tinyriscv.fdc(line number: 87)] | Port gpio[5] has been placed at location Y5, whose type is share pin.
C: ConstraintEditor-2002: [E:/PangoPro/tinyriscv/tinyriscv.fdc(line number: 94)] | Port gpio[4] has been placed at location AB5, whose type is share pin.
Open UCE successfully.
Current device : PGL50H-6FBG484
Total time(hh:mm:ss) of open UCE: 00:00:04
Parse module hierarchy of project 'E:/PangoPro/tinyriscv/temp_projects/Main_Flow/Main_Flow.pds' (ADS Parser)
I: Flow-6004: Design file modified: "E:/PangoPro/tinyriscv/source/perips/gpio.v". 
Parse module hierarchy of project 'E:/PangoPro/tinyriscv/temp_projects/Main_Flow/Main_Flow.pds' (ADS Parser)
I: Flow-6004: Design file modified: "E:/PangoPro/tinyriscv/source/soc/tinyriscv_soc_top.v". 
